ARM GAS  C:\Users\thetr\AppData\Local\Temp\ccGaJJ6j.s 			page 1


   1              		.syntax unified
   2              		.cpu cortex-m3
   3              		.fpu softvfp
   4              		.eabi_attribute 20, 1
   5              		.eabi_attribute 21, 1
   6              		.eabi_attribute 23, 3
   7              		.eabi_attribute 24, 1
   8              		.eabi_attribute 25, 1
   9              		.eabi_attribute 26, 1
  10              		.eabi_attribute 30, 1
  11              		.eabi_attribute 34, 1
  12              		.eabi_attribute 18, 4
  13              		.thumb
  14              		.file	"main.c"
  15              		.text
  16              	.Ltext0:
  17              		.cfi_sections	.debug_frame
  18              		.section	.text.main,"ax",%progbits
  19              		.align	2
  20              		.global	main
  21              		.thumb
  22              		.thumb_func
  23              		.type	main, %function
  24              	main:
  25              	.LFB63:
  26              		.file 1 ".\\main.c"
   1:.\main.c      **** /* ========================================
   2:.\main.c      ****  *
   3:.\main.c      ****  * Copyright YOUR COMPANY, THE YEAR
   4:.\main.c      ****  * All Rights Reserved
   5:.\main.c      ****  * UNPUBLISHED, LICENSED SOFTWARE.
   6:.\main.c      ****  *
   7:.\main.c      ****  * CONFIDENTIAL AND PROPRIETARY INFORMATION
   8:.\main.c      ****  * WHICH IS THE PROPERTY OF your company.
   9:.\main.c      ****  *
  10:.\main.c      ****  * ========================================
  11:.\main.c      **** */
  12:.\main.c      **** #include <project.h>
  13:.\main.c      **** #include "LiquidCrystal_I2C.h"
  14:.\main.c      **** 
  15:.\main.c      **** uint32_t Addr = 0x3F;
  16:.\main.c      **** 
  17:.\main.c      **** int main()
  18:.\main.c      **** {
  27              		.loc 1 18 0
  28              		.cfi_startproc
  29              		@ Volatile: function does not return.
  30              		@ args = 0, pretend = 0, frame = 0
  31              		@ frame_needed = 0, uses_anonymous_args = 0
  32 0000 08B5     		push	{r3, lr}
  33              		.cfi_def_cfa_offset 8
  34              		.cfi_offset 3, -8
  35              		.cfi_offset 14, -4
  19:.\main.c      ****     CyGlobalIntEnable; 
  36              		.loc 1 19 0
  37              	@ 19 ".\main.c" 1
  38 0002 62B6     		CPSIE   i
ARM GAS  C:\Users\thetr\AppData\Local\Temp\ccGaJJ6j.s 			page 2


  39              	@ 0 "" 2
  20:.\main.c      ****     
  21:.\main.c      ****     I2C_Start();
  40              		.loc 1 21 0
  41              		.thumb
  42 0004 FFF7FEFF 		bl	I2C_Start
  43              	.LVL0:
  22:.\main.c      ****     LiquidCrystal_I2C_init(Addr,20,4,0);
  44              		.loc 1 22 0
  45 0008 104B     		ldr	r3, .L4
  46 000a 1878     		ldrb	r0, [r3]	@ zero_extendqisi2
  47 000c 1421     		movs	r1, #20
  48 000e 0422     		movs	r2, #4
  49 0010 0023     		movs	r3, #0
  50 0012 FFF7FEFF 		bl	LiquidCrystal_I2C_init
  51              	.LVL1:
  23:.\main.c      ****     begin();
  52              		.loc 1 23 0
  53 0016 FFF7FEFF 		bl	begin
  54              	.LVL2:
  24:.\main.c      ****     
  25:.\main.c      ****     LCD_print("PSoC 5LP");
  55              		.loc 1 25 0
  56 001a 0D48     		ldr	r0, .L4+4
  57 001c FFF7FEFF 		bl	LCD_print
  58              	.LVL3:
  26:.\main.c      ****     setCursor(0,1);
  59              		.loc 1 26 0
  60 0020 0020     		movs	r0, #0
  61 0022 0121     		movs	r1, #1
  62 0024 FFF7FEFF 		bl	setCursor
  63              	.LVL4:
  27:.\main.c      ****     LCD_print("Primera fila");
  64              		.loc 1 27 0
  65 0028 0A48     		ldr	r0, .L4+8
  66 002a FFF7FEFF 		bl	LCD_print
  67              	.LVL5:
  28:.\main.c      ****     setCursor(0,2);
  68              		.loc 1 28 0
  69 002e 0020     		movs	r0, #0
  70 0030 0221     		movs	r1, #2
  71 0032 FFF7FEFF 		bl	setCursor
  72              	.LVL6:
  29:.\main.c      ****     LCD_print("Segunda fila");
  73              		.loc 1 29 0
  74 0036 0848     		ldr	r0, .L4+12
  75 0038 FFF7FEFF 		bl	LCD_print
  76              	.LVL7:
  30:.\main.c      ****     setCursor(0,3);
  77              		.loc 1 30 0
  78 003c 0020     		movs	r0, #0
  79 003e 0321     		movs	r1, #3
  80 0040 FFF7FEFF 		bl	setCursor
  81              	.LVL8:
  31:.\main.c      ****     LCD_print("Ultima Fila");
  82              		.loc 1 31 0
  83 0044 0548     		ldr	r0, .L4+16
ARM GAS  C:\Users\thetr\AppData\Local\Temp\ccGaJJ6j.s 			page 3


  84 0046 FFF7FEFF 		bl	LCD_print
  85              	.LVL9:
  86              	.L2:
  32:.\main.c      ****     
  33:.\main.c      ****     
  34:.\main.c      ****     for(;;)
  35:.\main.c      ****     {
  36:.\main.c      ****         /* Place your application code here. */
  37:.\main.c      ****     }
  87              		.loc 1 37 0 discriminator 1
  88 004a FEE7     		b	.L2
  89              	.L5:
  90              		.align	2
  91              	.L4:
  92 004c 00000000 		.word	.LANCHOR0
  93 0050 00000000 		.word	.LC0
  94 0054 0C000000 		.word	.LC1
  95 0058 1C000000 		.word	.LC2
  96 005c 2C000000 		.word	.LC3
  97              		.cfi_endproc
  98              	.LFE63:
  99              		.size	main, .-main
 100              		.global	Addr
 101              		.data
 102              		.align	2
 103              		.set	.LANCHOR0,. + 0
 104              		.type	Addr, %object
 105              		.size	Addr, 4
 106              	Addr:
 107 0000 3F000000 		.word	63
 108              		.section	.rodata.str1.4,"aMS",%progbits,1
 109              		.align	2
 110              	.LC0:
 111 0000 50536F43 		.ascii	"PSoC 5LP\000"
 111      20354C50 
 111      00
 112 0009 000000   		.space	3
 113              	.LC1:
 114 000c 5072696D 		.ascii	"Primera fila\000"
 114      65726120 
 114      66696C61 
 114      00
 115 0019 000000   		.space	3
 116              	.LC2:
 117 001c 53656775 		.ascii	"Segunda fila\000"
 117      6E646120 
 117      66696C61 
 117      00
 118 0029 000000   		.space	3
 119              	.LC3:
 120 002c 556C7469 		.ascii	"Ultima Fila\000"
 120      6D612046 
 120      696C6100 
 121              		.text
 122              	.Letext0:
 123              		.file 2 "c:\\program files (x86)\\cypress\\psoc creator\\3.3\\psoc creator\\import\\gnu\\arm\\4.9.
 124              		.file 3 "c:\\program files (x86)\\cypress\\psoc creator\\3.3\\psoc creator\\import\\gnu\\arm\\4.9.
ARM GAS  C:\Users\thetr\AppData\Local\Temp\ccGaJJ6j.s 			page 4


 125              		.file 4 "Generated_Source\\PSoC5/core_cm3.h"
 126              		.file 5 "Generated_Source\\PSoC5/I2C.h"
 127              		.file 6 ".\\LiquidCrystal_I2C.h"
 128              		.section	.debug_info,"",%progbits
 129              	.Ldebug_info0:
 130 0000 28020000 		.4byte	0x228
 131 0004 0400     		.2byte	0x4
 132 0006 00000000 		.4byte	.Ldebug_abbrev0
 133 000a 04       		.byte	0x4
 134 000b 01       		.uleb128 0x1
 135 000c FC000000 		.4byte	.LASF25
 136 0010 01       		.byte	0x1
 137 0011 A5000000 		.4byte	.LASF26
 138 0015 22000000 		.4byte	.LASF27
 139 0019 00000000 		.4byte	.Ldebug_ranges0+0
 140 001d 00000000 		.4byte	0
 141 0021 00000000 		.4byte	.Ldebug_line0
 142 0025 02       		.uleb128 0x2
 143 0026 01       		.byte	0x1
 144 0027 06       		.byte	0x6
 145 0028 04020000 		.4byte	.LASF0
 146 002c 03       		.uleb128 0x3
 147 002d 0E000000 		.4byte	.LASF4
 148 0031 02       		.byte	0x2
 149 0032 1D       		.byte	0x1d
 150 0033 37000000 		.4byte	0x37
 151 0037 02       		.uleb128 0x2
 152 0038 01       		.byte	0x1
 153 0039 08       		.byte	0x8
 154 003a 97000000 		.4byte	.LASF1
 155 003e 02       		.uleb128 0x2
 156 003f 02       		.byte	0x2
 157 0040 05       		.byte	0x5
 158 0041 E8010000 		.4byte	.LASF2
 159 0045 02       		.uleb128 0x2
 160 0046 02       		.byte	0x2
 161 0047 07       		.byte	0x7
 162 0048 C0000000 		.4byte	.LASF3
 163 004c 03       		.uleb128 0x3
 164 004d 18000000 		.4byte	.LASF5
 165 0051 02       		.byte	0x2
 166 0052 3F       		.byte	0x3f
 167 0053 57000000 		.4byte	0x57
 168 0057 02       		.uleb128 0x2
 169 0058 04       		.byte	0x4
 170 0059 05       		.byte	0x5
 171 005a FB010000 		.4byte	.LASF6
 172 005e 03       		.uleb128 0x3
 173 005f F1000000 		.4byte	.LASF7
 174 0063 02       		.byte	0x2
 175 0064 41       		.byte	0x41
 176 0065 69000000 		.4byte	0x69
 177 0069 02       		.uleb128 0x2
 178 006a 04       		.byte	0x4
 179 006b 07       		.byte	0x7
 180 006c AE000000 		.4byte	.LASF8
 181 0070 02       		.uleb128 0x2
ARM GAS  C:\Users\thetr\AppData\Local\Temp\ccGaJJ6j.s 			page 5


 182 0071 08       		.byte	0x8
 183 0072 05       		.byte	0x5
 184 0073 00000000 		.4byte	.LASF9
 185 0077 02       		.uleb128 0x2
 186 0078 08       		.byte	0x8
 187 0079 07       		.byte	0x7
 188 007a 97010000 		.4byte	.LASF10
 189 007e 04       		.uleb128 0x4
 190 007f 04       		.byte	0x4
 191 0080 05       		.byte	0x5
 192 0081 696E7400 		.ascii	"int\000"
 193 0085 02       		.uleb128 0x2
 194 0086 04       		.byte	0x4
 195 0087 07       		.byte	0x7
 196 0088 8A010000 		.4byte	.LASF11
 197 008c 03       		.uleb128 0x3
 198 008d AE010000 		.4byte	.LASF12
 199 0091 03       		.byte	0x3
 200 0092 15       		.byte	0x15
 201 0093 2C000000 		.4byte	0x2c
 202 0097 03       		.uleb128 0x3
 203 0098 BB010000 		.4byte	.LASF13
 204 009c 03       		.byte	0x3
 205 009d 2C       		.byte	0x2c
 206 009e 4C000000 		.4byte	0x4c
 207 00a2 03       		.uleb128 0x3
 208 00a3 F2010000 		.4byte	.LASF14
 209 00a7 03       		.byte	0x3
 210 00a8 2D       		.byte	0x2d
 211 00a9 5E000000 		.4byte	0x5e
 212 00ad 02       		.uleb128 0x2
 213 00ae 04       		.byte	0x4
 214 00af 04       		.byte	0x4
 215 00b0 91000000 		.4byte	.LASF15
 216 00b4 02       		.uleb128 0x2
 217 00b5 08       		.byte	0x8
 218 00b6 04       		.byte	0x4
 219 00b7 E0000000 		.4byte	.LASF16
 220 00bb 02       		.uleb128 0x2
 221 00bc 01       		.byte	0x1
 222 00bd 08       		.byte	0x8
 223 00be E3010000 		.4byte	.LASF17
 224 00c2 02       		.uleb128 0x2
 225 00c3 04       		.byte	0x4
 226 00c4 07       		.byte	0x7
 227 00c5 C3010000 		.4byte	.LASF18
 228 00c9 05       		.uleb128 0x5
 229 00ca 04       		.byte	0x4
 230 00cb BB000000 		.4byte	0xbb
 231 00cf 06       		.uleb128 0x6
 232 00d0 B6010000 		.4byte	.LASF28
 233 00d4 01       		.byte	0x1
 234 00d5 11       		.byte	0x11
 235 00d6 7E000000 		.4byte	0x7e
 236 00da 00000000 		.4byte	.LFB63
 237 00de 60000000 		.4byte	.LFE63-.LFB63
 238 00e2 01       		.uleb128 0x1
ARM GAS  C:\Users\thetr\AppData\Local\Temp\ccGaJJ6j.s 			page 6


 239 00e3 9C       		.byte	0x9c
 240 00e4 B8010000 		.4byte	0x1b8
 241 00e8 07       		.uleb128 0x7
 242 00e9 08000000 		.4byte	.LVL0
 243 00ed DA010000 		.4byte	0x1da
 244 00f1 08       		.uleb128 0x8
 245 00f2 16000000 		.4byte	.LVL1
 246 00f6 E1010000 		.4byte	0x1e1
 247 00fa 0E010000 		.4byte	0x10e
 248 00fe 09       		.uleb128 0x9
 249 00ff 01       		.uleb128 0x1
 250 0100 53       		.byte	0x53
 251 0101 01       		.uleb128 0x1
 252 0102 30       		.byte	0x30
 253 0103 09       		.uleb128 0x9
 254 0104 01       		.uleb128 0x1
 255 0105 52       		.byte	0x52
 256 0106 01       		.uleb128 0x1
 257 0107 34       		.byte	0x34
 258 0108 09       		.uleb128 0x9
 259 0109 01       		.uleb128 0x1
 260 010a 51       		.byte	0x51
 261 010b 01       		.uleb128 0x1
 262 010c 44       		.byte	0x44
 263 010d 00       		.byte	0
 264 010e 07       		.uleb128 0x7
 265 010f 1A000000 		.4byte	.LVL2
 266 0113 01020000 		.4byte	0x201
 267 0117 08       		.uleb128 0x8
 268 0118 20000000 		.4byte	.LVL3
 269 011c 08020000 		.4byte	0x208
 270 0120 2E010000 		.4byte	0x12e
 271 0124 09       		.uleb128 0x9
 272 0125 01       		.uleb128 0x1
 273 0126 50       		.byte	0x50
 274 0127 05       		.uleb128 0x5
 275 0128 03       		.byte	0x3
 276 0129 00000000 		.4byte	.LC0
 277 012d 00       		.byte	0
 278 012e 08       		.uleb128 0x8
 279 012f 28000000 		.4byte	.LVL4
 280 0133 19020000 		.4byte	0x219
 281 0137 46010000 		.4byte	0x146
 282 013b 09       		.uleb128 0x9
 283 013c 01       		.uleb128 0x1
 284 013d 51       		.byte	0x51
 285 013e 01       		.uleb128 0x1
 286 013f 31       		.byte	0x31
 287 0140 09       		.uleb128 0x9
 288 0141 01       		.uleb128 0x1
 289 0142 50       		.byte	0x50
 290 0143 01       		.uleb128 0x1
 291 0144 30       		.byte	0x30
 292 0145 00       		.byte	0
 293 0146 08       		.uleb128 0x8
 294 0147 2E000000 		.4byte	.LVL5
 295 014b 08020000 		.4byte	0x208
ARM GAS  C:\Users\thetr\AppData\Local\Temp\ccGaJJ6j.s 			page 7


 296 014f 5D010000 		.4byte	0x15d
 297 0153 09       		.uleb128 0x9
 298 0154 01       		.uleb128 0x1
 299 0155 50       		.byte	0x50
 300 0156 05       		.uleb128 0x5
 301 0157 03       		.byte	0x3
 302 0158 0C000000 		.4byte	.LC1
 303 015c 00       		.byte	0
 304 015d 08       		.uleb128 0x8
 305 015e 36000000 		.4byte	.LVL6
 306 0162 19020000 		.4byte	0x219
 307 0166 75010000 		.4byte	0x175
 308 016a 09       		.uleb128 0x9
 309 016b 01       		.uleb128 0x1
 310 016c 51       		.byte	0x51
 311 016d 01       		.uleb128 0x1
 312 016e 32       		.byte	0x32
 313 016f 09       		.uleb128 0x9
 314 0170 01       		.uleb128 0x1
 315 0171 50       		.byte	0x50
 316 0172 01       		.uleb128 0x1
 317 0173 30       		.byte	0x30
 318 0174 00       		.byte	0
 319 0175 08       		.uleb128 0x8
 320 0176 3C000000 		.4byte	.LVL7
 321 017a 08020000 		.4byte	0x208
 322 017e 8C010000 		.4byte	0x18c
 323 0182 09       		.uleb128 0x9
 324 0183 01       		.uleb128 0x1
 325 0184 50       		.byte	0x50
 326 0185 05       		.uleb128 0x5
 327 0186 03       		.byte	0x3
 328 0187 1C000000 		.4byte	.LC2
 329 018b 00       		.byte	0
 330 018c 08       		.uleb128 0x8
 331 018d 44000000 		.4byte	.LVL8
 332 0191 19020000 		.4byte	0x219
 333 0195 A4010000 		.4byte	0x1a4
 334 0199 09       		.uleb128 0x9
 335 019a 01       		.uleb128 0x1
 336 019b 51       		.byte	0x51
 337 019c 01       		.uleb128 0x1
 338 019d 33       		.byte	0x33
 339 019e 09       		.uleb128 0x9
 340 019f 01       		.uleb128 0x1
 341 01a0 50       		.byte	0x50
 342 01a1 01       		.uleb128 0x1
 343 01a2 30       		.byte	0x30
 344 01a3 00       		.byte	0
 345 01a4 0A       		.uleb128 0xa
 346 01a5 4A000000 		.4byte	.LVL9
 347 01a9 08020000 		.4byte	0x208
 348 01ad 09       		.uleb128 0x9
 349 01ae 01       		.uleb128 0x1
 350 01af 50       		.byte	0x50
 351 01b0 05       		.uleb128 0x5
 352 01b1 03       		.byte	0x3
ARM GAS  C:\Users\thetr\AppData\Local\Temp\ccGaJJ6j.s 			page 8


 353 01b2 2C000000 		.4byte	.LC3
 354 01b6 00       		.byte	0
 355 01b7 00       		.byte	0
 356 01b8 0B       		.uleb128 0xb
 357 01b9 D3000000 		.4byte	.LASF19
 358 01bd 04       		.byte	0x4
 359 01be 2A06     		.2byte	0x62a
 360 01c0 C4010000 		.4byte	0x1c4
 361 01c4 0C       		.uleb128 0xc
 362 01c5 97000000 		.4byte	0x97
 363 01c9 0D       		.uleb128 0xd
 364 01ca 72000000 		.4byte	.LASF20
 365 01ce 01       		.byte	0x1
 366 01cf 0F       		.byte	0xf
 367 01d0 A2000000 		.4byte	0xa2
 368 01d4 05       		.uleb128 0x5
 369 01d5 03       		.byte	0x3
 370 01d6 00000000 		.4byte	Addr
 371 01da 0E       		.uleb128 0xe
 372 01db 87000000 		.4byte	.LASF21
 373 01df 05       		.byte	0x5
 374 01e0 93       		.byte	0x93
 375 01e1 0F       		.uleb128 0xf
 376 01e2 CC010000 		.4byte	.LASF23
 377 01e6 06       		.byte	0x6
 378 01e7 47       		.byte	0x47
 379 01e8 01020000 		.4byte	0x201
 380 01ec 10       		.uleb128 0x10
 381 01ed 8C000000 		.4byte	0x8c
 382 01f1 10       		.uleb128 0x10
 383 01f2 8C000000 		.4byte	0x8c
 384 01f6 10       		.uleb128 0x10
 385 01f7 8C000000 		.4byte	0x8c
 386 01fb 10       		.uleb128 0x10
 387 01fc 8C000000 		.4byte	0x8c
 388 0200 00       		.byte	0
 389 0201 0E       		.uleb128 0xe
 390 0202 81000000 		.4byte	.LASF22
 391 0206 06       		.byte	0x6
 392 0207 4E       		.byte	0x4e
 393 0208 0F       		.uleb128 0xf
 394 0209 E7000000 		.4byte	.LASF24
 395 020d 06       		.byte	0x6
 396 020e 8B       		.byte	0x8b
 397 020f 19020000 		.4byte	0x219
 398 0213 10       		.uleb128 0x10
 399 0214 C9000000 		.4byte	0xc9
 400 0218 00       		.byte	0
 401 0219 11       		.uleb128 0x11
 402 021a 77000000 		.4byte	.LASF29
 403 021e 06       		.byte	0x6
 404 021f 88       		.byte	0x88
 405 0220 10       		.uleb128 0x10
 406 0221 8C000000 		.4byte	0x8c
 407 0225 10       		.uleb128 0x10
 408 0226 8C000000 		.4byte	0x8c
 409 022a 00       		.byte	0
ARM GAS  C:\Users\thetr\AppData\Local\Temp\ccGaJJ6j.s 			page 9


 410 022b 00       		.byte	0
 411              		.section	.debug_abbrev,"",%progbits
 412              	.Ldebug_abbrev0:
 413 0000 01       		.uleb128 0x1
 414 0001 11       		.uleb128 0x11
 415 0002 01       		.byte	0x1
 416 0003 25       		.uleb128 0x25
 417 0004 0E       		.uleb128 0xe
 418 0005 13       		.uleb128 0x13
 419 0006 0B       		.uleb128 0xb
 420 0007 03       		.uleb128 0x3
 421 0008 0E       		.uleb128 0xe
 422 0009 1B       		.uleb128 0x1b
 423 000a 0E       		.uleb128 0xe
 424 000b 55       		.uleb128 0x55
 425 000c 17       		.uleb128 0x17
 426 000d 11       		.uleb128 0x11
 427 000e 01       		.uleb128 0x1
 428 000f 10       		.uleb128 0x10
 429 0010 17       		.uleb128 0x17
 430 0011 00       		.byte	0
 431 0012 00       		.byte	0
 432 0013 02       		.uleb128 0x2
 433 0014 24       		.uleb128 0x24
 434 0015 00       		.byte	0
 435 0016 0B       		.uleb128 0xb
 436 0017 0B       		.uleb128 0xb
 437 0018 3E       		.uleb128 0x3e
 438 0019 0B       		.uleb128 0xb
 439 001a 03       		.uleb128 0x3
 440 001b 0E       		.uleb128 0xe
 441 001c 00       		.byte	0
 442 001d 00       		.byte	0
 443 001e 03       		.uleb128 0x3
 444 001f 16       		.uleb128 0x16
 445 0020 00       		.byte	0
 446 0021 03       		.uleb128 0x3
 447 0022 0E       		.uleb128 0xe
 448 0023 3A       		.uleb128 0x3a
 449 0024 0B       		.uleb128 0xb
 450 0025 3B       		.uleb128 0x3b
 451 0026 0B       		.uleb128 0xb
 452 0027 49       		.uleb128 0x49
 453 0028 13       		.uleb128 0x13
 454 0029 00       		.byte	0
 455 002a 00       		.byte	0
 456 002b 04       		.uleb128 0x4
 457 002c 24       		.uleb128 0x24
 458 002d 00       		.byte	0
 459 002e 0B       		.uleb128 0xb
 460 002f 0B       		.uleb128 0xb
 461 0030 3E       		.uleb128 0x3e
 462 0031 0B       		.uleb128 0xb
 463 0032 03       		.uleb128 0x3
 464 0033 08       		.uleb128 0x8
 465 0034 00       		.byte	0
 466 0035 00       		.byte	0
ARM GAS  C:\Users\thetr\AppData\Local\Temp\ccGaJJ6j.s 			page 10


 467 0036 05       		.uleb128 0x5
 468 0037 0F       		.uleb128 0xf
 469 0038 00       		.byte	0
 470 0039 0B       		.uleb128 0xb
 471 003a 0B       		.uleb128 0xb
 472 003b 49       		.uleb128 0x49
 473 003c 13       		.uleb128 0x13
 474 003d 00       		.byte	0
 475 003e 00       		.byte	0
 476 003f 06       		.uleb128 0x6
 477 0040 2E       		.uleb128 0x2e
 478 0041 01       		.byte	0x1
 479 0042 3F       		.uleb128 0x3f
 480 0043 19       		.uleb128 0x19
 481 0044 03       		.uleb128 0x3
 482 0045 0E       		.uleb128 0xe
 483 0046 3A       		.uleb128 0x3a
 484 0047 0B       		.uleb128 0xb
 485 0048 3B       		.uleb128 0x3b
 486 0049 0B       		.uleb128 0xb
 487 004a 49       		.uleb128 0x49
 488 004b 13       		.uleb128 0x13
 489 004c 11       		.uleb128 0x11
 490 004d 01       		.uleb128 0x1
 491 004e 12       		.uleb128 0x12
 492 004f 06       		.uleb128 0x6
 493 0050 40       		.uleb128 0x40
 494 0051 18       		.uleb128 0x18
 495 0052 9742     		.uleb128 0x2117
 496 0054 19       		.uleb128 0x19
 497 0055 01       		.uleb128 0x1
 498 0056 13       		.uleb128 0x13
 499 0057 00       		.byte	0
 500 0058 00       		.byte	0
 501 0059 07       		.uleb128 0x7
 502 005a 898201   		.uleb128 0x4109
 503 005d 00       		.byte	0
 504 005e 11       		.uleb128 0x11
 505 005f 01       		.uleb128 0x1
 506 0060 31       		.uleb128 0x31
 507 0061 13       		.uleb128 0x13
 508 0062 00       		.byte	0
 509 0063 00       		.byte	0
 510 0064 08       		.uleb128 0x8
 511 0065 898201   		.uleb128 0x4109
 512 0068 01       		.byte	0x1
 513 0069 11       		.uleb128 0x11
 514 006a 01       		.uleb128 0x1
 515 006b 31       		.uleb128 0x31
 516 006c 13       		.uleb128 0x13
 517 006d 01       		.uleb128 0x1
 518 006e 13       		.uleb128 0x13
 519 006f 00       		.byte	0
 520 0070 00       		.byte	0
 521 0071 09       		.uleb128 0x9
 522 0072 8A8201   		.uleb128 0x410a
 523 0075 00       		.byte	0
ARM GAS  C:\Users\thetr\AppData\Local\Temp\ccGaJJ6j.s 			page 11


 524 0076 02       		.uleb128 0x2
 525 0077 18       		.uleb128 0x18
 526 0078 9142     		.uleb128 0x2111
 527 007a 18       		.uleb128 0x18
 528 007b 00       		.byte	0
 529 007c 00       		.byte	0
 530 007d 0A       		.uleb128 0xa
 531 007e 898201   		.uleb128 0x4109
 532 0081 01       		.byte	0x1
 533 0082 11       		.uleb128 0x11
 534 0083 01       		.uleb128 0x1
 535 0084 31       		.uleb128 0x31
 536 0085 13       		.uleb128 0x13
 537 0086 00       		.byte	0
 538 0087 00       		.byte	0
 539 0088 0B       		.uleb128 0xb
 540 0089 34       		.uleb128 0x34
 541 008a 00       		.byte	0
 542 008b 03       		.uleb128 0x3
 543 008c 0E       		.uleb128 0xe
 544 008d 3A       		.uleb128 0x3a
 545 008e 0B       		.uleb128 0xb
 546 008f 3B       		.uleb128 0x3b
 547 0090 05       		.uleb128 0x5
 548 0091 49       		.uleb128 0x49
 549 0092 13       		.uleb128 0x13
 550 0093 3F       		.uleb128 0x3f
 551 0094 19       		.uleb128 0x19
 552 0095 3C       		.uleb128 0x3c
 553 0096 19       		.uleb128 0x19
 554 0097 00       		.byte	0
 555 0098 00       		.byte	0
 556 0099 0C       		.uleb128 0xc
 557 009a 35       		.uleb128 0x35
 558 009b 00       		.byte	0
 559 009c 49       		.uleb128 0x49
 560 009d 13       		.uleb128 0x13
 561 009e 00       		.byte	0
 562 009f 00       		.byte	0
 563 00a0 0D       		.uleb128 0xd
 564 00a1 34       		.uleb128 0x34
 565 00a2 00       		.byte	0
 566 00a3 03       		.uleb128 0x3
 567 00a4 0E       		.uleb128 0xe
 568 00a5 3A       		.uleb128 0x3a
 569 00a6 0B       		.uleb128 0xb
 570 00a7 3B       		.uleb128 0x3b
 571 00a8 0B       		.uleb128 0xb
 572 00a9 49       		.uleb128 0x49
 573 00aa 13       		.uleb128 0x13
 574 00ab 3F       		.uleb128 0x3f
 575 00ac 19       		.uleb128 0x19
 576 00ad 02       		.uleb128 0x2
 577 00ae 18       		.uleb128 0x18
 578 00af 00       		.byte	0
 579 00b0 00       		.byte	0
 580 00b1 0E       		.uleb128 0xe
ARM GAS  C:\Users\thetr\AppData\Local\Temp\ccGaJJ6j.s 			page 12


 581 00b2 2E       		.uleb128 0x2e
 582 00b3 00       		.byte	0
 583 00b4 3F       		.uleb128 0x3f
 584 00b5 19       		.uleb128 0x19
 585 00b6 03       		.uleb128 0x3
 586 00b7 0E       		.uleb128 0xe
 587 00b8 3A       		.uleb128 0x3a
 588 00b9 0B       		.uleb128 0xb
 589 00ba 3B       		.uleb128 0x3b
 590 00bb 0B       		.uleb128 0xb
 591 00bc 27       		.uleb128 0x27
 592 00bd 19       		.uleb128 0x19
 593 00be 3C       		.uleb128 0x3c
 594 00bf 19       		.uleb128 0x19
 595 00c0 00       		.byte	0
 596 00c1 00       		.byte	0
 597 00c2 0F       		.uleb128 0xf
 598 00c3 2E       		.uleb128 0x2e
 599 00c4 01       		.byte	0x1
 600 00c5 3F       		.uleb128 0x3f
 601 00c6 19       		.uleb128 0x19
 602 00c7 03       		.uleb128 0x3
 603 00c8 0E       		.uleb128 0xe
 604 00c9 3A       		.uleb128 0x3a
 605 00ca 0B       		.uleb128 0xb
 606 00cb 3B       		.uleb128 0x3b
 607 00cc 0B       		.uleb128 0xb
 608 00cd 27       		.uleb128 0x27
 609 00ce 19       		.uleb128 0x19
 610 00cf 3C       		.uleb128 0x3c
 611 00d0 19       		.uleb128 0x19
 612 00d1 01       		.uleb128 0x1
 613 00d2 13       		.uleb128 0x13
 614 00d3 00       		.byte	0
 615 00d4 00       		.byte	0
 616 00d5 10       		.uleb128 0x10
 617 00d6 05       		.uleb128 0x5
 618 00d7 00       		.byte	0
 619 00d8 49       		.uleb128 0x49
 620 00d9 13       		.uleb128 0x13
 621 00da 00       		.byte	0
 622 00db 00       		.byte	0
 623 00dc 11       		.uleb128 0x11
 624 00dd 2E       		.uleb128 0x2e
 625 00de 01       		.byte	0x1
 626 00df 3F       		.uleb128 0x3f
 627 00e0 19       		.uleb128 0x19
 628 00e1 03       		.uleb128 0x3
 629 00e2 0E       		.uleb128 0xe
 630 00e3 3A       		.uleb128 0x3a
 631 00e4 0B       		.uleb128 0xb
 632 00e5 3B       		.uleb128 0x3b
 633 00e6 0B       		.uleb128 0xb
 634 00e7 27       		.uleb128 0x27
 635 00e8 19       		.uleb128 0x19
 636 00e9 3C       		.uleb128 0x3c
 637 00ea 19       		.uleb128 0x19
ARM GAS  C:\Users\thetr\AppData\Local\Temp\ccGaJJ6j.s 			page 13


 638 00eb 00       		.byte	0
 639 00ec 00       		.byte	0
 640 00ed 00       		.byte	0
 641              		.section	.debug_aranges,"",%progbits
 642 0000 1C000000 		.4byte	0x1c
 643 0004 0200     		.2byte	0x2
 644 0006 00000000 		.4byte	.Ldebug_info0
 645 000a 04       		.byte	0x4
 646 000b 00       		.byte	0
 647 000c 0000     		.2byte	0
 648 000e 0000     		.2byte	0
 649 0010 00000000 		.4byte	.LFB63
 650 0014 60000000 		.4byte	.LFE63-.LFB63
 651 0018 00000000 		.4byte	0
 652 001c 00000000 		.4byte	0
 653              		.section	.debug_ranges,"",%progbits
 654              	.Ldebug_ranges0:
 655 0000 00000000 		.4byte	.LFB63
 656 0004 60000000 		.4byte	.LFE63
 657 0008 00000000 		.4byte	0
 658 000c 00000000 		.4byte	0
 659              		.section	.debug_line,"",%progbits
 660              	.Ldebug_line0:
 661 0000 83010000 		.section	.debug_str,"MS",%progbits,1
 661      02005E01 
 661      00000201 
 661      FB0E0D00 
 661      01010101 
 662              	.LASF9:
 663 0000 6C6F6E67 		.ascii	"long long int\000"
 663      206C6F6E 
 663      6720696E 
 663      7400
 664              	.LASF4:
 665 000e 5F5F7569 		.ascii	"__uint8_t\000"
 665      6E74385F 
 665      7400
 666              	.LASF5:
 667 0018 5F5F696E 		.ascii	"__int32_t\000"
 667      7433325F 
 667      7400
 668              	.LASF27:
 669 0022 433A5C55 		.ascii	"C:\\Users\\thetr\\OneDrive\\Documentos\\PSoC Creato"
 669      73657273 
 669      5C746865 
 669      74725C4F 
 669      6E654472 
 670 0050 725C4C43 		.ascii	"r\\LCD_I2C_PSoC5LP\\LCD_I2C_V.cydsn\000"
 670      445F4932 
 670      435F5053 
 670      6F43354C 
 670      505C4C43 
 671              	.LASF20:
 672 0072 41646472 		.ascii	"Addr\000"
 672      00
 673              	.LASF29:
 674 0077 73657443 		.ascii	"setCursor\000"
ARM GAS  C:\Users\thetr\AppData\Local\Temp\ccGaJJ6j.s 			page 14


 674      7572736F 
 674      7200
 675              	.LASF22:
 676 0081 62656769 		.ascii	"begin\000"
 676      6E00
 677              	.LASF21:
 678 0087 4932435F 		.ascii	"I2C_Start\000"
 678      53746172 
 678      7400
 679              	.LASF15:
 680 0091 666C6F61 		.ascii	"float\000"
 680      7400
 681              	.LASF1:
 682 0097 756E7369 		.ascii	"unsigned char\000"
 682      676E6564 
 682      20636861 
 682      7200
 683              	.LASF26:
 684 00a5 2E5C6D61 		.ascii	".\\main.c\000"
 684      696E2E63 
 684      00
 685              	.LASF8:
 686 00ae 6C6F6E67 		.ascii	"long unsigned int\000"
 686      20756E73 
 686      69676E65 
 686      6420696E 
 686      7400
 687              	.LASF3:
 688 00c0 73686F72 		.ascii	"short unsigned int\000"
 688      7420756E 
 688      7369676E 
 688      65642069 
 688      6E7400
 689              	.LASF19:
 690 00d3 49544D5F 		.ascii	"ITM_RxBuffer\000"
 690      52784275 
 690      66666572 
 690      00
 691              	.LASF16:
 692 00e0 646F7562 		.ascii	"double\000"
 692      6C6500
 693              	.LASF24:
 694 00e7 4C43445F 		.ascii	"LCD_print\000"
 694      7072696E 
 694      7400
 695              	.LASF7:
 696 00f1 5F5F7569 		.ascii	"__uint32_t\000"
 696      6E743332 
 696      5F7400
 697              	.LASF25:
 698 00fc 474E5520 		.ascii	"GNU C 4.9.3 20150303 (release) [ARM/embedded-4_9-br"
 698      4320342E 
 698      392E3320 
 698      32303135 
 698      30333033 
 699 012f 616E6368 		.ascii	"anch revision 221220] -mcpu=cortex-m3 -mthumb -g -O"
 699      20726576 
ARM GAS  C:\Users\thetr\AppData\Local\Temp\ccGaJJ6j.s 			page 15


 699      6973696F 
 699      6E203232 
 699      31323230 
 700 0162 67202D66 		.ascii	"g -ffunction-sections -ffat-lto-objects\000"
 700      66756E63 
 700      74696F6E 
 700      2D736563 
 700      74696F6E 
 701              	.LASF11:
 702 018a 756E7369 		.ascii	"unsigned int\000"
 702      676E6564 
 702      20696E74 
 702      00
 703              	.LASF10:
 704 0197 6C6F6E67 		.ascii	"long long unsigned int\000"
 704      206C6F6E 
 704      6720756E 
 704      7369676E 
 704      65642069 
 705              	.LASF12:
 706 01ae 75696E74 		.ascii	"uint8_t\000"
 706      385F7400 
 707              	.LASF28:
 708 01b6 6D61696E 		.ascii	"main\000"
 708      00
 709              	.LASF13:
 710 01bb 696E7433 		.ascii	"int32_t\000"
 710      325F7400 
 711              	.LASF18:
 712 01c3 73697A65 		.ascii	"sizetype\000"
 712      74797065 
 712      00
 713              	.LASF23:
 714 01cc 4C697175 		.ascii	"LiquidCrystal_I2C_init\000"
 714      69644372 
 714      79737461 
 714      6C5F4932 
 714      435F696E 
 715              	.LASF17:
 716 01e3 63686172 		.ascii	"char\000"
 716      00
 717              	.LASF2:
 718 01e8 73686F72 		.ascii	"short int\000"
 718      7420696E 
 718      7400
 719              	.LASF14:
 720 01f2 75696E74 		.ascii	"uint32_t\000"
 720      33325F74 
 720      00
 721              	.LASF6:
 722 01fb 6C6F6E67 		.ascii	"long int\000"
 722      20696E74 
 722      00
 723              	.LASF0:
 724 0204 7369676E 		.ascii	"signed char\000"
 724      65642063 
 724      68617200 
ARM GAS  C:\Users\thetr\AppData\Local\Temp\ccGaJJ6j.s 			page 16


 725              		.ident	"GCC: (GNU Tools for ARM Embedded Processors) 4.9.3 20150303 (release) [ARM/embedded-4_9-br
