ARM GAS  C:\Users\elias\AppData\Local\Temp\ccjIetNW.s 			page 1


   1              		.syntax unified
   2              		.cpu cortex-m3
   3              		.fpu softvfp
   4              		.eabi_attribute 20, 1
   5              		.eabi_attribute 21, 1
   6              		.eabi_attribute 23, 3
   7              		.eabi_attribute 24, 1
   8              		.eabi_attribute 25, 1
   9              		.eabi_attribute 26, 1
  10              		.eabi_attribute 30, 1
  11              		.eabi_attribute 34, 1
  12              		.eabi_attribute 18, 4
  13              		.thumb
  14              		.syntax unified
  15              		.file	"cymetadata.c"
  16              		.text
  17              	.Ltext0:
  18              		.cfi_sections	.debug_frame
  19              		.global	cy_metadata
  20              		.global	cy_meta_flashprotect
  21              		.global	cy_meta_wonvl
  22              		.global	cy_meta_custnvl
  23              		.global	cy_meta_configecc
  24              		.section	.cyconfigecc,"a",%progbits
  25              		.align	2
  26              		.type	cy_meta_configecc, %object
  27              		.size	cy_meta_configecc, 208
  28              	cy_meta_configecc:
  29 0000 02       		.byte	2
  30 0001 52       		.byte	82
  31 0002 00       		.byte	0
  32 0003 40       		.byte	64
  33 0004 01       		.byte	1
  34 0005 03       		.byte	3
  35 0006 01       		.byte	1
  36 0007 40       		.byte	64
  37 0008 03       		.byte	3
  38 0009 05       		.byte	5
  39 000a 01       		.byte	1
  40 000b 40       		.byte	64
  41 000c 03       		.byte	3
  42 000d 0B       		.byte	11
  43 000e 01       		.byte	1
  44 000f 40       		.byte	64
  45 0010 01       		.byte	1
  46 0011 0D       		.byte	13
  47 0012 01       		.byte	1
  48 0013 40       		.byte	64
  49 0014 01       		.byte	1
  50 0015 15       		.byte	21
  51 0016 01       		.byte	1
  52 0017 40       		.byte	64
  53 0018 01       		.byte	1
  54 0019 1B       		.byte	27
  55 001a 01       		.byte	1
  56 001b 40       		.byte	64
  57 001c 08       		.byte	8
ARM GAS  C:\Users\elias\AppData\Local\Temp\ccjIetNW.s 			page 2


  58 001d 41       		.byte	65
  59 001e 01       		.byte	1
  60 001f 40       		.byte	64
  61 0020 07       		.byte	7
  62 0021 42       		.byte	66
  63 0022 01       		.byte	1
  64 0023 40       		.byte	64
  65 0024 01       		.byte	1
  66 0025 43       		.byte	67
  67 0026 01       		.byte	1
  68 0027 40       		.byte	64
  69 0028 01       		.byte	1
  70 0029 45       		.byte	69
  71 002a 01       		.byte	1
  72 002b 40       		.byte	64
  73 002c 08       		.byte	8
  74 002d 46       		.byte	70
  75 002e 01       		.byte	1
  76 002f 40       		.byte	64
  77 0030 04       		.byte	4
  78 0031 47       		.byte	71
  79 0032 01       		.byte	1
  80 0033 40       		.byte	64
  81 0034 01       		.byte	1
  82 0035 48       		.byte	72
  83 0036 01       		.byte	1
  84 0037 40       		.byte	64
  85 0038 02       		.byte	2
  86 0039 49       		.byte	73
  87 003a 01       		.byte	1
  88 003b 40       		.byte	64
  89 003c 0B       		.byte	11
  90 003d 4C       		.byte	76
  91 003e 01       		.byte	1
  92 003f 40       		.byte	64
  93 0040 01       		.byte	1
  94 0041 4D       		.byte	77
  95 0042 01       		.byte	1
  96 0043 40       		.byte	64
  97 0044 01       		.byte	1
  98 0045 51       		.byte	81
  99 0046 01       		.byte	1
 100 0047 40       		.byte	64
 101 0048 01       		.byte	1
 102 0049 02       		.byte	2
 103 004a 04       		.byte	4
 104 004b 03       		.byte	3
 105 004c E6       		.byte	-26
 106 004d 01       		.byte	1
 107 004e E6       		.byte	-26
 108 004f 01       		.byte	1
 109 0050 E8       		.byte	-24
 110 0051 80       		.byte	-128
 111 0052 EC       		.byte	-20
 112 0053 10       		.byte	16
 113 0054 E6       		.byte	-26
 114 0055 01       		.byte	1
ARM GAS  C:\Users\elias\AppData\Local\Temp\ccjIetNW.s 			page 3


 115 0056 E8       		.byte	-24
 116 0057 80       		.byte	-128
 117 0058 EC       		.byte	-20
 118 0059 10       		.byte	16
 119 005a E6       		.byte	-26
 120 005b 01       		.byte	1
 121 005c EA       		.byte	-22
 122 005d 01       		.byte	1
 123 005e EA       		.byte	-22
 124 005f 01       		.byte	1
 125 0060 01       		.byte	1
 126 0061 02       		.byte	2
 127 0062 04       		.byte	4
 128 0063 01       		.byte	1
 129 0064 50       		.byte	80
 130 0065 04       		.byte	4
 131 0066 5B       		.byte	91
 132 0067 40       		.byte	64
 133 0068 83       		.byte	-125
 134 0069 40       		.byte	64
 135 006a C0       		.byte	-64
 136 006b 30       		.byte	48
 137 006c D4       		.byte	-44
 138 006d A0       		.byte	-96
 139 006e E6       		.byte	-26
 140 006f 80       		.byte	-128
 141 0070 3E       		.byte	62
 142 0071 10       		.byte	16
 143 0072 80       		.byte	-128
 144 0073 04       		.byte	4
 145 0074 94       		.byte	-108
 146 0075 08       		.byte	8
 147 0076 B1       		.byte	-79
 148 0077 02       		.byte	2
 149 0078 B4       		.byte	-76
 150 0079 01       		.byte	1
 151 007a CE       		.byte	-50
 152 007b 20       		.byte	32
 153 007c E6       		.byte	-26
 154 007d 80       		.byte	-128
 155 007e 96       		.byte	-106
 156 007f 10       		.byte	16
 157 0080 80       		.byte	-128
 158 0081 80       		.byte	-128
 159 0082 82       		.byte	-126
 160 0083 20       		.byte	32
 161 0084 98       		.byte	-104
 162 0085 20       		.byte	32
 163 0086 9C       		.byte	-100
 164 0087 80       		.byte	-128
 165 0088 A1       		.byte	-95
 166 0089 10       		.byte	16
 167 008a B0       		.byte	-80
 168 008b 20       		.byte	32
 169 008c B5       		.byte	-75
 170 008d 10       		.byte	16
 171 008e E8       		.byte	-24
ARM GAS  C:\Users\elias\AppData\Local\Temp\ccjIetNW.s 			page 4


 172 008f 01       		.byte	1
 173 0090 EC       		.byte	-20
 174 0091 08       		.byte	8
 175 0092 98       		.byte	-104
 176 0093 20       		.byte	32
 177 0094 9C       		.byte	-100
 178 0095 80       		.byte	-128
 179 0096 A1       		.byte	-95
 180 0097 10       		.byte	16
 181 0098 A6       		.byte	-90
 182 0099 20       		.byte	32
 183 009a 96       		.byte	-106
 184 009b 10       		.byte	16
 185 009c AA       		.byte	-86
 186 009d 10       		.byte	16
 187 009e EA       		.byte	-22
 188 009f 80       		.byte	-128
 189 00a0 12       		.byte	18
 190 00a1 20       		.byte	32
 191 00a2 13       		.byte	19
 192 00a3 20       		.byte	32
 193 00a4 14       		.byte	20
 194 00a5 80       		.byte	-128
 195 00a6 78       		.byte	120
 196 00a7 20       		.byte	32
 197 00a8 7D       		.byte	125
 198 00a9 20       		.byte	32
 199 00aa 98       		.byte	-104
 200 00ab 20       		.byte	32
 201 00ac 9C       		.byte	-100
 202 00ad 80       		.byte	-128
 203 00ae A1       		.byte	-95
 204 00af 10       		.byte	16
 205 00b0 A6       		.byte	-90
 206 00b1 20       		.byte	32
 207 00b2 C4       		.byte	-60
 208 00b3 0E       		.byte	14
 209 00b4 DE       		.byte	-34
 210 00b5 03       		.byte	3
 211 00b6 AB       		.byte	-85
 212 00b7 20       		.byte	32
 213 00b8 03       		.byte	3
 214 00b9 C0       		.byte	-64
 215 00ba 00       		.byte	0
 216 00bb 00       		.byte	0
 217 00bc 03       		.byte	3
 218 00bd 00       		.byte	0
 219 00be 00       		.byte	0
 220 00bf 00       		.byte	0
 221 00c0 03       		.byte	3
 222 00c1 00       		.byte	0
 223 00c2 03       		.byte	3
 224 00c3 00       		.byte	0
 225 00c4 00       		.byte	0
 226 00c5 00       		.byte	0
 227 00c6 00       		.byte	0
 228 00c7 00       		.byte	0
ARM GAS  C:\Users\elias\AppData\Local\Temp\ccjIetNW.s 			page 5


 229 00c8 00       		.byte	0
 230 00c9 0B       		.byte	11
 231 00ca 0B       		.byte	11
 232 00cb 00       		.byte	0
 233 00cc 00       		.byte	0
 234 00cd 00       		.byte	0
 235 00ce 00       		.byte	0
 236 00cf 00       		.byte	0
 237              		.section	.cywolatch,"a",%progbits
 238              		.align	2
 239              		.type	cy_meta_wonvl, %object
 240              		.size	cy_meta_wonvl, 4
 241              	cy_meta_wonvl:
 242 0000 BC       		.byte	-68
 243 0001 90       		.byte	-112
 244 0002 AC       		.byte	-84
 245 0003 AF       		.byte	-81
 246              		.section	.cycustnvl,"a",%progbits
 247              		.align	2
 248              		.type	cy_meta_custnvl, %object
 249              		.size	cy_meta_custnvl, 4
 250              	cy_meta_custnvl:
 251 0000 00       		.byte	0
 252 0001 00       		.byte	0
 253 0002 40       		.byte	64
 254 0003 05       		.byte	5
 255              		.section	.cymeta,"a",%progbits
 256              		.align	2
 257              		.type	cy_metadata, %object
 258              		.size	cy_metadata, 12
 259              	cy_metadata:
 260 0000 00       		.byte	0
 261 0001 01       		.byte	1
 262 0002 2E       		.byte	46
 263 0003 16       		.byte	22
 264 0004 10       		.byte	16
 265 0005 69       		.byte	105
 266 0006 00       		.byte	0
 267 0007 01       		.byte	1
 268 0008 00       		.byte	0
 269 0009 00       		.byte	0
 270 000a 00       		.byte	0
 271 000b 00       		.byte	0
 272              		.section	.cyflashprotect,"a",%progbits
 273              		.align	2
 274              		.type	cy_meta_flashprotect, %object
 275              		.size	cy_meta_flashprotect, 256
 276              	cy_meta_flashprotect:
 277 0000 00000000 		.space	256
 277      00000000 
 277      00000000 
 277      00000000 
 277      00000000 
 278              		.text
 279              	.Letext0:
 280              		.file 1 "c:\\program files (x86)\\cypress\\psoc creator\\4.4\\psoc creator\\import\\gnu\\arm\\5.4.
 281              		.file 2 "c:\\program files (x86)\\cypress\\psoc creator\\4.4\\psoc creator\\import\\gnu\\arm\\5.4.
ARM GAS  C:\Users\elias\AppData\Local\Temp\ccjIetNW.s 			page 6


 282              		.file 3 "Generated_Source\\PSoC5\\cymetadata.c"
 283              		.section	.debug_info,"",%progbits
 284              	.Ldebug_info0:
 285 0000 30010000 		.4byte	0x130
 286 0004 0400     		.2byte	0x4
 287 0006 00000000 		.4byte	.Ldebug_abbrev0
 288 000a 04       		.byte	0x4
 289 000b 01       		.uleb128 0x1
 290 000c 24000000 		.4byte	.LASF17
 291 0010 0C       		.byte	0xc
 292 0011 CC010000 		.4byte	.LASF18
 293 0015 5F010000 		.4byte	.LASF19
 294 0019 00000000 		.4byte	.Ldebug_line0
 295 001d 02       		.uleb128 0x2
 296 001e 01       		.byte	0x1
 297 001f 06       		.byte	0x6
 298 0020 C0010000 		.4byte	.LASF0
 299 0024 03       		.uleb128 0x3
 300 0025 00000000 		.4byte	.LASF9
 301 0029 01       		.byte	0x1
 302 002a 1D       		.byte	0x1d
 303 002b 2F000000 		.4byte	0x2f
 304 002f 02       		.uleb128 0x2
 305 0030 01       		.byte	0x1
 306 0031 08       		.byte	0x8
 307 0032 16000000 		.4byte	.LASF1
 308 0036 02       		.uleb128 0x2
 309 0037 02       		.byte	0x2
 310 0038 05       		.byte	0x5
 311 0039 AD010000 		.4byte	.LASF2
 312 003d 02       		.uleb128 0x2
 313 003e 02       		.byte	0x2
 314 003f 07       		.byte	0x7
 315 0040 C4000000 		.4byte	.LASF3
 316 0044 02       		.uleb128 0x2
 317 0045 04       		.byte	0x4
 318 0046 05       		.byte	0x5
 319 0047 B7010000 		.4byte	.LASF4
 320 004b 02       		.uleb128 0x2
 321 004c 04       		.byte	0x4
 322 004d 07       		.byte	0x7
 323 004e B2000000 		.4byte	.LASF5
 324 0052 02       		.uleb128 0x2
 325 0053 08       		.byte	0x8
 326 0054 05       		.byte	0x5
 327 0055 51010000 		.4byte	.LASF6
 328 0059 02       		.uleb128 0x2
 329 005a 08       		.byte	0x8
 330 005b 07       		.byte	0x7
 331 005c 06010000 		.4byte	.LASF7
 332 0060 04       		.uleb128 0x4
 333 0061 04       		.byte	0x4
 334 0062 05       		.byte	0x5
 335 0063 696E7400 		.ascii	"int\000"
 336 0067 02       		.uleb128 0x2
 337 0068 04       		.byte	0x4
 338 0069 07       		.byte	0x7
ARM GAS  C:\Users\elias\AppData\Local\Temp\ccjIetNW.s 			page 7


 339 006a F9000000 		.4byte	.LASF8
 340 006e 03       		.uleb128 0x3
 341 006f 1D010000 		.4byte	.LASF10
 342 0073 02       		.byte	0x2
 343 0074 18       		.byte	0x18
 344 0075 24000000 		.4byte	0x24
 345 0079 05       		.uleb128 0x5
 346 007a 90000000 		.4byte	0x90
 347 007e 89000000 		.4byte	0x89
 348 0082 06       		.uleb128 0x6
 349 0083 89000000 		.4byte	0x89
 350 0087 CF       		.byte	0xcf
 351 0088 00       		.byte	0
 352 0089 02       		.uleb128 0x2
 353 008a 04       		.byte	0x4
 354 008b 07       		.byte	0x7
 355 008c 48010000 		.4byte	.LASF11
 356 0090 07       		.uleb128 0x7
 357 0091 6E000000 		.4byte	0x6e
 358 0095 08       		.uleb128 0x8
 359 0096 E7000000 		.4byte	.LASF12
 360 009a 03       		.byte	0x3
 361 009b 1F       		.byte	0x1f
 362 009c A6000000 		.4byte	0xa6
 363 00a0 05       		.uleb128 0x5
 364 00a1 03       		.byte	0x3
 365 00a2 00000000 		.4byte	cy_meta_configecc
 366 00a6 07       		.uleb128 0x7
 367 00a7 79000000 		.4byte	0x79
 368 00ab 05       		.uleb128 0x5
 369 00ac 90000000 		.4byte	0x90
 370 00b0 BB000000 		.4byte	0xbb
 371 00b4 06       		.uleb128 0x6
 372 00b5 89000000 		.4byte	0x89
 373 00b9 03       		.byte	0x3
 374 00ba 00       		.byte	0
 375 00bb 08       		.uleb128 0x8
 376 00bc D7000000 		.4byte	.LASF13
 377 00c0 03       		.byte	0x3
 378 00c1 46       		.byte	0x46
 379 00c2 CC000000 		.4byte	0xcc
 380 00c6 05       		.uleb128 0x5
 381 00c7 03       		.byte	0x3
 382 00c8 00000000 		.4byte	cy_meta_custnvl
 383 00cc 07       		.uleb128 0x7
 384 00cd AB000000 		.4byte	0xab
 385 00d1 08       		.uleb128 0x8
 386 00d2 3A010000 		.4byte	.LASF14
 387 00d6 03       		.byte	0x3
 388 00d7 54       		.byte	0x54
 389 00d8 E2000000 		.4byte	0xe2
 390 00dc 05       		.uleb128 0x5
 391 00dd 03       		.byte	0x3
 392 00de 00000000 		.4byte	cy_meta_wonvl
 393 00e2 07       		.uleb128 0x7
 394 00e3 AB000000 		.4byte	0xab
 395 00e7 05       		.uleb128 0x5
ARM GAS  C:\Users\elias\AppData\Local\Temp\ccjIetNW.s 			page 8


 396 00e8 90000000 		.4byte	0x90
 397 00ec F7000000 		.4byte	0xf7
 398 00f0 06       		.uleb128 0x6
 399 00f1 89000000 		.4byte	0x89
 400 00f5 FF       		.byte	0xff
 401 00f6 00       		.byte	0
 402 00f7 08       		.uleb128 0x8
 403 00f8 25010000 		.4byte	.LASF15
 404 00fc 03       		.byte	0x3
 405 00fd 62       		.byte	0x62
 406 00fe 08010000 		.4byte	0x108
 407 0102 05       		.uleb128 0x5
 408 0103 03       		.byte	0x3
 409 0104 00000000 		.4byte	cy_meta_flashprotect
 410 0108 07       		.uleb128 0x7
 411 0109 E7000000 		.4byte	0xe7
 412 010d 05       		.uleb128 0x5
 413 010e 90000000 		.4byte	0x90
 414 0112 1D010000 		.4byte	0x11d
 415 0116 06       		.uleb128 0x6
 416 0117 89000000 		.4byte	0x89
 417 011b 0B       		.byte	0xb
 418 011c 00       		.byte	0
 419 011d 08       		.uleb128 0x8
 420 011e 0A000000 		.4byte	.LASF16
 421 0122 03       		.byte	0x3
 422 0123 8F       		.byte	0x8f
 423 0124 2E010000 		.4byte	0x12e
 424 0128 05       		.uleb128 0x5
 425 0129 03       		.byte	0x3
 426 012a 00000000 		.4byte	cy_metadata
 427 012e 07       		.uleb128 0x7
 428 012f 0D010000 		.4byte	0x10d
 429 0133 00       		.byte	0
 430              		.section	.debug_abbrev,"",%progbits
 431              	.Ldebug_abbrev0:
 432 0000 01       		.uleb128 0x1
 433 0001 11       		.uleb128 0x11
 434 0002 01       		.byte	0x1
 435 0003 25       		.uleb128 0x25
 436 0004 0E       		.uleb128 0xe
 437 0005 13       		.uleb128 0x13
 438 0006 0B       		.uleb128 0xb
 439 0007 03       		.uleb128 0x3
 440 0008 0E       		.uleb128 0xe
 441 0009 1B       		.uleb128 0x1b
 442 000a 0E       		.uleb128 0xe
 443 000b 10       		.uleb128 0x10
 444 000c 17       		.uleb128 0x17
 445 000d 00       		.byte	0
 446 000e 00       		.byte	0
 447 000f 02       		.uleb128 0x2
 448 0010 24       		.uleb128 0x24
 449 0011 00       		.byte	0
 450 0012 0B       		.uleb128 0xb
 451 0013 0B       		.uleb128 0xb
 452 0014 3E       		.uleb128 0x3e
ARM GAS  C:\Users\elias\AppData\Local\Temp\ccjIetNW.s 			page 9


 453 0015 0B       		.uleb128 0xb
 454 0016 03       		.uleb128 0x3
 455 0017 0E       		.uleb128 0xe
 456 0018 00       		.byte	0
 457 0019 00       		.byte	0
 458 001a 03       		.uleb128 0x3
 459 001b 16       		.uleb128 0x16
 460 001c 00       		.byte	0
 461 001d 03       		.uleb128 0x3
 462 001e 0E       		.uleb128 0xe
 463 001f 3A       		.uleb128 0x3a
 464 0020 0B       		.uleb128 0xb
 465 0021 3B       		.uleb128 0x3b
 466 0022 0B       		.uleb128 0xb
 467 0023 49       		.uleb128 0x49
 468 0024 13       		.uleb128 0x13
 469 0025 00       		.byte	0
 470 0026 00       		.byte	0
 471 0027 04       		.uleb128 0x4
 472 0028 24       		.uleb128 0x24
 473 0029 00       		.byte	0
 474 002a 0B       		.uleb128 0xb
 475 002b 0B       		.uleb128 0xb
 476 002c 3E       		.uleb128 0x3e
 477 002d 0B       		.uleb128 0xb
 478 002e 03       		.uleb128 0x3
 479 002f 08       		.uleb128 0x8
 480 0030 00       		.byte	0
 481 0031 00       		.byte	0
 482 0032 05       		.uleb128 0x5
 483 0033 01       		.uleb128 0x1
 484 0034 01       		.byte	0x1
 485 0035 49       		.uleb128 0x49
 486 0036 13       		.uleb128 0x13
 487 0037 01       		.uleb128 0x1
 488 0038 13       		.uleb128 0x13
 489 0039 00       		.byte	0
 490 003a 00       		.byte	0
 491 003b 06       		.uleb128 0x6
 492 003c 21       		.uleb128 0x21
 493 003d 00       		.byte	0
 494 003e 49       		.uleb128 0x49
 495 003f 13       		.uleb128 0x13
 496 0040 2F       		.uleb128 0x2f
 497 0041 0B       		.uleb128 0xb
 498 0042 00       		.byte	0
 499 0043 00       		.byte	0
 500 0044 07       		.uleb128 0x7
 501 0045 26       		.uleb128 0x26
 502 0046 00       		.byte	0
 503 0047 49       		.uleb128 0x49
 504 0048 13       		.uleb128 0x13
 505 0049 00       		.byte	0
 506 004a 00       		.byte	0
 507 004b 08       		.uleb128 0x8
 508 004c 34       		.uleb128 0x34
 509 004d 00       		.byte	0
ARM GAS  C:\Users\elias\AppData\Local\Temp\ccjIetNW.s 			page 10


 510 004e 03       		.uleb128 0x3
 511 004f 0E       		.uleb128 0xe
 512 0050 3A       		.uleb128 0x3a
 513 0051 0B       		.uleb128 0xb
 514 0052 3B       		.uleb128 0x3b
 515 0053 0B       		.uleb128 0xb
 516 0054 49       		.uleb128 0x49
 517 0055 13       		.uleb128 0x13
 518 0056 3F       		.uleb128 0x3f
 519 0057 19       		.uleb128 0x19
 520 0058 02       		.uleb128 0x2
 521 0059 18       		.uleb128 0x18
 522 005a 00       		.byte	0
 523 005b 00       		.byte	0
 524 005c 00       		.byte	0
 525              		.section	.debug_aranges,"",%progbits
 526 0000 14000000 		.4byte	0x14
 527 0004 0200     		.2byte	0x2
 528 0006 00000000 		.4byte	.Ldebug_info0
 529 000a 04       		.byte	0x4
 530 000b 00       		.byte	0
 531 000c 0000     		.2byte	0
 532 000e 0000     		.2byte	0
 533 0010 00000000 		.4byte	0
 534 0014 00000000 		.4byte	0
 535              		.section	.debug_line,"",%progbits
 536              	.Ldebug_line0:
 537 0000 3D010000 		.section	.debug_str,"MS",%progbits,1
 537      02003701 
 537      00000201 
 537      FB0E0D00 
 537      01010101 
 538              	.LASF9:
 539 0000 5F5F7569 		.ascii	"__uint8_t\000"
 539      6E74385F 
 539      7400
 540              	.LASF16:
 541 000a 63795F6D 		.ascii	"cy_metadata\000"
 541      65746164 
 541      61746100 
 542              	.LASF1:
 543 0016 756E7369 		.ascii	"unsigned char\000"
 543      676E6564 
 543      20636861 
 543      7200
 544              	.LASF17:
 545 0024 474E5520 		.ascii	"GNU C11 5.4.1 20160609 (release) [ARM/embedded-5-br"
 545      43313120 
 545      352E342E 
 545      31203230 
 545      31363036 
 546 0057 616E6368 		.ascii	"anch revision 237715] -mcpu=cortex-m3 -mthumb -g -O"
 546      20726576 
 546      6973696F 
 546      6E203233 
 546      37373135 
 547 008a 67202D66 		.ascii	"g -ffunction-sections -ffat-lto-objects\000"
ARM GAS  C:\Users\elias\AppData\Local\Temp\ccjIetNW.s 			page 11


 547      66756E63 
 547      74696F6E 
 547      2D736563 
 547      74696F6E 
 548              	.LASF5:
 549 00b2 6C6F6E67 		.ascii	"long unsigned int\000"
 549      20756E73 
 549      69676E65 
 549      6420696E 
 549      7400
 550              	.LASF3:
 551 00c4 73686F72 		.ascii	"short unsigned int\000"
 551      7420756E 
 551      7369676E 
 551      65642069 
 551      6E7400
 552              	.LASF13:
 553 00d7 63795F6D 		.ascii	"cy_meta_custnvl\000"
 553      6574615F 
 553      63757374 
 553      6E766C00 
 554              	.LASF12:
 555 00e7 63795F6D 		.ascii	"cy_meta_configecc\000"
 555      6574615F 
 555      636F6E66 
 555      69676563 
 555      6300
 556              	.LASF8:
 557 00f9 756E7369 		.ascii	"unsigned int\000"
 557      676E6564 
 557      20696E74 
 557      00
 558              	.LASF7:
 559 0106 6C6F6E67 		.ascii	"long long unsigned int\000"
 559      206C6F6E 
 559      6720756E 
 559      7369676E 
 559      65642069 
 560              	.LASF10:
 561 011d 75696E74 		.ascii	"uint8_t\000"
 561      385F7400 
 562              	.LASF15:
 563 0125 63795F6D 		.ascii	"cy_meta_flashprotect\000"
 563      6574615F 
 563      666C6173 
 563      6870726F 
 563      74656374 
 564              	.LASF14:
 565 013a 63795F6D 		.ascii	"cy_meta_wonvl\000"
 565      6574615F 
 565      776F6E76 
 565      6C00
 566              	.LASF11:
 567 0148 73697A65 		.ascii	"sizetype\000"
 567      74797065 
 567      00
 568              	.LASF6:
ARM GAS  C:\Users\elias\AppData\Local\Temp\ccjIetNW.s 			page 12


 569 0151 6C6F6E67 		.ascii	"long long int\000"
 569      206C6F6E 
 569      6720696E 
 569      7400
 570              	.LASF19:
 571 015f 433A5C55 		.ascii	"C:\\Users\\elias\\OneDrive\\Documents\\Documentos\\"
 571      73657273 
 571      5C656C69 
 571      61735C4F 
 571      6E654472 
 572 018c 50536F43 		.ascii	"PSoC Creator\\TPF\\PruebaLCD.cydsn\000"
 572      20437265 
 572      61746F72 
 572      5C545046 
 572      5C507275 
 573              	.LASF2:
 574 01ad 73686F72 		.ascii	"short int\000"
 574      7420696E 
 574      7400
 575              	.LASF4:
 576 01b7 6C6F6E67 		.ascii	"long int\000"
 576      20696E74 
 576      00
 577              	.LASF0:
 578 01c0 7369676E 		.ascii	"signed char\000"
 578      65642063 
 578      68617200 
 579              	.LASF18:
 580 01cc 47656E65 		.ascii	"Generated_Source\\PSoC5\\cymetadata.c\000"
 580      72617465 
 580      645F536F 
 580      75726365 
 580      5C50536F 
 581              		.ident	"GCC: (GNU Tools for ARM Embedded Processors) 5.4.1 20160609 (release) [ARM/embedded-5-bran
