ARM GAS  C:\Users\elias\AppData\Local\Temp\ccV5QP3y.s 			page 1


   1              		.syntax unified
   2              		.cpu cortex-m3
   3              		.fpu softvfp
   4              		.eabi_attribute 20, 1
   5              		.eabi_attribute 21, 1
   6              		.eabi_attribute 23, 3
   7              		.eabi_attribute 24, 1
   8              		.eabi_attribute 25, 1
   9              		.eabi_attribute 26, 1
  10              		.eabi_attribute 30, 1
  11              		.eabi_attribute 34, 1
  12              		.eabi_attribute 18, 4
  13              		.thumb
  14              		.syntax unified
  15              		.file	"main.c"
  16              		.text
  17              	.Ltext0:
  18              		.cfi_sections	.debug_frame
  19              		.section	.text.main,"ax",%progbits
  20              		.align	2
  21              		.global	main
  22              		.thumb
  23              		.thumb_func
  24              		.type	main, %function
  25              	main:
  26              	.LFB63:
  27              		.file 1 "main.c"
   1:main.c        **** /* ========================================
   2:main.c        ****  *
   3:main.c        ****  * Copyright YOUR COMPANY, THE YEAR
   4:main.c        ****  * All Rights Reserved
   5:main.c        ****  * UNPUBLISHED, LICENSED SOFTWARE.
   6:main.c        ****  *
   7:main.c        ****  * CONFIDENTIAL AND PROPRIETARY INFORMATION
   8:main.c        ****  * WHICH IS THE PROPERTY OF your company.
   9:main.c        ****  *
  10:main.c        ****  * ========================================
  11:main.c        **** */
  12:main.c        **** #include <project.h>
  13:main.c        **** #include "LiquidCrystal_I2C.h"
  14:main.c        **** 
  15:main.c        **** uint32_t Addr = 0x3F;
  16:main.c        **** 
  17:main.c        **** int main()
  18:main.c        **** {
  28              		.loc 1 18 0
  29              		.cfi_startproc
  30              		@ Volatile: function does not return.
  31              		@ args = 0, pretend = 0, frame = 0
  32              		@ frame_needed = 0, uses_anonymous_args = 0
  33 0000 08B5     		push	{r3, lr}
  34              		.cfi_def_cfa_offset 8
  35              		.cfi_offset 3, -8
  36              		.cfi_offset 14, -4
  19:main.c        ****     CyGlobalIntEnable; 
  37              		.loc 1 19 0
  38              		.syntax unified
ARM GAS  C:\Users\elias\AppData\Local\Temp\ccV5QP3y.s 			page 2


  39              	@ 19 "main.c" 1
  40 0002 62B6     		CPSIE   i
  41              	@ 0 "" 2
  20:main.c        ****     
  21:main.c        ****     I2C_Start();
  42              		.loc 1 21 0
  43              		.thumb
  44              		.syntax unified
  45 0004 FFF7FEFF 		bl	I2C_Start
  46              	.LVL0:
  22:main.c        ****     LiquidCrystal_I2C_init(Addr,16,2,0);
  47              		.loc 1 22 0
  48 0008 0023     		movs	r3, #0
  49 000a 0222     		movs	r2, #2
  50 000c 1021     		movs	r1, #16
  51 000e 0848     		ldr	r0, .L4
  52 0010 0078     		ldrb	r0, [r0]	@ zero_extendqisi2
  53 0012 FFF7FEFF 		bl	LiquidCrystal_I2C_init
  54              	.LVL1:
  23:main.c        ****     begin();
  55              		.loc 1 23 0
  56 0016 FFF7FEFF 		bl	begin
  57              	.LVL2:
  24:main.c        ****     
  25:main.c        ****     LCD_print("PSoC 5LP");
  58              		.loc 1 25 0
  59 001a 0648     		ldr	r0, .L4+4
  60 001c FFF7FEFF 		bl	LCD_print
  61              	.LVL3:
  26:main.c        ****     setCursor(0,1);
  62              		.loc 1 26 0
  63 0020 0121     		movs	r1, #1
  64 0022 0020     		movs	r0, #0
  65 0024 FFF7FEFF 		bl	setCursor
  66              	.LVL4:
  27:main.c        ****     LCD_print("Primera fila");
  67              		.loc 1 27 0
  68 0028 0348     		ldr	r0, .L4+8
  69 002a FFF7FEFF 		bl	LCD_print
  70              	.LVL5:
  71              	.L2:
  72 002e FEE7     		b	.L2
  73              	.L5:
  74              		.align	2
  75              	.L4:
  76 0030 00000000 		.word	.LANCHOR0
  77 0034 00000000 		.word	.LC0
  78 0038 0C000000 		.word	.LC1
  79              		.cfi_endproc
  80              	.LFE63:
  81              		.size	main, .-main
  82              		.global	Addr
  83              		.data
  84              		.align	2
  85              		.set	.LANCHOR0,. + 0
  86              		.type	Addr, %object
  87              		.size	Addr, 4
ARM GAS  C:\Users\elias\AppData\Local\Temp\ccV5QP3y.s 			page 3


  88              	Addr:
  89 0000 3F000000 		.word	63
  90              		.section	.rodata.str1.4,"aMS",%progbits,1
  91              		.align	2
  92              	.LC0:
  93 0000 50536F43 		.ascii	"PSoC 5LP\000"
  93      20354C50 
  93      00
  94 0009 000000   		.space	3
  95              	.LC1:
  96 000c 5072696D 		.ascii	"Primera fila\000"
  96      65726120 
  96      66696C61 
  96      00
  97              		.text
  98              	.Letext0:
  99              		.file 2 "c:\\program files (x86)\\cypress\\psoc creator\\4.4\\psoc creator\\import\\gnu\\arm\\5.4.
 100              		.file 3 "c:\\program files (x86)\\cypress\\psoc creator\\4.4\\psoc creator\\import\\gnu\\arm\\5.4.
 101              		.file 4 "Generated_Source\\PSoC5/core_cm3.h"
 102              		.file 5 "Generated_Source\\PSoC5/I2C.h"
 103              		.file 6 "LiquidCrystal_I2C.h"
 104              		.section	.debug_info,"",%progbits
 105              	.Ldebug_info0:
 106 0000 9B010000 		.4byte	0x19b
 107 0004 0400     		.2byte	0x4
 108 0006 00000000 		.4byte	.Ldebug_abbrev0
 109 000a 04       		.byte	0x4
 110 000b 01       		.uleb128 0x1
 111 000c 60000000 		.4byte	.LASF25
 112 0010 0C       		.byte	0xc
 113 0011 41000000 		.4byte	.LASF26
 114 0015 34010000 		.4byte	.LASF27
 115 0019 00000000 		.4byte	.Ldebug_ranges0+0
 116 001d 00000000 		.4byte	0
 117 0021 00000000 		.4byte	.Ldebug_line0
 118 0025 02       		.uleb128 0x2
 119 0026 01       		.byte	0x1
 120 0027 06       		.byte	0x6
 121 0028 BE010000 		.4byte	.LASF0
 122 002c 02       		.uleb128 0x2
 123 002d 01       		.byte	0x1
 124 002e 08       		.byte	0x8
 125 002f 88010000 		.4byte	.LASF1
 126 0033 02       		.uleb128 0x2
 127 0034 02       		.byte	0x2
 128 0035 05       		.byte	0x5
 129 0036 EB010000 		.4byte	.LASF2
 130 003a 02       		.uleb128 0x2
 131 003b 02       		.byte	0x2
 132 003c 07       		.byte	0x7
 133 003d 17010000 		.4byte	.LASF3
 134 0041 03       		.uleb128 0x3
 135 0042 D6010000 		.4byte	.LASF5
 136 0046 02       		.byte	0x2
 137 0047 3F       		.byte	0x3f
 138 0048 4C000000 		.4byte	0x4c
 139 004c 02       		.uleb128 0x2
ARM GAS  C:\Users\elias\AppData\Local\Temp\ccV5QP3y.s 			page 4


 140 004d 04       		.byte	0x4
 141 004e 05       		.byte	0x5
 142 004f A4010000 		.4byte	.LASF4
 143 0053 03       		.uleb128 0x3
 144 0054 48000000 		.4byte	.LASF6
 145 0058 02       		.byte	0x2
 146 0059 41       		.byte	0x41
 147 005a 5E000000 		.4byte	0x5e
 148 005e 02       		.uleb128 0x2
 149 005f 04       		.byte	0x4
 150 0060 07       		.byte	0x7
 151 0061 EE000000 		.4byte	.LASF7
 152 0065 02       		.uleb128 0x2
 153 0066 08       		.byte	0x8
 154 0067 05       		.byte	0x5
 155 0068 00000000 		.4byte	.LASF8
 156 006c 02       		.uleb128 0x2
 157 006d 08       		.byte	0x8
 158 006e 07       		.byte	0x7
 159 006f 00010000 		.4byte	.LASF9
 160 0073 04       		.uleb128 0x4
 161 0074 04       		.byte	0x4
 162 0075 05       		.byte	0x5
 163 0076 696E7400 		.ascii	"int\000"
 164 007a 02       		.uleb128 0x2
 165 007b 04       		.byte	0x4
 166 007c 07       		.byte	0x7
 167 007d 1D000000 		.4byte	.LASF10
 168 0081 03       		.uleb128 0x3
 169 0082 F5010000 		.4byte	.LASF11
 170 0086 03       		.byte	0x3
 171 0087 2C       		.byte	0x2c
 172 0088 41000000 		.4byte	0x41
 173 008c 03       		.uleb128 0x3
 174 008d 9B010000 		.4byte	.LASF12
 175 0091 03       		.byte	0x3
 176 0092 30       		.byte	0x30
 177 0093 53000000 		.4byte	0x53
 178 0097 02       		.uleb128 0x2
 179 0098 04       		.byte	0x4
 180 0099 04       		.byte	0x4
 181 009a E5010000 		.4byte	.LASF13
 182 009e 02       		.uleb128 0x2
 183 009f 08       		.byte	0x8
 184 00a0 04       		.byte	0x4
 185 00a1 AD010000 		.4byte	.LASF14
 186 00a5 02       		.uleb128 0x2
 187 00a6 01       		.byte	0x1
 188 00a7 08       		.byte	0x8
 189 00a8 96010000 		.4byte	.LASF15
 190 00ac 02       		.uleb128 0x2
 191 00ad 08       		.byte	0x8
 192 00ae 04       		.byte	0x4
 193 00af CA010000 		.4byte	.LASF16
 194 00b3 02       		.uleb128 0x2
 195 00b4 04       		.byte	0x4
 196 00b5 07       		.byte	0x7
ARM GAS  C:\Users\elias\AppData\Local\Temp\ccV5QP3y.s 			page 5


 197 00b6 FD010000 		.4byte	.LASF17
 198 00ba 05       		.uleb128 0x5
 199 00bb E0010000 		.4byte	.LASF28
 200 00bf 01       		.byte	0x1
 201 00c0 11       		.byte	0x11
 202 00c1 73000000 		.4byte	0x73
 203 00c5 00000000 		.4byte	.LFB63
 204 00c9 3C000000 		.4byte	.LFE63-.LFB63
 205 00cd 01       		.uleb128 0x1
 206 00ce 9C       		.byte	0x9c
 207 00cf 45010000 		.4byte	0x145
 208 00d3 06       		.uleb128 0x6
 209 00d4 08000000 		.4byte	.LVL0
 210 00d8 67010000 		.4byte	0x167
 211 00dc 07       		.uleb128 0x7
 212 00dd 16000000 		.4byte	.LVL1
 213 00e1 72010000 		.4byte	0x172
 214 00e5 F9000000 		.4byte	0xf9
 215 00e9 08       		.uleb128 0x8
 216 00ea 01       		.uleb128 0x1
 217 00eb 51       		.byte	0x51
 218 00ec 01       		.uleb128 0x1
 219 00ed 40       		.byte	0x40
 220 00ee 08       		.uleb128 0x8
 221 00ef 01       		.uleb128 0x1
 222 00f0 52       		.byte	0x52
 223 00f1 01       		.uleb128 0x1
 224 00f2 32       		.byte	0x32
 225 00f3 08       		.uleb128 0x8
 226 00f4 01       		.uleb128 0x1
 227 00f5 53       		.byte	0x53
 228 00f6 01       		.uleb128 0x1
 229 00f7 30       		.byte	0x30
 230 00f8 00       		.byte	0
 231 00f9 06       		.uleb128 0x6
 232 00fa 1A000000 		.4byte	.LVL2
 233 00fe 7D010000 		.4byte	0x17d
 234 0102 07       		.uleb128 0x7
 235 0103 20000000 		.4byte	.LVL3
 236 0107 88010000 		.4byte	0x188
 237 010b 19010000 		.4byte	0x119
 238 010f 08       		.uleb128 0x8
 239 0110 01       		.uleb128 0x1
 240 0111 50       		.byte	0x50
 241 0112 05       		.uleb128 0x5
 242 0113 03       		.byte	0x3
 243 0114 00000000 		.4byte	.LC0
 244 0118 00       		.byte	0
 245 0119 07       		.uleb128 0x7
 246 011a 28000000 		.4byte	.LVL4
 247 011e 93010000 		.4byte	0x193
 248 0122 31010000 		.4byte	0x131
 249 0126 08       		.uleb128 0x8
 250 0127 01       		.uleb128 0x1
 251 0128 50       		.byte	0x50
 252 0129 01       		.uleb128 0x1
 253 012a 30       		.byte	0x30
ARM GAS  C:\Users\elias\AppData\Local\Temp\ccV5QP3y.s 			page 6


 254 012b 08       		.uleb128 0x8
 255 012c 01       		.uleb128 0x1
 256 012d 51       		.byte	0x51
 257 012e 01       		.uleb128 0x1
 258 012f 31       		.byte	0x31
 259 0130 00       		.byte	0
 260 0131 09       		.uleb128 0x9
 261 0132 2E000000 		.4byte	.LVL5
 262 0136 88010000 		.4byte	0x188
 263 013a 08       		.uleb128 0x8
 264 013b 01       		.uleb128 0x1
 265 013c 50       		.byte	0x50
 266 013d 05       		.uleb128 0x5
 267 013e 03       		.byte	0x3
 268 013f 0C000000 		.4byte	.LC1
 269 0143 00       		.byte	0
 270 0144 00       		.byte	0
 271 0145 0A       		.uleb128 0xa
 272 0146 53000000 		.4byte	.LASF18
 273 014a 04       		.byte	0x4
 274 014b 1207     		.2byte	0x712
 275 014d 51010000 		.4byte	0x151
 276 0151 0B       		.uleb128 0xb
 277 0152 81000000 		.4byte	0x81
 278 0156 0C       		.uleb128 0xc
 279 0157 18000000 		.4byte	.LASF19
 280 015b 01       		.byte	0x1
 281 015c 0F       		.byte	0xf
 282 015d 8C000000 		.4byte	0x8c
 283 0161 05       		.uleb128 0x5
 284 0162 03       		.byte	0x3
 285 0163 00000000 		.4byte	Addr
 286 0167 0D       		.uleb128 0xd
 287 0168 0E000000 		.4byte	.LASF20
 288 016c 0E000000 		.4byte	.LASF20
 289 0170 05       		.byte	0x5
 290 0171 93       		.byte	0x93
 291 0172 0D       		.uleb128 0xd
 292 0173 2A000000 		.4byte	.LASF21
 293 0177 2A000000 		.4byte	.LASF21
 294 017b 06       		.byte	0x6
 295 017c 47       		.byte	0x47
 296 017d 0D       		.uleb128 0xd
 297 017e 82010000 		.4byte	.LASF22
 298 0182 82010000 		.4byte	.LASF22
 299 0186 06       		.byte	0x6
 300 0187 4E       		.byte	0x4e
 301 0188 0D       		.uleb128 0xd
 302 0189 B4010000 		.4byte	.LASF23
 303 018d B4010000 		.4byte	.LASF23
 304 0191 06       		.byte	0x6
 305 0192 8B       		.byte	0x8b
 306 0193 0D       		.uleb128 0xd
 307 0194 2A010000 		.4byte	.LASF24
 308 0198 2A010000 		.4byte	.LASF24
 309 019c 06       		.byte	0x6
 310 019d 88       		.byte	0x88
ARM GAS  C:\Users\elias\AppData\Local\Temp\ccV5QP3y.s 			page 7


 311 019e 00       		.byte	0
 312              		.section	.debug_abbrev,"",%progbits
 313              	.Ldebug_abbrev0:
 314 0000 01       		.uleb128 0x1
 315 0001 11       		.uleb128 0x11
 316 0002 01       		.byte	0x1
 317 0003 25       		.uleb128 0x25
 318 0004 0E       		.uleb128 0xe
 319 0005 13       		.uleb128 0x13
 320 0006 0B       		.uleb128 0xb
 321 0007 03       		.uleb128 0x3
 322 0008 0E       		.uleb128 0xe
 323 0009 1B       		.uleb128 0x1b
 324 000a 0E       		.uleb128 0xe
 325 000b 55       		.uleb128 0x55
 326 000c 17       		.uleb128 0x17
 327 000d 11       		.uleb128 0x11
 328 000e 01       		.uleb128 0x1
 329 000f 10       		.uleb128 0x10
 330 0010 17       		.uleb128 0x17
 331 0011 00       		.byte	0
 332 0012 00       		.byte	0
 333 0013 02       		.uleb128 0x2
 334 0014 24       		.uleb128 0x24
 335 0015 00       		.byte	0
 336 0016 0B       		.uleb128 0xb
 337 0017 0B       		.uleb128 0xb
 338 0018 3E       		.uleb128 0x3e
 339 0019 0B       		.uleb128 0xb
 340 001a 03       		.uleb128 0x3
 341 001b 0E       		.uleb128 0xe
 342 001c 00       		.byte	0
 343 001d 00       		.byte	0
 344 001e 03       		.uleb128 0x3
 345 001f 16       		.uleb128 0x16
 346 0020 00       		.byte	0
 347 0021 03       		.uleb128 0x3
 348 0022 0E       		.uleb128 0xe
 349 0023 3A       		.uleb128 0x3a
 350 0024 0B       		.uleb128 0xb
 351 0025 3B       		.uleb128 0x3b
 352 0026 0B       		.uleb128 0xb
 353 0027 49       		.uleb128 0x49
 354 0028 13       		.uleb128 0x13
 355 0029 00       		.byte	0
 356 002a 00       		.byte	0
 357 002b 04       		.uleb128 0x4
 358 002c 24       		.uleb128 0x24
 359 002d 00       		.byte	0
 360 002e 0B       		.uleb128 0xb
 361 002f 0B       		.uleb128 0xb
 362 0030 3E       		.uleb128 0x3e
 363 0031 0B       		.uleb128 0xb
 364 0032 03       		.uleb128 0x3
 365 0033 08       		.uleb128 0x8
 366 0034 00       		.byte	0
 367 0035 00       		.byte	0
ARM GAS  C:\Users\elias\AppData\Local\Temp\ccV5QP3y.s 			page 8


 368 0036 05       		.uleb128 0x5
 369 0037 2E       		.uleb128 0x2e
 370 0038 01       		.byte	0x1
 371 0039 3F       		.uleb128 0x3f
 372 003a 19       		.uleb128 0x19
 373 003b 03       		.uleb128 0x3
 374 003c 0E       		.uleb128 0xe
 375 003d 3A       		.uleb128 0x3a
 376 003e 0B       		.uleb128 0xb
 377 003f 3B       		.uleb128 0x3b
 378 0040 0B       		.uleb128 0xb
 379 0041 49       		.uleb128 0x49
 380 0042 13       		.uleb128 0x13
 381 0043 8701     		.uleb128 0x87
 382 0045 19       		.uleb128 0x19
 383 0046 11       		.uleb128 0x11
 384 0047 01       		.uleb128 0x1
 385 0048 12       		.uleb128 0x12
 386 0049 06       		.uleb128 0x6
 387 004a 40       		.uleb128 0x40
 388 004b 18       		.uleb128 0x18
 389 004c 9742     		.uleb128 0x2117
 390 004e 19       		.uleb128 0x19
 391 004f 01       		.uleb128 0x1
 392 0050 13       		.uleb128 0x13
 393 0051 00       		.byte	0
 394 0052 00       		.byte	0
 395 0053 06       		.uleb128 0x6
 396 0054 898201   		.uleb128 0x4109
 397 0057 00       		.byte	0
 398 0058 11       		.uleb128 0x11
 399 0059 01       		.uleb128 0x1
 400 005a 31       		.uleb128 0x31
 401 005b 13       		.uleb128 0x13
 402 005c 00       		.byte	0
 403 005d 00       		.byte	0
 404 005e 07       		.uleb128 0x7
 405 005f 898201   		.uleb128 0x4109
 406 0062 01       		.byte	0x1
 407 0063 11       		.uleb128 0x11
 408 0064 01       		.uleb128 0x1
 409 0065 31       		.uleb128 0x31
 410 0066 13       		.uleb128 0x13
 411 0067 01       		.uleb128 0x1
 412 0068 13       		.uleb128 0x13
 413 0069 00       		.byte	0
 414 006a 00       		.byte	0
 415 006b 08       		.uleb128 0x8
 416 006c 8A8201   		.uleb128 0x410a
 417 006f 00       		.byte	0
 418 0070 02       		.uleb128 0x2
 419 0071 18       		.uleb128 0x18
 420 0072 9142     		.uleb128 0x2111
 421 0074 18       		.uleb128 0x18
 422 0075 00       		.byte	0
 423 0076 00       		.byte	0
 424 0077 09       		.uleb128 0x9
ARM GAS  C:\Users\elias\AppData\Local\Temp\ccV5QP3y.s 			page 9


 425 0078 898201   		.uleb128 0x4109
 426 007b 01       		.byte	0x1
 427 007c 11       		.uleb128 0x11
 428 007d 01       		.uleb128 0x1
 429 007e 31       		.uleb128 0x31
 430 007f 13       		.uleb128 0x13
 431 0080 00       		.byte	0
 432 0081 00       		.byte	0
 433 0082 0A       		.uleb128 0xa
 434 0083 34       		.uleb128 0x34
 435 0084 00       		.byte	0
 436 0085 03       		.uleb128 0x3
 437 0086 0E       		.uleb128 0xe
 438 0087 3A       		.uleb128 0x3a
 439 0088 0B       		.uleb128 0xb
 440 0089 3B       		.uleb128 0x3b
 441 008a 05       		.uleb128 0x5
 442 008b 49       		.uleb128 0x49
 443 008c 13       		.uleb128 0x13
 444 008d 3F       		.uleb128 0x3f
 445 008e 19       		.uleb128 0x19
 446 008f 3C       		.uleb128 0x3c
 447 0090 19       		.uleb128 0x19
 448 0091 00       		.byte	0
 449 0092 00       		.byte	0
 450 0093 0B       		.uleb128 0xb
 451 0094 35       		.uleb128 0x35
 452 0095 00       		.byte	0
 453 0096 49       		.uleb128 0x49
 454 0097 13       		.uleb128 0x13
 455 0098 00       		.byte	0
 456 0099 00       		.byte	0
 457 009a 0C       		.uleb128 0xc
 458 009b 34       		.uleb128 0x34
 459 009c 00       		.byte	0
 460 009d 03       		.uleb128 0x3
 461 009e 0E       		.uleb128 0xe
 462 009f 3A       		.uleb128 0x3a
 463 00a0 0B       		.uleb128 0xb
 464 00a1 3B       		.uleb128 0x3b
 465 00a2 0B       		.uleb128 0xb
 466 00a3 49       		.uleb128 0x49
 467 00a4 13       		.uleb128 0x13
 468 00a5 3F       		.uleb128 0x3f
 469 00a6 19       		.uleb128 0x19
 470 00a7 02       		.uleb128 0x2
 471 00a8 18       		.uleb128 0x18
 472 00a9 00       		.byte	0
 473 00aa 00       		.byte	0
 474 00ab 0D       		.uleb128 0xd
 475 00ac 2E       		.uleb128 0x2e
 476 00ad 00       		.byte	0
 477 00ae 3F       		.uleb128 0x3f
 478 00af 19       		.uleb128 0x19
 479 00b0 3C       		.uleb128 0x3c
 480 00b1 19       		.uleb128 0x19
 481 00b2 6E       		.uleb128 0x6e
ARM GAS  C:\Users\elias\AppData\Local\Temp\ccV5QP3y.s 			page 10


 482 00b3 0E       		.uleb128 0xe
 483 00b4 03       		.uleb128 0x3
 484 00b5 0E       		.uleb128 0xe
 485 00b6 3A       		.uleb128 0x3a
 486 00b7 0B       		.uleb128 0xb
 487 00b8 3B       		.uleb128 0x3b
 488 00b9 0B       		.uleb128 0xb
 489 00ba 00       		.byte	0
 490 00bb 00       		.byte	0
 491 00bc 00       		.byte	0
 492              		.section	.debug_aranges,"",%progbits
 493 0000 1C000000 		.4byte	0x1c
 494 0004 0200     		.2byte	0x2
 495 0006 00000000 		.4byte	.Ldebug_info0
 496 000a 04       		.byte	0x4
 497 000b 00       		.byte	0
 498 000c 0000     		.2byte	0
 499 000e 0000     		.2byte	0
 500 0010 00000000 		.4byte	.LFB63
 501 0014 3C000000 		.4byte	.LFE63-.LFB63
 502 0018 00000000 		.4byte	0
 503 001c 00000000 		.4byte	0
 504              		.section	.debug_ranges,"",%progbits
 505              	.Ldebug_ranges0:
 506 0000 00000000 		.4byte	.LFB63
 507 0004 3C000000 		.4byte	.LFE63
 508 0008 00000000 		.4byte	0
 509 000c 00000000 		.4byte	0
 510              		.section	.debug_line,"",%progbits
 511              	.Ldebug_line0:
 512 0000 7B010000 		.section	.debug_str,"MS",%progbits,1
 512      02005F01 
 512      00000201 
 512      FB0E0D00 
 512      01010101 
 513              	.LASF8:
 514 0000 6C6F6E67 		.ascii	"long long int\000"
 514      206C6F6E 
 514      6720696E 
 514      7400
 515              	.LASF20:
 516 000e 4932435F 		.ascii	"I2C_Start\000"
 516      53746172 
 516      7400
 517              	.LASF19:
 518 0018 41646472 		.ascii	"Addr\000"
 518      00
 519              	.LASF10:
 520 001d 756E7369 		.ascii	"unsigned int\000"
 520      676E6564 
 520      20696E74 
 520      00
 521              	.LASF21:
 522 002a 4C697175 		.ascii	"LiquidCrystal_I2C_init\000"
 522      69644372 
 522      79737461 
 522      6C5F4932 
ARM GAS  C:\Users\elias\AppData\Local\Temp\ccV5QP3y.s 			page 11


 522      435F696E 
 523              	.LASF26:
 524 0041 6D61696E 		.ascii	"main.c\000"
 524      2E6300
 525              	.LASF6:
 526 0048 5F5F7569 		.ascii	"__uint32_t\000"
 526      6E743332 
 526      5F7400
 527              	.LASF18:
 528 0053 49544D5F 		.ascii	"ITM_RxBuffer\000"
 528      52784275 
 528      66666572 
 528      00
 529              	.LASF25:
 530 0060 474E5520 		.ascii	"GNU C11 5.4.1 20160609 (release) [ARM/embedded-5-br"
 530      43313120 
 530      352E342E 
 530      31203230 
 530      31363036 
 531 0093 616E6368 		.ascii	"anch revision 237715] -mcpu=cortex-m3 -mthumb -g -O"
 531      20726576 
 531      6973696F 
 531      6E203233 
 531      37373135 
 532 00c6 67202D66 		.ascii	"g -ffunction-sections -ffat-lto-objects\000"
 532      66756E63 
 532      74696F6E 
 532      2D736563 
 532      74696F6E 
 533              	.LASF7:
 534 00ee 6C6F6E67 		.ascii	"long unsigned int\000"
 534      20756E73 
 534      69676E65 
 534      6420696E 
 534      7400
 535              	.LASF9:
 536 0100 6C6F6E67 		.ascii	"long long unsigned int\000"
 536      206C6F6E 
 536      6720756E 
 536      7369676E 
 536      65642069 
 537              	.LASF3:
 538 0117 73686F72 		.ascii	"short unsigned int\000"
 538      7420756E 
 538      7369676E 
 538      65642069 
 538      6E7400
 539              	.LASF24:
 540 012a 73657443 		.ascii	"setCursor\000"
 540      7572736F 
 540      7200
 541              	.LASF27:
 542 0134 433A5C55 		.ascii	"C:\\Users\\elias\\OneDrive\\Documents\\Documentos\\"
 542      73657273 
 542      5C656C69 
 542      61735C4F 
 542      6E654472 
ARM GAS  C:\Users\elias\AppData\Local\Temp\ccV5QP3y.s 			page 12


 543 0161 50536F43 		.ascii	"PSoC Creator\\TPF\\PruebaLCD.cydsn\000"
 543      20437265 
 543      61746F72 
 543      5C545046 
 543      5C507275 
 544              	.LASF22:
 545 0182 62656769 		.ascii	"begin\000"
 545      6E00
 546              	.LASF1:
 547 0188 756E7369 		.ascii	"unsigned char\000"
 547      676E6564 
 547      20636861 
 547      7200
 548              	.LASF15:
 549 0196 63686172 		.ascii	"char\000"
 549      00
 550              	.LASF12:
 551 019b 75696E74 		.ascii	"uint32_t\000"
 551      33325F74 
 551      00
 552              	.LASF4:
 553 01a4 6C6F6E67 		.ascii	"long int\000"
 553      20696E74 
 553      00
 554              	.LASF14:
 555 01ad 646F7562 		.ascii	"double\000"
 555      6C6500
 556              	.LASF23:
 557 01b4 4C43445F 		.ascii	"LCD_print\000"
 557      7072696E 
 557      7400
 558              	.LASF0:
 559 01be 7369676E 		.ascii	"signed char\000"
 559      65642063 
 559      68617200 
 560              	.LASF16:
 561 01ca 6C6F6E67 		.ascii	"long double\000"
 561      20646F75 
 561      626C6500 
 562              	.LASF5:
 563 01d6 5F5F696E 		.ascii	"__int32_t\000"
 563      7433325F 
 563      7400
 564              	.LASF28:
 565 01e0 6D61696E 		.ascii	"main\000"
 565      00
 566              	.LASF13:
 567 01e5 666C6F61 		.ascii	"float\000"
 567      7400
 568              	.LASF2:
 569 01eb 73686F72 		.ascii	"short int\000"
 569      7420696E 
 569      7400
 570              	.LASF11:
 571 01f5 696E7433 		.ascii	"int32_t\000"
 571      325F7400 
 572              	.LASF17:
ARM GAS  C:\Users\elias\AppData\Local\Temp\ccV5QP3y.s 			page 13


 573 01fd 73697A65 		.ascii	"sizetype\000"
 573      74797065 
 573      00
 574              		.ident	"GCC: (GNU Tools for ARM Embedded Processors) 5.4.1 20160609 (release) [ARM/embedded-5-bran
