ARM GAS  C:\Users\thetr\AppData\Local\Temp\ccMXocxf.s 			page 1


   1              		.cpu cortex-m0
   2              		.fpu softvfp
   3              		.eabi_attribute 20, 1
   4              		.eabi_attribute 21, 1
   5              		.eabi_attribute 23, 3
   6              		.eabi_attribute 24, 1
   7              		.eabi_attribute 25, 1
   8              		.eabi_attribute 26, 1
   9              		.eabi_attribute 30, 1
  10              		.eabi_attribute 34, 0
  11              		.eabi_attribute 18, 4
  12              		.code	16
  13              		.file	"main.c"
  14              		.text
  15              	.Ltext0:
  16              		.cfi_sections	.debug_frame
  17              		.section	.text.main,"ax",%progbits
  18              		.align	2
  19              		.global	main
  20              		.code	16
  21              		.thumb_func
  22              		.type	main, %function
  23              	main:
  24              	.LFB33:
  25              		.file 1 ".\\main.c"
   1:.\main.c      **** /* ========================================
   2:.\main.c      ****  *
   3:.\main.c      ****  * Copyright YOUR COMPANY, THE YEAR
   4:.\main.c      ****  * All Rights Reserved
   5:.\main.c      ****  * UNPUBLISHED, LICENSED SOFTWARE.
   6:.\main.c      ****  *
   7:.\main.c      ****  * CONFIDENTIAL AND PROPRIETARY INFORMATION
   8:.\main.c      ****  * WHICH IS THE PROPERTY OF your company.
   9:.\main.c      ****  *
  10:.\main.c      ****  * ========================================
  11:.\main.c      **** */
  12:.\main.c      **** #include <project.h>
  13:.\main.c      **** #include "LiquidCrystal_I2C.h"
  14:.\main.c      **** 
  15:.\main.c      **** uint32_t Addr = 0x3F;
  16:.\main.c      **** 
  17:.\main.c      **** int main()
  18:.\main.c      **** {
  26              		.loc 1 18 0
  27              		.cfi_startproc
  28 0000 08B5     		push	{r3, lr}
  29              		.cfi_def_cfa_offset 8
  30              		.cfi_offset 3, -8
  31              		.cfi_offset 14, -4
  19:.\main.c      ****     I2C_Start();
  32              		.loc 1 19 0
  33 0002 FFF7FEFF 		bl	I2C_Start
  34              	.LVL0:
  20:.\main.c      ****     LiquidCrystal_I2C_init(Addr,20,4,0);
  35              		.loc 1 20 0
  36 0006 114B     		ldr	r3, .L3
  37 0008 1878     		ldrb	r0, [r3]
ARM GAS  C:\Users\thetr\AppData\Local\Temp\ccMXocxf.s 			page 2


  38 000a 1421     		mov	r1, #20
  39 000c 0422     		mov	r2, #4
  40 000e 0023     		mov	r3, #0
  41 0010 FFF7FEFF 		bl	LiquidCrystal_I2C_init
  42              	.LVL1:
  21:.\main.c      ****     begin();
  43              		.loc 1 21 0
  44 0014 FFF7FEFF 		bl	begin
  45              	.LVL2:
  22:.\main.c      ****     
  23:.\main.c      ****     LCD_print("PSoC 4 Pioneer");
  46              		.loc 1 23 0
  47 0018 0D48     		ldr	r0, .L3+4
  48 001a FFF7FEFF 		bl	LCD_print
  49              	.LVL3:
  24:.\main.c      ****     setCursor(0,1);
  50              		.loc 1 24 0
  51 001e 0020     		mov	r0, #0
  52 0020 0121     		mov	r1, #1
  53 0022 FFF7FEFF 		bl	setCursor
  54              	.LVL4:
  25:.\main.c      ****     LCD_print("Primera fila");
  55              		.loc 1 25 0
  56 0026 0B48     		ldr	r0, .L3+8
  57 0028 FFF7FEFF 		bl	LCD_print
  58              	.LVL5:
  26:.\main.c      ****     setCursor(0,2);
  59              		.loc 1 26 0
  60 002c 0020     		mov	r0, #0
  61 002e 0221     		mov	r1, #2
  62 0030 FFF7FEFF 		bl	setCursor
  63              	.LVL6:
  27:.\main.c      ****     LCD_print("Segunda fila");
  64              		.loc 1 27 0
  65 0034 0848     		ldr	r0, .L3+12
  66 0036 FFF7FEFF 		bl	LCD_print
  67              	.LVL7:
  28:.\main.c      ****     setCursor(0,3);
  68              		.loc 1 28 0
  69 003a 0020     		mov	r0, #0
  70 003c 0321     		mov	r1, #3
  71 003e FFF7FEFF 		bl	setCursor
  72              	.LVL8:
  29:.\main.c      ****     LCD_print("Ultima Fila");
  73              		.loc 1 29 0
  74 0042 0648     		ldr	r0, .L3+16
  75 0044 FFF7FEFF 		bl	LCD_print
  76              	.LVL9:
  30:.\main.c      ****     
  31:.\main.c      ****     CyGlobalIntEnable; /* Enable global interrupts. */
  77              		.loc 1 31 0
  78              	@ 31 ".\main.c" 1
  79 0048 62B6     		CPSIE   i
  80              	@ 0 "" 2
  81              		.code	16
  82              	.L2:
  32:.\main.c      **** 
ARM GAS  C:\Users\thetr\AppData\Local\Temp\ccMXocxf.s 			page 3


  33:.\main.c      ****     /* Place your initialization/startup code here (e.g. MyInst_Start()) */
  34:.\main.c      **** 
  35:.\main.c      ****     for(;;)
  36:.\main.c      ****     {
  37:.\main.c      ****         /* Place your application code here. */
  38:.\main.c      ****     }
  83              		.loc 1 38 0 discriminator 1
  84 004a FEE7     		b	.L2
  85              	.L4:
  86              		.align	2
  87              	.L3:
  88 004c 00000000 		.word	.LANCHOR0
  89 0050 00000000 		.word	.LC1
  90 0054 10000000 		.word	.LC3
  91 0058 20000000 		.word	.LC5
  92 005c 30000000 		.word	.LC7
  93              		.cfi_endproc
  94              	.LFE33:
  95              		.size	main, .-main
  96              		.global	Addr
  97              		.data
  98              		.align	2
  99              		.set	.LANCHOR0,. + 0
 100              		.type	Addr, %object
 101              		.size	Addr, 4
 102              	Addr:
 103 0000 3F000000 		.word	63
 104              		.section	.rodata.str1.4,"aMS",%progbits,1
 105              		.align	2
 106              	.LC1:
 107 0000 50536F43 		.ascii	"PSoC 4 Pioneer\000"
 107      20342050 
 107      696F6E65 
 107      657200
 108 000f 00       		.space	1
 109              	.LC3:
 110 0010 5072696D 		.ascii	"Primera fila\000"
 110      65726120 
 110      66696C61 
 110      00
 111 001d 000000   		.space	3
 112              	.LC5:
 113 0020 53656775 		.ascii	"Segunda fila\000"
 113      6E646120 
 113      66696C61 
 113      00
 114 002d 000000   		.space	3
 115              	.LC7:
 116 0030 556C7469 		.ascii	"Ultima Fila\000"
 116      6D612046 
 116      696C6100 
 117              		.text
 118              	.Letext0:
 119              		.file 2 "c:\\program files (x86)\\cypress\\psoc creator\\3.3\\psoc creator\\import\\gnu\\arm\\4.9.
 120              		.file 3 "c:\\program files (x86)\\cypress\\psoc creator\\3.3\\psoc creator\\import\\gnu\\arm\\4.9.
 121              		.file 4 "Generated_Source\\PSoC4/I2C.h"
 122              		.file 5 ".\\LiquidCrystal_I2C.h"
ARM GAS  C:\Users\thetr\AppData\Local\Temp\ccMXocxf.s 			page 4


 123              		.section	.debug_info,"",%progbits
 124              	.Ldebug_info0:
 125 0000 01020000 		.4byte	0x201
 126 0004 0400     		.2byte	0x4
 127 0006 00000000 		.4byte	.Ldebug_abbrev0
 128 000a 04       		.byte	0x4
 129 000b 01       		.uleb128 0x1
 130 000c 56010000 		.4byte	.LASF21
 131 0010 01       		.byte	0x1
 132 0011 E4010000 		.4byte	.LASF22
 133 0015 52000000 		.4byte	.LASF23
 134 0019 00000000 		.4byte	.Ldebug_ranges0+0
 135 001d 00000000 		.4byte	0
 136 0021 00000000 		.4byte	.Ldebug_line0
 137 0025 02       		.uleb128 0x2
 138 0026 01       		.byte	0x1
 139 0027 06       		.byte	0x6
 140 0028 3B010000 		.4byte	.LASF0
 141 002c 03       		.uleb128 0x3
 142 002d D0000000 		.4byte	.LASF5
 143 0031 02       		.byte	0x2
 144 0032 1D       		.byte	0x1d
 145 0033 37000000 		.4byte	0x37
 146 0037 02       		.uleb128 0x2
 147 0038 01       		.byte	0x1
 148 0039 08       		.byte	0x8
 149 003a E8000000 		.4byte	.LASF1
 150 003e 02       		.uleb128 0x2
 151 003f 02       		.byte	0x2
 152 0040 05       		.byte	0x5
 153 0041 0D010000 		.4byte	.LASF2
 154 0045 02       		.uleb128 0x2
 155 0046 02       		.byte	0x2
 156 0047 07       		.byte	0x7
 157 0048 28010000 		.4byte	.LASF3
 158 004c 02       		.uleb128 0x2
 159 004d 04       		.byte	0x4
 160 004e 05       		.byte	0x5
 161 004f 04010000 		.4byte	.LASF4
 162 0053 03       		.uleb128 0x3
 163 0054 3D000000 		.4byte	.LASF6
 164 0058 02       		.byte	0x2
 165 0059 41       		.byte	0x41
 166 005a 5E000000 		.4byte	0x5e
 167 005e 02       		.uleb128 0x2
 168 005f 04       		.byte	0x4
 169 0060 07       		.byte	0x7
 170 0061 A7000000 		.4byte	.LASF7
 171 0065 02       		.uleb128 0x2
 172 0066 08       		.byte	0x8
 173 0067 05       		.byte	0x5
 174 0068 00000000 		.4byte	.LASF8
 175 006c 02       		.uleb128 0x2
 176 006d 08       		.byte	0x8
 177 006e 07       		.byte	0x7
 178 006f B9000000 		.4byte	.LASF9
 179 0073 04       		.uleb128 0x4
ARM GAS  C:\Users\thetr\AppData\Local\Temp\ccMXocxf.s 			page 5


 180 0074 04       		.byte	0x4
 181 0075 05       		.byte	0x5
 182 0076 696E7400 		.ascii	"int\000"
 183 007a 02       		.uleb128 0x2
 184 007b 04       		.byte	0x4
 185 007c 07       		.byte	0x7
 186 007d 19000000 		.4byte	.LASF10
 187 0081 03       		.uleb128 0x3
 188 0082 E0000000 		.4byte	.LASF11
 189 0086 03       		.byte	0x3
 190 0087 15       		.byte	0x15
 191 0088 2C000000 		.4byte	0x2c
 192 008c 03       		.uleb128 0x3
 193 008d FB000000 		.4byte	.LASF12
 194 0091 03       		.byte	0x3
 195 0092 2D       		.byte	0x2d
 196 0093 53000000 		.4byte	0x53
 197 0097 02       		.uleb128 0x2
 198 0098 04       		.byte	0x4
 199 0099 04       		.byte	0x4
 200 009a DA000000 		.4byte	.LASF13
 201 009e 02       		.uleb128 0x2
 202 009f 08       		.byte	0x8
 203 00a0 04       		.byte	0x4
 204 00a1 17010000 		.4byte	.LASF14
 205 00a5 02       		.uleb128 0x2
 206 00a6 01       		.byte	0x1
 207 00a7 08       		.byte	0x8
 208 00a8 F6000000 		.4byte	.LASF15
 209 00ac 02       		.uleb128 0x2
 210 00ad 04       		.byte	0x4
 211 00ae 07       		.byte	0x7
 212 00af ED010000 		.4byte	.LASF16
 213 00b3 05       		.uleb128 0x5
 214 00b4 04       		.byte	0x4
 215 00b5 A5000000 		.4byte	0xa5
 216 00b9 06       		.uleb128 0x6
 217 00ba 51010000 		.4byte	.LASF24
 218 00be 01       		.byte	0x1
 219 00bf 11       		.byte	0x11
 220 00c0 73000000 		.4byte	0x73
 221 00c4 00000000 		.4byte	.LFB33
 222 00c8 60000000 		.4byte	.LFE33-.LFB33
 223 00cc 01       		.uleb128 0x1
 224 00cd 9C       		.byte	0x9c
 225 00ce A2010000 		.4byte	0x1a2
 226 00d2 07       		.uleb128 0x7
 227 00d3 06000000 		.4byte	.LVL0
 228 00d7 B3010000 		.4byte	0x1b3
 229 00db 08       		.uleb128 0x8
 230 00dc 14000000 		.4byte	.LVL1
 231 00e0 BA010000 		.4byte	0x1ba
 232 00e4 F8000000 		.4byte	0xf8
 233 00e8 09       		.uleb128 0x9
 234 00e9 01       		.uleb128 0x1
 235 00ea 53       		.byte	0x53
 236 00eb 01       		.uleb128 0x1
ARM GAS  C:\Users\thetr\AppData\Local\Temp\ccMXocxf.s 			page 6


 237 00ec 30       		.byte	0x30
 238 00ed 09       		.uleb128 0x9
 239 00ee 01       		.uleb128 0x1
 240 00ef 52       		.byte	0x52
 241 00f0 01       		.uleb128 0x1
 242 00f1 34       		.byte	0x34
 243 00f2 09       		.uleb128 0x9
 244 00f3 01       		.uleb128 0x1
 245 00f4 51       		.byte	0x51
 246 00f5 01       		.uleb128 0x1
 247 00f6 44       		.byte	0x44
 248 00f7 00       		.byte	0
 249 00f8 07       		.uleb128 0x7
 250 00f9 18000000 		.4byte	.LVL2
 251 00fd DA010000 		.4byte	0x1da
 252 0101 08       		.uleb128 0x8
 253 0102 1E000000 		.4byte	.LVL3
 254 0106 E1010000 		.4byte	0x1e1
 255 010a 18010000 		.4byte	0x118
 256 010e 09       		.uleb128 0x9
 257 010f 01       		.uleb128 0x1
 258 0110 50       		.byte	0x50
 259 0111 05       		.uleb128 0x5
 260 0112 03       		.byte	0x3
 261 0113 00000000 		.4byte	.LC1
 262 0117 00       		.byte	0
 263 0118 08       		.uleb128 0x8
 264 0119 26000000 		.4byte	.LVL4
 265 011d F2010000 		.4byte	0x1f2
 266 0121 30010000 		.4byte	0x130
 267 0125 09       		.uleb128 0x9
 268 0126 01       		.uleb128 0x1
 269 0127 51       		.byte	0x51
 270 0128 01       		.uleb128 0x1
 271 0129 31       		.byte	0x31
 272 012a 09       		.uleb128 0x9
 273 012b 01       		.uleb128 0x1
 274 012c 50       		.byte	0x50
 275 012d 01       		.uleb128 0x1
 276 012e 30       		.byte	0x30
 277 012f 00       		.byte	0
 278 0130 08       		.uleb128 0x8
 279 0131 2C000000 		.4byte	.LVL5
 280 0135 E1010000 		.4byte	0x1e1
 281 0139 47010000 		.4byte	0x147
 282 013d 09       		.uleb128 0x9
 283 013e 01       		.uleb128 0x1
 284 013f 50       		.byte	0x50
 285 0140 05       		.uleb128 0x5
 286 0141 03       		.byte	0x3
 287 0142 10000000 		.4byte	.LC3
 288 0146 00       		.byte	0
 289 0147 08       		.uleb128 0x8
 290 0148 34000000 		.4byte	.LVL6
 291 014c F2010000 		.4byte	0x1f2
 292 0150 5F010000 		.4byte	0x15f
 293 0154 09       		.uleb128 0x9
ARM GAS  C:\Users\thetr\AppData\Local\Temp\ccMXocxf.s 			page 7


 294 0155 01       		.uleb128 0x1
 295 0156 51       		.byte	0x51
 296 0157 01       		.uleb128 0x1
 297 0158 32       		.byte	0x32
 298 0159 09       		.uleb128 0x9
 299 015a 01       		.uleb128 0x1
 300 015b 50       		.byte	0x50
 301 015c 01       		.uleb128 0x1
 302 015d 30       		.byte	0x30
 303 015e 00       		.byte	0
 304 015f 08       		.uleb128 0x8
 305 0160 3A000000 		.4byte	.LVL7
 306 0164 E1010000 		.4byte	0x1e1
 307 0168 76010000 		.4byte	0x176
 308 016c 09       		.uleb128 0x9
 309 016d 01       		.uleb128 0x1
 310 016e 50       		.byte	0x50
 311 016f 05       		.uleb128 0x5
 312 0170 03       		.byte	0x3
 313 0171 20000000 		.4byte	.LC5
 314 0175 00       		.byte	0
 315 0176 08       		.uleb128 0x8
 316 0177 42000000 		.4byte	.LVL8
 317 017b F2010000 		.4byte	0x1f2
 318 017f 8E010000 		.4byte	0x18e
 319 0183 09       		.uleb128 0x9
 320 0184 01       		.uleb128 0x1
 321 0185 51       		.byte	0x51
 322 0186 01       		.uleb128 0x1
 323 0187 33       		.byte	0x33
 324 0188 09       		.uleb128 0x9
 325 0189 01       		.uleb128 0x1
 326 018a 50       		.byte	0x50
 327 018b 01       		.uleb128 0x1
 328 018c 30       		.byte	0x30
 329 018d 00       		.byte	0
 330 018e 0A       		.uleb128 0xa
 331 018f 48000000 		.4byte	.LVL9
 332 0193 E1010000 		.4byte	0x1e1
 333 0197 09       		.uleb128 0x9
 334 0198 01       		.uleb128 0x1
 335 0199 50       		.byte	0x50
 336 019a 05       		.uleb128 0x5
 337 019b 03       		.byte	0x3
 338 019c 30000000 		.4byte	.LC7
 339 01a0 00       		.byte	0
 340 01a1 00       		.byte	0
 341 01a2 0B       		.uleb128 0xb
 342 01a3 14000000 		.4byte	.LASF25
 343 01a7 01       		.byte	0x1
 344 01a8 0F       		.byte	0xf
 345 01a9 8C000000 		.4byte	0x8c
 346 01ad 05       		.uleb128 0x5
 347 01ae 03       		.byte	0x3
 348 01af 00000000 		.4byte	Addr
 349 01b3 0C       		.uleb128 0xc
 350 01b4 48000000 		.4byte	.LASF17
ARM GAS  C:\Users\thetr\AppData\Local\Temp\ccMXocxf.s 			page 8


 351 01b8 04       		.byte	0x4
 352 01b9 68       		.byte	0x68
 353 01ba 0D       		.uleb128 0xd
 354 01bb 26000000 		.4byte	.LASF19
 355 01bf 05       		.byte	0x5
 356 01c0 47       		.byte	0x47
 357 01c1 DA010000 		.4byte	0x1da
 358 01c5 0E       		.uleb128 0xe
 359 01c6 81000000 		.4byte	0x81
 360 01ca 0E       		.uleb128 0xe
 361 01cb 81000000 		.4byte	0x81
 362 01cf 0E       		.uleb128 0xe
 363 01d0 81000000 		.4byte	0x81
 364 01d4 0E       		.uleb128 0xe
 365 01d5 81000000 		.4byte	0x81
 366 01d9 00       		.byte	0
 367 01da 0C       		.uleb128 0xc
 368 01db 0E000000 		.4byte	.LASF18
 369 01df 05       		.byte	0x5
 370 01e0 4E       		.byte	0x4e
 371 01e1 0D       		.uleb128 0xd
 372 01e2 47010000 		.4byte	.LASF20
 373 01e6 05       		.byte	0x5
 374 01e7 8B       		.byte	0x8b
 375 01e8 F2010000 		.4byte	0x1f2
 376 01ec 0E       		.uleb128 0xe
 377 01ed B3000000 		.4byte	0xb3
 378 01f1 00       		.byte	0
 379 01f2 0F       		.uleb128 0xf
 380 01f3 1E010000 		.4byte	.LASF26
 381 01f7 05       		.byte	0x5
 382 01f8 88       		.byte	0x88
 383 01f9 0E       		.uleb128 0xe
 384 01fa 81000000 		.4byte	0x81
 385 01fe 0E       		.uleb128 0xe
 386 01ff 81000000 		.4byte	0x81
 387 0203 00       		.byte	0
 388 0204 00       		.byte	0
 389              		.section	.debug_abbrev,"",%progbits
 390              	.Ldebug_abbrev0:
 391 0000 01       		.uleb128 0x1
 392 0001 11       		.uleb128 0x11
 393 0002 01       		.byte	0x1
 394 0003 25       		.uleb128 0x25
 395 0004 0E       		.uleb128 0xe
 396 0005 13       		.uleb128 0x13
 397 0006 0B       		.uleb128 0xb
 398 0007 03       		.uleb128 0x3
 399 0008 0E       		.uleb128 0xe
 400 0009 1B       		.uleb128 0x1b
 401 000a 0E       		.uleb128 0xe
 402 000b 55       		.uleb128 0x55
 403 000c 17       		.uleb128 0x17
 404 000d 11       		.uleb128 0x11
 405 000e 01       		.uleb128 0x1
 406 000f 10       		.uleb128 0x10
 407 0010 17       		.uleb128 0x17
ARM GAS  C:\Users\thetr\AppData\Local\Temp\ccMXocxf.s 			page 9


 408 0011 00       		.byte	0
 409 0012 00       		.byte	0
 410 0013 02       		.uleb128 0x2
 411 0014 24       		.uleb128 0x24
 412 0015 00       		.byte	0
 413 0016 0B       		.uleb128 0xb
 414 0017 0B       		.uleb128 0xb
 415 0018 3E       		.uleb128 0x3e
 416 0019 0B       		.uleb128 0xb
 417 001a 03       		.uleb128 0x3
 418 001b 0E       		.uleb128 0xe
 419 001c 00       		.byte	0
 420 001d 00       		.byte	0
 421 001e 03       		.uleb128 0x3
 422 001f 16       		.uleb128 0x16
 423 0020 00       		.byte	0
 424 0021 03       		.uleb128 0x3
 425 0022 0E       		.uleb128 0xe
 426 0023 3A       		.uleb128 0x3a
 427 0024 0B       		.uleb128 0xb
 428 0025 3B       		.uleb128 0x3b
 429 0026 0B       		.uleb128 0xb
 430 0027 49       		.uleb128 0x49
 431 0028 13       		.uleb128 0x13
 432 0029 00       		.byte	0
 433 002a 00       		.byte	0
 434 002b 04       		.uleb128 0x4
 435 002c 24       		.uleb128 0x24
 436 002d 00       		.byte	0
 437 002e 0B       		.uleb128 0xb
 438 002f 0B       		.uleb128 0xb
 439 0030 3E       		.uleb128 0x3e
 440 0031 0B       		.uleb128 0xb
 441 0032 03       		.uleb128 0x3
 442 0033 08       		.uleb128 0x8
 443 0034 00       		.byte	0
 444 0035 00       		.byte	0
 445 0036 05       		.uleb128 0x5
 446 0037 0F       		.uleb128 0xf
 447 0038 00       		.byte	0
 448 0039 0B       		.uleb128 0xb
 449 003a 0B       		.uleb128 0xb
 450 003b 49       		.uleb128 0x49
 451 003c 13       		.uleb128 0x13
 452 003d 00       		.byte	0
 453 003e 00       		.byte	0
 454 003f 06       		.uleb128 0x6
 455 0040 2E       		.uleb128 0x2e
 456 0041 01       		.byte	0x1
 457 0042 3F       		.uleb128 0x3f
 458 0043 19       		.uleb128 0x19
 459 0044 03       		.uleb128 0x3
 460 0045 0E       		.uleb128 0xe
 461 0046 3A       		.uleb128 0x3a
 462 0047 0B       		.uleb128 0xb
 463 0048 3B       		.uleb128 0x3b
 464 0049 0B       		.uleb128 0xb
ARM GAS  C:\Users\thetr\AppData\Local\Temp\ccMXocxf.s 			page 10


 465 004a 49       		.uleb128 0x49
 466 004b 13       		.uleb128 0x13
 467 004c 11       		.uleb128 0x11
 468 004d 01       		.uleb128 0x1
 469 004e 12       		.uleb128 0x12
 470 004f 06       		.uleb128 0x6
 471 0050 40       		.uleb128 0x40
 472 0051 18       		.uleb128 0x18
 473 0052 9742     		.uleb128 0x2117
 474 0054 19       		.uleb128 0x19
 475 0055 01       		.uleb128 0x1
 476 0056 13       		.uleb128 0x13
 477 0057 00       		.byte	0
 478 0058 00       		.byte	0
 479 0059 07       		.uleb128 0x7
 480 005a 898201   		.uleb128 0x4109
 481 005d 00       		.byte	0
 482 005e 11       		.uleb128 0x11
 483 005f 01       		.uleb128 0x1
 484 0060 31       		.uleb128 0x31
 485 0061 13       		.uleb128 0x13
 486 0062 00       		.byte	0
 487 0063 00       		.byte	0
 488 0064 08       		.uleb128 0x8
 489 0065 898201   		.uleb128 0x4109
 490 0068 01       		.byte	0x1
 491 0069 11       		.uleb128 0x11
 492 006a 01       		.uleb128 0x1
 493 006b 31       		.uleb128 0x31
 494 006c 13       		.uleb128 0x13
 495 006d 01       		.uleb128 0x1
 496 006e 13       		.uleb128 0x13
 497 006f 00       		.byte	0
 498 0070 00       		.byte	0
 499 0071 09       		.uleb128 0x9
 500 0072 8A8201   		.uleb128 0x410a
 501 0075 00       		.byte	0
 502 0076 02       		.uleb128 0x2
 503 0077 18       		.uleb128 0x18
 504 0078 9142     		.uleb128 0x2111
 505 007a 18       		.uleb128 0x18
 506 007b 00       		.byte	0
 507 007c 00       		.byte	0
 508 007d 0A       		.uleb128 0xa
 509 007e 898201   		.uleb128 0x4109
 510 0081 01       		.byte	0x1
 511 0082 11       		.uleb128 0x11
 512 0083 01       		.uleb128 0x1
 513 0084 31       		.uleb128 0x31
 514 0085 13       		.uleb128 0x13
 515 0086 00       		.byte	0
 516 0087 00       		.byte	0
 517 0088 0B       		.uleb128 0xb
 518 0089 34       		.uleb128 0x34
 519 008a 00       		.byte	0
 520 008b 03       		.uleb128 0x3
 521 008c 0E       		.uleb128 0xe
ARM GAS  C:\Users\thetr\AppData\Local\Temp\ccMXocxf.s 			page 11


 522 008d 3A       		.uleb128 0x3a
 523 008e 0B       		.uleb128 0xb
 524 008f 3B       		.uleb128 0x3b
 525 0090 0B       		.uleb128 0xb
 526 0091 49       		.uleb128 0x49
 527 0092 13       		.uleb128 0x13
 528 0093 3F       		.uleb128 0x3f
 529 0094 19       		.uleb128 0x19
 530 0095 02       		.uleb128 0x2
 531 0096 18       		.uleb128 0x18
 532 0097 00       		.byte	0
 533 0098 00       		.byte	0
 534 0099 0C       		.uleb128 0xc
 535 009a 2E       		.uleb128 0x2e
 536 009b 00       		.byte	0
 537 009c 3F       		.uleb128 0x3f
 538 009d 19       		.uleb128 0x19
 539 009e 03       		.uleb128 0x3
 540 009f 0E       		.uleb128 0xe
 541 00a0 3A       		.uleb128 0x3a
 542 00a1 0B       		.uleb128 0xb
 543 00a2 3B       		.uleb128 0x3b
 544 00a3 0B       		.uleb128 0xb
 545 00a4 27       		.uleb128 0x27
 546 00a5 19       		.uleb128 0x19
 547 00a6 3C       		.uleb128 0x3c
 548 00a7 19       		.uleb128 0x19
 549 00a8 00       		.byte	0
 550 00a9 00       		.byte	0
 551 00aa 0D       		.uleb128 0xd
 552 00ab 2E       		.uleb128 0x2e
 553 00ac 01       		.byte	0x1
 554 00ad 3F       		.uleb128 0x3f
 555 00ae 19       		.uleb128 0x19
 556 00af 03       		.uleb128 0x3
 557 00b0 0E       		.uleb128 0xe
 558 00b1 3A       		.uleb128 0x3a
 559 00b2 0B       		.uleb128 0xb
 560 00b3 3B       		.uleb128 0x3b
 561 00b4 0B       		.uleb128 0xb
 562 00b5 27       		.uleb128 0x27
 563 00b6 19       		.uleb128 0x19
 564 00b7 3C       		.uleb128 0x3c
 565 00b8 19       		.uleb128 0x19
 566 00b9 01       		.uleb128 0x1
 567 00ba 13       		.uleb128 0x13
 568 00bb 00       		.byte	0
 569 00bc 00       		.byte	0
 570 00bd 0E       		.uleb128 0xe
 571 00be 05       		.uleb128 0x5
 572 00bf 00       		.byte	0
 573 00c0 49       		.uleb128 0x49
 574 00c1 13       		.uleb128 0x13
 575 00c2 00       		.byte	0
 576 00c3 00       		.byte	0
 577 00c4 0F       		.uleb128 0xf
 578 00c5 2E       		.uleb128 0x2e
ARM GAS  C:\Users\thetr\AppData\Local\Temp\ccMXocxf.s 			page 12


 579 00c6 01       		.byte	0x1
 580 00c7 3F       		.uleb128 0x3f
 581 00c8 19       		.uleb128 0x19
 582 00c9 03       		.uleb128 0x3
 583 00ca 0E       		.uleb128 0xe
 584 00cb 3A       		.uleb128 0x3a
 585 00cc 0B       		.uleb128 0xb
 586 00cd 3B       		.uleb128 0x3b
 587 00ce 0B       		.uleb128 0xb
 588 00cf 27       		.uleb128 0x27
 589 00d0 19       		.uleb128 0x19
 590 00d1 3C       		.uleb128 0x3c
 591 00d2 19       		.uleb128 0x19
 592 00d3 00       		.byte	0
 593 00d4 00       		.byte	0
 594 00d5 00       		.byte	0
 595              		.section	.debug_aranges,"",%progbits
 596 0000 1C000000 		.4byte	0x1c
 597 0004 0200     		.2byte	0x2
 598 0006 00000000 		.4byte	.Ldebug_info0
 599 000a 04       		.byte	0x4
 600 000b 00       		.byte	0
 601 000c 0000     		.2byte	0
 602 000e 0000     		.2byte	0
 603 0010 00000000 		.4byte	.LFB33
 604 0014 60000000 		.4byte	.LFE33-.LFB33
 605 0018 00000000 		.4byte	0
 606 001c 00000000 		.4byte	0
 607              		.section	.debug_ranges,"",%progbits
 608              	.Ldebug_ranges0:
 609 0000 00000000 		.4byte	.LFB33
 610 0004 60000000 		.4byte	.LFE33
 611 0008 00000000 		.4byte	0
 612 000c 00000000 		.4byte	0
 613              		.section	.debug_line,"",%progbits
 614              	.Ldebug_line0:
 615 0000 75010000 		.section	.debug_str,"MS",%progbits,1
 615      02005001 
 615      00000201 
 615      FB0E0D00 
 615      01010101 
 616              	.LASF8:
 617 0000 6C6F6E67 		.ascii	"long long int\000"
 617      206C6F6E 
 617      6720696E 
 617      7400
 618              	.LASF18:
 619 000e 62656769 		.ascii	"begin\000"
 619      6E00
 620              	.LASF25:
 621 0014 41646472 		.ascii	"Addr\000"
 621      00
 622              	.LASF10:
 623 0019 756E7369 		.ascii	"unsigned int\000"
 623      676E6564 
 623      20696E74 
 623      00
ARM GAS  C:\Users\thetr\AppData\Local\Temp\ccMXocxf.s 			page 13


 624              	.LASF19:
 625 0026 4C697175 		.ascii	"LiquidCrystal_I2C_init\000"
 625      69644372 
 625      79737461 
 625      6C5F4932 
 625      435F696E 
 626              	.LASF6:
 627 003d 5F5F7569 		.ascii	"__uint32_t\000"
 627      6E743332 
 627      5F7400
 628              	.LASF17:
 629 0048 4932435F 		.ascii	"I2C_Start\000"
 629      53746172 
 629      7400
 630              	.LASF23:
 631 0052 433A5C55 		.ascii	"C:\\Users\\thetr\\OneDrive\\Documentos\\PSoC Creato"
 631      73657273 
 631      5C746865 
 631      74725C4F 
 631      6E654472 
 632 0080 725C4C43 		.ascii	"r\\LCD_I2C_PSoC5LP\\LCD_I2C_PSoC4P.cydsn\000"
 632      445F4932 
 632      435F5053 
 632      6F43354C 
 632      505C4C43 
 633              	.LASF7:
 634 00a7 6C6F6E67 		.ascii	"long unsigned int\000"
 634      20756E73 
 634      69676E65 
 634      6420696E 
 634      7400
 635              	.LASF9:
 636 00b9 6C6F6E67 		.ascii	"long long unsigned int\000"
 636      206C6F6E 
 636      6720756E 
 636      7369676E 
 636      65642069 
 637              	.LASF5:
 638 00d0 5F5F7569 		.ascii	"__uint8_t\000"
 638      6E74385F 
 638      7400
 639              	.LASF13:
 640 00da 666C6F61 		.ascii	"float\000"
 640      7400
 641              	.LASF11:
 642 00e0 75696E74 		.ascii	"uint8_t\000"
 642      385F7400 
 643              	.LASF1:
 644 00e8 756E7369 		.ascii	"unsigned char\000"
 644      676E6564 
 644      20636861 
 644      7200
 645              	.LASF15:
 646 00f6 63686172 		.ascii	"char\000"
 646      00
 647              	.LASF12:
 648 00fb 75696E74 		.ascii	"uint32_t\000"
ARM GAS  C:\Users\thetr\AppData\Local\Temp\ccMXocxf.s 			page 14


 648      33325F74 
 648      00
 649              	.LASF4:
 650 0104 6C6F6E67 		.ascii	"long int\000"
 650      20696E74 
 650      00
 651              	.LASF2:
 652 010d 73686F72 		.ascii	"short int\000"
 652      7420696E 
 652      7400
 653              	.LASF14:
 654 0117 646F7562 		.ascii	"double\000"
 654      6C6500
 655              	.LASF26:
 656 011e 73657443 		.ascii	"setCursor\000"
 656      7572736F 
 656      7200
 657              	.LASF3:
 658 0128 73686F72 		.ascii	"short unsigned int\000"
 658      7420756E 
 658      7369676E 
 658      65642069 
 658      6E7400
 659              	.LASF0:
 660 013b 7369676E 		.ascii	"signed char\000"
 660      65642063 
 660      68617200 
 661              	.LASF20:
 662 0147 4C43445F 		.ascii	"LCD_print\000"
 662      7072696E 
 662      7400
 663              	.LASF24:
 664 0151 6D61696E 		.ascii	"main\000"
 664      00
 665              	.LASF21:
 666 0156 474E5520 		.ascii	"GNU C 4.9.3 20150303 (release) [ARM/embedded-4_9-br"
 666      4320342E 
 666      392E3320 
 666      32303135 
 666      30333033 
 667 0189 616E6368 		.ascii	"anch revision 221220] -mcpu=cortex-m0 -mthumb -g -O"
 667      20726576 
 667      6973696F 
 667      6E203232 
 667      31323230 
 668 01bc 67202D66 		.ascii	"g -ffunction-sections -ffat-lto-objects\000"
 668      66756E63 
 668      74696F6E 
 668      2D736563 
 668      74696F6E 
 669              	.LASF22:
 670 01e4 2E5C6D61 		.ascii	".\\main.c\000"
 670      696E2E63 
 670      00
 671              	.LASF16:
 672 01ed 73697A65 		.ascii	"sizetype\000"
 672      74797065 
ARM GAS  C:\Users\thetr\AppData\Local\Temp\ccMXocxf.s 			page 15


 672      00
 673              		.ident	"GCC: (GNU Tools for ARM Embedded Processors) 4.9.3 20150303 (release) [ARM/embedded-4_9-br
