--------------- Build Started: 10/14/2024 18:01:33 Project: Micro1, Configuration: ARM GCC 5.4-2016-q2-update Debug ---------------
cydsfit.exe -.appdatapath "C:\Users\elias\AppData\Local\Cypress Semiconductor\PSoC Creator\4.4" -.fdsnotice -.fdswarpdepfile=warp_dependencies.txt -.fdselabdepfile=elab_dependencies.txt -.fdsbldfile=generated_files.txt -.fdsreffile=referenced_files.txt -p "C:\Users\elias\OneDrive\Documents\Documentos\PSoC Creator\TPF\Micro1.cydsn\Micro1.cyprj" -d CY8C5888LTI-LP097 -s "C:\Users\elias\OneDrive\Documents\Documentos\PSoC Creator\TPF\Micro1.cydsn\Generated_Source\PSoC5" -- -yv2 -q10 -ygs -o2 -v3 -.fftcfgtype=LE
Elaborating Design...
HDL Generation...
Synthesis...
Tech Mapping...
Analog Placement...
Log: apr.M0058: The analog placement iterative improvement is 44% done. (App=cydsfit)
Analog Routing...
Analog Code Generation...
Digital Placement...
Digital Routing...
Bitstream Generation...
Bitstream Verification...
Static timing analysis...
API Generation...
Dependency Generation...
Cleanup...
arm-none-eabi-gcc.exe -mcpu=cortex-m3 -mthumb -I. -IGenerated_Source\PSoC5 -Wa,-alh=.\CortexM3\ARM_GCC_541\Debug/main.lst -g -D DEBUG -D CY_CORE_ID=0 -Wall -ffunction-sections -ffat-lto-objects -O0 -c main.c -o .\CortexM3\ARM_GCC_541\Debug\main.o
arm-none-eabi-gcc.exe -mcpu=cortex-m3 -mthumb -I. -IGenerated_Source\PSoC5 -Wa,-alh=.\CortexM3\ARM_GCC_541\Debug/keyboard.lst -g -D DEBUG -D CY_CORE_ID=0 -Wall -ffunction-sections -ffat-lto-objects -O0 -c keyboard.c -o .\CortexM3\ARM_GCC_541\Debug\keyboard.o
arm-none-eabi-gcc.exe -mcpu=cortex-m3 -mthumb -I. -IGenerated_Source\PSoC5 -Wa,-alh=.\CortexM3\ARM_GCC_541\Debug/rgb_lcd.lst -g -D DEBUG -D CY_CORE_ID=0 -Wall -ffunction-sections -ffat-lto-objects -O0 -c rgb_lcd.c -o .\CortexM3\ARM_GCC_541\Debug\rgb_lcd.o
arm-none-eabi-gcc.exe -mcpu=cortex-m3 -mthumb -I. -IGenerated_Source\PSoC5 -Wa,-alh=.\CortexM3\ARM_GCC_541\Debug/servo.lst -g -D DEBUG -D CY_CORE_ID=0 -Wall -ffunction-sections -ffat-lto-objects -O0 -c servo.c -o .\CortexM3\ARM_GCC_541\Debug\servo.o
arm-none-eabi-gcc.exe -mcpu=cortex-m3 -mthumb -I. -IGenerated_Source\PSoC5 -Wa,-alh=.\CortexM3\ARM_GCC_541\Debug/PWM1.lst -g -D DEBUG -D CY_CORE_ID=0 -Wall -ffunction-sections -ffat-lto-objects -O0 -c Generated_Source\PSoC5\PWM1.c -o .\CortexM3\ARM_GCC_541\Debug\PWM1.o
arm-none-eabi-gcc.exe -mcpu=cortex-m3 -mthumb -I. -IGenerated_Source\PSoC5 -Wa,-alh=.\CortexM3\ARM_GCC_541\Debug/PWM1_PM.lst -g -D DEBUG -D CY_CORE_ID=0 -Wall -ffunction-sections -ffat-lto-objects -O0 -c Generated_Source\PSoC5\PWM1_PM.c -o .\CortexM3\ARM_GCC_541\Debug\PWM1_PM.o
arm-none-eabi-gcc.exe -mcpu=cortex-m3 -mthumb -I. -IGenerated_Source\PSoC5 -Wa,-alh=.\CortexM3\ARM_GCC_541\Debug/Servo.lst -g -D DEBUG -D CY_CORE_ID=0 -Wall -ffunction-sections -ffat-lto-objects -O0 -c Generated_Source\PSoC5\Servo.c -o .\CortexM3\ARM_GCC_541\Debug\Servo.o
arm-none-eabi-ar.exe -rs .\CortexM3\ARM_GCC_541\Debug\Micro1.a .\CortexM3\ARM_GCC_541\Debug\keyboard_out.o .\CortexM3\ARM_GCC_541\Debug\keyboard_in.o .\CortexM3\ARM_GCC_541\Debug\CyDmac.o .\CortexM3\ARM_GCC_541\Debug\CyFlash.o .\CortexM3\ARM_GCC_541\Debug\CyLib.o .\CortexM3\ARM_GCC_541\Debug\cyPm.o .\CortexM3\ARM_GCC_541\Debug\CySpc.o .\CortexM3\ARM_GCC_541\Debug\cyutils.o .\CortexM3\ARM_GCC_541\Debug\cy_em_eeprom.o .\CortexM3\ARM_GCC_541\Debug\PC.o .\CortexM3\ARM_GCC_541\Debug\PC_PM.o .\CortexM3\ARM_GCC_541\Debug\PC_INT.o .\CortexM3\ARM_GCC_541\Debug\PC_BOOT.o .\CortexM3\ARM_GCC_541\Debug\PC_IntClock.o .\CortexM3\ARM_GCC_541\Debug\PWM1.o .\CortexM3\ARM_GCC_541\Debug\PWM1_PM.o .\CortexM3\ARM_GCC_541\Debug\ClockPWM.o .\CortexM3\ARM_GCC_541\Debug\Servo.o .\CortexM3\ARM_GCC_541\Debug\PWM2.o .\CortexM3\ARM_GCC_541\Debug\PWM2_PM.o .\CortexM3\ARM_GCC_541\Debug\SDA_1.o .\CortexM3\ARM_GCC_541\Debug\I2C_LCD.o .\CortexM3\ARM_GCC_541\Debug\I2C_LCD_BOOT.o .\CortexM3\ARM_GCC_541\Debug\I2C_LCD_INT.o .\CortexM3\ARM_GCC_541\Debug\I2C_LCD_PM.o .\CortexM3\ARM_GCC_541\Debug\I2C_LCD_SLAVE.o .\CortexM3\ARM_GCC_541\Debug\I2C_LCD_MASTER.o .\CortexM3\ARM_GCC_541\Debug\SCL_1.o .\CortexM3\ARM_GCC_541\Debug\POT.o .\CortexM3\ARM_GCC_541\Debug\POT_PM.o .\CortexM3\ARM_GCC_541\Debug\POT_INT.o .\CortexM3\ARM_GCC_541\Debug\POT_IRQ.o .\CortexM3\ARM_GCC_541\Debug\pot1.o .\CortexM3\ARM_GCC_541\Debug\POT_theACLK.o .\CortexM3\ARM_GCC_541\Debug\CyBootAsmGnu.o
arm-none-eabi-ar.exe: creating .\CortexM3\ARM_GCC_541\Debug\Micro1.a
arm-none-eabi-gcc.exe -Wl,--start-group -o "C:\Users\elias\OneDrive\Documents\Documentos\PSoC Creator\TPF\Micro1.cydsn\CortexM3\ARM_GCC_541\Debug\Micro1.elf" .\CortexM3\ARM_GCC_541\Debug\main.o .\CortexM3\ARM_GCC_541\Debug\keyboard.o .\CortexM3\ARM_GCC_541\Debug\rgb_lcd.o .\CortexM3\ARM_GCC_541\Debug\servo.o .\CortexM3\ARM_GCC_541\Debug\cyfitter_cfg.o .\CortexM3\ARM_GCC_541\Debug\cymetadata.o .\CortexM3\ARM_GCC_541\Debug\Cm3Start.o .\CortexM3\ARM_GCC_541\Debug\Micro1.a "C:\Program Files (x86)\Cypress\PSoC Creator\4.4\PSoC Creator\psoc\content\cycomponentlibrary\CyComponentLibrary.cylib\CortexM3\ARM_GCC_541\Debug\CyComponentLibrary.a" -mcpu=cortex-m3 -mthumb -L Generated_Source\PSoC5 -Wl,-Map,.\CortexM3\ARM_GCC_541\Debug/Micro1.map -T Generated_Source\PSoC5\cm3gcc.ld -specs=nano.specs -Wl,--gc-sections -g -ffunction-sections -O0 -ffat-lto-objects -Wl,--end-group
cyelftool.exe -C "C:\Users\elias\OneDrive\Documents\Documentos\PSoC Creator\TPF\Micro1.cydsn\CortexM3\ARM_GCC_541\Debug\Micro1.elf" --flash_row_size 256 --flash_size 262144 --flash_offset 0x00000000
No ELF section .cychecksum found, creating one
Application checksum calculated and stored in ELF section .cychecksum
Checksum calculated and stored in ELF section .cymeta
cyelftool.exe -S "C:\Users\elias\OneDrive\Documents\Documentos\PSoC Creator\TPF\Micro1.cydsn\CortexM3\ARM_GCC_541\Debug\Micro1.elf"
Flash used: 17008 of 262144 bytes (6.5%).
SRAM used: 2757 of 65536 bytes (4.2%). Stack: 2048 bytes. Heap: 128 bytes.
--------------- Build Succeeded: 10/14/2024 18:01:43 ---------------
