ARM GAS  contVocal_A.s 			page 1


   1              	
   2              	    .syntax unified
   3              	    .text
   4              	
   5              	    .global contVocal_A
   6              	    .func contVocal_A, contVocal_A
   7              	    .thumb_func
   8              	contVocal_A:
   9 0000 4FF00001 	    mov r1,#0 //N = 0 //N = 0
  10              	    
  11              	    contVocal_A_while:
  12 0004 10F8012B 	    ldrb r2,[r0], #1   //letter = *v++
  13 0008 002A     	    cmp r2,#0
  14 000a 17D0     	    beq contVocal_A_finwhile
  15 000c 412A     	        cmp r2,#65 //letter == A?
  16 000e 12D0     	        beq contVocal_A_Sumar
  17              	        
  18 0010 612A     	        cmp r2,#97 //letter == a?
  19 0012 10D0     	        beq contVocal_A_Sumar
  20              	        
  21 0014 452A     	        cmp r2,#69 //letter == E?
  22 0016 0ED0     	        beq contVocal_A_Sumar
  23              	        
  24 0018 652A     	        cmp r2,#101 //letter == e?
  25 001a 0CD0     	        beq contVocal_A_Sumar
  26              	        
  27 001c 492A     	        cmp r2,#73 //letter == I?
  28 001e 0AD0     	        beq contVocal_A_Sumar
  29              	        
  30 0020 692A     	        cmp r2,#105 //letter == i?
  31 0022 08D0     	        beq contVocal_A_Sumar
  32              	        
  33 0024 4F2A     	        cmp r2,#79 //letter == O?
  34 0026 06D0     	        beq contVocal_A_Sumar
  35              	    
  36 0028 6F2A     	        cmp r2,#111 //letter == o?
  37 002a 04D0     	        beq contVocal_A_Sumar
  38              	        
  39 002c 552A     	        cmp r2,#85 //letter == U?
  40 002e 02D0     	        beq contVocal_A_Sumar
  41              	        
  42 0030 752A     	        cmp r2,#117 //letter == u?
  43 0032 00D0     	        beq contVocal_A_Sumar
  44              	    
  45              	        contVocal_A_no_Sumar:
  46 0034 E6E7     	            b contVocal_A_while
  47              	        contVocal_A_Sumar:
  48 0036 01F10101 	            add r1,#1
  49 003a E3E7     	            b contVocal_A_while
  50              	    contVocal_A_finwhile:
  51 003c 0846     	    mov r0,r1
  52 003e 7047     	    bx lr
