ARM GAS  C:\Users\elias\AppData\Local\Temp\ccNhdh8g.s 			page 1


   1              		.syntax unified
   2              		.cpu cortex-m3
   3              		.fpu softvfp
   4              		.eabi_attribute 20, 1
   5              		.eabi_attribute 21, 1
   6              		.eabi_attribute 23, 3
   7              		.eabi_attribute 24, 1
   8              		.eabi_attribute 25, 1
   9              		.eabi_attribute 26, 1
  10              		.eabi_attribute 30, 6
  11              		.eabi_attribute 34, 1
  12              		.eabi_attribute 18, 4
  13              		.thumb
  14              		.syntax unified
  15              		.file	"cymetadata.c"
  16              		.text
  17              	.Ltext0:
  18              		.cfi_sections	.debug_frame
  19              		.global	cy_meta_configecc
  20              		.section	.cyconfigecc,"a",%progbits
  21              		.align	2
  22              		.type	cy_meta_configecc, %object
  23              		.size	cy_meta_configecc, 1396
  24              	cy_meta_configecc:
  25 0000 02       		.byte	2
  26 0001 52       		.byte	82
  27 0002 00       		.byte	0
  28 0003 40       		.byte	64
  29 0004 02       		.byte	2
  30 0005 64       		.byte	100
  31 0006 00       		.byte	0
  32 0007 40       		.byte	64
  33 0008 03       		.byte	3
  34 0009 65       		.byte	101
  35 000a 00       		.byte	0
  36 000b 40       		.byte	64
  37 000c 4C       		.byte	76
  38 000d 02       		.byte	2
  39 000e 01       		.byte	1
  40 000f 40       		.byte	64
  41 0010 28       		.byte	40
  42 0011 03       		.byte	3
  43 0012 01       		.byte	1
  44 0013 40       		.byte	64
  45 0014 49       		.byte	73
  46 0015 04       		.byte	4
  47 0016 01       		.byte	1
  48 0017 40       		.byte	64
  49 0018 26       		.byte	38
  50 0019 05       		.byte	5
  51 001a 01       		.byte	1
  52 001b 40       		.byte	64
  53 001c 01       		.byte	1
  54 001d 07       		.byte	7
  55 001e 01       		.byte	1
  56 001f 40       		.byte	64
  57 0020 01       		.byte	1
ARM GAS  C:\Users\elias\AppData\Local\Temp\ccNhdh8g.s 			page 2


  58 0021 0B       		.byte	11
  59 0022 01       		.byte	1
  60 0023 40       		.byte	64
  61 0024 03       		.byte	3
  62 0025 15       		.byte	21
  63 0026 01       		.byte	1
  64 0027 40       		.byte	64
  65 0028 01       		.byte	1
  66 0029 17       		.byte	23
  67 002a 01       		.byte	1
  68 002b 40       		.byte	64
  69 002c 52       		.byte	82
  70 002d 18       		.byte	24
  71 002e 01       		.byte	1
  72 002f 40       		.byte	64
  73 0030 38       		.byte	56
  74 0031 19       		.byte	25
  75 0032 01       		.byte	1
  76 0033 40       		.byte	64
  77 0034 23       		.byte	35
  78 0035 1A       		.byte	26
  79 0036 01       		.byte	1
  80 0037 40       		.byte	64
  81 0038 45       		.byte	69
  82 0039 1B       		.byte	27
  83 003a 01       		.byte	1
  84 003b 40       		.byte	64
  85 003c 02       		.byte	2
  86 003d 40       		.byte	64
  87 003e 01       		.byte	1
  88 003f 40       		.byte	64
  89 0040 0A       		.byte	10
  90 0041 41       		.byte	65
  91 0042 01       		.byte	1
  92 0043 40       		.byte	64
  93 0044 09       		.byte	9
  94 0045 42       		.byte	66
  95 0046 01       		.byte	1
  96 0047 40       		.byte	64
  97 0048 03       		.byte	3
  98 0049 43       		.byte	67
  99 004a 01       		.byte	1
 100 004b 40       		.byte	64
 101 004c 03       		.byte	3
 102 004d 46       		.byte	70
 103 004e 01       		.byte	1
 104 004f 40       		.byte	64
 105 0050 02       		.byte	2
 106 0051 48       		.byte	72
 107 0052 01       		.byte	1
 108 0053 40       		.byte	64
 109 0054 10       		.byte	16
 110 0055 49       		.byte	73
 111 0056 01       		.byte	1
 112 0057 40       		.byte	64
 113 0058 08       		.byte	8
 114 0059 4C       		.byte	76
ARM GAS  C:\Users\elias\AppData\Local\Temp\ccNhdh8g.s 			page 3


 115 005a 01       		.byte	1
 116 005b 40       		.byte	64
 117 005c 0F       		.byte	15
 118 005d 4D       		.byte	77
 119 005e 01       		.byte	1
 120 005f 40       		.byte	64
 121 0060 05       		.byte	5
 122 0061 50       		.byte	80
 123 0062 01       		.byte	1
 124 0063 40       		.byte	64
 125 0064 02       		.byte	2
 126 0065 51       		.byte	81
 127 0066 01       		.byte	1
 128 0067 40       		.byte	64
 129 0068 00       		.byte	0
 130 0069 04       		.byte	4
 131 006a 01       		.byte	1
 132 006b 16       		.byte	22
 133 006c 83       		.byte	-125
 134 006d 0F       		.byte	15
 135 006e 85       		.byte	-123
 136 006f 0F       		.byte	15
 137 0070 88       		.byte	-120
 138 0071 0F       		.byte	15
 139 0072 89       		.byte	-119
 140 0073 72       		.byte	114
 141 0074 8A       		.byte	-118
 142 0075 38       		.byte	56
 143 0076 02       		.byte	2
 144 0077 02       		.byte	2
 145 0078 0A       		.byte	10
 146 0079 01       		.byte	1
 147 007a 0E       		.byte	14
 148 007b 01       		.byte	1
 149 007c 22       		.byte	34
 150 007d 02       		.byte	2
 151 007e 32       		.byte	50
 152 007f 01       		.byte	1
 153 0080 36       		.byte	54
 154 0081 02       		.byte	2
 155 0082 40       		.byte	64
 156 0083 10       		.byte	16
 157 0084 41       		.byte	65
 158 0085 06       		.byte	6
 159 0086 49       		.byte	73
 160 0087 FF       		.byte	-1
 161 0088 4A       		.byte	74
 162 0089 FF       		.byte	-1
 163 008a 4B       		.byte	75
 164 008b FF       		.byte	-1
 165 008c 4D       		.byte	77
 166 008d A0       		.byte	-96
 167 008e 4F       		.byte	79
 168 008f 04       		.byte	4
 169 0090 50       		.byte	80
 170 0091 18       		.byte	24
 171 0092 58       		.byte	88
ARM GAS  C:\Users\elias\AppData\Local\Temp\ccNhdh8g.s 			page 4


 172 0093 04       		.byte	4
 173 0094 5A       		.byte	90
 174 0095 04       		.byte	4
 175 0096 5C       		.byte	92
 176 0097 01       		.byte	1
 177 0098 5D       		.byte	93
 178 0099 01       		.byte	1
 179 009a 5F       		.byte	95
 180 009b 01       		.byte	1
 181 009c 60       		.byte	96
 182 009d 40       		.byte	64
 183 009e 62       		.byte	98
 184 009f C0       		.byte	-64
 185 00a0 64       		.byte	100
 186 00a1 40       		.byte	64
 187 00a2 65       		.byte	101
 188 00a3 40       		.byte	64
 189 00a4 66       		.byte	102
 190 00a5 C0       		.byte	-64
 191 00a6 68       		.byte	104
 192 00a7 C0       		.byte	-64
 193 00a8 6A       		.byte	106
 194 00a9 C0       		.byte	-64
 195 00aa 6C       		.byte	108
 196 00ab C0       		.byte	-64
 197 00ac 6E       		.byte	110
 198 00ad C0       		.byte	-64
 199 00ae 82       		.byte	-126
 200 00af 01       		.byte	1
 201 00b0 8F       		.byte	-113
 202 00b1 08       		.byte	8
 203 00b2 92       		.byte	-110
 204 00b3 02       		.byte	2
 205 00b4 93       		.byte	-109
 206 00b5 01       		.byte	1
 207 00b6 97       		.byte	-105
 208 00b7 01       		.byte	1
 209 00b8 9B       		.byte	-101
 210 00b9 02       		.byte	2
 211 00ba A5       		.byte	-91
 212 00bb 08       		.byte	8
 213 00bc A6       		.byte	-90
 214 00bd 02       		.byte	2
 215 00be A9       		.byte	-87
 216 00bf 02       		.byte	2
 217 00c0 AF       		.byte	-81
 218 00c1 04       		.byte	4
 219 00c2 B1       		.byte	-79
 220 00c3 04       		.byte	4
 221 00c4 B2       		.byte	-78
 222 00c5 01       		.byte	1
 223 00c6 B3       		.byte	-77
 224 00c7 01       		.byte	1
 225 00c8 B5       		.byte	-75
 226 00c9 08       		.byte	8
 227 00ca B6       		.byte	-74
 228 00cb 02       		.byte	2
ARM GAS  C:\Users\elias\AppData\Local\Temp\ccNhdh8g.s 			page 5


 229 00cc B7       		.byte	-73
 230 00cd 02       		.byte	2
 231 00ce BF       		.byte	-65
 232 00cf 04       		.byte	4
 233 00d0 C0       		.byte	-64
 234 00d1 40       		.byte	64
 235 00d2 C1       		.byte	-63
 236 00d3 06       		.byte	6
 237 00d4 C5       		.byte	-59
 238 00d5 D0       		.byte	-48
 239 00d6 C6       		.byte	-58
 240 00d7 15       		.byte	21
 241 00d8 C7       		.byte	-57
 242 00d9 02       		.byte	2
 243 00da C8       		.byte	-56
 244 00db 1E       		.byte	30
 245 00dc C9       		.byte	-55
 246 00dd FF       		.byte	-1
 247 00de CA       		.byte	-54
 248 00df FF       		.byte	-1
 249 00e0 CB       		.byte	-53
 250 00e1 FF       		.byte	-1
 251 00e2 CD       		.byte	-51
 252 00e3 AF       		.byte	-81
 253 00e4 CE       		.byte	-50
 254 00e5 0F       		.byte	15
 255 00e6 CF       		.byte	-49
 256 00e7 04       		.byte	4
 257 00e8 D0       		.byte	-48
 258 00e9 18       		.byte	24
 259 00ea D2       		.byte	-46
 260 00eb 80       		.byte	-128
 261 00ec D4       		.byte	-44
 262 00ed 07       		.byte	7
 263 00ee D8       		.byte	-40
 264 00ef 04       		.byte	4
 265 00f0 D9       		.byte	-39
 266 00f1 04       		.byte	4
 267 00f2 DA       		.byte	-38
 268 00f3 04       		.byte	4
 269 00f4 DB       		.byte	-37
 270 00f5 04       		.byte	4
 271 00f6 DC       		.byte	-36
 272 00f7 11       		.byte	17
 273 00f8 DD       		.byte	-35
 274 00f9 11       		.byte	17
 275 00fa DF       		.byte	-33
 276 00fb 01       		.byte	1
 277 00fc E0       		.byte	-32
 278 00fd 40       		.byte	64
 279 00fe E2       		.byte	-30
 280 00ff C0       		.byte	-64
 281 0100 E4       		.byte	-28
 282 0101 40       		.byte	64
 283 0102 E5       		.byte	-27
 284 0103 40       		.byte	64
 285 0104 E6       		.byte	-26
ARM GAS  C:\Users\elias\AppData\Local\Temp\ccNhdh8g.s 			page 6


 286 0105 C0       		.byte	-64
 287 0106 E8       		.byte	-24
 288 0107 C0       		.byte	-64
 289 0108 EA       		.byte	-22
 290 0109 C0       		.byte	-64
 291 010a EC       		.byte	-20
 292 010b C0       		.byte	-64
 293 010c EE       		.byte	-18
 294 010d C0       		.byte	-64
 295 010e 02       		.byte	2
 296 010f 40       		.byte	64
 297 0110 04       		.byte	4
 298 0111 10       		.byte	16
 299 0112 06       		.byte	6
 300 0113 01       		.byte	1
 301 0114 07       		.byte	7
 302 0115 80       		.byte	-128
 303 0116 09       		.byte	9
 304 0117 02       		.byte	2
 305 0118 10       		.byte	16
 306 0119 20       		.byte	32
 307 011a 16       		.byte	22
 308 011b 40       		.byte	64
 309 011c 19       		.byte	25
 310 011d 04       		.byte	4
 311 011e 1A       		.byte	26
 312 011f 02       		.byte	2
 313 0120 1E       		.byte	30
 314 0121 20       		.byte	32
 315 0122 1F       		.byte	31
 316 0123 40       		.byte	64
 317 0124 21       		.byte	33
 318 0125 02       		.byte	2
 319 0126 22       		.byte	34
 320 0127 54       		.byte	84
 321 0128 23       		.byte	35
 322 0129 80       		.byte	-128
 323 012a 29       		.byte	41
 324 012b 14       		.byte	20
 325 012c 2A       		.byte	42
 326 012d 80       		.byte	-128
 327 012e 30       		.byte	48
 328 012f 20       		.byte	32
 329 0130 31       		.byte	49
 330 0131 02       		.byte	2
 331 0132 32       		.byte	50
 332 0133 08       		.byte	8
 333 0134 3A       		.byte	58
 334 0135 40       		.byte	64
 335 0136 41       		.byte	65
 336 0137 02       		.byte	2
 337 0138 47       		.byte	71
 338 0139 80       		.byte	-128
 339 013a 49       		.byte	73
 340 013b 02       		.byte	2
 341 013c 4A       		.byte	74
 342 013d 08       		.byte	8
ARM GAS  C:\Users\elias\AppData\Local\Temp\ccNhdh8g.s 			page 7


 343 013e 4E       		.byte	78
 344 013f 08       		.byte	8
 345 0140 50       		.byte	80
 346 0141 20       		.byte	32
 347 0142 52       		.byte	82
 348 0143 48       		.byte	72
 349 0144 59       		.byte	89
 350 0145 02       		.byte	2
 351 0146 5A       		.byte	90
 352 0147 A8       		.byte	-88
 353 0148 72       		.byte	114
 354 0149 80       		.byte	-128
 355 014a 87       		.byte	-121
 356 014b 40       		.byte	64
 357 014c C0       		.byte	-64
 358 014d D8       		.byte	-40
 359 014e C2       		.byte	-62
 360 014f 08       		.byte	8
 361 0150 C4       		.byte	-60
 362 0151 14       		.byte	20
 363 0152 CA       		.byte	-54
 364 0153 0E       		.byte	14
 365 0154 CC       		.byte	-52
 366 0155 07       		.byte	7
 367 0156 CE       		.byte	-50
 368 0157 08       		.byte	8
 369 0158 D0       		.byte	-48
 370 0159 11       		.byte	17
 371 015a D2       		.byte	-46
 372 015b 24       		.byte	36
 373 015c D6       		.byte	-42
 374 015d 0F       		.byte	15
 375 015e 0B       		.byte	11
 376 015f 01       		.byte	1
 377 0160 1B       		.byte	27
 378 0161 01       		.byte	1
 379 0162 26       		.byte	38
 380 0163 01       		.byte	1
 381 0164 34       		.byte	52
 382 0165 01       		.byte	1
 383 0166 35       		.byte	53
 384 0167 01       		.byte	1
 385 0168 3F       		.byte	63
 386 0169 10       		.byte	16
 387 016a 40       		.byte	64
 388 016b 30       		.byte	48
 389 016c 41       		.byte	65
 390 016d 02       		.byte	2
 391 016e 49       		.byte	73
 392 016f FF       		.byte	-1
 393 0170 4A       		.byte	74
 394 0171 FF       		.byte	-1
 395 0172 4B       		.byte	75
 396 0173 FF       		.byte	-1
 397 0174 4D       		.byte	77
 398 0175 A0       		.byte	-96
 399 0176 4F       		.byte	79
ARM GAS  C:\Users\elias\AppData\Local\Temp\ccNhdh8g.s 			page 8


 400 0177 04       		.byte	4
 401 0178 50       		.byte	80
 402 0179 18       		.byte	24
 403 017a 58       		.byte	88
 404 017b 04       		.byte	4
 405 017c 59       		.byte	89
 406 017d 04       		.byte	4
 407 017e 5A       		.byte	90
 408 017f 04       		.byte	4
 409 0180 5C       		.byte	92
 410 0181 01       		.byte	1
 411 0182 5D       		.byte	93
 412 0183 01       		.byte	1
 413 0184 5F       		.byte	95
 414 0185 01       		.byte	1
 415 0186 60       		.byte	96
 416 0187 40       		.byte	64
 417 0188 62       		.byte	98
 418 0189 C0       		.byte	-64
 419 018a 64       		.byte	100
 420 018b 40       		.byte	64
 421 018c 65       		.byte	101
 422 018d 40       		.byte	64
 423 018e 66       		.byte	102
 424 018f C0       		.byte	-64
 425 0190 68       		.byte	104
 426 0191 C0       		.byte	-64
 427 0192 6A       		.byte	106
 428 0193 C0       		.byte	-64
 429 0194 6C       		.byte	108
 430 0195 C0       		.byte	-64
 431 0196 6E       		.byte	110
 432 0197 C0       		.byte	-64
 433 0198 83       		.byte	-125
 434 0199 0C       		.byte	12
 435 019a 87       		.byte	-121
 436 019b 03       		.byte	3
 437 019c 91       		.byte	-111
 438 019d 08       		.byte	8
 439 019e 95       		.byte	-107
 440 019f 02       		.byte	2
 441 01a0 96       		.byte	-106
 442 01a1 02       		.byte	2
 443 01a2 9A       		.byte	-102
 444 01a3 02       		.byte	2
 445 01a4 AE       		.byte	-82
 446 01a5 01       		.byte	1
 447 01a6 B1       		.byte	-79
 448 01a7 02       		.byte	2
 449 01a8 B2       		.byte	-78
 450 01a9 01       		.byte	1
 451 01aa B3       		.byte	-77
 452 01ab 08       		.byte	8
 453 01ac B4       		.byte	-76
 454 01ad 02       		.byte	2
 455 01ae B5       		.byte	-75
 456 01af 01       		.byte	1
ARM GAS  C:\Users\elias\AppData\Local\Temp\ccNhdh8g.s 			page 9


 457 01b0 B7       		.byte	-73
 458 01b1 04       		.byte	4
 459 01b2 C0       		.byte	-64
 460 01b3 30       		.byte	48
 461 01b4 C1       		.byte	-63
 462 01b5 02       		.byte	2
 463 01b6 C5       		.byte	-59
 464 01b7 D1       		.byte	-47
 465 01b8 C6       		.byte	-58
 466 01b9 20       		.byte	32
 467 01ba C7       		.byte	-57
 468 01bb 50       		.byte	80
 469 01bc C8       		.byte	-56
 470 01bd 2B       		.byte	43
 471 01be C9       		.byte	-55
 472 01bf FF       		.byte	-1
 473 01c0 CA       		.byte	-54
 474 01c1 FF       		.byte	-1
 475 01c2 CB       		.byte	-53
 476 01c3 FF       		.byte	-1
 477 01c4 CD       		.byte	-51
 478 01c5 AF       		.byte	-81
 479 01c6 CE       		.byte	-50
 480 01c7 0F       		.byte	15
 481 01c8 CF       		.byte	-49
 482 01c9 04       		.byte	4
 483 01ca D0       		.byte	-48
 484 01cb 18       		.byte	24
 485 01cc D2       		.byte	-46
 486 01cd 80       		.byte	-128
 487 01ce D4       		.byte	-44
 488 01cf 07       		.byte	7
 489 01d0 D8       		.byte	-40
 490 01d1 04       		.byte	4
 491 01d2 D9       		.byte	-39
 492 01d3 04       		.byte	4
 493 01d4 DA       		.byte	-38
 494 01d5 04       		.byte	4
 495 01d6 DB       		.byte	-37
 496 01d7 04       		.byte	4
 497 01d8 DC       		.byte	-36
 498 01d9 11       		.byte	17
 499 01da DD       		.byte	-35
 500 01db 11       		.byte	17
 501 01dc DF       		.byte	-33
 502 01dd 01       		.byte	1
 503 01de E0       		.byte	-32
 504 01df 40       		.byte	64
 505 01e0 E2       		.byte	-30
 506 01e1 C0       		.byte	-64
 507 01e2 E4       		.byte	-28
 508 01e3 40       		.byte	64
 509 01e4 E5       		.byte	-27
 510 01e5 40       		.byte	64
 511 01e6 E6       		.byte	-26
 512 01e7 C0       		.byte	-64
 513 01e8 E8       		.byte	-24
ARM GAS  C:\Users\elias\AppData\Local\Temp\ccNhdh8g.s 			page 10


 514 01e9 C0       		.byte	-64
 515 01ea EA       		.byte	-22
 516 01eb C0       		.byte	-64
 517 01ec EC       		.byte	-20
 518 01ed C0       		.byte	-64
 519 01ee EE       		.byte	-18
 520 01ef C0       		.byte	-64
 521 01f0 0D       		.byte	13
 522 01f1 08       		.byte	8
 523 01f2 0F       		.byte	15
 524 01f3 04       		.byte	4
 525 01f4 10       		.byte	16
 526 01f5 20       		.byte	32
 527 01f6 17       		.byte	23
 528 01f7 40       		.byte	64
 529 01f8 19       		.byte	25
 530 01f9 10       		.byte	16
 531 01fa 1C       		.byte	28
 532 01fb 18       		.byte	24
 533 01fc 1D       		.byte	29
 534 01fd 08       		.byte	8
 535 01fe 23       		.byte	35
 536 01ff 08       		.byte	8
 537 0200 24       		.byte	36
 538 0201 40       		.byte	64
 539 0202 27       		.byte	39
 540 0203 25       		.byte	37
 541 0204 31       		.byte	49
 542 0205 20       		.byte	32
 543 0206 37       		.byte	55
 544 0207 05       		.byte	5
 545 0208 38       		.byte	56
 546 0209 10       		.byte	16
 547 020a 3F       		.byte	63
 548 020b 06       		.byte	6
 549 020c 40       		.byte	64
 550 020d 10       		.byte	16
 551 020e 41       		.byte	65
 552 020f 20       		.byte	32
 553 0210 45       		.byte	69
 554 0211 28       		.byte	40
 555 0212 4F       		.byte	79
 556 0213 05       		.byte	5
 557 0214 55       		.byte	85
 558 0215 20       		.byte	32
 559 0216 56       		.byte	86
 560 0217 01       		.byte	1
 561 0218 57       		.byte	87
 562 0219 01       		.byte	1
 563 021a 5C       		.byte	92
 564 021b 40       		.byte	64
 565 021c 5F       		.byte	95
 566 021d 29       		.byte	41
 567 021e 77       		.byte	119
 568 021f 40       		.byte	64
 569 0220 94       		.byte	-108
 570 0221 10       		.byte	16
ARM GAS  C:\Users\elias\AppData\Local\Temp\ccNhdh8g.s 			page 11


 571 0222 9D       		.byte	-99
 572 0223 10       		.byte	16
 573 0224 9E       		.byte	-98
 574 0225 01       		.byte	1
 575 0226 A0       		.byte	-96
 576 0227 20       		.byte	32
 577 0228 AE       		.byte	-82
 578 0229 01       		.byte	1
 579 022a B2       		.byte	-78
 580 022b 10       		.byte	16
 581 022c C2       		.byte	-62
 582 022d 60       		.byte	96
 583 022e C4       		.byte	-60
 584 022f 84       		.byte	-124
 585 0230 CC       		.byte	-52
 586 0231 C4       		.byte	-60
 587 0232 CE       		.byte	-50
 588 0233 C4       		.byte	-60
 589 0234 D0       		.byte	-48
 590 0235 66       		.byte	102
 591 0236 D6       		.byte	-42
 592 0237 F0       		.byte	-16
 593 0238 E6       		.byte	-26
 594 0239 08       		.byte	8
 595 023a EA       		.byte	-22
 596 023b 80       		.byte	-128
 597 023c AC       		.byte	-84
 598 023d 04       		.byte	4
 599 023e E6       		.byte	-26
 600 023f 08       		.byte	8
 601 0240 E0       		.byte	-32
 602 0241 08       		.byte	8
 603 0242 E4       		.byte	-28
 604 0243 01       		.byte	1
 605 0244 EA       		.byte	-22
 606 0245 05       		.byte	5
 607 0246 E6       		.byte	-26
 608 0247 80       		.byte	-128
 609 0248 04       		.byte	4
 610 0249 10       		.byte	16
 611 024a 05       		.byte	5
 612 024b 80       		.byte	-128
 613 024c 06       		.byte	6
 614 024d AC       		.byte	-84
 615 024e 08       		.byte	8
 616 024f 0C       		.byte	12
 617 0250 09       		.byte	9
 618 0251 03       		.byte	3
 619 0252 0A       		.byte	10
 620 0253 71       		.byte	113
 621 0254 0B       		.byte	11
 622 0255 44       		.byte	68
 623 0256 15       		.byte	21
 624 0257 73       		.byte	115
 625 0258 16       		.byte	22
 626 0259 03       		.byte	3
 627 025a 17       		.byte	23
ARM GAS  C:\Users\elias\AppData\Local\Temp\ccNhdh8g.s 			page 12


 628 025b 04       		.byte	4
 629 025c 18       		.byte	24
 630 025d 14       		.byte	20
 631 025e 19       		.byte	25
 632 025f 73       		.byte	115
 633 0260 1B       		.byte	27
 634 0261 0C       		.byte	12
 635 0262 1C       		.byte	28
 636 0263 10       		.byte	16
 637 0264 1E       		.byte	30
 638 0265 40       		.byte	64
 639 0266 26       		.byte	38
 640 0267 20       		.byte	32
 641 0268 27       		.byte	39
 642 0269 55       		.byte	85
 643 026a 28       		.byte	40
 644 026b DC       		.byte	-36
 645 026c 29       		.byte	41
 646 026d 2A       		.byte	42
 647 026e 2A       		.byte	42
 648 026f 22       		.byte	34
 649 0270 2B       		.byte	43
 650 0271 44       		.byte	68
 651 0272 2C       		.byte	44
 652 0273 09       		.byte	9
 653 0274 2E       		.byte	46
 654 0275 D0       		.byte	-48
 655 0276 2F       		.byte	47
 656 0277 08       		.byte	8
 657 0278 31       		.byte	49
 658 0279 40       		.byte	64
 659 027a 32       		.byte	50
 660 027b 1F       		.byte	31
 661 027c 33       		.byte	51
 662 027d 0F       		.byte	15
 663 027e 34       		.byte	52
 664 027f E0       		.byte	-32
 665 0280 35       		.byte	53
 666 0281 80       		.byte	-128
 667 0282 37       		.byte	55
 668 0283 30       		.byte	48
 669 0284 39       		.byte	57
 670 0285 80       		.byte	-128
 671 0286 3A       		.byte	58
 672 0287 20       		.byte	32
 673 0288 3B       		.byte	59
 674 0289 08       		.byte	8
 675 028a 3F       		.byte	63
 676 028b 51       		.byte	81
 677 028c 40       		.byte	64
 678 028d 23       		.byte	35
 679 028e 41       		.byte	65
 680 028f 06       		.byte	6
 681 0290 45       		.byte	69
 682 0291 EB       		.byte	-21
 683 0292 46       		.byte	70
 684 0293 C0       		.byte	-64
ARM GAS  C:\Users\elias\AppData\Local\Temp\ccNhdh8g.s 			page 13


 685 0294 47       		.byte	71
 686 0295 0E       		.byte	14
 687 0296 48       		.byte	72
 688 0297 1B       		.byte	27
 689 0298 49       		.byte	73
 690 0299 FF       		.byte	-1
 691 029a 4A       		.byte	74
 692 029b FF       		.byte	-1
 693 029c 4B       		.byte	75
 694 029d FF       		.byte	-1
 695 029e 4E       		.byte	78
 696 029f F0       		.byte	-16
 697 02a0 4F       		.byte	79
 698 02a1 44       		.byte	68
 699 02a2 50       		.byte	80
 700 02a3 0C       		.byte	12
 701 02a4 54       		.byte	84
 702 02a5 01       		.byte	1
 703 02a6 58       		.byte	88
 704 02a7 04       		.byte	4
 705 02a8 59       		.byte	89
 706 02a9 04       		.byte	4
 707 02aa 5A       		.byte	90
 708 02ab 04       		.byte	4
 709 02ac 5B       		.byte	91
 710 02ad 04       		.byte	4
 711 02ae 5F       		.byte	95
 712 02af 01       		.byte	1
 713 02b0 66       		.byte	102
 714 02b1 C0       		.byte	-64
 715 02b2 6A       		.byte	106
 716 02b3 40       		.byte	64
 717 02b4 6B       		.byte	107
 718 02b5 02       		.byte	2
 719 02b6 80       		.byte	-128
 720 02b7 09       		.byte	9
 721 02b8 82       		.byte	-126
 722 02b9 46       		.byte	70
 723 02ba 83       		.byte	-125
 724 02bb 01       		.byte	1
 725 02bc 84       		.byte	-124
 726 02bd 9F       		.byte	-97
 727 02be 8F       		.byte	-113
 728 02bf 01       		.byte	1
 729 02c0 90       		.byte	-112
 730 02c1 04       		.byte	4
 731 02c2 92       		.byte	-110
 732 02c3 38       		.byte	56
 733 02c4 95       		.byte	-107
 734 02c5 02       		.byte	2
 735 02c6 98       		.byte	-104
 736 02c7 12       		.byte	18
 737 02c8 9A       		.byte	-102
 738 02c9 45       		.byte	69
 739 02ca A0       		.byte	-96
 740 02cb 80       		.byte	-128
 741 02cc A4       		.byte	-92
ARM GAS  C:\Users\elias\AppData\Local\Temp\ccNhdh8g.s 			page 14


 742 02cd 9F       		.byte	-97
 743 02ce B0       		.byte	-80
 744 02cf 1C       		.byte	28
 745 02d0 B2       		.byte	-78
 746 02d1 60       		.byte	96
 747 02d2 B3       		.byte	-77
 748 02d3 02       		.byte	2
 749 02d4 B4       		.byte	-76
 750 02d5 03       		.byte	3
 751 02d6 B5       		.byte	-75
 752 02d7 01       		.byte	1
 753 02d8 B6       		.byte	-74
 754 02d9 80       		.byte	-128
 755 02da BB       		.byte	-69
 756 02db 02       		.byte	2
 757 02dc BE       		.byte	-66
 758 02dd 04       		.byte	4
 759 02de BF       		.byte	-65
 760 02df 14       		.byte	20
 761 02e0 D6       		.byte	-42
 762 02e1 02       		.byte	2
 763 02e2 D7       		.byte	-41
 764 02e3 12       		.byte	18
 765 02e4 D8       		.byte	-40
 766 02e5 04       		.byte	4
 767 02e6 D9       		.byte	-39
 768 02e7 04       		.byte	4
 769 02e8 DB       		.byte	-37
 770 02e9 04       		.byte	4
 771 02ea DF       		.byte	-33
 772 02eb 01       		.byte	1
 773 02ec 00       		.byte	0
 774 02ed 0A       		.byte	10
 775 02ee 05       		.byte	5
 776 02ef 10       		.byte	16
 777 02f0 07       		.byte	7
 778 02f1 10       		.byte	16
 779 02f2 0A       		.byte	10
 780 02f3 44       		.byte	68
 781 02f4 0E       		.byte	14
 782 02f5 20       		.byte	32
 783 02f6 0F       		.byte	15
 784 02f7 0A       		.byte	10
 785 02f8 11       		.byte	17
 786 02f9 04       		.byte	4
 787 02fa 13       		.byte	19
 788 02fb 02       		.byte	2
 789 02fc 14       		.byte	20
 790 02fd 10       		.byte	16
 791 02fe 15       		.byte	21
 792 02ff 50       		.byte	80
 793 0300 18       		.byte	24
 794 0301 10       		.byte	16
 795 0302 19       		.byte	25
 796 0303 80       		.byte	-128
 797 0304 1A       		.byte	26
 798 0305 44       		.byte	68
ARM GAS  C:\Users\elias\AppData\Local\Temp\ccNhdh8g.s 			page 15


 799 0306 1D       		.byte	29
 800 0307 10       		.byte	16
 801 0308 1E       		.byte	30
 802 0309 28       		.byte	40
 803 030a 1F       		.byte	31
 804 030b 08       		.byte	8
 805 030c 20       		.byte	32
 806 030d 44       		.byte	68
 807 030e 23       		.byte	35
 808 030f 20       		.byte	32
 809 0310 27       		.byte	39
 810 0311 99       		.byte	-103
 811 0312 2C       		.byte	44
 812 0313 10       		.byte	16
 813 0314 2D       		.byte	45
 814 0315 50       		.byte	80
 815 0316 2F       		.byte	47
 816 0317 25       		.byte	37
 817 0318 33       		.byte	51
 818 0319 08       		.byte	8
 819 031a 36       		.byte	54
 820 031b 0C       		.byte	12
 821 031c 37       		.byte	55
 822 031d 10       		.byte	16
 823 031e 38       		.byte	56
 824 031f 02       		.byte	2
 825 0320 3B       		.byte	59
 826 0321 80       		.byte	-128
 827 0322 3D       		.byte	61
 828 0323 08       		.byte	8
 829 0324 3E       		.byte	62
 830 0325 10       		.byte	16
 831 0326 3F       		.byte	63
 832 0327 20       		.byte	32
 833 0328 44       		.byte	68
 834 0329 10       		.byte	16
 835 032a 47       		.byte	71
 836 032b 10       		.byte	16
 837 032c 4D       		.byte	77
 838 032d 01       		.byte	1
 839 032e 4E       		.byte	78
 840 032f 08       		.byte	8
 841 0330 4F       		.byte	79
 842 0331 08       		.byte	8
 843 0332 55       		.byte	85
 844 0333 04       		.byte	4
 845 0334 57       		.byte	87
 846 0335 10       		.byte	16
 847 0336 5A       		.byte	90
 848 0337 08       		.byte	8
 849 0338 5D       		.byte	93
 850 0339 01       		.byte	1
 851 033a 5E       		.byte	94
 852 033b 10       		.byte	16
 853 033c 5F       		.byte	95
 854 033d 88       		.byte	-120
 855 033e 68       		.byte	104
ARM GAS  C:\Users\elias\AppData\Local\Temp\ccNhdh8g.s 			page 16


 856 033f 04       		.byte	4
 857 0340 69       		.byte	105
 858 0341 04       		.byte	4
 859 0342 6B       		.byte	107
 860 0343 02       		.byte	2
 861 0344 70       		.byte	112
 862 0345 90       		.byte	-112
 863 0346 73       		.byte	115
 864 0347 10       		.byte	16
 865 0348 C0       		.byte	-64
 866 0349 6C       		.byte	108
 867 034a C2       		.byte	-62
 868 034b EA       		.byte	-22
 869 034c C4       		.byte	-60
 870 034d EC       		.byte	-20
 871 034e CA       		.byte	-54
 872 034f 70       		.byte	112
 873 0350 CC       		.byte	-52
 874 0351 62       		.byte	98
 875 0352 CE       		.byte	-50
 876 0353 69       		.byte	105
 877 0354 D0       		.byte	-48
 878 0355 60       		.byte	96
 879 0356 D2       		.byte	-46
 880 0357 20       		.byte	32
 881 0358 D6       		.byte	-42
 882 0359 F2       		.byte	-14
 883 035a E6       		.byte	-26
 884 035b 80       		.byte	-128
 885 035c 84       		.byte	-124
 886 035d 11       		.byte	17
 887 035e 86       		.byte	-122
 888 035f 06       		.byte	6
 889 0360 88       		.byte	-120
 890 0361 11       		.byte	17
 891 0362 8A       		.byte	-118
 892 0363 0E       		.byte	14
 893 0364 94       		.byte	-108
 894 0365 0C       		.byte	12
 895 0366 96       		.byte	-106
 896 0367 13       		.byte	19
 897 0368 9E       		.byte	-98
 898 0369 08       		.byte	8
 899 036a A2       		.byte	-94
 900 036b 40       		.byte	64
 901 036c A6       		.byte	-90
 902 036d 40       		.byte	64
 903 036e A8       		.byte	-88
 904 036f 20       		.byte	32
 905 0370 AA       		.byte	-86
 906 0371 03       		.byte	3
 907 0372 AE       		.byte	-82
 908 0373 0C       		.byte	12
 909 0374 B0       		.byte	-80
 910 0375 30       		.byte	48
 911 0376 B2       		.byte	-78
 912 0377 0F       		.byte	15
ARM GAS  C:\Users\elias\AppData\Local\Temp\ccNhdh8g.s 			page 17


 913 0378 B4       		.byte	-76
 914 0379 40       		.byte	64
 915 037a B8       		.byte	-72
 916 037b 02       		.byte	2
 917 037c BA       		.byte	-70
 918 037d 08       		.byte	8
 919 037e BE       		.byte	-66
 920 037f 10       		.byte	16
 921 0380 C0       		.byte	-64
 922 0381 04       		.byte	4
 923 0382 C7       		.byte	-57
 924 0383 40       		.byte	64
 925 0384 C9       		.byte	-55
 926 0385 FF       		.byte	-1
 927 0386 CA       		.byte	-54
 928 0387 07       		.byte	7
 929 0388 CB       		.byte	-53
 930 0389 FF       		.byte	-1
 931 038a CC       		.byte	-52
 932 038b 40       		.byte	64
 933 038c CD       		.byte	-51
 934 038d 20       		.byte	32
 935 038e CE       		.byte	-50
 936 038f F0       		.byte	-16
 937 0390 CF       		.byte	-49
 938 0391 05       		.byte	5
 939 0392 D0       		.byte	-48
 940 0393 08       		.byte	8
 941 0394 D8       		.byte	-40
 942 0395 04       		.byte	4
 943 0396 DA       		.byte	-38
 944 0397 04       		.byte	4
 945 0398 DF       		.byte	-33
 946 0399 01       		.byte	1
 947 039a E0       		.byte	-32
 948 039b 40       		.byte	64
 949 039c E1       		.byte	-31
 950 039d A8       		.byte	-88
 951 039e E2       		.byte	-30
 952 039f 40       		.byte	64
 953 03a0 E3       		.byte	-29
 954 03a1 20       		.byte	32
 955 03a2 00       		.byte	0
 956 03a3 42       		.byte	66
 957 03a4 01       		.byte	1
 958 03a5 28       		.byte	40
 959 03a6 05       		.byte	5
 960 03a7 10       		.byte	16
 961 03a8 07       		.byte	7
 962 03a9 10       		.byte	16
 963 03aa 0A       		.byte	10
 964 03ab 64       		.byte	100
 965 03ac 0E       		.byte	14
 966 03ad 10       		.byte	16
 967 03ae 0F       		.byte	15
 968 03af 02       		.byte	2
 969 03b0 10       		.byte	16
ARM GAS  C:\Users\elias\AppData\Local\Temp\ccNhdh8g.s 			page 18


 970 03b1 80       		.byte	-128
 971 03b2 12       		.byte	18
 972 03b3 16       		.byte	22
 973 03b4 13       		.byte	19
 974 03b5 10       		.byte	16
 975 03b6 15       		.byte	21
 976 03b7 48       		.byte	72
 977 03b8 16       		.byte	22
 978 03b9 08       		.byte	8
 979 03ba 17       		.byte	23
 980 03bb 02       		.byte	2
 981 03bc 18       		.byte	24
 982 03bd 02       		.byte	2
 983 03be 19       		.byte	25
 984 03bf 2D       		.byte	45
 985 03c0 1E       		.byte	30
 986 03c1 18       		.byte	24
 987 03c2 1F       		.byte	31
 988 03c3 05       		.byte	5
 989 03c4 21       		.byte	33
 990 03c5 80       		.byte	-128
 991 03c6 22       		.byte	34
 992 03c7 15       		.byte	21
 993 03c8 23       		.byte	35
 994 03c9 02       		.byte	2
 995 03ca 29       		.byte	41
 996 03cb A0       		.byte	-96
 997 03cc 2A       		.byte	42
 998 03cd 02       		.byte	2
 999 03ce 2E       		.byte	46
 1000 03cf 08       		.byte	8
 1001 03d0 2F       		.byte	47
 1002 03d1 20       		.byte	32
 1003 03d2 30       		.byte	48
 1004 03d3 80       		.byte	-128
 1005 03d4 31       		.byte	49
 1006 03d5 04       		.byte	4
 1007 03d6 32       		.byte	50
 1008 03d7 11       		.byte	17
 1009 03d8 38       		.byte	56
 1010 03d9 60       		.byte	96
 1011 03da 3A       		.byte	58
 1012 03db 14       		.byte	20
 1013 03dc 40       		.byte	64
 1014 03dd 50       		.byte	80
 1015 03de 41       		.byte	65
 1016 03df 80       		.byte	-128
 1017 03e0 47       		.byte	71
 1018 03e1 01       		.byte	1
 1019 03e2 49       		.byte	73
 1020 03e3 A0       		.byte	-96
 1021 03e4 4A       		.byte	74
 1022 03e5 02       		.byte	2
 1023 03e6 51       		.byte	81
 1024 03e7 04       		.byte	4
 1025 03e8 53       		.byte	83
 1026 03e9 40       		.byte	64
ARM GAS  C:\Users\elias\AppData\Local\Temp\ccNhdh8g.s 			page 19


 1027 03ea 57       		.byte	87
 1028 03eb 21       		.byte	33
 1029 03ec 59       		.byte	89
 1030 03ed 01       		.byte	1
 1031 03ee 60       		.byte	96
 1032 03ef 04       		.byte	4
 1033 03f0 62       		.byte	98
 1034 03f1 80       		.byte	-128
 1035 03f2 82       		.byte	-126
 1036 03f3 84       		.byte	-124
 1037 03f4 88       		.byte	-120
 1038 03f5 01       		.byte	1
 1039 03f6 8A       		.byte	-118
 1040 03f7 02       		.byte	2
 1041 03f8 90       		.byte	-112
 1042 03f9 74       		.byte	116
 1043 03fa 91       		.byte	-111
 1044 03fb 40       		.byte	64
 1045 03fc 92       		.byte	-110
 1046 03fd 44       		.byte	68
 1047 03fe 93       		.byte	-109
 1048 03ff 10       		.byte	16
 1049 0400 94       		.byte	-108
 1050 0401 02       		.byte	2
 1051 0402 96       		.byte	-106
 1052 0403 08       		.byte	8
 1053 0404 97       		.byte	-105
 1054 0405 8A       		.byte	-118
 1055 0406 99       		.byte	-103
 1056 0407 90       		.byte	-112
 1057 0408 9B       		.byte	-101
 1058 0409 11       		.byte	17
 1059 040a A0       		.byte	-96
 1060 040b 80       		.byte	-128
 1061 040c A4       		.byte	-92
 1062 040d 01       		.byte	1
 1063 040e A7       		.byte	-89
 1064 040f 21       		.byte	33
 1065 0410 B7       		.byte	-73
 1066 0411 20       		.byte	32
 1067 0412 C0       		.byte	-64
 1068 0413 6F       		.byte	111
 1069 0414 C2       		.byte	-62
 1070 0415 AE       		.byte	-82
 1071 0416 C4       		.byte	-60
 1072 0417 FF       		.byte	-1
 1073 0418 CA       		.byte	-54
 1074 0419 0D       		.byte	13
 1075 041a CC       		.byte	-52
 1076 041b 0F       		.byte	15
 1077 041c CE       		.byte	-50
 1078 041d 0E       		.byte	14
 1079 041e D0       		.byte	-48
 1080 041f 8B       		.byte	-117
 1081 0420 D2       		.byte	-46
 1082 0421 0C       		.byte	12
 1083 0422 D6       		.byte	-42
ARM GAS  C:\Users\elias\AppData\Local\Temp\ccNhdh8g.s 			page 20


 1084 0423 01       		.byte	1
 1085 0424 D8       		.byte	-40
 1086 0425 0C       		.byte	12
 1087 0426 E0       		.byte	-32
 1088 0427 08       		.byte	8
 1089 0428 E4       		.byte	-28
 1090 0429 01       		.byte	1
 1091 042a EA       		.byte	-22
 1092 042b 05       		.byte	5
 1093 042c 33       		.byte	51
 1094 042d 80       		.byte	-128
 1095 042e CC       		.byte	-52
 1096 042f 10       		.byte	16
 1097 0430 53       		.byte	83
 1098 0431 10       		.byte	16
 1099 0432 57       		.byte	87
 1100 0433 01       		.byte	1
 1101 0434 58       		.byte	88
 1102 0435 10       		.byte	16
 1103 0436 63       		.byte	99
 1104 0437 10       		.byte	16
 1105 0438 87       		.byte	-121
 1106 0439 10       		.byte	16
 1107 043a A7       		.byte	-89
 1108 043b 80       		.byte	-128
 1109 043c D4       		.byte	-44
 1110 043d A0       		.byte	-96
 1111 043e D6       		.byte	-42
 1112 043f 20       		.byte	32
 1113 0440 D8       		.byte	-40
 1114 0441 40       		.byte	64
 1115 0442 E2       		.byte	-30
 1116 0443 10       		.byte	16
 1117 0444 3E       		.byte	62
 1118 0445 10       		.byte	16
 1119 0446 87       		.byte	-121
 1120 0447 80       		.byte	-128
 1121 0448 9C       		.byte	-100
 1122 0449 10       		.byte	16
 1123 044a A7       		.byte	-89
 1124 044b 80       		.byte	-128
 1125 044c AF       		.byte	-81
 1126 044d 10       		.byte	16
 1127 044e B3       		.byte	-77
 1128 044f 01       		.byte	1
 1129 0450 CE       		.byte	-50
 1130 0451 20       		.byte	32
 1131 0452 E6       		.byte	-26
 1132 0453 10       		.byte	16
 1133 0454 EE       		.byte	-18
 1134 0455 40       		.byte	64
 1135 0456 96       		.byte	-106
 1136 0457 10       		.byte	16
 1137 0458 AC       		.byte	-84
 1138 0459 10       		.byte	16
 1139 045a EE       		.byte	-18
 1140 045b 40       		.byte	64
ARM GAS  C:\Users\elias\AppData\Local\Temp\ccNhdh8g.s 			page 21


 1141 045c 1B       		.byte	27
 1142 045d 01       		.byte	1
 1143 045e 87       		.byte	-121
 1144 045f 01       		.byte	1
 1145 0460 C6       		.byte	-58
 1146 0461 08       		.byte	8
 1147 0462 8B       		.byte	-117
 1148 0463 02       		.byte	2
 1149 0464 96       		.byte	-106
 1150 0465 10       		.byte	16
 1151 0466 12       		.byte	18
 1152 0467 20       		.byte	32
 1153 0468 16       		.byte	22
 1154 0469 40       		.byte	64
 1155 046a 77       		.byte	119
 1156 046b 10       		.byte	16
 1157 046c 7B       		.byte	123
 1158 046d 02       		.byte	2
 1159 046e 82       		.byte	-126
 1160 046f 20       		.byte	32
 1161 0470 86       		.byte	-122
 1162 0471 40       		.byte	64
 1163 0472 9B       		.byte	-101
 1164 0473 10       		.byte	16
 1165 0474 A3       		.byte	-93
 1166 0475 02       		.byte	2
 1167 0476 AA       		.byte	-86
 1168 0477 10       		.byte	16
 1169 0478 AB       		.byte	-85
 1170 0479 10       		.byte	16
 1171 047a C4       		.byte	-60
 1172 047b 30       		.byte	48
 1173 047c DC       		.byte	-36
 1174 047d 80       		.byte	-128
 1175 047e DE       		.byte	-34
 1176 047f 20       		.byte	32
 1177 0480 E0       		.byte	-32
 1178 0481 10       		.byte	16
 1179 0482 E4       		.byte	-28
 1180 0483 80       		.byte	-128
 1181 0484 EA       		.byte	-22
 1182 0485 A0       		.byte	-96
 1183 0486 13       		.byte	19
 1184 0487 28       		.byte	40
 1185 0488 16       		.byte	22
 1186 0489 20       		.byte	32
 1187 048a 7B       		.byte	123
 1188 048b 10       		.byte	16
 1189 048c 7F       		.byte	127
 1190 048d 40       		.byte	64
 1191 048e 8B       		.byte	-117
 1192 048f 08       		.byte	8
 1193 0490 C4       		.byte	-60
 1194 0491 0E       		.byte	14
 1195 0492 DE       		.byte	-34
 1196 0493 03       		.byte	3
 1197 0494 E6       		.byte	-26
ARM GAS  C:\Users\elias\AppData\Local\Temp\ccNhdh8g.s 			page 22


 1198 0495 01       		.byte	1
 1199 0496 10       		.byte	16
 1200 0497 40       		.byte	64
 1201 0498 72       		.byte	114
 1202 0499 10       		.byte	16
 1203 049a 83       		.byte	-125
 1204 049b 10       		.byte	16
 1205 049c 87       		.byte	-121
 1206 049d 40       		.byte	64
 1207 049e 88       		.byte	-120
 1208 049f 40       		.byte	64
 1209 04a0 92       		.byte	-110
 1210 04a1 10       		.byte	16
 1211 04a2 97       		.byte	-105
 1212 04a3 80       		.byte	-128
 1213 04a4 A7       		.byte	-89
 1214 04a5 10       		.byte	16
 1215 04a6 AA       		.byte	-86
 1216 04a7 20       		.byte	32
 1217 04a8 AB       		.byte	-85
 1218 04a9 20       		.byte	32
 1219 04aa B6       		.byte	-74
 1220 04ab 10       		.byte	16
 1221 04ac C4       		.byte	-60
 1222 04ad 08       		.byte	8
 1223 04ae DC       		.byte	-36
 1224 04af 01       		.byte	1
 1225 04b0 E2       		.byte	-30
 1226 04b1 01       		.byte	1
 1227 04b2 EC       		.byte	-20
 1228 04b3 08       		.byte	8
 1229 04b4 00       		.byte	0
 1230 04b5 02       		.byte	2
 1231 04b6 08       		.byte	8
 1232 04b7 02       		.byte	2
 1233 04b8 0A       		.byte	10
 1234 04b9 02       		.byte	2
 1235 04ba 10       		.byte	16
 1236 04bb 01       		.byte	1
 1237 04bc 1C       		.byte	28
 1238 04bd 01       		.byte	1
 1239 04be 00       		.byte	0
 1240 04bf 03       		.byte	3
 1241 04c0 03       		.byte	3
 1242 04c1 C0       		.byte	-64
 1243 04c2 00       		.byte	0
 1244 04c3 00       		.byte	0
 1245 04c4 02       		.byte	2
 1246 04c5 80       		.byte	-128
 1247 04c6 00       		.byte	0
 1248 04c7 00       		.byte	0
 1249 04c8 43       		.byte	67
 1250 04c9 00       		.byte	0
 1251 04ca 00       		.byte	0
 1252 04cb 00       		.byte	0
 1253 04cc 41       		.byte	65
 1254 04cd 00       		.byte	0
ARM GAS  C:\Users\elias\AppData\Local\Temp\ccNhdh8g.s 			page 23


 1255 04ce 00       		.byte	0
 1256 04cf 00       		.byte	0
 1257 04d0 0F       		.byte	15
 1258 04d1 18       		.byte	24
 1259 04d2 F0       		.byte	-16
 1260 04d3 00       		.byte	0
 1261 04d4 F3       		.byte	-13
 1262 04d5 08       		.byte	8
 1263 04d6 0C       		.byte	12
 1264 04d7 00       		.byte	0
 1265 04d8 FF       		.byte	-1
 1266 04d9 BF       		.byte	-65
 1267 04da 00       		.byte	0
 1268 04db 00       		.byte	0
 1269 04dc C3       		.byte	-61
 1270 04dd 00       		.byte	0
 1271 04de 00       		.byte	0
 1272 04df 04       		.byte	4
 1273 04e0 0C       		.byte	12
 1274 04e1 9C       		.byte	-100
 1275 04e2 F3       		.byte	-13
 1276 04e3 21       		.byte	33
 1277 04e4 82       		.byte	-126
 1278 04e5 BC       		.byte	-68
 1279 04e6 00       		.byte	0
 1280 04e7 02       		.byte	2
 1281 04e8 00       		.byte	0
 1282 04e9 10       		.byte	16
 1283 04ea 00       		.byte	0
 1284 04eb 00       		.byte	0
 1285 04ec 08       		.byte	8
 1286 04ed 04       		.byte	4
 1287 04ee 00       		.byte	0
 1288 04ef 40       		.byte	64
 1289 04f0 04       		.byte	4
 1290 04f1 00       		.byte	0
 1291 04f2 00       		.byte	0
 1292 04f3 00       		.byte	0
 1293 04f4 0C       		.byte	12
 1294 04f5 A7       		.byte	-89
 1295 04f6 00       		.byte	0
 1296 04f7 18       		.byte	24
 1297 04f8 00       		.byte	0
 1298 04f9 00       		.byte	0
 1299 04fa E3       		.byte	-29
 1300 04fb 23       		.byte	35
 1301 04fc C0       		.byte	-64
 1302 04fd 40       		.byte	64
 1303 04fe 2C       		.byte	44
 1304 04ff 80       		.byte	-128
 1305 0500 0F       		.byte	15
 1306 0501 1F       		.byte	31
 1307 0502 10       		.byte	16
 1308 0503 38       		.byte	56
 1309 0504 80       		.byte	-128
 1310 0505 00       		.byte	0
 1311 0506 28       		.byte	40
ARM GAS  C:\Users\elias\AppData\Local\Temp\ccNhdh8g.s 			page 24


 1312 0507 20       		.byte	32
 1313 0508 00       		.byte	0
 1314 0509 00       		.byte	0
 1315 050a 00       		.byte	0
 1316 050b 04       		.byte	4
 1317 050c 65       		.byte	101
 1318 050d 04       		.byte	4
 1319 050e 01       		.byte	1
 1320 050f 00       		.byte	0
 1321 0510 03       		.byte	3
 1322 0511 00       		.byte	0
 1323 0512 0E       		.byte	14
 1324 0513 0C       		.byte	12
 1325 0514 14       		.byte	20
 1326 0515 FF       		.byte	-1
 1327 0516 FF       		.byte	-1
 1328 0517 FF       		.byte	-1
 1329 0518 62       		.byte	98
 1330 0519 A0       		.byte	-96
 1331 051a F0       		.byte	-16
 1332 051b 41       		.byte	65
 1333 051c 0C       		.byte	12
 1334 051d 00       		.byte	0
 1335 051e 00       		.byte	0
 1336 051f 00       		.byte	0
 1337 0520 18       		.byte	24
 1338 0521 00       		.byte	0
 1339 0522 00       		.byte	0
 1340 0523 00       		.byte	0
 1341 0524 04       		.byte	4
 1342 0525 04       		.byte	4
 1343 0526 04       		.byte	4
 1344 0527 04       		.byte	4
 1345 0528 00       		.byte	0
 1346 0529 00       		.byte	0
 1347 052a 00       		.byte	0
 1348 052b 01       		.byte	1
 1349 052c 00       		.byte	0
 1350 052d 00       		.byte	0
 1351 052e 00       		.byte	0
 1352 052f 00       		.byte	0
 1353 0530 00       		.byte	0
 1354 0531 00       		.byte	0
 1355 0532 40       		.byte	64
 1356 0533 02       		.byte	2
 1357 0534 00       		.byte	0
 1358 0535 10       		.byte	16
 1359 0536 30       		.byte	48
 1360 0537 10       		.byte	16
 1361 0538 00       		.byte	0
 1362 0539 10       		.byte	16
 1363 053a 10       		.byte	16
 1364 053b 12       		.byte	18
 1365 053c 00       		.byte	0
 1366 053d 00       		.byte	0
 1367 053e 00       		.byte	0
 1368 053f 00       		.byte	0
ARM GAS  C:\Users\elias\AppData\Local\Temp\ccNhdh8g.s 			page 25


 1369 0540 00       		.byte	0
 1370 0541 00       		.byte	0
 1371 0542 00       		.byte	0
 1372 0543 00       		.byte	0
 1373 0544 00       		.byte	0
 1374 0545 00       		.byte	0
 1375 0546 00       		.byte	0
 1376 0547 00       		.byte	0
 1377 0548 00       		.byte	0
 1378 0549 00       		.byte	0
 1379 054a 00       		.byte	0
 1380 054b 00       		.byte	0
 1381 054c 00       		.byte	0
 1382 054d 1E       		.byte	30
 1383 054e 1E       		.byte	30
 1384 054f 00       		.byte	0
 1385 0550 1E       		.byte	30
 1386 0551 00       		.byte	0
 1387 0552 20       		.byte	32
 1388 0553 00       		.byte	0
 1389 0554 83       		.byte	-125
 1390 0555 00       		.byte	0
 1391 0556 40       		.byte	64
 1392 0557 80       		.byte	-128
 1393 0558 83       		.byte	-125
 1394 0559 00       		.byte	0
 1395 055a 83       		.byte	-125
 1396 055b 00       		.byte	0
 1397 055c 00       		.byte	0
 1398 055d 00       		.byte	0
 1399 055e 00       		.byte	0
 1400 055f 00       		.byte	0
 1401 0560 F0       		.byte	-16
 1402 0561 FB       		.byte	-5
 1403 0562 0B       		.byte	11
 1404 0563 00       		.byte	0
 1405 0564 00       		.byte	0
 1406 0565 00       		.byte	0
 1407 0566 00       		.byte	0
 1408 0567 00       		.byte	0
 1409 0568 00       		.byte	0
 1410 0569 1F       		.byte	31
 1411 056a 1F       		.byte	31
 1412 056b 00       		.byte	0
 1413 056c 00       		.byte	0
 1414 056d 00       		.byte	0
 1415 056e 00       		.byte	0
 1416 056f 00       		.byte	0
 1417 0570 0E       		.byte	14
 1418 0571 00       		.byte	0
 1419 0572 18       		.byte	24
 1420 0573 01       		.byte	1
 1421              		.global	cy_meta_custnvl
 1422              		.section	.cycustnvl,"a",%progbits
 1423              		.align	2
 1424              		.type	cy_meta_custnvl, %object
 1425              		.size	cy_meta_custnvl, 4
ARM GAS  C:\Users\elias\AppData\Local\Temp\ccNhdh8g.s 			page 26


 1426              	cy_meta_custnvl:
 1427 0000 00       		.byte	0
 1428 0001 00       		.byte	0
 1429 0002 40       		.byte	64
 1430 0003 05       		.byte	5
 1431              		.global	cy_meta_wonvl
 1432              		.section	.cywolatch,"a",%progbits
 1433              		.align	2
 1434              		.type	cy_meta_wonvl, %object
 1435              		.size	cy_meta_wonvl, 4
 1436              	cy_meta_wonvl:
 1437 0000 BC       		.byte	-68
 1438 0001 90       		.byte	-112
 1439 0002 AC       		.byte	-84
 1440 0003 AF       		.byte	-81
 1441              		.global	cy_meta_flashprotect
 1442              		.section	.cyflashprotect,"a",%progbits
 1443              		.align	2
 1444              		.type	cy_meta_flashprotect, %object
 1445              		.size	cy_meta_flashprotect, 256
 1446              	cy_meta_flashprotect:
 1447 0000 00000000 		.space	256
 1447      00000000 
 1447      00000000 
 1447      00000000 
 1447      00000000 
 1448              		.global	cy_metadata
 1449              		.section	.cymeta,"a",%progbits
 1450              		.align	2
 1451              		.type	cy_metadata, %object
 1452              		.size	cy_metadata, 12
 1453              	cy_metadata:
 1454 0000 00       		.byte	0
 1455 0001 01       		.byte	1
 1456 0002 2E       		.byte	46
 1457 0003 16       		.byte	22
 1458 0004 10       		.byte	16
 1459 0005 69       		.byte	105
 1460 0006 00       		.byte	0
 1461 0007 01       		.byte	1
 1462 0008 00       		.byte	0
 1463 0009 00       		.byte	0
 1464 000a 00       		.byte	0
 1465 000b 00       		.byte	0
 1466              		.text
 1467              	.Letext0:
 1468              		.file 1 "c:\\program files (x86)\\cypress\\psoc creator\\4.4\\psoc creator\\import\\gnu\\arm\\5.4.
 1469              		.file 2 "c:\\program files (x86)\\cypress\\psoc creator\\4.4\\psoc creator\\import\\gnu\\arm\\5.4.
 1470              		.file 3 "Generated_Source\\PSoC5\\cymetadata.c"
 1471              		.section	.debug_info,"",%progbits
 1472              	.Ldebug_info0:
 1473 0000 32010000 		.4byte	0x132
 1474 0004 0400     		.2byte	0x4
 1475 0006 00000000 		.4byte	.Ldebug_abbrev0
 1476 000a 04       		.byte	0x4
 1477 000b 01       		.uleb128 0x1
 1478 000c 0A000000 		.4byte	.LASF17
ARM GAS  C:\Users\elias\AppData\Local\Temp\ccNhdh8g.s 			page 27


 1479 0010 0C       		.byte	0xc
 1480 0011 C9010000 		.4byte	.LASF18
 1481 0015 98000000 		.4byte	.LASF19
 1482 0019 00000000 		.4byte	.Ldebug_line0
 1483 001d 02       		.uleb128 0x2
 1484 001e 01       		.byte	0x1
 1485 001f 06       		.byte	0x6
 1486 0020 BD010000 		.4byte	.LASF0
 1487 0024 03       		.uleb128 0x3
 1488 0025 00000000 		.4byte	.LASF9
 1489 0029 01       		.byte	0x1
 1490 002a 1D       		.byte	0x1d
 1491 002b 2F000000 		.4byte	0x2f
 1492 002f 02       		.uleb128 0x2
 1493 0030 01       		.byte	0x1
 1494 0031 08       		.byte	0x8
 1495 0032 EF000000 		.4byte	.LASF1
 1496 0036 02       		.uleb128 0x2
 1497 0037 02       		.byte	0x2
 1498 0038 05       		.byte	0x5
 1499 0039 AA010000 		.4byte	.LASF2
 1500 003d 02       		.uleb128 0x2
 1501 003e 02       		.byte	0x2
 1502 003f 07       		.byte	0x7
 1503 0040 0F010000 		.4byte	.LASF3
 1504 0044 02       		.uleb128 0x2
 1505 0045 04       		.byte	0x4
 1506 0046 05       		.byte	0x5
 1507 0047 B4010000 		.4byte	.LASF4
 1508 004b 02       		.uleb128 0x2
 1509 004c 04       		.byte	0x4
 1510 004d 07       		.byte	0x7
 1511 004e FD000000 		.4byte	.LASF5
 1512 0052 02       		.uleb128 0x2
 1513 0053 08       		.byte	0x8
 1514 0054 05       		.byte	0x5
 1515 0055 9C010000 		.4byte	.LASF6
 1516 0059 02       		.uleb128 0x2
 1517 005a 08       		.byte	0x8
 1518 005b 07       		.byte	0x7
 1519 005c 51010000 		.4byte	.LASF7
 1520 0060 04       		.uleb128 0x4
 1521 0061 04       		.byte	0x4
 1522 0062 05       		.byte	0x5
 1523 0063 696E7400 		.ascii	"int\000"
 1524 0067 02       		.uleb128 0x2
 1525 0068 04       		.byte	0x4
 1526 0069 07       		.byte	0x7
 1527 006a 44010000 		.4byte	.LASF8
 1528 006e 03       		.uleb128 0x3
 1529 006f 68010000 		.4byte	.LASF10
 1530 0073 02       		.byte	0x2
 1531 0074 18       		.byte	0x18
 1532 0075 24000000 		.4byte	0x24
 1533 0079 05       		.uleb128 0x5
 1534 007a 91000000 		.4byte	0x91
 1535 007e 8A000000 		.4byte	0x8a
ARM GAS  C:\Users\elias\AppData\Local\Temp\ccNhdh8g.s 			page 28


 1536 0082 06       		.uleb128 0x6
 1537 0083 8A000000 		.4byte	0x8a
 1538 0087 7305     		.2byte	0x573
 1539 0089 00       		.byte	0
 1540 008a 02       		.uleb128 0x2
 1541 008b 04       		.byte	0x4
 1542 008c 07       		.byte	0x7
 1543 008d 93010000 		.4byte	.LASF11
 1544 0091 07       		.uleb128 0x7
 1545 0092 6E000000 		.4byte	0x6e
 1546 0096 08       		.uleb128 0x8
 1547 0097 32010000 		.4byte	.LASF12
 1548 009b 03       		.byte	0x3
 1549 009c 1F       		.byte	0x1f
 1550 009d A7000000 		.4byte	0xa7
 1551 00a1 05       		.uleb128 0x5
 1552 00a2 03       		.byte	0x3
 1553 00a3 00000000 		.4byte	cy_meta_configecc
 1554 00a7 07       		.uleb128 0x7
 1555 00a8 79000000 		.4byte	0x79
 1556 00ac 05       		.uleb128 0x5
 1557 00ad 91000000 		.4byte	0x91
 1558 00b1 BC000000 		.4byte	0xbc
 1559 00b5 09       		.uleb128 0x9
 1560 00b6 8A000000 		.4byte	0x8a
 1561 00ba 03       		.byte	0x3
 1562 00bb 00       		.byte	0
 1563 00bc 08       		.uleb128 0x8
 1564 00bd 22010000 		.4byte	.LASF13
 1565 00c1 03       		.byte	0x3
 1566 00c2 DB       		.byte	0xdb
 1567 00c3 CD000000 		.4byte	0xcd
 1568 00c7 05       		.uleb128 0x5
 1569 00c8 03       		.byte	0x3
 1570 00c9 00000000 		.4byte	cy_meta_custnvl
 1571 00cd 07       		.uleb128 0x7
 1572 00ce AC000000 		.4byte	0xac
 1573 00d2 08       		.uleb128 0x8
 1574 00d3 85010000 		.4byte	.LASF14
 1575 00d7 03       		.byte	0x3
 1576 00d8 E9       		.byte	0xe9
 1577 00d9 E3000000 		.4byte	0xe3
 1578 00dd 05       		.uleb128 0x5
 1579 00de 03       		.byte	0x3
 1580 00df 00000000 		.4byte	cy_meta_wonvl
 1581 00e3 07       		.uleb128 0x7
 1582 00e4 AC000000 		.4byte	0xac
 1583 00e8 05       		.uleb128 0x5
 1584 00e9 91000000 		.4byte	0x91
 1585 00ed F8000000 		.4byte	0xf8
 1586 00f1 09       		.uleb128 0x9
 1587 00f2 8A000000 		.4byte	0x8a
 1588 00f6 FF       		.byte	0xff
 1589 00f7 00       		.byte	0
 1590 00f8 08       		.uleb128 0x8
 1591 00f9 70010000 		.4byte	.LASF15
 1592 00fd 03       		.byte	0x3
ARM GAS  C:\Users\elias\AppData\Local\Temp\ccNhdh8g.s 			page 29


 1593 00fe F7       		.byte	0xf7
 1594 00ff 09010000 		.4byte	0x109
 1595 0103 05       		.uleb128 0x5
 1596 0104 03       		.byte	0x3
 1597 0105 00000000 		.4byte	cy_meta_flashprotect
 1598 0109 07       		.uleb128 0x7
 1599 010a E8000000 		.4byte	0xe8
 1600 010e 05       		.uleb128 0x5
 1601 010f 91000000 		.4byte	0x91
 1602 0113 1E010000 		.4byte	0x11e
 1603 0117 09       		.uleb128 0x9
 1604 0118 8A000000 		.4byte	0x8a
 1605 011c 0B       		.byte	0xb
 1606 011d 00       		.byte	0
 1607 011e 0A       		.uleb128 0xa
 1608 011f E3000000 		.4byte	.LASF16
 1609 0123 03       		.byte	0x3
 1610 0124 2401     		.2byte	0x124
 1611 0126 30010000 		.4byte	0x130
 1612 012a 05       		.uleb128 0x5
 1613 012b 03       		.byte	0x3
 1614 012c 00000000 		.4byte	cy_metadata
 1615 0130 07       		.uleb128 0x7
 1616 0131 0E010000 		.4byte	0x10e
 1617 0135 00       		.byte	0
 1618              		.section	.debug_abbrev,"",%progbits
 1619              	.Ldebug_abbrev0:
 1620 0000 01       		.uleb128 0x1
 1621 0001 11       		.uleb128 0x11
 1622 0002 01       		.byte	0x1
 1623 0003 25       		.uleb128 0x25
 1624 0004 0E       		.uleb128 0xe
 1625 0005 13       		.uleb128 0x13
 1626 0006 0B       		.uleb128 0xb
 1627 0007 03       		.uleb128 0x3
 1628 0008 0E       		.uleb128 0xe
 1629 0009 1B       		.uleb128 0x1b
 1630 000a 0E       		.uleb128 0xe
 1631 000b 10       		.uleb128 0x10
 1632 000c 17       		.uleb128 0x17
 1633 000d 00       		.byte	0
 1634 000e 00       		.byte	0
 1635 000f 02       		.uleb128 0x2
 1636 0010 24       		.uleb128 0x24
 1637 0011 00       		.byte	0
 1638 0012 0B       		.uleb128 0xb
 1639 0013 0B       		.uleb128 0xb
 1640 0014 3E       		.uleb128 0x3e
 1641 0015 0B       		.uleb128 0xb
 1642 0016 03       		.uleb128 0x3
 1643 0017 0E       		.uleb128 0xe
 1644 0018 00       		.byte	0
 1645 0019 00       		.byte	0
 1646 001a 03       		.uleb128 0x3
 1647 001b 16       		.uleb128 0x16
 1648 001c 00       		.byte	0
 1649 001d 03       		.uleb128 0x3
ARM GAS  C:\Users\elias\AppData\Local\Temp\ccNhdh8g.s 			page 30


 1650 001e 0E       		.uleb128 0xe
 1651 001f 3A       		.uleb128 0x3a
 1652 0020 0B       		.uleb128 0xb
 1653 0021 3B       		.uleb128 0x3b
 1654 0022 0B       		.uleb128 0xb
 1655 0023 49       		.uleb128 0x49
 1656 0024 13       		.uleb128 0x13
 1657 0025 00       		.byte	0
 1658 0026 00       		.byte	0
 1659 0027 04       		.uleb128 0x4
 1660 0028 24       		.uleb128 0x24
 1661 0029 00       		.byte	0
 1662 002a 0B       		.uleb128 0xb
 1663 002b 0B       		.uleb128 0xb
 1664 002c 3E       		.uleb128 0x3e
 1665 002d 0B       		.uleb128 0xb
 1666 002e 03       		.uleb128 0x3
 1667 002f 08       		.uleb128 0x8
 1668 0030 00       		.byte	0
 1669 0031 00       		.byte	0
 1670 0032 05       		.uleb128 0x5
 1671 0033 01       		.uleb128 0x1
 1672 0034 01       		.byte	0x1
 1673 0035 49       		.uleb128 0x49
 1674 0036 13       		.uleb128 0x13
 1675 0037 01       		.uleb128 0x1
 1676 0038 13       		.uleb128 0x13
 1677 0039 00       		.byte	0
 1678 003a 00       		.byte	0
 1679 003b 06       		.uleb128 0x6
 1680 003c 21       		.uleb128 0x21
 1681 003d 00       		.byte	0
 1682 003e 49       		.uleb128 0x49
 1683 003f 13       		.uleb128 0x13
 1684 0040 2F       		.uleb128 0x2f
 1685 0041 05       		.uleb128 0x5
 1686 0042 00       		.byte	0
 1687 0043 00       		.byte	0
 1688 0044 07       		.uleb128 0x7
 1689 0045 26       		.uleb128 0x26
 1690 0046 00       		.byte	0
 1691 0047 49       		.uleb128 0x49
 1692 0048 13       		.uleb128 0x13
 1693 0049 00       		.byte	0
 1694 004a 00       		.byte	0
 1695 004b 08       		.uleb128 0x8
 1696 004c 34       		.uleb128 0x34
 1697 004d 00       		.byte	0
 1698 004e 03       		.uleb128 0x3
 1699 004f 0E       		.uleb128 0xe
 1700 0050 3A       		.uleb128 0x3a
 1701 0051 0B       		.uleb128 0xb
 1702 0052 3B       		.uleb128 0x3b
 1703 0053 0B       		.uleb128 0xb
 1704 0054 49       		.uleb128 0x49
 1705 0055 13       		.uleb128 0x13
 1706 0056 3F       		.uleb128 0x3f
ARM GAS  C:\Users\elias\AppData\Local\Temp\ccNhdh8g.s 			page 31


 1707 0057 19       		.uleb128 0x19
 1708 0058 02       		.uleb128 0x2
 1709 0059 18       		.uleb128 0x18
 1710 005a 00       		.byte	0
 1711 005b 00       		.byte	0
 1712 005c 09       		.uleb128 0x9
 1713 005d 21       		.uleb128 0x21
 1714 005e 00       		.byte	0
 1715 005f 49       		.uleb128 0x49
 1716 0060 13       		.uleb128 0x13
 1717 0061 2F       		.uleb128 0x2f
 1718 0062 0B       		.uleb128 0xb
 1719 0063 00       		.byte	0
 1720 0064 00       		.byte	0
 1721 0065 0A       		.uleb128 0xa
 1722 0066 34       		.uleb128 0x34
 1723 0067 00       		.byte	0
 1724 0068 03       		.uleb128 0x3
 1725 0069 0E       		.uleb128 0xe
 1726 006a 3A       		.uleb128 0x3a
 1727 006b 0B       		.uleb128 0xb
 1728 006c 3B       		.uleb128 0x3b
 1729 006d 05       		.uleb128 0x5
 1730 006e 49       		.uleb128 0x49
 1731 006f 13       		.uleb128 0x13
 1732 0070 3F       		.uleb128 0x3f
 1733 0071 19       		.uleb128 0x19
 1734 0072 02       		.uleb128 0x2
 1735 0073 18       		.uleb128 0x18
 1736 0074 00       		.byte	0
 1737 0075 00       		.byte	0
 1738 0076 00       		.byte	0
 1739              		.section	.debug_aranges,"",%progbits
 1740 0000 14000000 		.4byte	0x14
 1741 0004 0200     		.2byte	0x2
 1742 0006 00000000 		.4byte	.Ldebug_info0
 1743 000a 04       		.byte	0x4
 1744 000b 00       		.byte	0
 1745 000c 0000     		.2byte	0
 1746 000e 0000     		.2byte	0
 1747 0010 00000000 		.4byte	0
 1748 0014 00000000 		.4byte	0
 1749              		.section	.debug_line,"",%progbits
 1750              	.Ldebug_line0:
 1751 0000 3D010000 		.section	.debug_str,"MS",%progbits,1
 1751      02003701 
 1751      00000201 
 1751      FB0E0D00 
 1751      01010101 
 1752              	.LASF9:
 1753 0000 5F5F7569 		.ascii	"__uint8_t\000"
 1753      6E74385F 
 1753      7400
 1754              	.LASF17:
 1755 000a 474E5520 		.ascii	"GNU C11 5.4.1 20160609 (release) [ARM/embedded-5-br"
 1755      43313120 
 1755      352E342E 
ARM GAS  C:\Users\elias\AppData\Local\Temp\ccNhdh8g.s 			page 32


 1755      31203230 
 1755      31363036 
 1756 003d 616E6368 		.ascii	"anch revision 237715] -mcpu=cortex-m3 -mthumb -g -O"
 1756      20726576 
 1756      6973696F 
 1756      6E203233 
 1756      37373135 
 1757 0070 30202D66 		.ascii	"0 -ffunction-sections -ffat-lto-objects\000"
 1757      66756E63 
 1757      74696F6E 
 1757      2D736563 
 1757      74696F6E 
 1758              	.LASF19:
 1759 0098 433A5C55 		.ascii	"C:\\Users\\elias\\OneDrive\\Documents\\Documentos\\"
 1759      73657273 
 1759      5C656C69 
 1759      61735C4F 
 1759      6E654472 
 1760 00c5 50536F43 		.ascii	"PSoC Creator\\TPF\\Micro1.cydsn\000"
 1760      20437265 
 1760      61746F72 
 1760      5C545046 
 1760      5C4D6963 
 1761              	.LASF16:
 1762 00e3 63795F6D 		.ascii	"cy_metadata\000"
 1762      65746164 
 1762      61746100 
 1763              	.LASF1:
 1764 00ef 756E7369 		.ascii	"unsigned char\000"
 1764      676E6564 
 1764      20636861 
 1764      7200
 1765              	.LASF5:
 1766 00fd 6C6F6E67 		.ascii	"long unsigned int\000"
 1766      20756E73 
 1766      69676E65 
 1766      6420696E 
 1766      7400
 1767              	.LASF3:
 1768 010f 73686F72 		.ascii	"short unsigned int\000"
 1768      7420756E 
 1768      7369676E 
 1768      65642069 
 1768      6E7400
 1769              	.LASF13:
 1770 0122 63795F6D 		.ascii	"cy_meta_custnvl\000"
 1770      6574615F 
 1770      63757374 
 1770      6E766C00 
 1771              	.LASF12:
 1772 0132 63795F6D 		.ascii	"cy_meta_configecc\000"
 1772      6574615F 
 1772      636F6E66 
 1772      69676563 
 1772      6300
 1773              	.LASF8:
 1774 0144 756E7369 		.ascii	"unsigned int\000"
ARM GAS  C:\Users\elias\AppData\Local\Temp\ccNhdh8g.s 			page 33


 1774      676E6564 
 1774      20696E74 
 1774      00
 1775              	.LASF7:
 1776 0151 6C6F6E67 		.ascii	"long long unsigned int\000"
 1776      206C6F6E 
 1776      6720756E 
 1776      7369676E 
 1776      65642069 
 1777              	.LASF10:
 1778 0168 75696E74 		.ascii	"uint8_t\000"
 1778      385F7400 
 1779              	.LASF15:
 1780 0170 63795F6D 		.ascii	"cy_meta_flashprotect\000"
 1780      6574615F 
 1780      666C6173 
 1780      6870726F 
 1780      74656374 
 1781              	.LASF14:
 1782 0185 63795F6D 		.ascii	"cy_meta_wonvl\000"
 1782      6574615F 
 1782      776F6E76 
 1782      6C00
 1783              	.LASF11:
 1784 0193 73697A65 		.ascii	"sizetype\000"
 1784      74797065 
 1784      00
 1785              	.LASF6:
 1786 019c 6C6F6E67 		.ascii	"long long int\000"
 1786      206C6F6E 
 1786      6720696E 
 1786      7400
 1787              	.LASF2:
 1788 01aa 73686F72 		.ascii	"short int\000"
 1788      7420696E 
 1788      7400
 1789              	.LASF4:
 1790 01b4 6C6F6E67 		.ascii	"long int\000"
 1790      20696E74 
 1790      00
 1791              	.LASF0:
 1792 01bd 7369676E 		.ascii	"signed char\000"
 1792      65642063 
 1792      68617200 
 1793              	.LASF18:
 1794 01c9 47656E65 		.ascii	"Generated_Source\\PSoC5\\cymetadata.c\000"
 1794      72617465 
 1794      645F536F 
 1794      75726365 
 1794      5C50536F 
 1795              		.ident	"GCC: (GNU Tools for ARM Embedded Processors) 5.4.1 20160609 (release) [ARM/embedded-5-bran
