ARM GAS  C:\Users\elias\AppData\Local\Temp\ccCTMGJn.s 			page 1


   1              		.syntax unified
   2              		.cpu cortex-m3
   3              		.fpu softvfp
   4              		.eabi_attribute 20, 1
   5              		.eabi_attribute 21, 1
   6              		.eabi_attribute 23, 3
   7              		.eabi_attribute 24, 1
   8              		.eabi_attribute 25, 1
   9              		.eabi_attribute 26, 1
  10              		.eabi_attribute 30, 6
  11              		.eabi_attribute 34, 1
  12              		.eabi_attribute 18, 4
  13              		.thumb
  14              		.syntax unified
  15              		.file	"keyboard_in.c"
  16              		.text
  17              	.Ltext0:
  18              		.cfi_sections	.debug_frame
  19              		.section	.text.keyboard_in_Write,"ax",%progbits
  20              		.align	2
  21              		.global	keyboard_in_Write
  22              		.thumb
  23              		.thumb_func
  24              		.type	keyboard_in_Write, %function
  25              	keyboard_in_Write:
  26              	.LFB0:
  27              		.file 1 "Generated_Source\\PSoC5\\keyboard_in.c"
   1:Generated_Source\PSoC5/keyboard_in.c **** /*******************************************************************************
   2:Generated_Source\PSoC5/keyboard_in.c **** * File Name: keyboard_in.c  
   3:Generated_Source\PSoC5/keyboard_in.c **** * Version 2.20
   4:Generated_Source\PSoC5/keyboard_in.c **** *
   5:Generated_Source\PSoC5/keyboard_in.c **** * Description:
   6:Generated_Source\PSoC5/keyboard_in.c **** *  This file contains API to enable firmware control of a Pins component.
   7:Generated_Source\PSoC5/keyboard_in.c **** *
   8:Generated_Source\PSoC5/keyboard_in.c **** * Note:
   9:Generated_Source\PSoC5/keyboard_in.c **** *
  10:Generated_Source\PSoC5/keyboard_in.c **** ********************************************************************************
  11:Generated_Source\PSoC5/keyboard_in.c **** * Copyright 2008-2015, Cypress Semiconductor Corporation.  All rights reserved.
  12:Generated_Source\PSoC5/keyboard_in.c **** * You may use this file only in accordance with the license, terms, conditions, 
  13:Generated_Source\PSoC5/keyboard_in.c **** * disclaimers, and limitations in the end user license agreement accompanying 
  14:Generated_Source\PSoC5/keyboard_in.c **** * the software package with which this file was provided.
  15:Generated_Source\PSoC5/keyboard_in.c **** *******************************************************************************/
  16:Generated_Source\PSoC5/keyboard_in.c **** 
  17:Generated_Source\PSoC5/keyboard_in.c **** #include "cytypes.h"
  18:Generated_Source\PSoC5/keyboard_in.c **** #include "keyboard_in.h"
  19:Generated_Source\PSoC5/keyboard_in.c **** 
  20:Generated_Source\PSoC5/keyboard_in.c **** /* APIs are not generated for P15[7:6] on PSoC 5 */
  21:Generated_Source\PSoC5/keyboard_in.c **** #if !(CY_PSOC5A &&\
  22:Generated_Source\PSoC5/keyboard_in.c **** 	 keyboard_in__PORT == 15 && ((keyboard_in__MASK & 0xC0) != 0))
  23:Generated_Source\PSoC5/keyboard_in.c **** 
  24:Generated_Source\PSoC5/keyboard_in.c **** 
  25:Generated_Source\PSoC5/keyboard_in.c **** /*******************************************************************************
  26:Generated_Source\PSoC5/keyboard_in.c **** * Function Name: keyboard_in_Write
  27:Generated_Source\PSoC5/keyboard_in.c **** ****************************************************************************//**
  28:Generated_Source\PSoC5/keyboard_in.c **** *
  29:Generated_Source\PSoC5/keyboard_in.c **** * \brief Writes the value to the physical port (data output register), masking
  30:Generated_Source\PSoC5/keyboard_in.c **** *  and shifting the bits appropriately. 
ARM GAS  C:\Users\elias\AppData\Local\Temp\ccCTMGJn.s 			page 2


  31:Generated_Source\PSoC5/keyboard_in.c **** *
  32:Generated_Source\PSoC5/keyboard_in.c **** * The data output register controls the signal applied to the physical pin in 
  33:Generated_Source\PSoC5/keyboard_in.c **** * conjunction with the drive mode parameter. This function avoids changing 
  34:Generated_Source\PSoC5/keyboard_in.c **** * other bits in the port by using the appropriate method (read-modify-write or
  35:Generated_Source\PSoC5/keyboard_in.c **** * bit banding).
  36:Generated_Source\PSoC5/keyboard_in.c **** *
  37:Generated_Source\PSoC5/keyboard_in.c **** * <b>Note</b> This function should not be used on a hardware digital output pin 
  38:Generated_Source\PSoC5/keyboard_in.c **** * as it is driven by the hardware signal attached to it.
  39:Generated_Source\PSoC5/keyboard_in.c **** *
  40:Generated_Source\PSoC5/keyboard_in.c **** * \param value
  41:Generated_Source\PSoC5/keyboard_in.c **** *  Value to write to the component instance.
  42:Generated_Source\PSoC5/keyboard_in.c **** *
  43:Generated_Source\PSoC5/keyboard_in.c **** * \return 
  44:Generated_Source\PSoC5/keyboard_in.c **** *  None 
  45:Generated_Source\PSoC5/keyboard_in.c **** *
  46:Generated_Source\PSoC5/keyboard_in.c **** * \sideeffect
  47:Generated_Source\PSoC5/keyboard_in.c **** *  If you use read-modify-write operations that are not atomic; the Interrupt 
  48:Generated_Source\PSoC5/keyboard_in.c **** *  Service Routines (ISR) can cause corruption of this function. An ISR that 
  49:Generated_Source\PSoC5/keyboard_in.c **** *  interrupts this function and performs writes to the Pins component data 
  50:Generated_Source\PSoC5/keyboard_in.c **** *  register can cause corrupted port data. To avoid this issue, you should 
  51:Generated_Source\PSoC5/keyboard_in.c **** *  either use the Per-Pin APIs (primary method) or disable interrupts around 
  52:Generated_Source\PSoC5/keyboard_in.c **** *  this function.
  53:Generated_Source\PSoC5/keyboard_in.c **** *
  54:Generated_Source\PSoC5/keyboard_in.c **** * \funcusage
  55:Generated_Source\PSoC5/keyboard_in.c **** *  \snippet keyboard_in_SUT.c usage_keyboard_in_Write
  56:Generated_Source\PSoC5/keyboard_in.c **** *******************************************************************************/
  57:Generated_Source\PSoC5/keyboard_in.c **** void keyboard_in_Write(uint8 value)
  58:Generated_Source\PSoC5/keyboard_in.c **** {
  28              		.loc 1 58 0
  29              		.cfi_startproc
  30              		@ args = 0, pretend = 0, frame = 16
  31              		@ frame_needed = 1, uses_anonymous_args = 0
  32              		@ link register save eliminated.
  33 0000 80B4     		push	{r7}
  34              		.cfi_def_cfa_offset 4
  35              		.cfi_offset 7, -4
  36 0002 85B0     		sub	sp, sp, #20
  37              		.cfi_def_cfa_offset 24
  38 0004 00AF     		add	r7, sp, #0
  39              		.cfi_def_cfa_register 7
  40 0006 0346     		mov	r3, r0
  41 0008 FB71     		strb	r3, [r7, #7]
  59:Generated_Source\PSoC5/keyboard_in.c ****     uint8 staticBits = (keyboard_in_DR & (uint8)(~keyboard_in_MASK));
  42              		.loc 1 59 0
  43 000a 094B     		ldr	r3, .L2
  44 000c 1B78     		ldrb	r3, [r3]
  45 000e DBB2     		uxtb	r3, r3
  46 0010 03F00F03 		and	r3, r3, #15
  47 0014 FB73     		strb	r3, [r7, #15]
  60:Generated_Source\PSoC5/keyboard_in.c ****     keyboard_in_DR = staticBits | ((uint8)(value << keyboard_in_SHIFT) & keyboard_in_MASK);
  48              		.loc 1 60 0
  49 0016 0649     		ldr	r1, .L2
  50 0018 FB79     		ldrb	r3, [r7, #7]
  51 001a 1B01     		lsls	r3, r3, #4
  52 001c DAB2     		uxtb	r2, r3
  53 001e FB7B     		ldrb	r3, [r7, #15]
  54 0020 1343     		orrs	r3, r3, r2
ARM GAS  C:\Users\elias\AppData\Local\Temp\ccCTMGJn.s 			page 3


  55 0022 DBB2     		uxtb	r3, r3
  56 0024 0B70     		strb	r3, [r1]
  61:Generated_Source\PSoC5/keyboard_in.c **** }
  57              		.loc 1 61 0
  58 0026 00BF     		nop
  59 0028 1437     		adds	r7, r7, #20
  60              		.cfi_def_cfa_offset 4
  61 002a BD46     		mov	sp, r7
  62              		.cfi_def_cfa_register 13
  63              		@ sp needed
  64 002c 80BC     		pop	{r7}
  65              		.cfi_restore 7
  66              		.cfi_def_cfa_offset 0
  67 002e 7047     		bx	lr
  68              	.L3:
  69              		.align	2
  70              	.L2:
  71 0030 10510040 		.word	1073762576
  72              		.cfi_endproc
  73              	.LFE0:
  74              		.size	keyboard_in_Write, .-keyboard_in_Write
  75              		.section	.text.keyboard_in_SetDriveMode,"ax",%progbits
  76              		.align	2
  77              		.global	keyboard_in_SetDriveMode
  78              		.thumb
  79              		.thumb_func
  80              		.type	keyboard_in_SetDriveMode, %function
  81              	keyboard_in_SetDriveMode:
  82              	.LFB1:
  62:Generated_Source\PSoC5/keyboard_in.c **** 
  63:Generated_Source\PSoC5/keyboard_in.c **** 
  64:Generated_Source\PSoC5/keyboard_in.c **** /*******************************************************************************
  65:Generated_Source\PSoC5/keyboard_in.c **** * Function Name: keyboard_in_SetDriveMode
  66:Generated_Source\PSoC5/keyboard_in.c **** ****************************************************************************//**
  67:Generated_Source\PSoC5/keyboard_in.c **** *
  68:Generated_Source\PSoC5/keyboard_in.c **** * \brief Sets the drive mode for each of the Pins component's pins.
  69:Generated_Source\PSoC5/keyboard_in.c **** * 
  70:Generated_Source\PSoC5/keyboard_in.c **** * <b>Note</b> This affects all pins in the Pins component instance. Use the
  71:Generated_Source\PSoC5/keyboard_in.c **** * Per-Pin APIs if you wish to control individual pin's drive modes.
  72:Generated_Source\PSoC5/keyboard_in.c **** *
  73:Generated_Source\PSoC5/keyboard_in.c **** * \param mode
  74:Generated_Source\PSoC5/keyboard_in.c **** *  Mode for the selected signals. Valid options are documented in 
  75:Generated_Source\PSoC5/keyboard_in.c **** *  \ref driveMode.
  76:Generated_Source\PSoC5/keyboard_in.c **** *
  77:Generated_Source\PSoC5/keyboard_in.c **** * \return
  78:Generated_Source\PSoC5/keyboard_in.c **** *  None
  79:Generated_Source\PSoC5/keyboard_in.c **** *
  80:Generated_Source\PSoC5/keyboard_in.c **** * \sideeffect
  81:Generated_Source\PSoC5/keyboard_in.c **** *  If you use read-modify-write operations that are not atomic, the ISR can
  82:Generated_Source\PSoC5/keyboard_in.c **** *  cause corruption of this function. An ISR that interrupts this function 
  83:Generated_Source\PSoC5/keyboard_in.c **** *  and performs writes to the Pins component Drive Mode registers can cause 
  84:Generated_Source\PSoC5/keyboard_in.c **** *  corrupted port data. To avoid this issue, you should either use the Per-Pin
  85:Generated_Source\PSoC5/keyboard_in.c **** *  APIs (primary method) or disable interrupts around this function.
  86:Generated_Source\PSoC5/keyboard_in.c **** *
  87:Generated_Source\PSoC5/keyboard_in.c **** * \funcusage
  88:Generated_Source\PSoC5/keyboard_in.c **** *  \snippet keyboard_in_SUT.c usage_keyboard_in_SetDriveMode
  89:Generated_Source\PSoC5/keyboard_in.c **** *******************************************************************************/
ARM GAS  C:\Users\elias\AppData\Local\Temp\ccCTMGJn.s 			page 4


  90:Generated_Source\PSoC5/keyboard_in.c **** void keyboard_in_SetDriveMode(uint8 mode)
  91:Generated_Source\PSoC5/keyboard_in.c **** {
  83              		.loc 1 91 0
  84              		.cfi_startproc
  85              		@ args = 0, pretend = 0, frame = 8
  86              		@ frame_needed = 1, uses_anonymous_args = 0
  87              		@ link register save eliminated.
  88 0000 80B4     		push	{r7}
  89              		.cfi_def_cfa_offset 4
  90              		.cfi_offset 7, -4
  91 0002 83B0     		sub	sp, sp, #12
  92              		.cfi_def_cfa_offset 16
  93 0004 00AF     		add	r7, sp, #0
  94              		.cfi_def_cfa_register 7
  95 0006 0346     		mov	r3, r0
  96 0008 FB71     		strb	r3, [r7, #7]
  92:Generated_Source\PSoC5/keyboard_in.c **** 	CyPins_SetPinDriveMode(keyboard_in_0, mode);
  97              		.loc 1 92 0
  98 000a 2449     		ldr	r1, .L5
  99 000c 234B     		ldr	r3, .L5
 100 000e 1B78     		ldrb	r3, [r3]
 101 0010 DBB2     		uxtb	r3, r3
 102 0012 5BB2     		sxtb	r3, r3
 103 0014 23F00E03 		bic	r3, r3, #14
 104 0018 5AB2     		sxtb	r2, r3
 105 001a 97F90730 		ldrsb	r3, [r7, #7]
 106 001e 03F00E03 		and	r3, r3, #14
 107 0022 5BB2     		sxtb	r3, r3
 108 0024 1343     		orrs	r3, r3, r2
 109 0026 5BB2     		sxtb	r3, r3
 110 0028 DBB2     		uxtb	r3, r3
 111 002a 0B70     		strb	r3, [r1]
  93:Generated_Source\PSoC5/keyboard_in.c **** 	CyPins_SetPinDriveMode(keyboard_in_1, mode);
 112              		.loc 1 93 0
 113 002c 1C49     		ldr	r1, .L5+4
 114 002e 1C4B     		ldr	r3, .L5+4
 115 0030 1B78     		ldrb	r3, [r3]
 116 0032 DBB2     		uxtb	r3, r3
 117 0034 5BB2     		sxtb	r3, r3
 118 0036 23F00E03 		bic	r3, r3, #14
 119 003a 5AB2     		sxtb	r2, r3
 120 003c 97F90730 		ldrsb	r3, [r7, #7]
 121 0040 03F00E03 		and	r3, r3, #14
 122 0044 5BB2     		sxtb	r3, r3
 123 0046 1343     		orrs	r3, r3, r2
 124 0048 5BB2     		sxtb	r3, r3
 125 004a DBB2     		uxtb	r3, r3
 126 004c 0B70     		strb	r3, [r1]
  94:Generated_Source\PSoC5/keyboard_in.c **** 	CyPins_SetPinDriveMode(keyboard_in_2, mode);
 127              		.loc 1 94 0
 128 004e 1549     		ldr	r1, .L5+8
 129 0050 144B     		ldr	r3, .L5+8
 130 0052 1B78     		ldrb	r3, [r3]
 131 0054 DBB2     		uxtb	r3, r3
 132 0056 5BB2     		sxtb	r3, r3
 133 0058 23F00E03 		bic	r3, r3, #14
 134 005c 5AB2     		sxtb	r2, r3
ARM GAS  C:\Users\elias\AppData\Local\Temp\ccCTMGJn.s 			page 5


 135 005e 97F90730 		ldrsb	r3, [r7, #7]
 136 0062 03F00E03 		and	r3, r3, #14
 137 0066 5BB2     		sxtb	r3, r3
 138 0068 1343     		orrs	r3, r3, r2
 139 006a 5BB2     		sxtb	r3, r3
 140 006c DBB2     		uxtb	r3, r3
 141 006e 0B70     		strb	r3, [r1]
  95:Generated_Source\PSoC5/keyboard_in.c **** 	CyPins_SetPinDriveMode(keyboard_in_3, mode);
 142              		.loc 1 95 0
 143 0070 0D49     		ldr	r1, .L5+12
 144 0072 0D4B     		ldr	r3, .L5+12
 145 0074 1B78     		ldrb	r3, [r3]
 146 0076 DBB2     		uxtb	r3, r3
 147 0078 5BB2     		sxtb	r3, r3
 148 007a 23F00E03 		bic	r3, r3, #14
 149 007e 5AB2     		sxtb	r2, r3
 150 0080 97F90730 		ldrsb	r3, [r7, #7]
 151 0084 03F00E03 		and	r3, r3, #14
 152 0088 5BB2     		sxtb	r3, r3
 153 008a 1343     		orrs	r3, r3, r2
 154 008c 5BB2     		sxtb	r3, r3
 155 008e DBB2     		uxtb	r3, r3
 156 0090 0B70     		strb	r3, [r1]
  96:Generated_Source\PSoC5/keyboard_in.c **** }
 157              		.loc 1 96 0
 158 0092 00BF     		nop
 159 0094 0C37     		adds	r7, r7, #12
 160              		.cfi_def_cfa_offset 4
 161 0096 BD46     		mov	sp, r7
 162              		.cfi_def_cfa_register 13
 163              		@ sp needed
 164 0098 80BC     		pop	{r7}
 165              		.cfi_restore 7
 166              		.cfi_def_cfa_offset 0
 167 009a 7047     		bx	lr
 168              	.L6:
 169              		.align	2
 170              	.L5:
 171 009c 0C500040 		.word	1073762316
 172 00a0 0D500040 		.word	1073762317
 173 00a4 0E500040 		.word	1073762318
 174 00a8 0F500040 		.word	1073762319
 175              		.cfi_endproc
 176              	.LFE1:
 177              		.size	keyboard_in_SetDriveMode, .-keyboard_in_SetDriveMode
 178              		.section	.text.keyboard_in_Read,"ax",%progbits
 179              		.align	2
 180              		.global	keyboard_in_Read
 181              		.thumb
 182              		.thumb_func
 183              		.type	keyboard_in_Read, %function
 184              	keyboard_in_Read:
 185              	.LFB2:
  97:Generated_Source\PSoC5/keyboard_in.c **** 
  98:Generated_Source\PSoC5/keyboard_in.c **** 
  99:Generated_Source\PSoC5/keyboard_in.c **** /*******************************************************************************
 100:Generated_Source\PSoC5/keyboard_in.c **** * Function Name: keyboard_in_Read
ARM GAS  C:\Users\elias\AppData\Local\Temp\ccCTMGJn.s 			page 6


 101:Generated_Source\PSoC5/keyboard_in.c **** ****************************************************************************//**
 102:Generated_Source\PSoC5/keyboard_in.c **** *
 103:Generated_Source\PSoC5/keyboard_in.c **** * \brief Reads the associated physical port (pin status register) and masks 
 104:Generated_Source\PSoC5/keyboard_in.c **** *  the required bits according to the width and bit position of the component
 105:Generated_Source\PSoC5/keyboard_in.c **** *  instance. 
 106:Generated_Source\PSoC5/keyboard_in.c **** *
 107:Generated_Source\PSoC5/keyboard_in.c **** * The pin's status register returns the current logic level present on the 
 108:Generated_Source\PSoC5/keyboard_in.c **** * physical pin.
 109:Generated_Source\PSoC5/keyboard_in.c **** *
 110:Generated_Source\PSoC5/keyboard_in.c **** * \return 
 111:Generated_Source\PSoC5/keyboard_in.c **** *  The current value for the pins in the component as a right justified number.
 112:Generated_Source\PSoC5/keyboard_in.c **** *
 113:Generated_Source\PSoC5/keyboard_in.c **** * \funcusage
 114:Generated_Source\PSoC5/keyboard_in.c **** *  \snippet keyboard_in_SUT.c usage_keyboard_in_Read  
 115:Generated_Source\PSoC5/keyboard_in.c **** *******************************************************************************/
 116:Generated_Source\PSoC5/keyboard_in.c **** uint8 keyboard_in_Read(void)
 117:Generated_Source\PSoC5/keyboard_in.c **** {
 186              		.loc 1 117 0
 187              		.cfi_startproc
 188              		@ args = 0, pretend = 0, frame = 0
 189              		@ frame_needed = 1, uses_anonymous_args = 0
 190              		@ link register save eliminated.
 191 0000 80B4     		push	{r7}
 192              		.cfi_def_cfa_offset 4
 193              		.cfi_offset 7, -4
 194 0002 00AF     		add	r7, sp, #0
 195              		.cfi_def_cfa_register 7
 118:Generated_Source\PSoC5/keyboard_in.c ****     return (keyboard_in_PS & keyboard_in_MASK) >> keyboard_in_SHIFT;
 196              		.loc 1 118 0
 197 0004 054B     		ldr	r3, .L9
 198 0006 1B78     		ldrb	r3, [r3]
 199 0008 DBB2     		uxtb	r3, r3
 200 000a 03F0F003 		and	r3, r3, #240
 201 000e 1B09     		lsrs	r3, r3, #4
 202 0010 DBB2     		uxtb	r3, r3
 119:Generated_Source\PSoC5/keyboard_in.c **** }
 203              		.loc 1 119 0
 204 0012 1846     		mov	r0, r3
 205 0014 BD46     		mov	sp, r7
 206              		.cfi_def_cfa_register 13
 207              		@ sp needed
 208 0016 80BC     		pop	{r7}
 209              		.cfi_restore 7
 210              		.cfi_def_cfa_offset 0
 211 0018 7047     		bx	lr
 212              	.L10:
 213 001a 00BF     		.align	2
 214              	.L9:
 215 001c 11510040 		.word	1073762577
 216              		.cfi_endproc
 217              	.LFE2:
 218              		.size	keyboard_in_Read, .-keyboard_in_Read
 219              		.section	.text.keyboard_in_ReadDataReg,"ax",%progbits
 220              		.align	2
 221              		.global	keyboard_in_ReadDataReg
 222              		.thumb
 223              		.thumb_func
ARM GAS  C:\Users\elias\AppData\Local\Temp\ccCTMGJn.s 			page 7


 224              		.type	keyboard_in_ReadDataReg, %function
 225              	keyboard_in_ReadDataReg:
 226              	.LFB3:
 120:Generated_Source\PSoC5/keyboard_in.c **** 
 121:Generated_Source\PSoC5/keyboard_in.c **** 
 122:Generated_Source\PSoC5/keyboard_in.c **** /*******************************************************************************
 123:Generated_Source\PSoC5/keyboard_in.c **** * Function Name: keyboard_in_ReadDataReg
 124:Generated_Source\PSoC5/keyboard_in.c **** ****************************************************************************//**
 125:Generated_Source\PSoC5/keyboard_in.c **** *
 126:Generated_Source\PSoC5/keyboard_in.c **** * \brief Reads the associated physical port's data output register and masks 
 127:Generated_Source\PSoC5/keyboard_in.c **** *  the correct bits according to the width and bit position of the component 
 128:Generated_Source\PSoC5/keyboard_in.c **** *  instance. 
 129:Generated_Source\PSoC5/keyboard_in.c **** *
 130:Generated_Source\PSoC5/keyboard_in.c **** * The data output register controls the signal applied to the physical pin in 
 131:Generated_Source\PSoC5/keyboard_in.c **** * conjunction with the drive mode parameter. This is not the same as the 
 132:Generated_Source\PSoC5/keyboard_in.c **** * preferred keyboard_in_Read() API because the 
 133:Generated_Source\PSoC5/keyboard_in.c **** * keyboard_in_ReadDataReg() reads the data register instead of the status 
 134:Generated_Source\PSoC5/keyboard_in.c **** * register. For output pins this is a useful function to determine the value 
 135:Generated_Source\PSoC5/keyboard_in.c **** * just written to the pin.
 136:Generated_Source\PSoC5/keyboard_in.c **** *
 137:Generated_Source\PSoC5/keyboard_in.c **** * \return 
 138:Generated_Source\PSoC5/keyboard_in.c **** *  The current value of the data register masked and shifted into a right 
 139:Generated_Source\PSoC5/keyboard_in.c **** *  justified number for the component instance.
 140:Generated_Source\PSoC5/keyboard_in.c **** *
 141:Generated_Source\PSoC5/keyboard_in.c **** * \funcusage
 142:Generated_Source\PSoC5/keyboard_in.c **** *  \snippet keyboard_in_SUT.c usage_keyboard_in_ReadDataReg 
 143:Generated_Source\PSoC5/keyboard_in.c **** *******************************************************************************/
 144:Generated_Source\PSoC5/keyboard_in.c **** uint8 keyboard_in_ReadDataReg(void)
 145:Generated_Source\PSoC5/keyboard_in.c **** {
 227              		.loc 1 145 0
 228              		.cfi_startproc
 229              		@ args = 0, pretend = 0, frame = 0
 230              		@ frame_needed = 1, uses_anonymous_args = 0
 231              		@ link register save eliminated.
 232 0000 80B4     		push	{r7}
 233              		.cfi_def_cfa_offset 4
 234              		.cfi_offset 7, -4
 235 0002 00AF     		add	r7, sp, #0
 236              		.cfi_def_cfa_register 7
 146:Generated_Source\PSoC5/keyboard_in.c ****     return (keyboard_in_DR & keyboard_in_MASK) >> keyboard_in_SHIFT;
 237              		.loc 1 146 0
 238 0004 054B     		ldr	r3, .L13
 239 0006 1B78     		ldrb	r3, [r3]
 240 0008 DBB2     		uxtb	r3, r3
 241 000a 03F0F003 		and	r3, r3, #240
 242 000e 1B09     		lsrs	r3, r3, #4
 243 0010 DBB2     		uxtb	r3, r3
 147:Generated_Source\PSoC5/keyboard_in.c **** }
 244              		.loc 1 147 0
 245 0012 1846     		mov	r0, r3
 246 0014 BD46     		mov	sp, r7
 247              		.cfi_def_cfa_register 13
 248              		@ sp needed
 249 0016 80BC     		pop	{r7}
 250              		.cfi_restore 7
 251              		.cfi_def_cfa_offset 0
 252 0018 7047     		bx	lr
ARM GAS  C:\Users\elias\AppData\Local\Temp\ccCTMGJn.s 			page 8


 253              	.L14:
 254 001a 00BF     		.align	2
 255              	.L13:
 256 001c 10510040 		.word	1073762576
 257              		.cfi_endproc
 258              	.LFE3:
 259              		.size	keyboard_in_ReadDataReg, .-keyboard_in_ReadDataReg
 260              		.text
 261              	.Letext0:
 262              		.file 2 "Generated_Source\\PSoC5\\cytypes.h"
 263              		.section	.debug_info,"",%progbits
 264              	.Ldebug_info0:
 265 0000 1A010000 		.4byte	0x11a
 266 0004 0400     		.2byte	0x4
 267 0006 00000000 		.4byte	.Ldebug_abbrev0
 268 000a 04       		.byte	0x4
 269 000b 01       		.uleb128 0x1
 270 000c 00000000 		.4byte	.LASF20
 271 0010 0C       		.byte	0xc
 272 0011 9F000000 		.4byte	.LASF21
 273 0015 B2010000 		.4byte	.LASF22
 274 0019 00000000 		.4byte	.Ldebug_ranges0+0
 275 001d 00000000 		.4byte	0
 276 0021 00000000 		.4byte	.Ldebug_line0
 277 0025 02       		.uleb128 0x2
 278 0026 01       		.byte	0x1
 279 0027 06       		.byte	0x6
 280 0028 FD010000 		.4byte	.LASF0
 281 002c 02       		.uleb128 0x2
 282 002d 01       		.byte	0x1
 283 002e 08       		.byte	0x8
 284 002f CA000000 		.4byte	.LASF1
 285 0033 02       		.uleb128 0x2
 286 0034 02       		.byte	0x2
 287 0035 05       		.byte	0x5
 288 0036 99010000 		.4byte	.LASF2
 289 003a 02       		.uleb128 0x2
 290 003b 02       		.byte	0x2
 291 003c 07       		.byte	0x7
 292 003d EF000000 		.4byte	.LASF3
 293 0041 02       		.uleb128 0x2
 294 0042 04       		.byte	0x4
 295 0043 05       		.byte	0x5
 296 0044 A9010000 		.4byte	.LASF4
 297 0048 02       		.uleb128 0x2
 298 0049 04       		.byte	0x4
 299 004a 07       		.byte	0x7
 300 004b DD000000 		.4byte	.LASF5
 301 004f 02       		.uleb128 0x2
 302 0050 08       		.byte	0x8
 303 0051 05       		.byte	0x5
 304 0052 86010000 		.4byte	.LASF6
 305 0056 02       		.uleb128 0x2
 306 0057 08       		.byte	0x8
 307 0058 07       		.byte	0x7
 308 0059 41010000 		.4byte	.LASF7
 309 005d 03       		.uleb128 0x3
ARM GAS  C:\Users\elias\AppData\Local\Temp\ccCTMGJn.s 			page 9


 310 005e 04       		.byte	0x4
 311 005f 05       		.byte	0x5
 312 0060 696E7400 		.ascii	"int\000"
 313 0064 02       		.uleb128 0x2
 314 0065 04       		.byte	0x4
 315 0066 07       		.byte	0x7
 316 0067 34010000 		.4byte	.LASF8
 317 006b 04       		.uleb128 0x4
 318 006c A3010000 		.4byte	.LASF12
 319 0070 02       		.byte	0x2
 320 0071 E801     		.2byte	0x1e8
 321 0073 2C000000 		.4byte	0x2c
 322 0077 02       		.uleb128 0x2
 323 0078 04       		.byte	0x4
 324 0079 04       		.byte	0x4
 325 007a C4000000 		.4byte	.LASF9
 326 007e 02       		.uleb128 0x2
 327 007f 08       		.byte	0x8
 328 0080 04       		.byte	0x4
 329 0081 1B010000 		.4byte	.LASF10
 330 0085 02       		.uleb128 0x2
 331 0086 01       		.byte	0x1
 332 0087 08       		.byte	0x8
 333 0088 94010000 		.4byte	.LASF11
 334 008c 04       		.uleb128 0x4
 335 008d D8000000 		.4byte	.LASF13
 336 0091 02       		.byte	0x2
 337 0092 9202     		.2byte	0x292
 338 0094 98000000 		.4byte	0x98
 339 0098 05       		.uleb128 0x5
 340 0099 6B000000 		.4byte	0x6b
 341 009d 06       		.uleb128 0x6
 342 009e 22010000 		.4byte	.LASF14
 343 00a2 01       		.byte	0x1
 344 00a3 39       		.byte	0x39
 345 00a4 00000000 		.4byte	.LFB0
 346 00a8 34000000 		.4byte	.LFE0-.LFB0
 347 00ac 01       		.uleb128 0x1
 348 00ad 9C       		.byte	0x9c
 349 00ae CF000000 		.4byte	0xcf
 350 00b2 07       		.uleb128 0x7
 351 00b3 8E000000 		.4byte	.LASF16
 352 00b7 01       		.byte	0x1
 353 00b8 39       		.byte	0x39
 354 00b9 6B000000 		.4byte	0x6b
 355 00bd 02       		.uleb128 0x2
 356 00be 91       		.byte	0x91
 357 00bf 6F       		.sleb128 -17
 358 00c0 08       		.uleb128 0x8
 359 00c1 94000000 		.4byte	.LASF23
 360 00c5 01       		.byte	0x1
 361 00c6 3B       		.byte	0x3b
 362 00c7 6B000000 		.4byte	0x6b
 363 00cb 02       		.uleb128 0x2
 364 00cc 91       		.byte	0x91
 365 00cd 77       		.sleb128 -9
 366 00ce 00       		.byte	0
ARM GAS  C:\Users\elias\AppData\Local\Temp\ccCTMGJn.s 			page 10


 367 00cf 06       		.uleb128 0x6
 368 00d0 02010000 		.4byte	.LASF15
 369 00d4 01       		.byte	0x1
 370 00d5 5A       		.byte	0x5a
 371 00d6 00000000 		.4byte	.LFB1
 372 00da AC000000 		.4byte	.LFE1-.LFB1
 373 00de 01       		.uleb128 0x1
 374 00df 9C       		.byte	0x9c
 375 00e0 F3000000 		.4byte	0xf3
 376 00e4 07       		.uleb128 0x7
 377 00e5 69010000 		.4byte	.LASF17
 378 00e9 01       		.byte	0x1
 379 00ea 5A       		.byte	0x5a
 380 00eb 6B000000 		.4byte	0x6b
 381 00ef 02       		.uleb128 0x2
 382 00f0 91       		.byte	0x91
 383 00f1 77       		.sleb128 -9
 384 00f2 00       		.byte	0
 385 00f3 09       		.uleb128 0x9
 386 00f4 58010000 		.4byte	.LASF18
 387 00f8 01       		.byte	0x1
 388 00f9 74       		.byte	0x74
 389 00fa 6B000000 		.4byte	0x6b
 390 00fe 00000000 		.4byte	.LFB2
 391 0102 20000000 		.4byte	.LFE2-.LFB2
 392 0106 01       		.uleb128 0x1
 393 0107 9C       		.byte	0x9c
 394 0108 09       		.uleb128 0x9
 395 0109 6E010000 		.4byte	.LASF19
 396 010d 01       		.byte	0x1
 397 010e 90       		.byte	0x90
 398 010f 6B000000 		.4byte	0x6b
 399 0113 00000000 		.4byte	.LFB3
 400 0117 20000000 		.4byte	.LFE3-.LFB3
 401 011b 01       		.uleb128 0x1
 402 011c 9C       		.byte	0x9c
 403 011d 00       		.byte	0
 404              		.section	.debug_abbrev,"",%progbits
 405              	.Ldebug_abbrev0:
 406 0000 01       		.uleb128 0x1
 407 0001 11       		.uleb128 0x11
 408 0002 01       		.byte	0x1
 409 0003 25       		.uleb128 0x25
 410 0004 0E       		.uleb128 0xe
 411 0005 13       		.uleb128 0x13
 412 0006 0B       		.uleb128 0xb
 413 0007 03       		.uleb128 0x3
 414 0008 0E       		.uleb128 0xe
 415 0009 1B       		.uleb128 0x1b
 416 000a 0E       		.uleb128 0xe
 417 000b 55       		.uleb128 0x55
 418 000c 17       		.uleb128 0x17
 419 000d 11       		.uleb128 0x11
 420 000e 01       		.uleb128 0x1
 421 000f 10       		.uleb128 0x10
 422 0010 17       		.uleb128 0x17
 423 0011 00       		.byte	0
ARM GAS  C:\Users\elias\AppData\Local\Temp\ccCTMGJn.s 			page 11


 424 0012 00       		.byte	0
 425 0013 02       		.uleb128 0x2
 426 0014 24       		.uleb128 0x24
 427 0015 00       		.byte	0
 428 0016 0B       		.uleb128 0xb
 429 0017 0B       		.uleb128 0xb
 430 0018 3E       		.uleb128 0x3e
 431 0019 0B       		.uleb128 0xb
 432 001a 03       		.uleb128 0x3
 433 001b 0E       		.uleb128 0xe
 434 001c 00       		.byte	0
 435 001d 00       		.byte	0
 436 001e 03       		.uleb128 0x3
 437 001f 24       		.uleb128 0x24
 438 0020 00       		.byte	0
 439 0021 0B       		.uleb128 0xb
 440 0022 0B       		.uleb128 0xb
 441 0023 3E       		.uleb128 0x3e
 442 0024 0B       		.uleb128 0xb
 443 0025 03       		.uleb128 0x3
 444 0026 08       		.uleb128 0x8
 445 0027 00       		.byte	0
 446 0028 00       		.byte	0
 447 0029 04       		.uleb128 0x4
 448 002a 16       		.uleb128 0x16
 449 002b 00       		.byte	0
 450 002c 03       		.uleb128 0x3
 451 002d 0E       		.uleb128 0xe
 452 002e 3A       		.uleb128 0x3a
 453 002f 0B       		.uleb128 0xb
 454 0030 3B       		.uleb128 0x3b
 455 0031 05       		.uleb128 0x5
 456 0032 49       		.uleb128 0x49
 457 0033 13       		.uleb128 0x13
 458 0034 00       		.byte	0
 459 0035 00       		.byte	0
 460 0036 05       		.uleb128 0x5
 461 0037 35       		.uleb128 0x35
 462 0038 00       		.byte	0
 463 0039 49       		.uleb128 0x49
 464 003a 13       		.uleb128 0x13
 465 003b 00       		.byte	0
 466 003c 00       		.byte	0
 467 003d 06       		.uleb128 0x6
 468 003e 2E       		.uleb128 0x2e
 469 003f 01       		.byte	0x1
 470 0040 3F       		.uleb128 0x3f
 471 0041 19       		.uleb128 0x19
 472 0042 03       		.uleb128 0x3
 473 0043 0E       		.uleb128 0xe
 474 0044 3A       		.uleb128 0x3a
 475 0045 0B       		.uleb128 0xb
 476 0046 3B       		.uleb128 0x3b
 477 0047 0B       		.uleb128 0xb
 478 0048 27       		.uleb128 0x27
 479 0049 19       		.uleb128 0x19
 480 004a 11       		.uleb128 0x11
ARM GAS  C:\Users\elias\AppData\Local\Temp\ccCTMGJn.s 			page 12


 481 004b 01       		.uleb128 0x1
 482 004c 12       		.uleb128 0x12
 483 004d 06       		.uleb128 0x6
 484 004e 40       		.uleb128 0x40
 485 004f 18       		.uleb128 0x18
 486 0050 9742     		.uleb128 0x2117
 487 0052 19       		.uleb128 0x19
 488 0053 01       		.uleb128 0x1
 489 0054 13       		.uleb128 0x13
 490 0055 00       		.byte	0
 491 0056 00       		.byte	0
 492 0057 07       		.uleb128 0x7
 493 0058 05       		.uleb128 0x5
 494 0059 00       		.byte	0
 495 005a 03       		.uleb128 0x3
 496 005b 0E       		.uleb128 0xe
 497 005c 3A       		.uleb128 0x3a
 498 005d 0B       		.uleb128 0xb
 499 005e 3B       		.uleb128 0x3b
 500 005f 0B       		.uleb128 0xb
 501 0060 49       		.uleb128 0x49
 502 0061 13       		.uleb128 0x13
 503 0062 02       		.uleb128 0x2
 504 0063 18       		.uleb128 0x18
 505 0064 00       		.byte	0
 506 0065 00       		.byte	0
 507 0066 08       		.uleb128 0x8
 508 0067 34       		.uleb128 0x34
 509 0068 00       		.byte	0
 510 0069 03       		.uleb128 0x3
 511 006a 0E       		.uleb128 0xe
 512 006b 3A       		.uleb128 0x3a
 513 006c 0B       		.uleb128 0xb
 514 006d 3B       		.uleb128 0x3b
 515 006e 0B       		.uleb128 0xb
 516 006f 49       		.uleb128 0x49
 517 0070 13       		.uleb128 0x13
 518 0071 02       		.uleb128 0x2
 519 0072 18       		.uleb128 0x18
 520 0073 00       		.byte	0
 521 0074 00       		.byte	0
 522 0075 09       		.uleb128 0x9
 523 0076 2E       		.uleb128 0x2e
 524 0077 00       		.byte	0
 525 0078 3F       		.uleb128 0x3f
 526 0079 19       		.uleb128 0x19
 527 007a 03       		.uleb128 0x3
 528 007b 0E       		.uleb128 0xe
 529 007c 3A       		.uleb128 0x3a
 530 007d 0B       		.uleb128 0xb
 531 007e 3B       		.uleb128 0x3b
 532 007f 0B       		.uleb128 0xb
 533 0080 27       		.uleb128 0x27
 534 0081 19       		.uleb128 0x19
 535 0082 49       		.uleb128 0x49
 536 0083 13       		.uleb128 0x13
 537 0084 11       		.uleb128 0x11
ARM GAS  C:\Users\elias\AppData\Local\Temp\ccCTMGJn.s 			page 13


 538 0085 01       		.uleb128 0x1
 539 0086 12       		.uleb128 0x12
 540 0087 06       		.uleb128 0x6
 541 0088 40       		.uleb128 0x40
 542 0089 18       		.uleb128 0x18
 543 008a 9742     		.uleb128 0x2117
 544 008c 19       		.uleb128 0x19
 545 008d 00       		.byte	0
 546 008e 00       		.byte	0
 547 008f 00       		.byte	0
 548              		.section	.debug_aranges,"",%progbits
 549 0000 34000000 		.4byte	0x34
 550 0004 0200     		.2byte	0x2
 551 0006 00000000 		.4byte	.Ldebug_info0
 552 000a 04       		.byte	0x4
 553 000b 00       		.byte	0
 554 000c 0000     		.2byte	0
 555 000e 0000     		.2byte	0
 556 0010 00000000 		.4byte	.LFB0
 557 0014 34000000 		.4byte	.LFE0-.LFB0
 558 0018 00000000 		.4byte	.LFB1
 559 001c AC000000 		.4byte	.LFE1-.LFB1
 560 0020 00000000 		.4byte	.LFB2
 561 0024 20000000 		.4byte	.LFE2-.LFB2
 562 0028 00000000 		.4byte	.LFB3
 563 002c 20000000 		.4byte	.LFE3-.LFB3
 564 0030 00000000 		.4byte	0
 565 0034 00000000 		.4byte	0
 566              		.section	.debug_ranges,"",%progbits
 567              	.Ldebug_ranges0:
 568 0000 00000000 		.4byte	.LFB0
 569 0004 34000000 		.4byte	.LFE0
 570 0008 00000000 		.4byte	.LFB1
 571 000c AC000000 		.4byte	.LFE1
 572 0010 00000000 		.4byte	.LFB2
 573 0014 20000000 		.4byte	.LFE2
 574 0018 00000000 		.4byte	.LFB3
 575 001c 20000000 		.4byte	.LFE3
 576 0020 00000000 		.4byte	0
 577 0024 00000000 		.4byte	0
 578              		.section	.debug_line,"",%progbits
 579              	.Ldebug_line0:
 580 0000 9D000000 		.section	.debug_str,"MS",%progbits,1
 580      02004800 
 580      00000201 
 580      FB0E0D00 
 580      01010101 
 581              	.LASF20:
 582 0000 474E5520 		.ascii	"GNU C11 5.4.1 20160609 (release) [ARM/embedded-5-br"
 582      43313120 
 582      352E342E 
 582      31203230 
 582      31363036 
 583 0033 616E6368 		.ascii	"anch revision 237715] -mcpu=cortex-m3 -mthumb -g -O"
 583      20726576 
 583      6973696F 
 583      6E203233 
ARM GAS  C:\Users\elias\AppData\Local\Temp\ccCTMGJn.s 			page 14


 583      37373135 
 584 0066 30202D66 		.ascii	"0 -ffunction-sections -ffat-lto-objects\000"
 584      66756E63 
 584      74696F6E 
 584      2D736563 
 584      74696F6E 
 585              	.LASF16:
 586 008e 76616C75 		.ascii	"value\000"
 586      6500
 587              	.LASF23:
 588 0094 73746174 		.ascii	"staticBits\000"
 588      69634269 
 588      747300
 589              	.LASF21:
 590 009f 47656E65 		.ascii	"Generated_Source\\PSoC5\\keyboard_in.c\000"
 590      72617465 
 590      645F536F 
 590      75726365 
 590      5C50536F 
 591              	.LASF9:
 592 00c4 666C6F61 		.ascii	"float\000"
 592      7400
 593              	.LASF1:
 594 00ca 756E7369 		.ascii	"unsigned char\000"
 594      676E6564 
 594      20636861 
 594      7200
 595              	.LASF13:
 596 00d8 72656738 		.ascii	"reg8\000"
 596      00
 597              	.LASF5:
 598 00dd 6C6F6E67 		.ascii	"long unsigned int\000"
 598      20756E73 
 598      69676E65 
 598      6420696E 
 598      7400
 599              	.LASF3:
 600 00ef 73686F72 		.ascii	"short unsigned int\000"
 600      7420756E 
 600      7369676E 
 600      65642069 
 600      6E7400
 601              	.LASF15:
 602 0102 6B657962 		.ascii	"keyboard_in_SetDriveMode\000"
 602      6F617264 
 602      5F696E5F 
 602      53657444 
 602      72697665 
 603              	.LASF10:
 604 011b 646F7562 		.ascii	"double\000"
 604      6C6500
 605              	.LASF14:
 606 0122 6B657962 		.ascii	"keyboard_in_Write\000"
 606      6F617264 
 606      5F696E5F 
 606      57726974 
 606      6500
ARM GAS  C:\Users\elias\AppData\Local\Temp\ccCTMGJn.s 			page 15


 607              	.LASF8:
 608 0134 756E7369 		.ascii	"unsigned int\000"
 608      676E6564 
 608      20696E74 
 608      00
 609              	.LASF7:
 610 0141 6C6F6E67 		.ascii	"long long unsigned int\000"
 610      206C6F6E 
 610      6720756E 
 610      7369676E 
 610      65642069 
 611              	.LASF18:
 612 0158 6B657962 		.ascii	"keyboard_in_Read\000"
 612      6F617264 
 612      5F696E5F 
 612      52656164 
 612      00
 613              	.LASF17:
 614 0169 6D6F6465 		.ascii	"mode\000"
 614      00
 615              	.LASF19:
 616 016e 6B657962 		.ascii	"keyboard_in_ReadDataReg\000"
 616      6F617264 
 616      5F696E5F 
 616      52656164 
 616      44617461 
 617              	.LASF6:
 618 0186 6C6F6E67 		.ascii	"long long int\000"
 618      206C6F6E 
 618      6720696E 
 618      7400
 619              	.LASF11:
 620 0194 63686172 		.ascii	"char\000"
 620      00
 621              	.LASF2:
 622 0199 73686F72 		.ascii	"short int\000"
 622      7420696E 
 622      7400
 623              	.LASF12:
 624 01a3 75696E74 		.ascii	"uint8\000"
 624      3800
 625              	.LASF4:
 626 01a9 6C6F6E67 		.ascii	"long int\000"
 626      20696E74 
 626      00
 627              	.LASF22:
 628 01b2 433A5C55 		.ascii	"C:\\Users\\elias\\OneDrive\\Documents\\Documentos\\"
 628      73657273 
 628      5C656C69 
 628      61735C4F 
 628      6E654472 
 629 01df 50536F43 		.ascii	"PSoC Creator\\TPF\\Micro1.cydsn\000"
 629      20437265 
 629      61746F72 
 629      5C545046 
 629      5C4D6963 
 630              	.LASF0:
ARM GAS  C:\Users\elias\AppData\Local\Temp\ccCTMGJn.s 			page 16


 631 01fd 7369676E 		.ascii	"signed char\000"
 631      65642063 
 631      68617200 
 632              		.ident	"GCC: (GNU Tools for ARM Embedded Processors) 5.4.1 20160609 (release) [ARM/embedded-5-bran
