ARM GAS  C:\Users\elias\AppData\Local\Temp\ccA8RTWg.s 			page 1


   1              		.syntax unified
   2              		.cpu cortex-m3
   3              		.fpu softvfp
   4              		.eabi_attribute 20, 1
   5              		.eabi_attribute 21, 1
   6              		.eabi_attribute 23, 3
   7              		.eabi_attribute 24, 1
   8              		.eabi_attribute 25, 1
   9              		.eabi_attribute 26, 1
  10              		.eabi_attribute 30, 6
  11              		.eabi_attribute 34, 1
  12              		.eabi_attribute 18, 4
  13              		.thumb
  14              		.syntax unified
  15              		.file	"keyboard_out.c"
  16              		.text
  17              	.Ltext0:
  18              		.cfi_sections	.debug_frame
  19              		.section	.text.keyboard_out_Write,"ax",%progbits
  20              		.align	2
  21              		.global	keyboard_out_Write
  22              		.thumb
  23              		.thumb_func
  24              		.type	keyboard_out_Write, %function
  25              	keyboard_out_Write:
  26              	.LFB0:
  27              		.file 1 "Generated_Source\\PSoC5\\keyboard_out.c"
   1:Generated_Source\PSoC5/keyboard_out.c **** /*******************************************************************************
   2:Generated_Source\PSoC5/keyboard_out.c **** * File Name: keyboard_out.c  
   3:Generated_Source\PSoC5/keyboard_out.c **** * Version 2.20
   4:Generated_Source\PSoC5/keyboard_out.c **** *
   5:Generated_Source\PSoC5/keyboard_out.c **** * Description:
   6:Generated_Source\PSoC5/keyboard_out.c **** *  This file contains API to enable firmware control of a Pins component.
   7:Generated_Source\PSoC5/keyboard_out.c **** *
   8:Generated_Source\PSoC5/keyboard_out.c **** * Note:
   9:Generated_Source\PSoC5/keyboard_out.c **** *
  10:Generated_Source\PSoC5/keyboard_out.c **** ********************************************************************************
  11:Generated_Source\PSoC5/keyboard_out.c **** * Copyright 2008-2015, Cypress Semiconductor Corporation.  All rights reserved.
  12:Generated_Source\PSoC5/keyboard_out.c **** * You may use this file only in accordance with the license, terms, conditions, 
  13:Generated_Source\PSoC5/keyboard_out.c **** * disclaimers, and limitations in the end user license agreement accompanying 
  14:Generated_Source\PSoC5/keyboard_out.c **** * the software package with which this file was provided.
  15:Generated_Source\PSoC5/keyboard_out.c **** *******************************************************************************/
  16:Generated_Source\PSoC5/keyboard_out.c **** 
  17:Generated_Source\PSoC5/keyboard_out.c **** #include "cytypes.h"
  18:Generated_Source\PSoC5/keyboard_out.c **** #include "keyboard_out.h"
  19:Generated_Source\PSoC5/keyboard_out.c **** 
  20:Generated_Source\PSoC5/keyboard_out.c **** /* APIs are not generated for P15[7:6] on PSoC 5 */
  21:Generated_Source\PSoC5/keyboard_out.c **** #if !(CY_PSOC5A &&\
  22:Generated_Source\PSoC5/keyboard_out.c **** 	 keyboard_out__PORT == 15 && ((keyboard_out__MASK & 0xC0) != 0))
  23:Generated_Source\PSoC5/keyboard_out.c **** 
  24:Generated_Source\PSoC5/keyboard_out.c **** 
  25:Generated_Source\PSoC5/keyboard_out.c **** /*******************************************************************************
  26:Generated_Source\PSoC5/keyboard_out.c **** * Function Name: keyboard_out_Write
  27:Generated_Source\PSoC5/keyboard_out.c **** ****************************************************************************//**
  28:Generated_Source\PSoC5/keyboard_out.c **** *
  29:Generated_Source\PSoC5/keyboard_out.c **** * \brief Writes the value to the physical port (data output register), masking
  30:Generated_Source\PSoC5/keyboard_out.c **** *  and shifting the bits appropriately. 
ARM GAS  C:\Users\elias\AppData\Local\Temp\ccA8RTWg.s 			page 2


  31:Generated_Source\PSoC5/keyboard_out.c **** *
  32:Generated_Source\PSoC5/keyboard_out.c **** * The data output register controls the signal applied to the physical pin in 
  33:Generated_Source\PSoC5/keyboard_out.c **** * conjunction with the drive mode parameter. This function avoids changing 
  34:Generated_Source\PSoC5/keyboard_out.c **** * other bits in the port by using the appropriate method (read-modify-write or
  35:Generated_Source\PSoC5/keyboard_out.c **** * bit banding).
  36:Generated_Source\PSoC5/keyboard_out.c **** *
  37:Generated_Source\PSoC5/keyboard_out.c **** * <b>Note</b> This function should not be used on a hardware digital output pin 
  38:Generated_Source\PSoC5/keyboard_out.c **** * as it is driven by the hardware signal attached to it.
  39:Generated_Source\PSoC5/keyboard_out.c **** *
  40:Generated_Source\PSoC5/keyboard_out.c **** * \param value
  41:Generated_Source\PSoC5/keyboard_out.c **** *  Value to write to the component instance.
  42:Generated_Source\PSoC5/keyboard_out.c **** *
  43:Generated_Source\PSoC5/keyboard_out.c **** * \return 
  44:Generated_Source\PSoC5/keyboard_out.c **** *  None 
  45:Generated_Source\PSoC5/keyboard_out.c **** *
  46:Generated_Source\PSoC5/keyboard_out.c **** * \sideeffect
  47:Generated_Source\PSoC5/keyboard_out.c **** *  If you use read-modify-write operations that are not atomic; the Interrupt 
  48:Generated_Source\PSoC5/keyboard_out.c **** *  Service Routines (ISR) can cause corruption of this function. An ISR that 
  49:Generated_Source\PSoC5/keyboard_out.c **** *  interrupts this function and performs writes to the Pins component data 
  50:Generated_Source\PSoC5/keyboard_out.c **** *  register can cause corrupted port data. To avoid this issue, you should 
  51:Generated_Source\PSoC5/keyboard_out.c **** *  either use the Per-Pin APIs (primary method) or disable interrupts around 
  52:Generated_Source\PSoC5/keyboard_out.c **** *  this function.
  53:Generated_Source\PSoC5/keyboard_out.c **** *
  54:Generated_Source\PSoC5/keyboard_out.c **** * \funcusage
  55:Generated_Source\PSoC5/keyboard_out.c **** *  \snippet keyboard_out_SUT.c usage_keyboard_out_Write
  56:Generated_Source\PSoC5/keyboard_out.c **** *******************************************************************************/
  57:Generated_Source\PSoC5/keyboard_out.c **** void keyboard_out_Write(uint8 value)
  58:Generated_Source\PSoC5/keyboard_out.c **** {
  28              		.loc 1 58 0
  29              		.cfi_startproc
  30              		@ args = 0, pretend = 0, frame = 16
  31              		@ frame_needed = 1, uses_anonymous_args = 0
  32              		@ link register save eliminated.
  33 0000 80B4     		push	{r7}
  34              		.cfi_def_cfa_offset 4
  35              		.cfi_offset 7, -4
  36 0002 85B0     		sub	sp, sp, #20
  37              		.cfi_def_cfa_offset 24
  38 0004 00AF     		add	r7, sp, #0
  39              		.cfi_def_cfa_register 7
  40 0006 0346     		mov	r3, r0
  41 0008 FB71     		strb	r3, [r7, #7]
  59:Generated_Source\PSoC5/keyboard_out.c ****     uint8 staticBits = (keyboard_out_DR & (uint8)(~keyboard_out_MASK));
  42              		.loc 1 59 0
  43 000a 0A4B     		ldr	r3, .L2
  44 000c 1B78     		ldrb	r3, [r3]
  45 000e DBB2     		uxtb	r3, r3
  46 0010 23F01F03 		bic	r3, r3, #31
  47 0014 FB73     		strb	r3, [r7, #15]
  60:Generated_Source\PSoC5/keyboard_out.c ****     keyboard_out_DR = staticBits | ((uint8)(value << keyboard_out_SHIFT) & keyboard_out_MASK);
  48              		.loc 1 60 0
  49 0016 0749     		ldr	r1, .L2
  50 0018 FB79     		ldrb	r3, [r7, #7]
  51 001a 03F01F03 		and	r3, r3, #31
  52 001e DAB2     		uxtb	r2, r3
  53 0020 FB7B     		ldrb	r3, [r7, #15]
  54 0022 1343     		orrs	r3, r3, r2
ARM GAS  C:\Users\elias\AppData\Local\Temp\ccA8RTWg.s 			page 3


  55 0024 DBB2     		uxtb	r3, r3
  56 0026 0B70     		strb	r3, [r1]
  61:Generated_Source\PSoC5/keyboard_out.c **** }
  57              		.loc 1 61 0
  58 0028 00BF     		nop
  59 002a 1437     		adds	r7, r7, #20
  60              		.cfi_def_cfa_offset 4
  61 002c BD46     		mov	sp, r7
  62              		.cfi_def_cfa_register 13
  63              		@ sp needed
  64 002e 80BC     		pop	{r7}
  65              		.cfi_restore 7
  66              		.cfi_def_cfa_offset 0
  67 0030 7047     		bx	lr
  68              	.L3:
  69 0032 00BF     		.align	2
  70              	.L2:
  71 0034 20510040 		.word	1073762592
  72              		.cfi_endproc
  73              	.LFE0:
  74              		.size	keyboard_out_Write, .-keyboard_out_Write
  75              		.section	.text.keyboard_out_SetDriveMode,"ax",%progbits
  76              		.align	2
  77              		.global	keyboard_out_SetDriveMode
  78              		.thumb
  79              		.thumb_func
  80              		.type	keyboard_out_SetDriveMode, %function
  81              	keyboard_out_SetDriveMode:
  82              	.LFB1:
  62:Generated_Source\PSoC5/keyboard_out.c **** 
  63:Generated_Source\PSoC5/keyboard_out.c **** 
  64:Generated_Source\PSoC5/keyboard_out.c **** /*******************************************************************************
  65:Generated_Source\PSoC5/keyboard_out.c **** * Function Name: keyboard_out_SetDriveMode
  66:Generated_Source\PSoC5/keyboard_out.c **** ****************************************************************************//**
  67:Generated_Source\PSoC5/keyboard_out.c **** *
  68:Generated_Source\PSoC5/keyboard_out.c **** * \brief Sets the drive mode for each of the Pins component's pins.
  69:Generated_Source\PSoC5/keyboard_out.c **** * 
  70:Generated_Source\PSoC5/keyboard_out.c **** * <b>Note</b> This affects all pins in the Pins component instance. Use the
  71:Generated_Source\PSoC5/keyboard_out.c **** * Per-Pin APIs if you wish to control individual pin's drive modes.
  72:Generated_Source\PSoC5/keyboard_out.c **** *
  73:Generated_Source\PSoC5/keyboard_out.c **** * \param mode
  74:Generated_Source\PSoC5/keyboard_out.c **** *  Mode for the selected signals. Valid options are documented in 
  75:Generated_Source\PSoC5/keyboard_out.c **** *  \ref driveMode.
  76:Generated_Source\PSoC5/keyboard_out.c **** *
  77:Generated_Source\PSoC5/keyboard_out.c **** * \return
  78:Generated_Source\PSoC5/keyboard_out.c **** *  None
  79:Generated_Source\PSoC5/keyboard_out.c **** *
  80:Generated_Source\PSoC5/keyboard_out.c **** * \sideeffect
  81:Generated_Source\PSoC5/keyboard_out.c **** *  If you use read-modify-write operations that are not atomic, the ISR can
  82:Generated_Source\PSoC5/keyboard_out.c **** *  cause corruption of this function. An ISR that interrupts this function 
  83:Generated_Source\PSoC5/keyboard_out.c **** *  and performs writes to the Pins component Drive Mode registers can cause 
  84:Generated_Source\PSoC5/keyboard_out.c **** *  corrupted port data. To avoid this issue, you should either use the Per-Pin
  85:Generated_Source\PSoC5/keyboard_out.c **** *  APIs (primary method) or disable interrupts around this function.
  86:Generated_Source\PSoC5/keyboard_out.c **** *
  87:Generated_Source\PSoC5/keyboard_out.c **** * \funcusage
  88:Generated_Source\PSoC5/keyboard_out.c **** *  \snippet keyboard_out_SUT.c usage_keyboard_out_SetDriveMode
  89:Generated_Source\PSoC5/keyboard_out.c **** *******************************************************************************/
ARM GAS  C:\Users\elias\AppData\Local\Temp\ccA8RTWg.s 			page 4


  90:Generated_Source\PSoC5/keyboard_out.c **** void keyboard_out_SetDriveMode(uint8 mode)
  91:Generated_Source\PSoC5/keyboard_out.c **** {
  83              		.loc 1 91 0
  84              		.cfi_startproc
  85              		@ args = 0, pretend = 0, frame = 8
  86              		@ frame_needed = 1, uses_anonymous_args = 0
  87              		@ link register save eliminated.
  88 0000 80B4     		push	{r7}
  89              		.cfi_def_cfa_offset 4
  90              		.cfi_offset 7, -4
  91 0002 83B0     		sub	sp, sp, #12
  92              		.cfi_def_cfa_offset 16
  93 0004 00AF     		add	r7, sp, #0
  94              		.cfi_def_cfa_register 7
  95 0006 0346     		mov	r3, r0
  96 0008 FB71     		strb	r3, [r7, #7]
  92:Generated_Source\PSoC5/keyboard_out.c **** 	CyPins_SetPinDriveMode(keyboard_out_0, mode);
  97              		.loc 1 92 0
  98 000a 2D49     		ldr	r1, .L5
  99 000c 2C4B     		ldr	r3, .L5
 100 000e 1B78     		ldrb	r3, [r3]
 101 0010 DBB2     		uxtb	r3, r3
 102 0012 5BB2     		sxtb	r3, r3
 103 0014 23F00E03 		bic	r3, r3, #14
 104 0018 5AB2     		sxtb	r2, r3
 105 001a 97F90730 		ldrsb	r3, [r7, #7]
 106 001e 03F00E03 		and	r3, r3, #14
 107 0022 5BB2     		sxtb	r3, r3
 108 0024 1343     		orrs	r3, r3, r2
 109 0026 5BB2     		sxtb	r3, r3
 110 0028 DBB2     		uxtb	r3, r3
 111 002a 0B70     		strb	r3, [r1]
  93:Generated_Source\PSoC5/keyboard_out.c **** 	CyPins_SetPinDriveMode(keyboard_out_1, mode);
 112              		.loc 1 93 0
 113 002c 2549     		ldr	r1, .L5+4
 114 002e 254B     		ldr	r3, .L5+4
 115 0030 1B78     		ldrb	r3, [r3]
 116 0032 DBB2     		uxtb	r3, r3
 117 0034 5BB2     		sxtb	r3, r3
 118 0036 23F00E03 		bic	r3, r3, #14
 119 003a 5AB2     		sxtb	r2, r3
 120 003c 97F90730 		ldrsb	r3, [r7, #7]
 121 0040 03F00E03 		and	r3, r3, #14
 122 0044 5BB2     		sxtb	r3, r3
 123 0046 1343     		orrs	r3, r3, r2
 124 0048 5BB2     		sxtb	r3, r3
 125 004a DBB2     		uxtb	r3, r3
 126 004c 0B70     		strb	r3, [r1]
  94:Generated_Source\PSoC5/keyboard_out.c **** 	CyPins_SetPinDriveMode(keyboard_out_2, mode);
 127              		.loc 1 94 0
 128 004e 1E49     		ldr	r1, .L5+8
 129 0050 1D4B     		ldr	r3, .L5+8
 130 0052 1B78     		ldrb	r3, [r3]
 131 0054 DBB2     		uxtb	r3, r3
 132 0056 5BB2     		sxtb	r3, r3
 133 0058 23F00E03 		bic	r3, r3, #14
 134 005c 5AB2     		sxtb	r2, r3
ARM GAS  C:\Users\elias\AppData\Local\Temp\ccA8RTWg.s 			page 5


 135 005e 97F90730 		ldrsb	r3, [r7, #7]
 136 0062 03F00E03 		and	r3, r3, #14
 137 0066 5BB2     		sxtb	r3, r3
 138 0068 1343     		orrs	r3, r3, r2
 139 006a 5BB2     		sxtb	r3, r3
 140 006c DBB2     		uxtb	r3, r3
 141 006e 0B70     		strb	r3, [r1]
  95:Generated_Source\PSoC5/keyboard_out.c **** 	CyPins_SetPinDriveMode(keyboard_out_3, mode);
 142              		.loc 1 95 0
 143 0070 1649     		ldr	r1, .L5+12
 144 0072 164B     		ldr	r3, .L5+12
 145 0074 1B78     		ldrb	r3, [r3]
 146 0076 DBB2     		uxtb	r3, r3
 147 0078 5BB2     		sxtb	r3, r3
 148 007a 23F00E03 		bic	r3, r3, #14
 149 007e 5AB2     		sxtb	r2, r3
 150 0080 97F90730 		ldrsb	r3, [r7, #7]
 151 0084 03F00E03 		and	r3, r3, #14
 152 0088 5BB2     		sxtb	r3, r3
 153 008a 1343     		orrs	r3, r3, r2
 154 008c 5BB2     		sxtb	r3, r3
 155 008e DBB2     		uxtb	r3, r3
 156 0090 0B70     		strb	r3, [r1]
  96:Generated_Source\PSoC5/keyboard_out.c **** 	CyPins_SetPinDriveMode(keyboard_out_4, mode);
 157              		.loc 1 96 0
 158 0092 0F49     		ldr	r1, .L5+16
 159 0094 0E4B     		ldr	r3, .L5+16
 160 0096 1B78     		ldrb	r3, [r3]
 161 0098 DBB2     		uxtb	r3, r3
 162 009a 5BB2     		sxtb	r3, r3
 163 009c 23F00E03 		bic	r3, r3, #14
 164 00a0 5AB2     		sxtb	r2, r3
 165 00a2 97F90730 		ldrsb	r3, [r7, #7]
 166 00a6 03F00E03 		and	r3, r3, #14
 167 00aa 5BB2     		sxtb	r3, r3
 168 00ac 1343     		orrs	r3, r3, r2
 169 00ae 5BB2     		sxtb	r3, r3
 170 00b0 DBB2     		uxtb	r3, r3
 171 00b2 0B70     		strb	r3, [r1]
  97:Generated_Source\PSoC5/keyboard_out.c **** }
 172              		.loc 1 97 0
 173 00b4 00BF     		nop
 174 00b6 0C37     		adds	r7, r7, #12
 175              		.cfi_def_cfa_offset 4
 176 00b8 BD46     		mov	sp, r7
 177              		.cfi_def_cfa_register 13
 178              		@ sp needed
 179 00ba 80BC     		pop	{r7}
 180              		.cfi_restore 7
 181              		.cfi_def_cfa_offset 0
 182 00bc 7047     		bx	lr
 183              	.L6:
 184 00be 00BF     		.align	2
 185              	.L5:
 186 00c0 10500040 		.word	1073762320
 187 00c4 11500040 		.word	1073762321
 188 00c8 12500040 		.word	1073762322
ARM GAS  C:\Users\elias\AppData\Local\Temp\ccA8RTWg.s 			page 6


 189 00cc 13500040 		.word	1073762323
 190 00d0 14500040 		.word	1073762324
 191              		.cfi_endproc
 192              	.LFE1:
 193              		.size	keyboard_out_SetDriveMode, .-keyboard_out_SetDriveMode
 194              		.section	.text.keyboard_out_Read,"ax",%progbits
 195              		.align	2
 196              		.global	keyboard_out_Read
 197              		.thumb
 198              		.thumb_func
 199              		.type	keyboard_out_Read, %function
 200              	keyboard_out_Read:
 201              	.LFB2:
  98:Generated_Source\PSoC5/keyboard_out.c **** 
  99:Generated_Source\PSoC5/keyboard_out.c **** 
 100:Generated_Source\PSoC5/keyboard_out.c **** /*******************************************************************************
 101:Generated_Source\PSoC5/keyboard_out.c **** * Function Name: keyboard_out_Read
 102:Generated_Source\PSoC5/keyboard_out.c **** ****************************************************************************//**
 103:Generated_Source\PSoC5/keyboard_out.c **** *
 104:Generated_Source\PSoC5/keyboard_out.c **** * \brief Reads the associated physical port (pin status register) and masks 
 105:Generated_Source\PSoC5/keyboard_out.c **** *  the required bits according to the width and bit position of the component
 106:Generated_Source\PSoC5/keyboard_out.c **** *  instance. 
 107:Generated_Source\PSoC5/keyboard_out.c **** *
 108:Generated_Source\PSoC5/keyboard_out.c **** * The pin's status register returns the current logic level present on the 
 109:Generated_Source\PSoC5/keyboard_out.c **** * physical pin.
 110:Generated_Source\PSoC5/keyboard_out.c **** *
 111:Generated_Source\PSoC5/keyboard_out.c **** * \return 
 112:Generated_Source\PSoC5/keyboard_out.c **** *  The current value for the pins in the component as a right justified number.
 113:Generated_Source\PSoC5/keyboard_out.c **** *
 114:Generated_Source\PSoC5/keyboard_out.c **** * \funcusage
 115:Generated_Source\PSoC5/keyboard_out.c **** *  \snippet keyboard_out_SUT.c usage_keyboard_out_Read  
 116:Generated_Source\PSoC5/keyboard_out.c **** *******************************************************************************/
 117:Generated_Source\PSoC5/keyboard_out.c **** uint8 keyboard_out_Read(void)
 118:Generated_Source\PSoC5/keyboard_out.c **** {
 202              		.loc 1 118 0
 203              		.cfi_startproc
 204              		@ args = 0, pretend = 0, frame = 0
 205              		@ frame_needed = 1, uses_anonymous_args = 0
 206              		@ link register save eliminated.
 207 0000 80B4     		push	{r7}
 208              		.cfi_def_cfa_offset 4
 209              		.cfi_offset 7, -4
 210 0002 00AF     		add	r7, sp, #0
 211              		.cfi_def_cfa_register 7
 119:Generated_Source\PSoC5/keyboard_out.c ****     return (keyboard_out_PS & keyboard_out_MASK) >> keyboard_out_SHIFT;
 212              		.loc 1 119 0
 213 0004 044B     		ldr	r3, .L9
 214 0006 1B78     		ldrb	r3, [r3]
 215 0008 DBB2     		uxtb	r3, r3
 216 000a 03F01F03 		and	r3, r3, #31
 217 000e DBB2     		uxtb	r3, r3
 120:Generated_Source\PSoC5/keyboard_out.c **** }
 218              		.loc 1 120 0
 219 0010 1846     		mov	r0, r3
 220 0012 BD46     		mov	sp, r7
 221              		.cfi_def_cfa_register 13
 222              		@ sp needed
ARM GAS  C:\Users\elias\AppData\Local\Temp\ccA8RTWg.s 			page 7


 223 0014 80BC     		pop	{r7}
 224              		.cfi_restore 7
 225              		.cfi_def_cfa_offset 0
 226 0016 7047     		bx	lr
 227              	.L10:
 228              		.align	2
 229              	.L9:
 230 0018 21510040 		.word	1073762593
 231              		.cfi_endproc
 232              	.LFE2:
 233              		.size	keyboard_out_Read, .-keyboard_out_Read
 234              		.section	.text.keyboard_out_ReadDataReg,"ax",%progbits
 235              		.align	2
 236              		.global	keyboard_out_ReadDataReg
 237              		.thumb
 238              		.thumb_func
 239              		.type	keyboard_out_ReadDataReg, %function
 240              	keyboard_out_ReadDataReg:
 241              	.LFB3:
 121:Generated_Source\PSoC5/keyboard_out.c **** 
 122:Generated_Source\PSoC5/keyboard_out.c **** 
 123:Generated_Source\PSoC5/keyboard_out.c **** /*******************************************************************************
 124:Generated_Source\PSoC5/keyboard_out.c **** * Function Name: keyboard_out_ReadDataReg
 125:Generated_Source\PSoC5/keyboard_out.c **** ****************************************************************************//**
 126:Generated_Source\PSoC5/keyboard_out.c **** *
 127:Generated_Source\PSoC5/keyboard_out.c **** * \brief Reads the associated physical port's data output register and masks 
 128:Generated_Source\PSoC5/keyboard_out.c **** *  the correct bits according to the width and bit position of the component 
 129:Generated_Source\PSoC5/keyboard_out.c **** *  instance. 
 130:Generated_Source\PSoC5/keyboard_out.c **** *
 131:Generated_Source\PSoC5/keyboard_out.c **** * The data output register controls the signal applied to the physical pin in 
 132:Generated_Source\PSoC5/keyboard_out.c **** * conjunction with the drive mode parameter. This is not the same as the 
 133:Generated_Source\PSoC5/keyboard_out.c **** * preferred keyboard_out_Read() API because the 
 134:Generated_Source\PSoC5/keyboard_out.c **** * keyboard_out_ReadDataReg() reads the data register instead of the status 
 135:Generated_Source\PSoC5/keyboard_out.c **** * register. For output pins this is a useful function to determine the value 
 136:Generated_Source\PSoC5/keyboard_out.c **** * just written to the pin.
 137:Generated_Source\PSoC5/keyboard_out.c **** *
 138:Generated_Source\PSoC5/keyboard_out.c **** * \return 
 139:Generated_Source\PSoC5/keyboard_out.c **** *  The current value of the data register masked and shifted into a right 
 140:Generated_Source\PSoC5/keyboard_out.c **** *  justified number for the component instance.
 141:Generated_Source\PSoC5/keyboard_out.c **** *
 142:Generated_Source\PSoC5/keyboard_out.c **** * \funcusage
 143:Generated_Source\PSoC5/keyboard_out.c **** *  \snippet keyboard_out_SUT.c usage_keyboard_out_ReadDataReg 
 144:Generated_Source\PSoC5/keyboard_out.c **** *******************************************************************************/
 145:Generated_Source\PSoC5/keyboard_out.c **** uint8 keyboard_out_ReadDataReg(void)
 146:Generated_Source\PSoC5/keyboard_out.c **** {
 242              		.loc 1 146 0
 243              		.cfi_startproc
 244              		@ args = 0, pretend = 0, frame = 0
 245              		@ frame_needed = 1, uses_anonymous_args = 0
 246              		@ link register save eliminated.
 247 0000 80B4     		push	{r7}
 248              		.cfi_def_cfa_offset 4
 249              		.cfi_offset 7, -4
 250 0002 00AF     		add	r7, sp, #0
 251              		.cfi_def_cfa_register 7
 147:Generated_Source\PSoC5/keyboard_out.c ****     return (keyboard_out_DR & keyboard_out_MASK) >> keyboard_out_SHIFT;
 252              		.loc 1 147 0
ARM GAS  C:\Users\elias\AppData\Local\Temp\ccA8RTWg.s 			page 8


 253 0004 044B     		ldr	r3, .L13
 254 0006 1B78     		ldrb	r3, [r3]
 255 0008 DBB2     		uxtb	r3, r3
 256 000a 03F01F03 		and	r3, r3, #31
 257 000e DBB2     		uxtb	r3, r3
 148:Generated_Source\PSoC5/keyboard_out.c **** }
 258              		.loc 1 148 0
 259 0010 1846     		mov	r0, r3
 260 0012 BD46     		mov	sp, r7
 261              		.cfi_def_cfa_register 13
 262              		@ sp needed
 263 0014 80BC     		pop	{r7}
 264              		.cfi_restore 7
 265              		.cfi_def_cfa_offset 0
 266 0016 7047     		bx	lr
 267              	.L14:
 268              		.align	2
 269              	.L13:
 270 0018 20510040 		.word	1073762592
 271              		.cfi_endproc
 272              	.LFE3:
 273              		.size	keyboard_out_ReadDataReg, .-keyboard_out_ReadDataReg
 274              		.text
 275              	.Letext0:
 276              		.file 2 "Generated_Source\\PSoC5\\cytypes.h"
 277              		.section	.debug_info,"",%progbits
 278              	.Ldebug_info0:
 279 0000 1A010000 		.4byte	0x11a
 280 0004 0400     		.2byte	0x4
 281 0006 00000000 		.4byte	.Ldebug_abbrev0
 282 000a 04       		.byte	0x4
 283 000b 01       		.uleb128 0x1
 284 000c 00000000 		.4byte	.LASF20
 285 0010 0C       		.byte	0xc
 286 0011 BE010000 		.4byte	.LASF21
 287 0015 B8000000 		.4byte	.LASF22
 288 0019 00000000 		.4byte	.Ldebug_ranges0+0
 289 001d 00000000 		.4byte	0
 290 0021 00000000 		.4byte	.Ldebug_line0
 291 0025 02       		.uleb128 0x2
 292 0026 01       		.byte	0x1
 293 0027 06       		.byte	0x6
 294 0028 02020000 		.4byte	.LASF0
 295 002c 02       		.uleb128 0x2
 296 002d 01       		.byte	0x1
 297 002e 08       		.byte	0x8
 298 002f 09010000 		.4byte	.LASF1
 299 0033 02       		.uleb128 0x2
 300 0034 02       		.byte	0x2
 301 0035 05       		.byte	0x5
 302 0036 E9010000 		.4byte	.LASF2
 303 003a 02       		.uleb128 0x2
 304 003b 02       		.byte	0x2
 305 003c 07       		.byte	0x7
 306 003d 2E010000 		.4byte	.LASF3
 307 0041 02       		.uleb128 0x2
 308 0042 04       		.byte	0x4
ARM GAS  C:\Users\elias\AppData\Local\Temp\ccA8RTWg.s 			page 9


 309 0043 05       		.byte	0x5
 310 0044 F9010000 		.4byte	.LASF4
 311 0048 02       		.uleb128 0x2
 312 0049 04       		.byte	0x4
 313 004a 07       		.byte	0x7
 314 004b 1C010000 		.4byte	.LASF5
 315 004f 02       		.uleb128 0x2
 316 0050 08       		.byte	0x8
 317 0051 05       		.byte	0x5
 318 0052 B0010000 		.4byte	.LASF6
 319 0056 02       		.uleb128 0x2
 320 0057 08       		.byte	0x8
 321 0058 07       		.byte	0x7
 322 0059 7A010000 		.4byte	.LASF7
 323 005d 03       		.uleb128 0x3
 324 005e 04       		.byte	0x4
 325 005f 05       		.byte	0x5
 326 0060 696E7400 		.ascii	"int\000"
 327 0064 02       		.uleb128 0x2
 328 0065 04       		.byte	0x4
 329 0066 07       		.byte	0x7
 330 0067 6D010000 		.4byte	.LASF8
 331 006b 04       		.uleb128 0x4
 332 006c F3010000 		.4byte	.LASF12
 333 0070 02       		.byte	0x2
 334 0071 E801     		.2byte	0x1e8
 335 0073 2C000000 		.4byte	0x2c
 336 0077 02       		.uleb128 0x2
 337 0078 04       		.byte	0x4
 338 0079 04       		.byte	0x4
 339 007a 03010000 		.4byte	.LASF9
 340 007e 02       		.uleb128 0x2
 341 007f 08       		.byte	0x8
 342 0080 04       		.byte	0x4
 343 0081 53010000 		.4byte	.LASF10
 344 0085 02       		.uleb128 0x2
 345 0086 01       		.byte	0x1
 346 0087 08       		.byte	0x8
 347 0088 E4010000 		.4byte	.LASF11
 348 008c 04       		.uleb128 0x4
 349 008d 17010000 		.4byte	.LASF13
 350 0091 02       		.byte	0x2
 351 0092 9202     		.2byte	0x292
 352 0094 98000000 		.4byte	0x98
 353 0098 05       		.uleb128 0x5
 354 0099 6B000000 		.4byte	0x6b
 355 009d 06       		.uleb128 0x6
 356 009e 5A010000 		.4byte	.LASF14
 357 00a2 01       		.byte	0x1
 358 00a3 39       		.byte	0x39
 359 00a4 00000000 		.4byte	.LFB0
 360 00a8 38000000 		.4byte	.LFE0-.LFB0
 361 00ac 01       		.uleb128 0x1
 362 00ad 9C       		.byte	0x9c
 363 00ae CF000000 		.4byte	0xcf
 364 00b2 07       		.uleb128 0x7
 365 00b3 A7000000 		.4byte	.LASF16
ARM GAS  C:\Users\elias\AppData\Local\Temp\ccA8RTWg.s 			page 10


 366 00b7 01       		.byte	0x1
 367 00b8 39       		.byte	0x39
 368 00b9 6B000000 		.4byte	0x6b
 369 00bd 02       		.uleb128 0x2
 370 00be 91       		.byte	0x91
 371 00bf 6F       		.sleb128 -17
 372 00c0 08       		.uleb128 0x8
 373 00c1 AD000000 		.4byte	.LASF23
 374 00c5 01       		.byte	0x1
 375 00c6 3B       		.byte	0x3b
 376 00c7 6B000000 		.4byte	0x6b
 377 00cb 02       		.uleb128 0x2
 378 00cc 91       		.byte	0x91
 379 00cd 77       		.sleb128 -9
 380 00ce 00       		.byte	0
 381 00cf 06       		.uleb128 0x6
 382 00d0 96010000 		.4byte	.LASF15
 383 00d4 01       		.byte	0x1
 384 00d5 5A       		.byte	0x5a
 385 00d6 00000000 		.4byte	.LFB1
 386 00da D4000000 		.4byte	.LFE1-.LFB1
 387 00de 01       		.uleb128 0x1
 388 00df 9C       		.byte	0x9c
 389 00e0 F3000000 		.4byte	0xf3
 390 00e4 07       		.uleb128 0x7
 391 00e5 91010000 		.4byte	.LASF17
 392 00e9 01       		.byte	0x1
 393 00ea 5A       		.byte	0x5a
 394 00eb 6B000000 		.4byte	0x6b
 395 00ef 02       		.uleb128 0x2
 396 00f0 91       		.byte	0x91
 397 00f1 77       		.sleb128 -9
 398 00f2 00       		.byte	0
 399 00f3 09       		.uleb128 0x9
 400 00f4 41010000 		.4byte	.LASF18
 401 00f8 01       		.byte	0x1
 402 00f9 75       		.byte	0x75
 403 00fa 6B000000 		.4byte	0x6b
 404 00fe 00000000 		.4byte	.LFB2
 405 0102 1C000000 		.4byte	.LFE2-.LFB2
 406 0106 01       		.uleb128 0x1
 407 0107 9C       		.byte	0x9c
 408 0108 09       		.uleb128 0x9
 409 0109 8E000000 		.4byte	.LASF19
 410 010d 01       		.byte	0x1
 411 010e 91       		.byte	0x91
 412 010f 6B000000 		.4byte	0x6b
 413 0113 00000000 		.4byte	.LFB3
 414 0117 1C000000 		.4byte	.LFE3-.LFB3
 415 011b 01       		.uleb128 0x1
 416 011c 9C       		.byte	0x9c
 417 011d 00       		.byte	0
 418              		.section	.debug_abbrev,"",%progbits
 419              	.Ldebug_abbrev0:
 420 0000 01       		.uleb128 0x1
 421 0001 11       		.uleb128 0x11
 422 0002 01       		.byte	0x1
ARM GAS  C:\Users\elias\AppData\Local\Temp\ccA8RTWg.s 			page 11


 423 0003 25       		.uleb128 0x25
 424 0004 0E       		.uleb128 0xe
 425 0005 13       		.uleb128 0x13
 426 0006 0B       		.uleb128 0xb
 427 0007 03       		.uleb128 0x3
 428 0008 0E       		.uleb128 0xe
 429 0009 1B       		.uleb128 0x1b
 430 000a 0E       		.uleb128 0xe
 431 000b 55       		.uleb128 0x55
 432 000c 17       		.uleb128 0x17
 433 000d 11       		.uleb128 0x11
 434 000e 01       		.uleb128 0x1
 435 000f 10       		.uleb128 0x10
 436 0010 17       		.uleb128 0x17
 437 0011 00       		.byte	0
 438 0012 00       		.byte	0
 439 0013 02       		.uleb128 0x2
 440 0014 24       		.uleb128 0x24
 441 0015 00       		.byte	0
 442 0016 0B       		.uleb128 0xb
 443 0017 0B       		.uleb128 0xb
 444 0018 3E       		.uleb128 0x3e
 445 0019 0B       		.uleb128 0xb
 446 001a 03       		.uleb128 0x3
 447 001b 0E       		.uleb128 0xe
 448 001c 00       		.byte	0
 449 001d 00       		.byte	0
 450 001e 03       		.uleb128 0x3
 451 001f 24       		.uleb128 0x24
 452 0020 00       		.byte	0
 453 0021 0B       		.uleb128 0xb
 454 0022 0B       		.uleb128 0xb
 455 0023 3E       		.uleb128 0x3e
 456 0024 0B       		.uleb128 0xb
 457 0025 03       		.uleb128 0x3
 458 0026 08       		.uleb128 0x8
 459 0027 00       		.byte	0
 460 0028 00       		.byte	0
 461 0029 04       		.uleb128 0x4
 462 002a 16       		.uleb128 0x16
 463 002b 00       		.byte	0
 464 002c 03       		.uleb128 0x3
 465 002d 0E       		.uleb128 0xe
 466 002e 3A       		.uleb128 0x3a
 467 002f 0B       		.uleb128 0xb
 468 0030 3B       		.uleb128 0x3b
 469 0031 05       		.uleb128 0x5
 470 0032 49       		.uleb128 0x49
 471 0033 13       		.uleb128 0x13
 472 0034 00       		.byte	0
 473 0035 00       		.byte	0
 474 0036 05       		.uleb128 0x5
 475 0037 35       		.uleb128 0x35
 476 0038 00       		.byte	0
 477 0039 49       		.uleb128 0x49
 478 003a 13       		.uleb128 0x13
 479 003b 00       		.byte	0
ARM GAS  C:\Users\elias\AppData\Local\Temp\ccA8RTWg.s 			page 12


 480 003c 00       		.byte	0
 481 003d 06       		.uleb128 0x6
 482 003e 2E       		.uleb128 0x2e
 483 003f 01       		.byte	0x1
 484 0040 3F       		.uleb128 0x3f
 485 0041 19       		.uleb128 0x19
 486 0042 03       		.uleb128 0x3
 487 0043 0E       		.uleb128 0xe
 488 0044 3A       		.uleb128 0x3a
 489 0045 0B       		.uleb128 0xb
 490 0046 3B       		.uleb128 0x3b
 491 0047 0B       		.uleb128 0xb
 492 0048 27       		.uleb128 0x27
 493 0049 19       		.uleb128 0x19
 494 004a 11       		.uleb128 0x11
 495 004b 01       		.uleb128 0x1
 496 004c 12       		.uleb128 0x12
 497 004d 06       		.uleb128 0x6
 498 004e 40       		.uleb128 0x40
 499 004f 18       		.uleb128 0x18
 500 0050 9742     		.uleb128 0x2117
 501 0052 19       		.uleb128 0x19
 502 0053 01       		.uleb128 0x1
 503 0054 13       		.uleb128 0x13
 504 0055 00       		.byte	0
 505 0056 00       		.byte	0
 506 0057 07       		.uleb128 0x7
 507 0058 05       		.uleb128 0x5
 508 0059 00       		.byte	0
 509 005a 03       		.uleb128 0x3
 510 005b 0E       		.uleb128 0xe
 511 005c 3A       		.uleb128 0x3a
 512 005d 0B       		.uleb128 0xb
 513 005e 3B       		.uleb128 0x3b
 514 005f 0B       		.uleb128 0xb
 515 0060 49       		.uleb128 0x49
 516 0061 13       		.uleb128 0x13
 517 0062 02       		.uleb128 0x2
 518 0063 18       		.uleb128 0x18
 519 0064 00       		.byte	0
 520 0065 00       		.byte	0
 521 0066 08       		.uleb128 0x8
 522 0067 34       		.uleb128 0x34
 523 0068 00       		.byte	0
 524 0069 03       		.uleb128 0x3
 525 006a 0E       		.uleb128 0xe
 526 006b 3A       		.uleb128 0x3a
 527 006c 0B       		.uleb128 0xb
 528 006d 3B       		.uleb128 0x3b
 529 006e 0B       		.uleb128 0xb
 530 006f 49       		.uleb128 0x49
 531 0070 13       		.uleb128 0x13
 532 0071 02       		.uleb128 0x2
 533 0072 18       		.uleb128 0x18
 534 0073 00       		.byte	0
 535 0074 00       		.byte	0
 536 0075 09       		.uleb128 0x9
ARM GAS  C:\Users\elias\AppData\Local\Temp\ccA8RTWg.s 			page 13


 537 0076 2E       		.uleb128 0x2e
 538 0077 00       		.byte	0
 539 0078 3F       		.uleb128 0x3f
 540 0079 19       		.uleb128 0x19
 541 007a 03       		.uleb128 0x3
 542 007b 0E       		.uleb128 0xe
 543 007c 3A       		.uleb128 0x3a
 544 007d 0B       		.uleb128 0xb
 545 007e 3B       		.uleb128 0x3b
 546 007f 0B       		.uleb128 0xb
 547 0080 27       		.uleb128 0x27
 548 0081 19       		.uleb128 0x19
 549 0082 49       		.uleb128 0x49
 550 0083 13       		.uleb128 0x13
 551 0084 11       		.uleb128 0x11
 552 0085 01       		.uleb128 0x1
 553 0086 12       		.uleb128 0x12
 554 0087 06       		.uleb128 0x6
 555 0088 40       		.uleb128 0x40
 556 0089 18       		.uleb128 0x18
 557 008a 9742     		.uleb128 0x2117
 558 008c 19       		.uleb128 0x19
 559 008d 00       		.byte	0
 560 008e 00       		.byte	0
 561 008f 00       		.byte	0
 562              		.section	.debug_aranges,"",%progbits
 563 0000 34000000 		.4byte	0x34
 564 0004 0200     		.2byte	0x2
 565 0006 00000000 		.4byte	.Ldebug_info0
 566 000a 04       		.byte	0x4
 567 000b 00       		.byte	0
 568 000c 0000     		.2byte	0
 569 000e 0000     		.2byte	0
 570 0010 00000000 		.4byte	.LFB0
 571 0014 38000000 		.4byte	.LFE0-.LFB0
 572 0018 00000000 		.4byte	.LFB1
 573 001c D4000000 		.4byte	.LFE1-.LFB1
 574 0020 00000000 		.4byte	.LFB2
 575 0024 1C000000 		.4byte	.LFE2-.LFB2
 576 0028 00000000 		.4byte	.LFB3
 577 002c 1C000000 		.4byte	.LFE3-.LFB3
 578 0030 00000000 		.4byte	0
 579 0034 00000000 		.4byte	0
 580              		.section	.debug_ranges,"",%progbits
 581              	.Ldebug_ranges0:
 582 0000 00000000 		.4byte	.LFB0
 583 0004 38000000 		.4byte	.LFE0
 584 0008 00000000 		.4byte	.LFB1
 585 000c D4000000 		.4byte	.LFE1
 586 0010 00000000 		.4byte	.LFB2
 587 0014 1C000000 		.4byte	.LFE2
 588 0018 00000000 		.4byte	.LFB3
 589 001c 1C000000 		.4byte	.LFE3
 590 0020 00000000 		.4byte	0
 591 0024 00000000 		.4byte	0
 592              		.section	.debug_line,"",%progbits
 593              	.Ldebug_line0:
ARM GAS  C:\Users\elias\AppData\Local\Temp\ccA8RTWg.s 			page 14


 594 0000 A0000000 		.section	.debug_str,"MS",%progbits,1
 594      02004900 
 594      00000201 
 594      FB0E0D00 
 594      01010101 
 595              	.LASF20:
 596 0000 474E5520 		.ascii	"GNU C11 5.4.1 20160609 (release) [ARM/embedded-5-br"
 596      43313120 
 596      352E342E 
 596      31203230 
 596      31363036 
 597 0033 616E6368 		.ascii	"anch revision 237715] -mcpu=cortex-m3 -mthumb -g -O"
 597      20726576 
 597      6973696F 
 597      6E203233 
 597      37373135 
 598 0066 30202D66 		.ascii	"0 -ffunction-sections -ffat-lto-objects\000"
 598      66756E63 
 598      74696F6E 
 598      2D736563 
 598      74696F6E 
 599              	.LASF19:
 600 008e 6B657962 		.ascii	"keyboard_out_ReadDataReg\000"
 600      6F617264 
 600      5F6F7574 
 600      5F526561 
 600      64446174 
 601              	.LASF16:
 602 00a7 76616C75 		.ascii	"value\000"
 602      6500
 603              	.LASF23:
 604 00ad 73746174 		.ascii	"staticBits\000"
 604      69634269 
 604      747300
 605              	.LASF22:
 606 00b8 433A5C55 		.ascii	"C:\\Users\\elias\\OneDrive\\Documents\\Documentos\\"
 606      73657273 
 606      5C656C69 
 606      61735C4F 
 606      6E654472 
 607 00e5 50536F43 		.ascii	"PSoC Creator\\TPF\\Micro1.cydsn\000"
 607      20437265 
 607      61746F72 
 607      5C545046 
 607      5C4D6963 
 608              	.LASF9:
 609 0103 666C6F61 		.ascii	"float\000"
 609      7400
 610              	.LASF1:
 611 0109 756E7369 		.ascii	"unsigned char\000"
 611      676E6564 
 611      20636861 
 611      7200
 612              	.LASF13:
 613 0117 72656738 		.ascii	"reg8\000"
 613      00
 614              	.LASF5:
ARM GAS  C:\Users\elias\AppData\Local\Temp\ccA8RTWg.s 			page 15


 615 011c 6C6F6E67 		.ascii	"long unsigned int\000"
 615      20756E73 
 615      69676E65 
 615      6420696E 
 615      7400
 616              	.LASF3:
 617 012e 73686F72 		.ascii	"short unsigned int\000"
 617      7420756E 
 617      7369676E 
 617      65642069 
 617      6E7400
 618              	.LASF18:
 619 0141 6B657962 		.ascii	"keyboard_out_Read\000"
 619      6F617264 
 619      5F6F7574 
 619      5F526561 
 619      6400
 620              	.LASF10:
 621 0153 646F7562 		.ascii	"double\000"
 621      6C6500
 622              	.LASF14:
 623 015a 6B657962 		.ascii	"keyboard_out_Write\000"
 623      6F617264 
 623      5F6F7574 
 623      5F577269 
 623      746500
 624              	.LASF8:
 625 016d 756E7369 		.ascii	"unsigned int\000"
 625      676E6564 
 625      20696E74 
 625      00
 626              	.LASF7:
 627 017a 6C6F6E67 		.ascii	"long long unsigned int\000"
 627      206C6F6E 
 627      6720756E 
 627      7369676E 
 627      65642069 
 628              	.LASF17:
 629 0191 6D6F6465 		.ascii	"mode\000"
 629      00
 630              	.LASF15:
 631 0196 6B657962 		.ascii	"keyboard_out_SetDriveMode\000"
 631      6F617264 
 631      5F6F7574 
 631      5F536574 
 631      44726976 
 632              	.LASF6:
 633 01b0 6C6F6E67 		.ascii	"long long int\000"
 633      206C6F6E 
 633      6720696E 
 633      7400
 634              	.LASF21:
 635 01be 47656E65 		.ascii	"Generated_Source\\PSoC5\\keyboard_out.c\000"
 635      72617465 
 635      645F536F 
 635      75726365 
 635      5C50536F 
ARM GAS  C:\Users\elias\AppData\Local\Temp\ccA8RTWg.s 			page 16


 636              	.LASF11:
 637 01e4 63686172 		.ascii	"char\000"
 637      00
 638              	.LASF2:
 639 01e9 73686F72 		.ascii	"short int\000"
 639      7420696E 
 639      7400
 640              	.LASF12:
 641 01f3 75696E74 		.ascii	"uint8\000"
 641      3800
 642              	.LASF4:
 643 01f9 6C6F6E67 		.ascii	"long int\000"
 643      20696E74 
 643      00
 644              	.LASF0:
 645 0202 7369676E 		.ascii	"signed char\000"
 645      65642063 
 645      68617200 
 646              		.ident	"GCC: (GNU Tools for ARM Embedded Processors) 5.4.1 20160609 (release) [ARM/embedded-5-bran
