ARM GAS  C:\Users\elias\AppData\Local\Temp\ccYsLqXF.s 			page 1


   1              		.syntax unified
   2              		.cpu cortex-m3
   3              		.fpu softvfp
   4              		.eabi_attribute 20, 1
   5              		.eabi_attribute 21, 1
   6              		.eabi_attribute 23, 3
   7              		.eabi_attribute 24, 1
   8              		.eabi_attribute 25, 1
   9              		.eabi_attribute 26, 1
  10              		.eabi_attribute 30, 6
  11              		.eabi_attribute 34, 1
  12              		.eabi_attribute 18, 4
  13              		.thumb
  14              		.syntax unified
  15              		.file	"Servo.c"
  16              		.text
  17              	.Ltext0:
  18              		.cfi_sections	.debug_frame
  19              		.section	.text.Servo_Write,"ax",%progbits
  20              		.align	2
  21              		.global	Servo_Write
  22              		.thumb
  23              		.thumb_func
  24              		.type	Servo_Write, %function
  25              	Servo_Write:
  26              	.LFB0:
  27              		.file 1 "Generated_Source\\PSoC5\\Servo.c"
   1:Generated_Source\PSoC5/Servo.c **** /*******************************************************************************
   2:Generated_Source\PSoC5/Servo.c **** * File Name: Servo.c  
   3:Generated_Source\PSoC5/Servo.c **** * Version 2.20
   4:Generated_Source\PSoC5/Servo.c **** *
   5:Generated_Source\PSoC5/Servo.c **** * Description:
   6:Generated_Source\PSoC5/Servo.c **** *  This file contains API to enable firmware control of a Pins component.
   7:Generated_Source\PSoC5/Servo.c **** *
   8:Generated_Source\PSoC5/Servo.c **** * Note:
   9:Generated_Source\PSoC5/Servo.c **** *
  10:Generated_Source\PSoC5/Servo.c **** ********************************************************************************
  11:Generated_Source\PSoC5/Servo.c **** * Copyright 2008-2015, Cypress Semiconductor Corporation.  All rights reserved.
  12:Generated_Source\PSoC5/Servo.c **** * You may use this file only in accordance with the license, terms, conditions, 
  13:Generated_Source\PSoC5/Servo.c **** * disclaimers, and limitations in the end user license agreement accompanying 
  14:Generated_Source\PSoC5/Servo.c **** * the software package with which this file was provided.
  15:Generated_Source\PSoC5/Servo.c **** *******************************************************************************/
  16:Generated_Source\PSoC5/Servo.c **** 
  17:Generated_Source\PSoC5/Servo.c **** #include "cytypes.h"
  18:Generated_Source\PSoC5/Servo.c **** #include "Servo.h"
  19:Generated_Source\PSoC5/Servo.c **** 
  20:Generated_Source\PSoC5/Servo.c **** /* APIs are not generated for P15[7:6] on PSoC 5 */
  21:Generated_Source\PSoC5/Servo.c **** #if !(CY_PSOC5A &&\
  22:Generated_Source\PSoC5/Servo.c **** 	 Servo__PORT == 15 && ((Servo__MASK & 0xC0) != 0))
  23:Generated_Source\PSoC5/Servo.c **** 
  24:Generated_Source\PSoC5/Servo.c **** 
  25:Generated_Source\PSoC5/Servo.c **** /*******************************************************************************
  26:Generated_Source\PSoC5/Servo.c **** * Function Name: Servo_Write
  27:Generated_Source\PSoC5/Servo.c **** ****************************************************************************//**
  28:Generated_Source\PSoC5/Servo.c **** *
  29:Generated_Source\PSoC5/Servo.c **** * \brief Writes the value to the physical port (data output register), masking
  30:Generated_Source\PSoC5/Servo.c **** *  and shifting the bits appropriately. 
ARM GAS  C:\Users\elias\AppData\Local\Temp\ccYsLqXF.s 			page 2


  31:Generated_Source\PSoC5/Servo.c **** *
  32:Generated_Source\PSoC5/Servo.c **** * The data output register controls the signal applied to the physical pin in 
  33:Generated_Source\PSoC5/Servo.c **** * conjunction with the drive mode parameter. This function avoids changing 
  34:Generated_Source\PSoC5/Servo.c **** * other bits in the port by using the appropriate method (read-modify-write or
  35:Generated_Source\PSoC5/Servo.c **** * bit banding).
  36:Generated_Source\PSoC5/Servo.c **** *
  37:Generated_Source\PSoC5/Servo.c **** * <b>Note</b> This function should not be used on a hardware digital output pin 
  38:Generated_Source\PSoC5/Servo.c **** * as it is driven by the hardware signal attached to it.
  39:Generated_Source\PSoC5/Servo.c **** *
  40:Generated_Source\PSoC5/Servo.c **** * \param value
  41:Generated_Source\PSoC5/Servo.c **** *  Value to write to the component instance.
  42:Generated_Source\PSoC5/Servo.c **** *
  43:Generated_Source\PSoC5/Servo.c **** * \return 
  44:Generated_Source\PSoC5/Servo.c **** *  None 
  45:Generated_Source\PSoC5/Servo.c **** *
  46:Generated_Source\PSoC5/Servo.c **** * \sideeffect
  47:Generated_Source\PSoC5/Servo.c **** *  If you use read-modify-write operations that are not atomic; the Interrupt 
  48:Generated_Source\PSoC5/Servo.c **** *  Service Routines (ISR) can cause corruption of this function. An ISR that 
  49:Generated_Source\PSoC5/Servo.c **** *  interrupts this function and performs writes to the Pins component data 
  50:Generated_Source\PSoC5/Servo.c **** *  register can cause corrupted port data. To avoid this issue, you should 
  51:Generated_Source\PSoC5/Servo.c **** *  either use the Per-Pin APIs (primary method) or disable interrupts around 
  52:Generated_Source\PSoC5/Servo.c **** *  this function.
  53:Generated_Source\PSoC5/Servo.c **** *
  54:Generated_Source\PSoC5/Servo.c **** * \funcusage
  55:Generated_Source\PSoC5/Servo.c **** *  \snippet Servo_SUT.c usage_Servo_Write
  56:Generated_Source\PSoC5/Servo.c **** *******************************************************************************/
  57:Generated_Source\PSoC5/Servo.c **** void Servo_Write(uint8 value)
  58:Generated_Source\PSoC5/Servo.c **** {
  28              		.loc 1 58 0
  29              		.cfi_startproc
  30              		@ args = 0, pretend = 0, frame = 16
  31              		@ frame_needed = 1, uses_anonymous_args = 0
  32              		@ link register save eliminated.
  33 0000 80B4     		push	{r7}
  34              		.cfi_def_cfa_offset 4
  35              		.cfi_offset 7, -4
  36 0002 85B0     		sub	sp, sp, #20
  37              		.cfi_def_cfa_offset 24
  38 0004 00AF     		add	r7, sp, #0
  39              		.cfi_def_cfa_register 7
  40 0006 0346     		mov	r3, r0
  41 0008 FB71     		strb	r3, [r7, #7]
  59:Generated_Source\PSoC5/Servo.c ****     uint8 staticBits = (Servo_DR & (uint8)(~Servo_MASK));
  42              		.loc 1 59 0
  43 000a 0B4B     		ldr	r3, .L2
  44 000c 1B78     		ldrb	r3, [r3]
  45 000e DBB2     		uxtb	r3, r3
  46 0010 23F01E03 		bic	r3, r3, #30
  47 0014 FB73     		strb	r3, [r7, #15]
  60:Generated_Source\PSoC5/Servo.c ****     Servo_DR = staticBits | ((uint8)(value << Servo_SHIFT) & Servo_MASK);
  48              		.loc 1 60 0
  49 0016 0849     		ldr	r1, .L2
  50 0018 FB79     		ldrb	r3, [r7, #7]
  51 001a 5B00     		lsls	r3, r3, #1
  52 001c DBB2     		uxtb	r3, r3
  53 001e 03F01E03 		and	r3, r3, #30
  54 0022 DAB2     		uxtb	r2, r3
ARM GAS  C:\Users\elias\AppData\Local\Temp\ccYsLqXF.s 			page 3


  55 0024 FB7B     		ldrb	r3, [r7, #15]
  56 0026 1343     		orrs	r3, r3, r2
  57 0028 DBB2     		uxtb	r3, r3
  58 002a 0B70     		strb	r3, [r1]
  61:Generated_Source\PSoC5/Servo.c **** }
  59              		.loc 1 61 0
  60 002c 00BF     		nop
  61 002e 1437     		adds	r7, r7, #20
  62              		.cfi_def_cfa_offset 4
  63 0030 BD46     		mov	sp, r7
  64              		.cfi_def_cfa_register 13
  65              		@ sp needed
  66 0032 80BC     		pop	{r7}
  67              		.cfi_restore 7
  68              		.cfi_def_cfa_offset 0
  69 0034 7047     		bx	lr
  70              	.L3:
  71 0036 00BF     		.align	2
  72              	.L2:
  73 0038 00510040 		.word	1073762560
  74              		.cfi_endproc
  75              	.LFE0:
  76              		.size	Servo_Write, .-Servo_Write
  77              		.section	.text.Servo_SetDriveMode,"ax",%progbits
  78              		.align	2
  79              		.global	Servo_SetDriveMode
  80              		.thumb
  81              		.thumb_func
  82              		.type	Servo_SetDriveMode, %function
  83              	Servo_SetDriveMode:
  84              	.LFB1:
  62:Generated_Source\PSoC5/Servo.c **** 
  63:Generated_Source\PSoC5/Servo.c **** 
  64:Generated_Source\PSoC5/Servo.c **** /*******************************************************************************
  65:Generated_Source\PSoC5/Servo.c **** * Function Name: Servo_SetDriveMode
  66:Generated_Source\PSoC5/Servo.c **** ****************************************************************************//**
  67:Generated_Source\PSoC5/Servo.c **** *
  68:Generated_Source\PSoC5/Servo.c **** * \brief Sets the drive mode for each of the Pins component's pins.
  69:Generated_Source\PSoC5/Servo.c **** * 
  70:Generated_Source\PSoC5/Servo.c **** * <b>Note</b> This affects all pins in the Pins component instance. Use the
  71:Generated_Source\PSoC5/Servo.c **** * Per-Pin APIs if you wish to control individual pin's drive modes.
  72:Generated_Source\PSoC5/Servo.c **** *
  73:Generated_Source\PSoC5/Servo.c **** * \param mode
  74:Generated_Source\PSoC5/Servo.c **** *  Mode for the selected signals. Valid options are documented in 
  75:Generated_Source\PSoC5/Servo.c **** *  \ref driveMode.
  76:Generated_Source\PSoC5/Servo.c **** *
  77:Generated_Source\PSoC5/Servo.c **** * \return
  78:Generated_Source\PSoC5/Servo.c **** *  None
  79:Generated_Source\PSoC5/Servo.c **** *
  80:Generated_Source\PSoC5/Servo.c **** * \sideeffect
  81:Generated_Source\PSoC5/Servo.c **** *  If you use read-modify-write operations that are not atomic, the ISR can
  82:Generated_Source\PSoC5/Servo.c **** *  cause corruption of this function. An ISR that interrupts this function 
  83:Generated_Source\PSoC5/Servo.c **** *  and performs writes to the Pins component Drive Mode registers can cause 
  84:Generated_Source\PSoC5/Servo.c **** *  corrupted port data. To avoid this issue, you should either use the Per-Pin
  85:Generated_Source\PSoC5/Servo.c **** *  APIs (primary method) or disable interrupts around this function.
  86:Generated_Source\PSoC5/Servo.c **** *
  87:Generated_Source\PSoC5/Servo.c **** * \funcusage
ARM GAS  C:\Users\elias\AppData\Local\Temp\ccYsLqXF.s 			page 4


  88:Generated_Source\PSoC5/Servo.c **** *  \snippet Servo_SUT.c usage_Servo_SetDriveMode
  89:Generated_Source\PSoC5/Servo.c **** *******************************************************************************/
  90:Generated_Source\PSoC5/Servo.c **** void Servo_SetDriveMode(uint8 mode)
  91:Generated_Source\PSoC5/Servo.c **** {
  85              		.loc 1 91 0
  86              		.cfi_startproc
  87              		@ args = 0, pretend = 0, frame = 8
  88              		@ frame_needed = 1, uses_anonymous_args = 0
  89              		@ link register save eliminated.
  90 0000 80B4     		push	{r7}
  91              		.cfi_def_cfa_offset 4
  92              		.cfi_offset 7, -4
  93 0002 83B0     		sub	sp, sp, #12
  94              		.cfi_def_cfa_offset 16
  95 0004 00AF     		add	r7, sp, #0
  96              		.cfi_def_cfa_register 7
  97 0006 0346     		mov	r3, r0
  98 0008 FB71     		strb	r3, [r7, #7]
  92:Generated_Source\PSoC5/Servo.c **** 	CyPins_SetPinDriveMode(Servo_0, mode);
  99              		.loc 1 92 0
 100 000a 2449     		ldr	r1, .L5
 101 000c 234B     		ldr	r3, .L5
 102 000e 1B78     		ldrb	r3, [r3]
 103 0010 DBB2     		uxtb	r3, r3
 104 0012 5BB2     		sxtb	r3, r3
 105 0014 23F00E03 		bic	r3, r3, #14
 106 0018 5AB2     		sxtb	r2, r3
 107 001a 97F90730 		ldrsb	r3, [r7, #7]
 108 001e 03F00E03 		and	r3, r3, #14
 109 0022 5BB2     		sxtb	r3, r3
 110 0024 1343     		orrs	r3, r3, r2
 111 0026 5BB2     		sxtb	r3, r3
 112 0028 DBB2     		uxtb	r3, r3
 113 002a 0B70     		strb	r3, [r1]
  93:Generated_Source\PSoC5/Servo.c **** 	CyPins_SetPinDriveMode(Servo_1, mode);
 114              		.loc 1 93 0
 115 002c 1C49     		ldr	r1, .L5+4
 116 002e 1C4B     		ldr	r3, .L5+4
 117 0030 1B78     		ldrb	r3, [r3]
 118 0032 DBB2     		uxtb	r3, r3
 119 0034 5BB2     		sxtb	r3, r3
 120 0036 23F00E03 		bic	r3, r3, #14
 121 003a 5AB2     		sxtb	r2, r3
 122 003c 97F90730 		ldrsb	r3, [r7, #7]
 123 0040 03F00E03 		and	r3, r3, #14
 124 0044 5BB2     		sxtb	r3, r3
 125 0046 1343     		orrs	r3, r3, r2
 126 0048 5BB2     		sxtb	r3, r3
 127 004a DBB2     		uxtb	r3, r3
 128 004c 0B70     		strb	r3, [r1]
  94:Generated_Source\PSoC5/Servo.c **** 	CyPins_SetPinDriveMode(Servo_2, mode);
 129              		.loc 1 94 0
 130 004e 1549     		ldr	r1, .L5+8
 131 0050 144B     		ldr	r3, .L5+8
 132 0052 1B78     		ldrb	r3, [r3]
 133 0054 DBB2     		uxtb	r3, r3
 134 0056 5BB2     		sxtb	r3, r3
ARM GAS  C:\Users\elias\AppData\Local\Temp\ccYsLqXF.s 			page 5


 135 0058 23F00E03 		bic	r3, r3, #14
 136 005c 5AB2     		sxtb	r2, r3
 137 005e 97F90730 		ldrsb	r3, [r7, #7]
 138 0062 03F00E03 		and	r3, r3, #14
 139 0066 5BB2     		sxtb	r3, r3
 140 0068 1343     		orrs	r3, r3, r2
 141 006a 5BB2     		sxtb	r3, r3
 142 006c DBB2     		uxtb	r3, r3
 143 006e 0B70     		strb	r3, [r1]
  95:Generated_Source\PSoC5/Servo.c **** 	CyPins_SetPinDriveMode(Servo_3, mode);
 144              		.loc 1 95 0
 145 0070 0D49     		ldr	r1, .L5+12
 146 0072 0D4B     		ldr	r3, .L5+12
 147 0074 1B78     		ldrb	r3, [r3]
 148 0076 DBB2     		uxtb	r3, r3
 149 0078 5BB2     		sxtb	r3, r3
 150 007a 23F00E03 		bic	r3, r3, #14
 151 007e 5AB2     		sxtb	r2, r3
 152 0080 97F90730 		ldrsb	r3, [r7, #7]
 153 0084 03F00E03 		and	r3, r3, #14
 154 0088 5BB2     		sxtb	r3, r3
 155 008a 1343     		orrs	r3, r3, r2
 156 008c 5BB2     		sxtb	r3, r3
 157 008e DBB2     		uxtb	r3, r3
 158 0090 0B70     		strb	r3, [r1]
  96:Generated_Source\PSoC5/Servo.c **** }
 159              		.loc 1 96 0
 160 0092 00BF     		nop
 161 0094 0C37     		adds	r7, r7, #12
 162              		.cfi_def_cfa_offset 4
 163 0096 BD46     		mov	sp, r7
 164              		.cfi_def_cfa_register 13
 165              		@ sp needed
 166 0098 80BC     		pop	{r7}
 167              		.cfi_restore 7
 168              		.cfi_def_cfa_offset 0
 169 009a 7047     		bx	lr
 170              	.L6:
 171              		.align	2
 172              	.L5:
 173 009c 01500040 		.word	1073762305
 174 00a0 02500040 		.word	1073762306
 175 00a4 03500040 		.word	1073762307
 176 00a8 04500040 		.word	1073762308
 177              		.cfi_endproc
 178              	.LFE1:
 179              		.size	Servo_SetDriveMode, .-Servo_SetDriveMode
 180              		.section	.text.Servo_Read,"ax",%progbits
 181              		.align	2
 182              		.global	Servo_Read
 183              		.thumb
 184              		.thumb_func
 185              		.type	Servo_Read, %function
 186              	Servo_Read:
 187              	.LFB2:
  97:Generated_Source\PSoC5/Servo.c **** 
  98:Generated_Source\PSoC5/Servo.c **** 
ARM GAS  C:\Users\elias\AppData\Local\Temp\ccYsLqXF.s 			page 6


  99:Generated_Source\PSoC5/Servo.c **** /*******************************************************************************
 100:Generated_Source\PSoC5/Servo.c **** * Function Name: Servo_Read
 101:Generated_Source\PSoC5/Servo.c **** ****************************************************************************//**
 102:Generated_Source\PSoC5/Servo.c **** *
 103:Generated_Source\PSoC5/Servo.c **** * \brief Reads the associated physical port (pin status register) and masks 
 104:Generated_Source\PSoC5/Servo.c **** *  the required bits according to the width and bit position of the component
 105:Generated_Source\PSoC5/Servo.c **** *  instance. 
 106:Generated_Source\PSoC5/Servo.c **** *
 107:Generated_Source\PSoC5/Servo.c **** * The pin's status register returns the current logic level present on the 
 108:Generated_Source\PSoC5/Servo.c **** * physical pin.
 109:Generated_Source\PSoC5/Servo.c **** *
 110:Generated_Source\PSoC5/Servo.c **** * \return 
 111:Generated_Source\PSoC5/Servo.c **** *  The current value for the pins in the component as a right justified number.
 112:Generated_Source\PSoC5/Servo.c **** *
 113:Generated_Source\PSoC5/Servo.c **** * \funcusage
 114:Generated_Source\PSoC5/Servo.c **** *  \snippet Servo_SUT.c usage_Servo_Read  
 115:Generated_Source\PSoC5/Servo.c **** *******************************************************************************/
 116:Generated_Source\PSoC5/Servo.c **** uint8 Servo_Read(void)
 117:Generated_Source\PSoC5/Servo.c **** {
 188              		.loc 1 117 0
 189              		.cfi_startproc
 190              		@ args = 0, pretend = 0, frame = 0
 191              		@ frame_needed = 1, uses_anonymous_args = 0
 192              		@ link register save eliminated.
 193 0000 80B4     		push	{r7}
 194              		.cfi_def_cfa_offset 4
 195              		.cfi_offset 7, -4
 196 0002 00AF     		add	r7, sp, #0
 197              		.cfi_def_cfa_register 7
 118:Generated_Source\PSoC5/Servo.c ****     return (Servo_PS & Servo_MASK) >> Servo_SHIFT;
 198              		.loc 1 118 0
 199 0004 054B     		ldr	r3, .L9
 200 0006 1B78     		ldrb	r3, [r3]
 201 0008 DBB2     		uxtb	r3, r3
 202 000a 03F01E03 		and	r3, r3, #30
 203 000e 5B08     		lsrs	r3, r3, #1
 204 0010 DBB2     		uxtb	r3, r3
 119:Generated_Source\PSoC5/Servo.c **** }
 205              		.loc 1 119 0
 206 0012 1846     		mov	r0, r3
 207 0014 BD46     		mov	sp, r7
 208              		.cfi_def_cfa_register 13
 209              		@ sp needed
 210 0016 80BC     		pop	{r7}
 211              		.cfi_restore 7
 212              		.cfi_def_cfa_offset 0
 213 0018 7047     		bx	lr
 214              	.L10:
 215 001a 00BF     		.align	2
 216              	.L9:
 217 001c 01510040 		.word	1073762561
 218              		.cfi_endproc
 219              	.LFE2:
 220              		.size	Servo_Read, .-Servo_Read
 221              		.section	.text.Servo_ReadDataReg,"ax",%progbits
 222              		.align	2
 223              		.global	Servo_ReadDataReg
ARM GAS  C:\Users\elias\AppData\Local\Temp\ccYsLqXF.s 			page 7


 224              		.thumb
 225              		.thumb_func
 226              		.type	Servo_ReadDataReg, %function
 227              	Servo_ReadDataReg:
 228              	.LFB3:
 120:Generated_Source\PSoC5/Servo.c **** 
 121:Generated_Source\PSoC5/Servo.c **** 
 122:Generated_Source\PSoC5/Servo.c **** /*******************************************************************************
 123:Generated_Source\PSoC5/Servo.c **** * Function Name: Servo_ReadDataReg
 124:Generated_Source\PSoC5/Servo.c **** ****************************************************************************//**
 125:Generated_Source\PSoC5/Servo.c **** *
 126:Generated_Source\PSoC5/Servo.c **** * \brief Reads the associated physical port's data output register and masks 
 127:Generated_Source\PSoC5/Servo.c **** *  the correct bits according to the width and bit position of the component 
 128:Generated_Source\PSoC5/Servo.c **** *  instance. 
 129:Generated_Source\PSoC5/Servo.c **** *
 130:Generated_Source\PSoC5/Servo.c **** * The data output register controls the signal applied to the physical pin in 
 131:Generated_Source\PSoC5/Servo.c **** * conjunction with the drive mode parameter. This is not the same as the 
 132:Generated_Source\PSoC5/Servo.c **** * preferred Servo_Read() API because the 
 133:Generated_Source\PSoC5/Servo.c **** * Servo_ReadDataReg() reads the data register instead of the status 
 134:Generated_Source\PSoC5/Servo.c **** * register. For output pins this is a useful function to determine the value 
 135:Generated_Source\PSoC5/Servo.c **** * just written to the pin.
 136:Generated_Source\PSoC5/Servo.c **** *
 137:Generated_Source\PSoC5/Servo.c **** * \return 
 138:Generated_Source\PSoC5/Servo.c **** *  The current value of the data register masked and shifted into a right 
 139:Generated_Source\PSoC5/Servo.c **** *  justified number for the component instance.
 140:Generated_Source\PSoC5/Servo.c **** *
 141:Generated_Source\PSoC5/Servo.c **** * \funcusage
 142:Generated_Source\PSoC5/Servo.c **** *  \snippet Servo_SUT.c usage_Servo_ReadDataReg 
 143:Generated_Source\PSoC5/Servo.c **** *******************************************************************************/
 144:Generated_Source\PSoC5/Servo.c **** uint8 Servo_ReadDataReg(void)
 145:Generated_Source\PSoC5/Servo.c **** {
 229              		.loc 1 145 0
 230              		.cfi_startproc
 231              		@ args = 0, pretend = 0, frame = 0
 232              		@ frame_needed = 1, uses_anonymous_args = 0
 233              		@ link register save eliminated.
 234 0000 80B4     		push	{r7}
 235              		.cfi_def_cfa_offset 4
 236              		.cfi_offset 7, -4
 237 0002 00AF     		add	r7, sp, #0
 238              		.cfi_def_cfa_register 7
 146:Generated_Source\PSoC5/Servo.c ****     return (Servo_DR & Servo_MASK) >> Servo_SHIFT;
 239              		.loc 1 146 0
 240 0004 054B     		ldr	r3, .L13
 241 0006 1B78     		ldrb	r3, [r3]
 242 0008 DBB2     		uxtb	r3, r3
 243 000a 03F01E03 		and	r3, r3, #30
 244 000e 5B08     		lsrs	r3, r3, #1
 245 0010 DBB2     		uxtb	r3, r3
 147:Generated_Source\PSoC5/Servo.c **** }
 246              		.loc 1 147 0
 247 0012 1846     		mov	r0, r3
 248 0014 BD46     		mov	sp, r7
 249              		.cfi_def_cfa_register 13
 250              		@ sp needed
 251 0016 80BC     		pop	{r7}
 252              		.cfi_restore 7
ARM GAS  C:\Users\elias\AppData\Local\Temp\ccYsLqXF.s 			page 8


 253              		.cfi_def_cfa_offset 0
 254 0018 7047     		bx	lr
 255              	.L14:
 256 001a 00BF     		.align	2
 257              	.L13:
 258 001c 00510040 		.word	1073762560
 259              		.cfi_endproc
 260              	.LFE3:
 261              		.size	Servo_ReadDataReg, .-Servo_ReadDataReg
 262              		.text
 263              	.Letext0:
 264              		.file 2 "Generated_Source\\PSoC5\\cytypes.h"
 265              		.section	.debug_info,"",%progbits
 266              	.Ldebug_info0:
 267 0000 1A010000 		.4byte	0x11a
 268 0004 0400     		.2byte	0x4
 269 0006 00000000 		.4byte	.Ldebug_abbrev0
 270 000a 04       		.byte	0x4
 271 000b 01       		.uleb128 0x1
 272 000c 00000000 		.4byte	.LASF20
 273 0010 0C       		.byte	0xc
 274 0011 8F010000 		.4byte	.LASF21
 275 0015 A0000000 		.4byte	.LASF22
 276 0019 00000000 		.4byte	.Ldebug_ranges0+0
 277 001d 00000000 		.4byte	0
 278 0021 00000000 		.4byte	.Ldebug_line0
 279 0025 02       		.uleb128 0x2
 280 0026 01       		.byte	0x1
 281 0027 06       		.byte	0x6
 282 0028 DF010000 		.4byte	.LASF0
 283 002c 02       		.uleb128 0x2
 284 002d 01       		.byte	0x1
 285 002e 08       		.byte	0x8
 286 002f F1000000 		.4byte	.LASF1
 287 0033 02       		.uleb128 0x2
 288 0034 02       		.byte	0x2
 289 0035 05       		.byte	0x5
 290 0036 C6010000 		.4byte	.LASF2
 291 003a 02       		.uleb128 0x2
 292 003b 02       		.byte	0x2
 293 003c 07       		.byte	0x7
 294 003d 21010000 		.4byte	.LASF3
 295 0041 02       		.uleb128 0x2
 296 0042 04       		.byte	0x4
 297 0043 05       		.byte	0x5
 298 0044 D6010000 		.4byte	.LASF4
 299 0048 02       		.uleb128 0x2
 300 0049 04       		.byte	0x4
 301 004a 07       		.byte	0x7
 302 004b 0F010000 		.4byte	.LASF5
 303 004f 02       		.uleb128 0x2
 304 0050 08       		.byte	0x8
 305 0051 05       		.byte	0x5
 306 0052 B3010000 		.4byte	.LASF6
 307 0056 02       		.uleb128 0x2
 308 0057 08       		.byte	0x8
 309 0058 07       		.byte	0x7
ARM GAS  C:\Users\elias\AppData\Local\Temp\ccYsLqXF.s 			page 9


 310 0059 78010000 		.4byte	.LASF7
 311 005d 03       		.uleb128 0x3
 312 005e 04       		.byte	0x4
 313 005f 05       		.byte	0x5
 314 0060 696E7400 		.ascii	"int\000"
 315 0064 02       		.uleb128 0x2
 316 0065 04       		.byte	0x4
 317 0066 07       		.byte	0x7
 318 0067 6B010000 		.4byte	.LASF8
 319 006b 04       		.uleb128 0x4
 320 006c D0010000 		.4byte	.LASF12
 321 0070 02       		.byte	0x2
 322 0071 E801     		.2byte	0x1e8
 323 0073 2C000000 		.4byte	0x2c
 324 0077 02       		.uleb128 0x2
 325 0078 04       		.byte	0x4
 326 0079 04       		.byte	0x4
 327 007a EB000000 		.4byte	.LASF9
 328 007e 02       		.uleb128 0x2
 329 007f 08       		.byte	0x8
 330 0080 04       		.byte	0x4
 331 0081 59010000 		.4byte	.LASF10
 332 0085 02       		.uleb128 0x2
 333 0086 01       		.byte	0x1
 334 0087 08       		.byte	0x8
 335 0088 C1010000 		.4byte	.LASF11
 336 008c 04       		.uleb128 0x4
 337 008d 0A010000 		.4byte	.LASF13
 338 0091 02       		.byte	0x2
 339 0092 9202     		.2byte	0x292
 340 0094 98000000 		.4byte	0x98
 341 0098 05       		.uleb128 0x5
 342 0099 6B000000 		.4byte	0x6b
 343 009d 06       		.uleb128 0x6
 344 009e 94000000 		.4byte	.LASF14
 345 00a2 01       		.byte	0x1
 346 00a3 39       		.byte	0x39
 347 00a4 00000000 		.4byte	.LFB0
 348 00a8 3C000000 		.4byte	.LFE0-.LFB0
 349 00ac 01       		.uleb128 0x1
 350 00ad 9C       		.byte	0x9c
 351 00ae CF000000 		.4byte	0xcf
 352 00b2 07       		.uleb128 0x7
 353 00b3 8E000000 		.4byte	.LASF16
 354 00b7 01       		.byte	0x1
 355 00b8 39       		.byte	0x39
 356 00b9 6B000000 		.4byte	0x6b
 357 00bd 02       		.uleb128 0x2
 358 00be 91       		.byte	0x91
 359 00bf 6F       		.sleb128 -17
 360 00c0 08       		.uleb128 0x8
 361 00c1 FF000000 		.4byte	.LASF23
 362 00c5 01       		.byte	0x1
 363 00c6 3B       		.byte	0x3b
 364 00c7 6B000000 		.4byte	0x6b
 365 00cb 02       		.uleb128 0x2
 366 00cc 91       		.byte	0x91
ARM GAS  C:\Users\elias\AppData\Local\Temp\ccYsLqXF.s 			page 10


 367 00cd 77       		.sleb128 -9
 368 00ce 00       		.byte	0
 369 00cf 06       		.uleb128 0x6
 370 00d0 34010000 		.4byte	.LASF15
 371 00d4 01       		.byte	0x1
 372 00d5 5A       		.byte	0x5a
 373 00d6 00000000 		.4byte	.LFB1
 374 00da AC000000 		.4byte	.LFE1-.LFB1
 375 00de 01       		.uleb128 0x1
 376 00df 9C       		.byte	0x9c
 377 00e0 F3000000 		.4byte	0xf3
 378 00e4 07       		.uleb128 0x7
 379 00e5 AE010000 		.4byte	.LASF17
 380 00e9 01       		.byte	0x1
 381 00ea 5A       		.byte	0x5a
 382 00eb 6B000000 		.4byte	0x6b
 383 00ef 02       		.uleb128 0x2
 384 00f0 91       		.byte	0x91
 385 00f1 77       		.sleb128 -9
 386 00f2 00       		.byte	0
 387 00f3 09       		.uleb128 0x9
 388 00f4 60010000 		.4byte	.LASF18
 389 00f8 01       		.byte	0x1
 390 00f9 74       		.byte	0x74
 391 00fa 6B000000 		.4byte	0x6b
 392 00fe 00000000 		.4byte	.LFB2
 393 0102 20000000 		.4byte	.LFE2-.LFB2
 394 0106 01       		.uleb128 0x1
 395 0107 9C       		.byte	0x9c
 396 0108 09       		.uleb128 0x9
 397 0109 47010000 		.4byte	.LASF19
 398 010d 01       		.byte	0x1
 399 010e 90       		.byte	0x90
 400 010f 6B000000 		.4byte	0x6b
 401 0113 00000000 		.4byte	.LFB3
 402 0117 20000000 		.4byte	.LFE3-.LFB3
 403 011b 01       		.uleb128 0x1
 404 011c 9C       		.byte	0x9c
 405 011d 00       		.byte	0
 406              		.section	.debug_abbrev,"",%progbits
 407              	.Ldebug_abbrev0:
 408 0000 01       		.uleb128 0x1
 409 0001 11       		.uleb128 0x11
 410 0002 01       		.byte	0x1
 411 0003 25       		.uleb128 0x25
 412 0004 0E       		.uleb128 0xe
 413 0005 13       		.uleb128 0x13
 414 0006 0B       		.uleb128 0xb
 415 0007 03       		.uleb128 0x3
 416 0008 0E       		.uleb128 0xe
 417 0009 1B       		.uleb128 0x1b
 418 000a 0E       		.uleb128 0xe
 419 000b 55       		.uleb128 0x55
 420 000c 17       		.uleb128 0x17
 421 000d 11       		.uleb128 0x11
 422 000e 01       		.uleb128 0x1
 423 000f 10       		.uleb128 0x10
ARM GAS  C:\Users\elias\AppData\Local\Temp\ccYsLqXF.s 			page 11


 424 0010 17       		.uleb128 0x17
 425 0011 00       		.byte	0
 426 0012 00       		.byte	0
 427 0013 02       		.uleb128 0x2
 428 0014 24       		.uleb128 0x24
 429 0015 00       		.byte	0
 430 0016 0B       		.uleb128 0xb
 431 0017 0B       		.uleb128 0xb
 432 0018 3E       		.uleb128 0x3e
 433 0019 0B       		.uleb128 0xb
 434 001a 03       		.uleb128 0x3
 435 001b 0E       		.uleb128 0xe
 436 001c 00       		.byte	0
 437 001d 00       		.byte	0
 438 001e 03       		.uleb128 0x3
 439 001f 24       		.uleb128 0x24
 440 0020 00       		.byte	0
 441 0021 0B       		.uleb128 0xb
 442 0022 0B       		.uleb128 0xb
 443 0023 3E       		.uleb128 0x3e
 444 0024 0B       		.uleb128 0xb
 445 0025 03       		.uleb128 0x3
 446 0026 08       		.uleb128 0x8
 447 0027 00       		.byte	0
 448 0028 00       		.byte	0
 449 0029 04       		.uleb128 0x4
 450 002a 16       		.uleb128 0x16
 451 002b 00       		.byte	0
 452 002c 03       		.uleb128 0x3
 453 002d 0E       		.uleb128 0xe
 454 002e 3A       		.uleb128 0x3a
 455 002f 0B       		.uleb128 0xb
 456 0030 3B       		.uleb128 0x3b
 457 0031 05       		.uleb128 0x5
 458 0032 49       		.uleb128 0x49
 459 0033 13       		.uleb128 0x13
 460 0034 00       		.byte	0
 461 0035 00       		.byte	0
 462 0036 05       		.uleb128 0x5
 463 0037 35       		.uleb128 0x35
 464 0038 00       		.byte	0
 465 0039 49       		.uleb128 0x49
 466 003a 13       		.uleb128 0x13
 467 003b 00       		.byte	0
 468 003c 00       		.byte	0
 469 003d 06       		.uleb128 0x6
 470 003e 2E       		.uleb128 0x2e
 471 003f 01       		.byte	0x1
 472 0040 3F       		.uleb128 0x3f
 473 0041 19       		.uleb128 0x19
 474 0042 03       		.uleb128 0x3
 475 0043 0E       		.uleb128 0xe
 476 0044 3A       		.uleb128 0x3a
 477 0045 0B       		.uleb128 0xb
 478 0046 3B       		.uleb128 0x3b
 479 0047 0B       		.uleb128 0xb
 480 0048 27       		.uleb128 0x27
ARM GAS  C:\Users\elias\AppData\Local\Temp\ccYsLqXF.s 			page 12


 481 0049 19       		.uleb128 0x19
 482 004a 11       		.uleb128 0x11
 483 004b 01       		.uleb128 0x1
 484 004c 12       		.uleb128 0x12
 485 004d 06       		.uleb128 0x6
 486 004e 40       		.uleb128 0x40
 487 004f 18       		.uleb128 0x18
 488 0050 9742     		.uleb128 0x2117
 489 0052 19       		.uleb128 0x19
 490 0053 01       		.uleb128 0x1
 491 0054 13       		.uleb128 0x13
 492 0055 00       		.byte	0
 493 0056 00       		.byte	0
 494 0057 07       		.uleb128 0x7
 495 0058 05       		.uleb128 0x5
 496 0059 00       		.byte	0
 497 005a 03       		.uleb128 0x3
 498 005b 0E       		.uleb128 0xe
 499 005c 3A       		.uleb128 0x3a
 500 005d 0B       		.uleb128 0xb
 501 005e 3B       		.uleb128 0x3b
 502 005f 0B       		.uleb128 0xb
 503 0060 49       		.uleb128 0x49
 504 0061 13       		.uleb128 0x13
 505 0062 02       		.uleb128 0x2
 506 0063 18       		.uleb128 0x18
 507 0064 00       		.byte	0
 508 0065 00       		.byte	0
 509 0066 08       		.uleb128 0x8
 510 0067 34       		.uleb128 0x34
 511 0068 00       		.byte	0
 512 0069 03       		.uleb128 0x3
 513 006a 0E       		.uleb128 0xe
 514 006b 3A       		.uleb128 0x3a
 515 006c 0B       		.uleb128 0xb
 516 006d 3B       		.uleb128 0x3b
 517 006e 0B       		.uleb128 0xb
 518 006f 49       		.uleb128 0x49
 519 0070 13       		.uleb128 0x13
 520 0071 02       		.uleb128 0x2
 521 0072 18       		.uleb128 0x18
 522 0073 00       		.byte	0
 523 0074 00       		.byte	0
 524 0075 09       		.uleb128 0x9
 525 0076 2E       		.uleb128 0x2e
 526 0077 00       		.byte	0
 527 0078 3F       		.uleb128 0x3f
 528 0079 19       		.uleb128 0x19
 529 007a 03       		.uleb128 0x3
 530 007b 0E       		.uleb128 0xe
 531 007c 3A       		.uleb128 0x3a
 532 007d 0B       		.uleb128 0xb
 533 007e 3B       		.uleb128 0x3b
 534 007f 0B       		.uleb128 0xb
 535 0080 27       		.uleb128 0x27
 536 0081 19       		.uleb128 0x19
 537 0082 49       		.uleb128 0x49
ARM GAS  C:\Users\elias\AppData\Local\Temp\ccYsLqXF.s 			page 13


 538 0083 13       		.uleb128 0x13
 539 0084 11       		.uleb128 0x11
 540 0085 01       		.uleb128 0x1
 541 0086 12       		.uleb128 0x12
 542 0087 06       		.uleb128 0x6
 543 0088 40       		.uleb128 0x40
 544 0089 18       		.uleb128 0x18
 545 008a 9742     		.uleb128 0x2117
 546 008c 19       		.uleb128 0x19
 547 008d 00       		.byte	0
 548 008e 00       		.byte	0
 549 008f 00       		.byte	0
 550              		.section	.debug_aranges,"",%progbits
 551 0000 34000000 		.4byte	0x34
 552 0004 0200     		.2byte	0x2
 553 0006 00000000 		.4byte	.Ldebug_info0
 554 000a 04       		.byte	0x4
 555 000b 00       		.byte	0
 556 000c 0000     		.2byte	0
 557 000e 0000     		.2byte	0
 558 0010 00000000 		.4byte	.LFB0
 559 0014 3C000000 		.4byte	.LFE0-.LFB0
 560 0018 00000000 		.4byte	.LFB1
 561 001c AC000000 		.4byte	.LFE1-.LFB1
 562 0020 00000000 		.4byte	.LFB2
 563 0024 20000000 		.4byte	.LFE2-.LFB2
 564 0028 00000000 		.4byte	.LFB3
 565 002c 20000000 		.4byte	.LFE3-.LFB3
 566 0030 00000000 		.4byte	0
 567 0034 00000000 		.4byte	0
 568              		.section	.debug_ranges,"",%progbits
 569              	.Ldebug_ranges0:
 570 0000 00000000 		.4byte	.LFB0
 571 0004 3C000000 		.4byte	.LFE0
 572 0008 00000000 		.4byte	.LFB1
 573 000c AC000000 		.4byte	.LFE1
 574 0010 00000000 		.4byte	.LFB2
 575 0014 20000000 		.4byte	.LFE2
 576 0018 00000000 		.4byte	.LFB3
 577 001c 20000000 		.4byte	.LFE3
 578 0020 00000000 		.4byte	0
 579 0024 00000000 		.4byte	0
 580              		.section	.debug_line,"",%progbits
 581              	.Ldebug_line0:
 582 0000 97000000 		.section	.debug_str,"MS",%progbits,1
 582      02004200 
 582      00000201 
 582      FB0E0D00 
 582      01010101 
 583              	.LASF20:
 584 0000 474E5520 		.ascii	"GNU C11 5.4.1 20160609 (release) [ARM/embedded-5-br"
 584      43313120 
 584      352E342E 
 584      31203230 
 584      31363036 
 585 0033 616E6368 		.ascii	"anch revision 237715] -mcpu=cortex-m3 -mthumb -g -O"
 585      20726576 
ARM GAS  C:\Users\elias\AppData\Local\Temp\ccYsLqXF.s 			page 14


 585      6973696F 
 585      6E203233 
 585      37373135 
 586 0066 30202D66 		.ascii	"0 -ffunction-sections -ffat-lto-objects\000"
 586      66756E63 
 586      74696F6E 
 586      2D736563 
 586      74696F6E 
 587              	.LASF16:
 588 008e 76616C75 		.ascii	"value\000"
 588      6500
 589              	.LASF14:
 590 0094 53657276 		.ascii	"Servo_Write\000"
 590      6F5F5772 
 590      69746500 
 591              	.LASF22:
 592 00a0 433A5C55 		.ascii	"C:\\Users\\elias\\OneDrive\\Documents\\Documentos\\"
 592      73657273 
 592      5C656C69 
 592      61735C4F 
 592      6E654472 
 593 00cd 50536F43 		.ascii	"PSoC Creator\\TPF\\Micro1.cydsn\000"
 593      20437265 
 593      61746F72 
 593      5C545046 
 593      5C4D6963 
 594              	.LASF9:
 595 00eb 666C6F61 		.ascii	"float\000"
 595      7400
 596              	.LASF1:
 597 00f1 756E7369 		.ascii	"unsigned char\000"
 597      676E6564 
 597      20636861 
 597      7200
 598              	.LASF23:
 599 00ff 73746174 		.ascii	"staticBits\000"
 599      69634269 
 599      747300
 600              	.LASF13:
 601 010a 72656738 		.ascii	"reg8\000"
 601      00
 602              	.LASF5:
 603 010f 6C6F6E67 		.ascii	"long unsigned int\000"
 603      20756E73 
 603      69676E65 
 603      6420696E 
 603      7400
 604              	.LASF3:
 605 0121 73686F72 		.ascii	"short unsigned int\000"
 605      7420756E 
 605      7369676E 
 605      65642069 
 605      6E7400
 606              	.LASF15:
 607 0134 53657276 		.ascii	"Servo_SetDriveMode\000"
 607      6F5F5365 
 607      74447269 
ARM GAS  C:\Users\elias\AppData\Local\Temp\ccYsLqXF.s 			page 15


 607      76654D6F 
 607      646500
 608              	.LASF19:
 609 0147 53657276 		.ascii	"Servo_ReadDataReg\000"
 609      6F5F5265 
 609      61644461 
 609      74615265 
 609      6700
 610              	.LASF10:
 611 0159 646F7562 		.ascii	"double\000"
 611      6C6500
 612              	.LASF18:
 613 0160 53657276 		.ascii	"Servo_Read\000"
 613      6F5F5265 
 613      616400
 614              	.LASF8:
 615 016b 756E7369 		.ascii	"unsigned int\000"
 615      676E6564 
 615      20696E74 
 615      00
 616              	.LASF7:
 617 0178 6C6F6E67 		.ascii	"long long unsigned int\000"
 617      206C6F6E 
 617      6720756E 
 617      7369676E 
 617      65642069 
 618              	.LASF21:
 619 018f 47656E65 		.ascii	"Generated_Source\\PSoC5\\Servo.c\000"
 619      72617465 
 619      645F536F 
 619      75726365 
 619      5C50536F 
 620              	.LASF17:
 621 01ae 6D6F6465 		.ascii	"mode\000"
 621      00
 622              	.LASF6:
 623 01b3 6C6F6E67 		.ascii	"long long int\000"
 623      206C6F6E 
 623      6720696E 
 623      7400
 624              	.LASF11:
 625 01c1 63686172 		.ascii	"char\000"
 625      00
 626              	.LASF2:
 627 01c6 73686F72 		.ascii	"short int\000"
 627      7420696E 
 627      7400
 628              	.LASF12:
 629 01d0 75696E74 		.ascii	"uint8\000"
 629      3800
 630              	.LASF4:
 631 01d6 6C6F6E67 		.ascii	"long int\000"
 631      20696E74 
 631      00
 632              	.LASF0:
 633 01df 7369676E 		.ascii	"signed char\000"
 633      65642063 
ARM GAS  C:\Users\elias\AppData\Local\Temp\ccYsLqXF.s 			page 16


 633      68617200 
 634              		.ident	"GCC: (GNU Tools for ARM Embedded Processors) 5.4.1 20160609 (release) [ARM/embedded-5-bran
