ARM GAS  C:\Users\elias\AppData\Local\Temp\ccNU7sKa.s 			page 1


   1              		.syntax unified
   2              		.cpu cortex-m3
   3              		.fpu softvfp
   4              		.eabi_attribute 20, 1
   5              		.eabi_attribute 21, 1
   6              		.eabi_attribute 23, 3
   7              		.eabi_attribute 24, 1
   8              		.eabi_attribute 25, 1
   9              		.eabi_attribute 26, 1
  10              		.eabi_attribute 30, 1
  11              		.eabi_attribute 34, 1
  12              		.eabi_attribute 18, 4
  13              		.thumb
  14              		.syntax unified
  15              		.file	"cymetadata.c"
  16              		.text
  17              	.Ltext0:
  18              		.cfi_sections	.debug_frame
  19              		.global	cy_metadata
  20              		.global	cy_meta_flashprotect
  21              		.global	cy_meta_wonvl
  22              		.global	cy_meta_custnvl
  23              		.global	cy_meta_configecc
  24              		.section	.cyconfigecc,"a",%progbits
  25              		.align	2
  26              		.type	cy_meta_configecc, %object
  27              		.size	cy_meta_configecc, 1144
  28              	cy_meta_configecc:
  29 0000 04       		.byte	4
  30 0001 4F       		.byte	79
  31 0002 00       		.byte	0
  32 0003 40       		.byte	64
  33 0004 02       		.byte	2
  34 0005 52       		.byte	82
  35 0006 00       		.byte	0
  36 0007 40       		.byte	64
  37 0008 01       		.byte	1
  38 0009 64       		.byte	100
  39 000a 00       		.byte	0
  40 000b 40       		.byte	64
  41 000c 02       		.byte	2
  42 000d 65       		.byte	101
  43 000e 00       		.byte	0
  44 000f 40       		.byte	64
  45 0010 04       		.byte	4
  46 0011 02       		.byte	2
  47 0012 01       		.byte	1
  48 0013 40       		.byte	64
  49 0014 01       		.byte	1
  50 0015 03       		.byte	3
  51 0016 01       		.byte	1
  52 0017 40       		.byte	64
  53 0018 02       		.byte	2
  54 0019 05       		.byte	5
  55 001a 01       		.byte	1
  56 001b 40       		.byte	64
  57 001c 5E       		.byte	94
ARM GAS  C:\Users\elias\AppData\Local\Temp\ccNU7sKa.s 			page 2


  58 001d 08       		.byte	8
  59 001e 01       		.byte	1
  60 001f 40       		.byte	64
  61 0020 38       		.byte	56
  62 0021 09       		.byte	9
  63 0022 01       		.byte	1
  64 0023 40       		.byte	64
  65 0024 04       		.byte	4
  66 0025 0B       		.byte	11
  67 0026 01       		.byte	1
  68 0027 40       		.byte	64
  69 0028 02       		.byte	2
  70 0029 15       		.byte	21
  71 002a 01       		.byte	1
  72 002b 40       		.byte	64
  73 002c 01       		.byte	1
  74 002d 17       		.byte	23
  75 002e 01       		.byte	1
  76 002f 40       		.byte	64
  77 0030 46       		.byte	70
  78 0031 18       		.byte	24
  79 0032 01       		.byte	1
  80 0033 40       		.byte	64
  81 0034 3A       		.byte	58
  82 0035 19       		.byte	25
  83 0036 01       		.byte	1
  84 0037 40       		.byte	64
  85 0038 0B       		.byte	11
  86 0039 1A       		.byte	26
  87 003a 01       		.byte	1
  88 003b 40       		.byte	64
  89 003c 40       		.byte	64
  90 003d 1B       		.byte	27
  91 003e 01       		.byte	1
  92 003f 40       		.byte	64
  93 0040 05       		.byte	5
  94 0041 40       		.byte	64
  95 0042 01       		.byte	1
  96 0043 40       		.byte	64
  97 0044 06       		.byte	6
  98 0045 41       		.byte	65
  99 0046 01       		.byte	1
 100 0047 40       		.byte	64
 101 0048 0D       		.byte	13
 102 0049 42       		.byte	66
 103 004a 01       		.byte	1
 104 004b 40       		.byte	64
 105 004c 07       		.byte	7
 106 004d 43       		.byte	67
 107 004e 01       		.byte	1
 108 004f 40       		.byte	64
 109 0050 02       		.byte	2
 110 0051 45       		.byte	69
 111 0052 01       		.byte	1
 112 0053 40       		.byte	64
 113 0054 02       		.byte	2
 114 0055 46       		.byte	70
ARM GAS  C:\Users\elias\AppData\Local\Temp\ccNU7sKa.s 			page 3


 115 0056 01       		.byte	1
 116 0057 40       		.byte	64
 117 0058 04       		.byte	4
 118 0059 48       		.byte	72
 119 005a 01       		.byte	1
 120 005b 40       		.byte	64
 121 005c 04       		.byte	4
 122 005d 49       		.byte	73
 123 005e 01       		.byte	1
 124 005f 40       		.byte	64
 125 0060 0C       		.byte	12
 126 0061 4D       		.byte	77
 127 0062 01       		.byte	1
 128 0063 40       		.byte	64
 129 0064 04       		.byte	4
 130 0065 50       		.byte	80
 131 0066 01       		.byte	1
 132 0067 40       		.byte	64
 133 0068 01       		.byte	1
 134 0069 51       		.byte	81
 135 006a 01       		.byte	1
 136 006b 40       		.byte	64
 137 006c 01       		.byte	1
 138 006d 20       		.byte	32
 139 006e 0A       		.byte	10
 140 006f 4B       		.byte	75
 141 0070 0D       		.byte	13
 142 0071 20       		.byte	32
 143 0072 16       		.byte	22
 144 0073 63       		.byte	99
 145 0074 61       		.byte	97
 146 0075 80       		.byte	-128
 147 0076 64       		.byte	100
 148 0077 40       		.byte	64
 149 0078 89       		.byte	-119
 150 0079 0F       		.byte	15
 151 007a 89       		.byte	-119
 152 007b 72       		.byte	114
 153 007c 8A       		.byte	-118
 154 007d 38       		.byte	56
 155 007e B8       		.byte	-72
 156 007f 80       		.byte	-128
 157 0080 BE       		.byte	-66
 158 0081 40       		.byte	64
 159 0082 D8       		.byte	-40
 160 0083 04       		.byte	4
 161 0084 DF       		.byte	-33
 162 0085 01       		.byte	1
 163 0086 1A       		.byte	26
 164 0087 02       		.byte	2
 165 0088 AE       		.byte	-82
 166 0089 01       		.byte	1
 167 008a E0       		.byte	-32
 168 008b 10       		.byte	16
 169 008c 00       		.byte	0
 170 008d 20       		.byte	32
 171 008e 01       		.byte	1
ARM GAS  C:\Users\elias\AppData\Local\Temp\ccNU7sKa.s 			page 4


 172 008f 01       		.byte	1
 173 0090 03       		.byte	3
 174 0091 06       		.byte	6
 175 0092 07       		.byte	7
 176 0093 03       		.byte	3
 177 0094 08       		.byte	8
 178 0095 14       		.byte	20
 179 0096 0C       		.byte	12
 180 0097 10       		.byte	16
 181 0098 11       		.byte	17
 182 0099 01       		.byte	1
 183 009a 12       		.byte	18
 184 009b 03       		.byte	3
 185 009c 13       		.byte	19
 186 009d 0E       		.byte	14
 187 009e 17       		.byte	23
 188 009f 0C       		.byte	12
 189 00a0 19       		.byte	25
 190 00a1 0C       		.byte	12
 191 00a2 1B       		.byte	27
 192 00a3 03       		.byte	3
 193 00a4 1C       		.byte	28
 194 00a5 10       		.byte	16
 195 00a6 1E       		.byte	30
 196 00a7 0C       		.byte	12
 197 00a8 20       		.byte	32
 198 00a9 0C       		.byte	12
 199 00aa 22       		.byte	34
 200 00ab 11       		.byte	17
 201 00ac 24       		.byte	36
 202 00ad 09       		.byte	9
 203 00ae 26       		.byte	38
 204 00af 10       		.byte	16
 205 00b0 28       		.byte	40
 206 00b1 1C       		.byte	28
 207 00b2 2A       		.byte	42
 208 00b3 02       		.byte	2
 209 00b4 2F       		.byte	47
 210 00b5 08       		.byte	8
 211 00b6 30       		.byte	48
 212 00b7 1F       		.byte	31
 213 00b8 33       		.byte	51
 214 00b9 0F       		.byte	15
 215 00ba 36       		.byte	54
 216 00bb 20       		.byte	32
 217 00bc 3B       		.byte	59
 218 00bd 08       		.byte	8
 219 00be 3E       		.byte	62
 220 00bf 40       		.byte	64
 221 00c0 40       		.byte	64
 222 00c1 03       		.byte	3
 223 00c2 47       		.byte	71
 224 00c3 40       		.byte	64
 225 00c4 49       		.byte	73
 226 00c5 FF       		.byte	-1
 227 00c6 4A       		.byte	74
 228 00c7 07       		.byte	7
ARM GAS  C:\Users\elias\AppData\Local\Temp\ccNU7sKa.s 			page 5


 229 00c8 4B       		.byte	75
 230 00c9 FF       		.byte	-1
 231 00ca 4C       		.byte	76
 232 00cb 40       		.byte	64
 233 00cc 4D       		.byte	77
 234 00cd 20       		.byte	32
 235 00ce 4E       		.byte	78
 236 00cf F0       		.byte	-16
 237 00d0 4F       		.byte	79
 238 00d1 05       		.byte	5
 239 00d2 50       		.byte	80
 240 00d3 08       		.byte	8
 241 00d4 58       		.byte	88
 242 00d5 04       		.byte	4
 243 00d6 59       		.byte	89
 244 00d7 04       		.byte	4
 245 00d8 5A       		.byte	90
 246 00d9 04       		.byte	4
 247 00da 5C       		.byte	92
 248 00db 11       		.byte	17
 249 00dc 5D       		.byte	93
 250 00dd 01       		.byte	1
 251 00de 5F       		.byte	95
 252 00df 01       		.byte	1
 253 00e0 60       		.byte	96
 254 00e1 40       		.byte	64
 255 00e2 61       		.byte	97
 256 00e3 A8       		.byte	-88
 257 00e4 62       		.byte	98
 258 00e5 40       		.byte	64
 259 00e6 63       		.byte	99
 260 00e7 20       		.byte	32
 261 00e8 81       		.byte	-127
 262 00e9 08       		.byte	8
 263 00ea 87       		.byte	-121
 264 00eb 01       		.byte	1
 265 00ec 8A       		.byte	-118
 266 00ed 01       		.byte	1
 267 00ee 8C       		.byte	-116
 268 00ef 02       		.byte	2
 269 00f0 8E       		.byte	-114
 270 00f1 04       		.byte	4
 271 00f2 90       		.byte	-112
 272 00f3 01       		.byte	1
 273 00f4 93       		.byte	-109
 274 00f5 03       		.byte	3
 275 00f6 94       		.byte	-108
 276 00f7 06       		.byte	6
 277 00f8 95       		.byte	-107
 278 00f9 06       		.byte	6
 279 00fa 97       		.byte	-105
 280 00fb 01       		.byte	1
 281 00fc 98       		.byte	-104
 282 00fd 06       		.byte	6
 283 00fe 9C       		.byte	-100
 284 00ff 01       		.byte	1
 285 0100 A3       		.byte	-93
ARM GAS  C:\Users\elias\AppData\Local\Temp\ccNU7sKa.s 			page 6


 286 0101 02       		.byte	2
 287 0102 A6       		.byte	-90
 288 0103 01       		.byte	1
 289 0104 AA       		.byte	-86
 290 0105 01       		.byte	1
 291 0106 AB       		.byte	-85
 292 0107 06       		.byte	6
 293 0108 AC       		.byte	-84
 294 0109 04       		.byte	4
 295 010a AE       		.byte	-82
 296 010b 02       		.byte	2
 297 010c AF       		.byte	-81
 298 010d 05       		.byte	5
 299 010e B0       		.byte	-80
 300 010f 06       		.byte	6
 301 0110 B1       		.byte	-79
 302 0111 07       		.byte	7
 303 0112 B3       		.byte	-77
 304 0113 08       		.byte	8
 305 0114 B6       		.byte	-74
 306 0115 01       		.byte	1
 307 0116 BB       		.byte	-69
 308 0117 02       		.byte	2
 309 0118 BE       		.byte	-66
 310 0119 40       		.byte	64
 311 011a BF       		.byte	-65
 312 011b 04       		.byte	4
 313 011c C0       		.byte	-64
 314 011d 12       		.byte	18
 315 011e C1       		.byte	-63
 316 011f 05       		.byte	5
 317 0120 C5       		.byte	-59
 318 0121 EC       		.byte	-20
 319 0122 C6       		.byte	-58
 320 0123 B0       		.byte	-80
 321 0124 C8       		.byte	-56
 322 0125 0B       		.byte	11
 323 0126 C9       		.byte	-55
 324 0127 FF       		.byte	-1
 325 0128 CA       		.byte	-54
 326 0129 FF       		.byte	-1
 327 012a CB       		.byte	-53
 328 012b FF       		.byte	-1
 329 012c CE       		.byte	-50
 330 012d F0       		.byte	-16
 331 012e CF       		.byte	-49
 332 012f 44       		.byte	68
 333 0130 D0       		.byte	-48
 334 0131 0C       		.byte	12
 335 0132 D4       		.byte	-44
 336 0133 01       		.byte	1
 337 0134 D8       		.byte	-40
 338 0135 04       		.byte	4
 339 0136 D9       		.byte	-39
 340 0137 04       		.byte	4
 341 0138 DA       		.byte	-38
 342 0139 04       		.byte	4
ARM GAS  C:\Users\elias\AppData\Local\Temp\ccNU7sKa.s 			page 7


 343 013a DB       		.byte	-37
 344 013b 04       		.byte	4
 345 013c DC       		.byte	-36
 346 013d 11       		.byte	17
 347 013e DD       		.byte	-35
 348 013f 11       		.byte	17
 349 0140 DF       		.byte	-33
 350 0141 01       		.byte	1
 351 0142 E6       		.byte	-26
 352 0143 C0       		.byte	-64
 353 0144 EA       		.byte	-22
 354 0145 40       		.byte	64
 355 0146 EB       		.byte	-21
 356 0147 02       		.byte	2
 357 0148 00       		.byte	0
 358 0149 20       		.byte	32
 359 014a 01       		.byte	1
 360 014b 60       		.byte	96
 361 014c 04       		.byte	4
 362 014d 20       		.byte	32
 363 014e 06       		.byte	6
 364 014f 01       		.byte	1
 365 0150 07       		.byte	7
 366 0151 40       		.byte	64
 367 0152 09       		.byte	9
 368 0153 02       		.byte	2
 369 0154 0A       		.byte	10
 370 0155 25       		.byte	37
 371 0156 0E       		.byte	14
 372 0157 80       		.byte	-128
 373 0158 0F       		.byte	15
 374 0159 02       		.byte	2
 375 015a 11       		.byte	17
 376 015b 08       		.byte	8
 377 015c 13       		.byte	19
 378 015d 60       		.byte	96
 379 015e 15       		.byte	21
 380 015f 02       		.byte	2
 381 0160 17       		.byte	23
 382 0161 28       		.byte	40
 383 0162 18       		.byte	24
 384 0163 80       		.byte	-128
 385 0164 19       		.byte	25
 386 0165 40       		.byte	64
 387 0166 1E       		.byte	30
 388 0167 80       		.byte	-128
 389 0168 1F       		.byte	31
 390 0169 80       		.byte	-128
 391 016a 21       		.byte	33
 392 016b 03       		.byte	3
 393 016c 22       		.byte	34
 394 016d 06       		.byte	6
 395 016e 26       		.byte	38
 396 016f 08       		.byte	8
 397 0170 27       		.byte	39
 398 0171 20       		.byte	32
 399 0172 28       		.byte	40
ARM GAS  C:\Users\elias\AppData\Local\Temp\ccNU7sKa.s 			page 8


 400 0173 04       		.byte	4
 401 0174 2A       		.byte	42
 402 0175 01       		.byte	1
 403 0176 2B       		.byte	43
 404 0177 01       		.byte	1
 405 0178 2F       		.byte	47
 406 0179 02       		.byte	2
 407 017a 31       		.byte	49
 408 017b 02       		.byte	2
 409 017c 32       		.byte	50
 410 017d 08       		.byte	8
 411 017e 34       		.byte	52
 412 017f 04       		.byte	4
 413 0180 36       		.byte	54
 414 0181 02       		.byte	2
 415 0182 37       		.byte	55
 416 0183 28       		.byte	40
 417 0184 3A       		.byte	58
 418 0185 08       		.byte	8
 419 0186 3B       		.byte	59
 420 0187 01       		.byte	1
 421 0188 3E       		.byte	62
 422 0189 09       		.byte	9
 423 018a 42       		.byte	66
 424 018b 09       		.byte	9
 425 018c 45       		.byte	69
 426 018d 08       		.byte	8
 427 018e 48       		.byte	72
 428 018f 10       		.byte	16
 429 0190 49       		.byte	73
 430 0191 01       		.byte	1
 431 0192 4A       		.byte	74
 432 0193 02       		.byte	2
 433 0194 4B       		.byte	75
 434 0195 01       		.byte	1
 435 0196 50       		.byte	80
 436 0197 10       		.byte	16
 437 0198 55       		.byte	85
 438 0199 04       		.byte	4
 439 019a 56       		.byte	86
 440 019b 09       		.byte	9
 441 019c 57       		.byte	87
 442 019d 02       		.byte	2
 443 019e 59       		.byte	89
 444 019f 61       		.byte	97
 445 01a0 5A       		.byte	90
 446 01a1 08       		.byte	8
 447 01a2 92       		.byte	-110
 448 01a3 10       		.byte	16
 449 01a4 9B       		.byte	-101
 450 01a5 40       		.byte	64
 451 01a6 C0       		.byte	-64
 452 01a7 D3       		.byte	-45
 453 01a8 C2       		.byte	-62
 454 01a9 9F       		.byte	-97
 455 01aa C4       		.byte	-60
 456 01ab 77       		.byte	119
ARM GAS  C:\Users\elias\AppData\Local\Temp\ccNU7sKa.s 			page 9


 457 01ac CA       		.byte	-54
 458 01ad 1D       		.byte	29
 459 01ae CC       		.byte	-52
 460 01af E3       		.byte	-29
 461 01b0 CE       		.byte	-50
 462 01b1 C3       		.byte	-61
 463 01b2 D0       		.byte	-48
 464 01b3 4C       		.byte	76
 465 01b4 D2       		.byte	-46
 466 01b5 08       		.byte	8
 467 01b6 D6       		.byte	-42
 468 01b7 0F       		.byte	15
 469 01b8 8F       		.byte	-113
 470 01b9 40       		.byte	64
 471 01ba 92       		.byte	-110
 472 01bb 10       		.byte	16
 473 01bc B6       		.byte	-74
 474 01bd 10       		.byte	16
 475 01be E0       		.byte	-32
 476 01bf 10       		.byte	16
 477 01c0 E6       		.byte	-26
 478 01c1 20       		.byte	32
 479 01c2 EA       		.byte	-22
 480 01c3 01       		.byte	1
 481 01c4 EE       		.byte	-18
 482 01c5 08       		.byte	8
 483 01c6 01       		.byte	1
 484 01c7 01       		.byte	1
 485 01c8 0A       		.byte	10
 486 01c9 02       		.byte	2
 487 01ca 10       		.byte	16
 488 01cb 01       		.byte	1
 489 01cc 1B       		.byte	27
 490 01cd 01       		.byte	1
 491 01ce 1C       		.byte	28
 492 01cf 06       		.byte	6
 493 01d0 20       		.byte	32
 494 01d1 06       		.byte	6
 495 01d2 21       		.byte	33
 496 01d3 01       		.byte	1
 497 01d4 25       		.byte	37
 498 01d5 02       		.byte	2
 499 01d6 28       		.byte	40
 500 01d7 04       		.byte	4
 501 01d8 30       		.byte	48
 502 01d9 01       		.byte	1
 503 01da 32       		.byte	50
 504 01db 06       		.byte	6
 505 01dc 35       		.byte	53
 506 01dd 03       		.byte	3
 507 01de 38       		.byte	56
 508 01df 08       		.byte	8
 509 01e0 39       		.byte	57
 510 01e1 20       		.byte	32
 511 01e2 3E       		.byte	62
 512 01e3 05       		.byte	5
 513 01e4 58       		.byte	88
ARM GAS  C:\Users\elias\AppData\Local\Temp\ccNU7sKa.s 			page 10


 514 01e5 04       		.byte	4
 515 01e6 59       		.byte	89
 516 01e7 04       		.byte	4
 517 01e8 5C       		.byte	92
 518 01e9 10       		.byte	16
 519 01ea 5F       		.byte	95
 520 01eb 01       		.byte	1
 521 01ec 80       		.byte	-128
 522 01ed 06       		.byte	6
 523 01ee 81       		.byte	-127
 524 01ef 04       		.byte	4
 525 01f0 82       		.byte	-126
 526 01f1 18       		.byte	24
 527 01f2 85       		.byte	-123
 528 01f3 0E       		.byte	14
 529 01f4 86       		.byte	-122
 530 01f5 10       		.byte	16
 531 01f6 87       		.byte	-121
 532 01f7 11       		.byte	17
 533 01f8 88       		.byte	-120
 534 01f9 06       		.byte	6
 535 01fa 89       		.byte	-119
 536 01fb 02       		.byte	2
 537 01fc 8A       		.byte	-118
 538 01fd 08       		.byte	8
 539 01fe 8C       		.byte	-116
 540 01ff 40       		.byte	64
 541 0200 8E       		.byte	-114
 542 0201 20       		.byte	32
 543 0202 8F       		.byte	-113
 544 0203 20       		.byte	32
 545 0204 90       		.byte	-112
 546 0205 80       		.byte	-128
 547 0206 92       		.byte	-110
 548 0207 20       		.byte	32
 549 0208 93       		.byte	-109
 550 0209 20       		.byte	32
 551 020a 94       		.byte	-108
 552 020b 14       		.byte	20
 553 020c 96       		.byte	-106
 554 020d 08       		.byte	8
 555 020e 9A       		.byte	-102
 556 020f 0A       		.byte	10
 557 0210 9C       		.byte	-100
 558 0211 20       		.byte	32
 559 0212 9D       		.byte	-99
 560 0213 0E       		.byte	14
 561 0214 9E       		.byte	-98
 562 0215 C0       		.byte	-64
 563 0216 9F       		.byte	-97
 564 0217 11       		.byte	17
 565 0218 A0       		.byte	-96
 566 0219 06       		.byte	6
 567 021a A1       		.byte	-95
 568 021b 19       		.byte	25
 569 021c A2       		.byte	-94
 570 021d 08       		.byte	8
ARM GAS  C:\Users\elias\AppData\Local\Temp\ccNU7sKa.s 			page 11


 571 021e A3       		.byte	-93
 572 021f 06       		.byte	6
 573 0220 A4       		.byte	-92
 574 0221 E1       		.byte	-31
 575 0222 A5       		.byte	-91
 576 0223 06       		.byte	6
 577 0224 A8       		.byte	-88
 578 0225 E1       		.byte	-31
 579 0226 A9       		.byte	-87
 580 0227 1F       		.byte	31
 581 0228 AC       		.byte	-84
 582 0229 01       		.byte	1
 583 022a AF       		.byte	-81
 584 022b 01       		.byte	1
 585 022c B0       		.byte	-80
 586 022d 1E       		.byte	30
 587 022e B1       		.byte	-79
 588 022f 10       		.byte	16
 589 0230 B3       		.byte	-77
 590 0231 08       		.byte	8
 591 0232 B4       		.byte	-76
 592 0233 E0       		.byte	-32
 593 0234 B5       		.byte	-75
 594 0235 20       		.byte	32
 595 0236 B6       		.byte	-74
 596 0237 01       		.byte	1
 597 0238 B7       		.byte	-73
 598 0239 07       		.byte	7
 599 023a B9       		.byte	-71
 600 023b 02       		.byte	2
 601 023c BA       		.byte	-70
 602 023d 02       		.byte	2
 603 023e BB       		.byte	-69
 604 023f 80       		.byte	-128
 605 0240 BF       		.byte	-65
 606 0241 14       		.byte	20
 607 0242 D6       		.byte	-42
 608 0243 02       		.byte	2
 609 0244 D7       		.byte	-41
 610 0245 12       		.byte	18
 611 0246 D8       		.byte	-40
 612 0247 04       		.byte	4
 613 0248 D9       		.byte	-39
 614 0249 04       		.byte	4
 615 024a DB       		.byte	-37
 616 024b 04       		.byte	4
 617 024c DC       		.byte	-36
 618 024d 11       		.byte	17
 619 024e DD       		.byte	-35
 620 024f 10       		.byte	16
 621 0250 DF       		.byte	-33
 622 0251 01       		.byte	1
 623 0252 00       		.byte	0
 624 0253 24       		.byte	36
 625 0254 01       		.byte	1
 626 0255 42       		.byte	66
 627 0256 06       		.byte	6
ARM GAS  C:\Users\elias\AppData\Local\Temp\ccNU7sKa.s 			page 12


 628 0257 08       		.byte	8
 629 0258 08       		.byte	8
 630 0259 98       		.byte	-104
 631 025a 0B       		.byte	11
 632 025b 40       		.byte	64
 633 025c 0E       		.byte	14
 634 025d 81       		.byte	-127
 635 025e 0F       		.byte	15
 636 025f 02       		.byte	2
 637 0260 10       		.byte	16
 638 0261 42       		.byte	66
 639 0262 11       		.byte	17
 640 0263 14       		.byte	20
 641 0264 14       		.byte	20
 642 0265 48       		.byte	72
 643 0266 15       		.byte	21
 644 0267 02       		.byte	2
 645 0268 17       		.byte	23
 646 0269 20       		.byte	32
 647 026a 18       		.byte	24
 648 026b 08       		.byte	8
 649 026c 19       		.byte	25
 650 026d 82       		.byte	-126
 651 026e 1B       		.byte	27
 652 026f 01       		.byte	1
 653 0270 1C       		.byte	28
 654 0271 80       		.byte	-128
 655 0272 1D       		.byte	29
 656 0273 08       		.byte	8
 657 0274 22       		.byte	34
 658 0275 65       		.byte	101
 659 0276 24       		.byte	36
 660 0277 04       		.byte	4
 661 0278 27       		.byte	39
 662 0279 08       		.byte	8
 663 027a 29       		.byte	41
 664 027b 95       		.byte	-107
 665 027c 2C       		.byte	44
 666 027d 50       		.byte	80
 667 027e 2E       		.byte	46
 668 027f 08       		.byte	8
 669 0280 32       		.byte	50
 670 0281 41       		.byte	65
 671 0282 37       		.byte	55
 672 0283 20       		.byte	32
 673 0284 38       		.byte	56
 674 0285 20       		.byte	32
 675 0286 3A       		.byte	58
 676 0287 02       		.byte	2
 677 0288 3B       		.byte	59
 678 0289 88       		.byte	-120
 679 028a 3F       		.byte	63
 680 028b 02       		.byte	2
 681 028c 5A       		.byte	90
 682 028d 08       		.byte	8
 683 028e 68       		.byte	104
 684 028f 02       		.byte	2
ARM GAS  C:\Users\elias\AppData\Local\Temp\ccNU7sKa.s 			page 13


 685 0290 69       		.byte	105
 686 0291 14       		.byte	20
 687 0292 6A       		.byte	106
 688 0293 24       		.byte	36
 689 0294 70       		.byte	112
 690 0295 90       		.byte	-112
 691 0296 71       		.byte	113
 692 0297 04       		.byte	4
 693 0298 72       		.byte	114
 694 0299 02       		.byte	2
 695 029a 73       		.byte	115
 696 029b 14       		.byte	20
 697 029c 90       		.byte	-112
 698 029d 80       		.byte	-128
 699 029e 91       		.byte	-111
 700 029f 02       		.byte	2
 701 02a0 92       		.byte	-110
 702 02a1 10       		.byte	16
 703 02a2 95       		.byte	-107
 704 02a3 40       		.byte	64
 705 02a4 96       		.byte	-106
 706 02a5 25       		.byte	37
 707 02a6 97       		.byte	-105
 708 02a7 40       		.byte	64
 709 02a8 9A       		.byte	-102
 710 02a9 08       		.byte	8
 711 02aa 9B       		.byte	-101
 712 02ab 20       		.byte	32
 713 02ac 9F       		.byte	-97
 714 02ad 08       		.byte	8
 715 02ae A0       		.byte	-96
 716 02af 10       		.byte	16
 717 02b0 A2       		.byte	-94
 718 02b1 40       		.byte	64
 719 02b2 A5       		.byte	-91
 720 02b3 08       		.byte	8
 721 02b4 A7       		.byte	-89
 722 02b5 01       		.byte	1
 723 02b6 AF       		.byte	-81
 724 02b7 80       		.byte	-128
 725 02b8 C0       		.byte	-64
 726 02b9 4F       		.byte	79
 727 02ba C2       		.byte	-62
 728 02bb 9F       		.byte	-97
 729 02bc C4       		.byte	-60
 730 02bd 5F       		.byte	95
 731 02be CA       		.byte	-54
 732 02bf CF       		.byte	-49
 733 02c0 CC       		.byte	-52
 734 02c1 29       		.byte	41
 735 02c2 CE       		.byte	-50
 736 02c3 8F       		.byte	-113
 737 02c4 D6       		.byte	-42
 738 02c5 02       		.byte	2
 739 02c6 8B       		.byte	-117
 740 02c7 08       		.byte	8
 741 02c8 91       		.byte	-111
ARM GAS  C:\Users\elias\AppData\Local\Temp\ccNU7sKa.s 			page 14


 742 02c9 01       		.byte	1
 743 02ca 93       		.byte	-109
 744 02cb 06       		.byte	6
 745 02cc 99       		.byte	-103
 746 02cd 04       		.byte	4
 747 02ce 9B       		.byte	-101
 748 02cf 01       		.byte	1
 749 02d0 B1       		.byte	-79
 750 02d1 04       		.byte	4
 751 02d2 B3       		.byte	-77
 752 02d3 02       		.byte	2
 753 02d4 B5       		.byte	-75
 754 02d5 01       		.byte	1
 755 02d6 B7       		.byte	-73
 756 02d7 08       		.byte	8
 757 02d8 D9       		.byte	-39
 758 02d9 04       		.byte	4
 759 02da DF       		.byte	-33
 760 02db 01       		.byte	1
 761 02dc 00       		.byte	0
 762 02dd 24       		.byte	36
 763 02de 01       		.byte	1
 764 02df 80       		.byte	-128
 765 02e0 03       		.byte	3
 766 02e1 80       		.byte	-128
 767 02e2 08       		.byte	8
 768 02e3 88       		.byte	-120
 769 02e4 09       		.byte	9
 770 02e5 20       		.byte	32
 771 02e6 0A       		.byte	10
 772 02e7 80       		.byte	-128
 773 02e8 10       		.byte	16
 774 02e9 80       		.byte	-128
 775 02ea 13       		.byte	19
 776 02eb 54       		.byte	84
 777 02ec 18       		.byte	24
 778 02ed 44       		.byte	68
 779 02ee 19       		.byte	25
 780 02ef 15       		.byte	21
 781 02f0 1B       		.byte	27
 782 02f1 88       		.byte	-120
 783 02f2 20       		.byte	32
 784 02f3 01       		.byte	1
 785 02f4 21       		.byte	33
 786 02f5 20       		.byte	32
 787 02f6 22       		.byte	34
 788 02f7 01       		.byte	1
 789 02f8 23       		.byte	35
 790 02f9 20       		.byte	32
 791 02fa 25       		.byte	37
 792 02fb 02       		.byte	2
 793 02fc 27       		.byte	39
 794 02fd 16       		.byte	22
 795 02fe 29       		.byte	41
 796 02ff 90       		.byte	-112
 797 0300 2B       		.byte	43
 798 0301 80       		.byte	-128
ARM GAS  C:\Users\elias\AppData\Local\Temp\ccNU7sKa.s 			page 15


 799 0302 31       		.byte	49
 800 0303 05       		.byte	5
 801 0304 32       		.byte	50
 802 0305 40       		.byte	64
 803 0306 37       		.byte	55
 804 0307 12       		.byte	18
 805 0308 38       		.byte	56
 806 0309 AA       		.byte	-86
 807 030a 3B       		.byte	59
 808 030b 40       		.byte	64
 809 030c 3E       		.byte	62
 810 030d 10       		.byte	16
 811 030e 40       		.byte	64
 812 030f 41       		.byte	65
 813 0310 43       		.byte	67
 814 0311 08       		.byte	8
 815 0312 49       		.byte	73
 816 0313 90       		.byte	-112
 817 0314 50       		.byte	80
 818 0315 10       		.byte	16
 819 0316 53       		.byte	83
 820 0317 40       		.byte	64
 821 0318 5A       		.byte	90
 822 0319 02       		.byte	2
 823 031a 62       		.byte	98
 824 031b 20       		.byte	32
 825 031c 63       		.byte	99
 826 031d 01       		.byte	1
 827 031e 80       		.byte	-128
 828 031f 48       		.byte	72
 829 0320 88       		.byte	-120
 830 0321 10       		.byte	16
 831 0322 89       		.byte	-119
 832 0323 02       		.byte	2
 833 0324 8B       		.byte	-117
 834 0325 84       		.byte	-124
 835 0326 8C       		.byte	-116
 836 0327 85       		.byte	-123
 837 0328 8D       		.byte	-115
 838 0329 40       		.byte	64
 839 032a 8F       		.byte	-113
 840 032b 21       		.byte	33
 841 032c 90       		.byte	-112
 842 032d 88       		.byte	-120
 843 032e 92       		.byte	-110
 844 032f 90       		.byte	-112
 845 0330 93       		.byte	-109
 846 0331 14       		.byte	20
 847 0332 95       		.byte	-107
 848 0333 40       		.byte	64
 849 0334 97       		.byte	-105
 850 0335 C8       		.byte	-56
 851 0336 99       		.byte	-103
 852 0337 80       		.byte	-128
 853 0338 9C       		.byte	-100
 854 0339 80       		.byte	-128
 855 033a 9D       		.byte	-99
ARM GAS  C:\Users\elias\AppData\Local\Temp\ccNU7sKa.s 			page 16


 856 033b 11       		.byte	17
 857 033c 9F       		.byte	-97
 858 033d 04       		.byte	4
 859 033e A0       		.byte	-96
 860 033f 80       		.byte	-128
 861 0340 A2       		.byte	-94
 862 0341 20       		.byte	32
 863 0342 AB       		.byte	-85
 864 0343 04       		.byte	4
 865 0344 B0       		.byte	-80
 866 0345 40       		.byte	64
 867 0346 C0       		.byte	-64
 868 0347 0F       		.byte	15
 869 0348 C2       		.byte	-62
 870 0349 0F       		.byte	15
 871 034a C4       		.byte	-60
 872 034b 0F       		.byte	15
 873 034c CA       		.byte	-54
 874 034d 0D       		.byte	13
 875 034e CC       		.byte	-52
 876 034f AB       		.byte	-85
 877 0350 CE       		.byte	-50
 878 0351 2F       		.byte	47
 879 0352 D0       		.byte	-48
 880 0353 0B       		.byte	11
 881 0354 D2       		.byte	-46
 882 0355 0C       		.byte	12
 883 0356 D6       		.byte	-42
 884 0357 01       		.byte	1
 885 0358 D8       		.byte	-40
 886 0359 0C       		.byte	12
 887 035a E6       		.byte	-26
 888 035b 20       		.byte	32
 889 035c 31       		.byte	49
 890 035d 08       		.byte	8
 891 035e 32       		.byte	50
 892 035f 80       		.byte	-128
 893 0360 34       		.byte	52
 894 0361 80       		.byte	-128
 895 0362 37       		.byte	55
 896 0363 01       		.byte	1
 897 0364 CC       		.byte	-52
 898 0365 F0       		.byte	-16
 899 0366 03       		.byte	3
 900 0367 40       		.byte	64
 901 0368 9C       		.byte	-100
 902 0369 80       		.byte	-128
 903 036a 9F       		.byte	-97
 904 036b 01       		.byte	1
 905 036c A5       		.byte	-91
 906 036d 08       		.byte	8
 907 036e A6       		.byte	-90
 908 036f 80       		.byte	-128
 909 0370 C0       		.byte	-64
 910 0371 10       		.byte	16
 911 0372 12       		.byte	18
 912 0373 80       		.byte	-128
ARM GAS  C:\Users\elias\AppData\Local\Temp\ccNU7sKa.s 			page 17


 913 0374 14       		.byte	20
 914 0375 80       		.byte	-128
 915 0376 5B       		.byte	91
 916 0377 02       		.byte	2
 917 0378 8F       		.byte	-113
 918 0379 40       		.byte	64
 919 037a 9B       		.byte	-101
 920 037b 42       		.byte	66
 921 037c 9C       		.byte	-100
 922 037d 80       		.byte	-128
 923 037e 9F       		.byte	-97
 924 037f 01       		.byte	1
 925 0380 A5       		.byte	-91
 926 0381 08       		.byte	8
 927 0382 A6       		.byte	-90
 928 0383 80       		.byte	-128
 929 0384 AF       		.byte	-81
 930 0385 02       		.byte	2
 931 0386 C4       		.byte	-60
 932 0387 30       		.byte	48
 933 0388 D6       		.byte	-42
 934 0389 40       		.byte	64
 935 038a EE       		.byte	-18
 936 038b 40       		.byte	64
 937 038c 67       		.byte	103
 938 038d 08       		.byte	8
 939 038e 6F       		.byte	111
 940 038f 40       		.byte	64
 941 0390 9B       		.byte	-101
 942 0391 40       		.byte	64
 943 0392 9F       		.byte	-97
 944 0393 01       		.byte	1
 945 0394 A5       		.byte	-91
 946 0395 08       		.byte	8
 947 0396 D8       		.byte	-40
 948 0397 80       		.byte	-128
 949 0398 DC       		.byte	-36
 950 0399 40       		.byte	64
 951 039a 0C       		.byte	12
 952 039b 08       		.byte	8
 953 039c C2       		.byte	-62
 954 039d 04       		.byte	4
 955 039e B4       		.byte	-76
 956 039f 08       		.byte	8
 957 03a0 EE       		.byte	-18
 958 03a1 08       		.byte	8
 959 03a2 9F       		.byte	-97
 960 03a3 01       		.byte	1
 961 03a4 A5       		.byte	-91
 962 03a5 08       		.byte	8
 963 03a6 AF       		.byte	-81
 964 03a7 04       		.byte	4
 965 03a8 EE       		.byte	-18
 966 03a9 10       		.byte	16
 967 03aa 8B       		.byte	-117
 968 03ab 01       		.byte	1
 969 03ac 9F       		.byte	-97
ARM GAS  C:\Users\elias\AppData\Local\Temp\ccNU7sKa.s 			page 18


 970 03ad 01       		.byte	1
 971 03ae A9       		.byte	-87
 972 03af 08       		.byte	8
 973 03b0 EA       		.byte	-22
 974 03b1 80       		.byte	-128
 975 03b2 10       		.byte	16
 976 03b3 80       		.byte	-128
 977 03b4 12       		.byte	18
 978 03b5 80       		.byte	-128
 979 03b6 71       		.byte	113
 980 03b7 08       		.byte	8
 981 03b8 88       		.byte	-120
 982 03b9 80       		.byte	-128
 983 03ba 8E       		.byte	-114
 984 03bb 80       		.byte	-128
 985 03bc A1       		.byte	-95
 986 03bd 08       		.byte	8
 987 03be B1       		.byte	-79
 988 03bf 08       		.byte	8
 989 03c0 C4       		.byte	-60
 990 03c1 08       		.byte	8
 991 03c2 DC       		.byte	-36
 992 03c3 01       		.byte	1
 993 03c4 E2       		.byte	-30
 994 03c5 02       		.byte	2
 995 03c6 E6       		.byte	-26
 996 03c7 01       		.byte	1
 997 03c8 EC       		.byte	-20
 998 03c9 04       		.byte	4
 999 03ca 00       		.byte	0
 1000 03cb 02       		.byte	2
 1001 03cc 0C       		.byte	12
 1002 03cd 02       		.byte	2
 1003 03ce 10       		.byte	16
 1004 03cf 03       		.byte	3
 1005 03d0 1C       		.byte	28
 1006 03d1 03       		.byte	3
 1007 03d2 00       		.byte	0
 1008 03d3 FE       		.byte	-2
 1009 03d4 9C       		.byte	-100
 1010 03d5 01       		.byte	1
 1011 03d6 43       		.byte	67
 1012 03d7 18       		.byte	24
 1013 03d8 FF       		.byte	-1
 1014 03d9 03       		.byte	3
 1015 03da 00       		.byte	0
 1016 03db 04       		.byte	4
 1017 03dc 81       		.byte	-127
 1018 03dd 00       		.byte	0
 1019 03de 00       		.byte	0
 1020 03df 20       		.byte	32
 1021 03e0 00       		.byte	0
 1022 03e1 02       		.byte	2
 1023 03e2 73       		.byte	115
 1024 03e3 08       		.byte	8
 1025 03e4 8F       		.byte	-113
 1026 03e5 03       		.byte	3
ARM GAS  C:\Users\elias\AppData\Local\Temp\ccNU7sKa.s 			page 19


 1027 03e6 30       		.byte	48
 1028 03e7 00       		.byte	0
 1029 03e8 F3       		.byte	-13
 1030 03e9 00       		.byte	0
 1031 03ea 0C       		.byte	12
 1032 03eb 20       		.byte	32
 1033 03ec 00       		.byte	0
 1034 03ed 00       		.byte	0
 1035 03ee 80       		.byte	-128
 1036 03ef 00       		.byte	0
 1037 03f0 03       		.byte	3
 1038 03f1 00       		.byte	0
 1039 03f2 00       		.byte	0
 1040 03f3 03       		.byte	3
 1041 03f4 08       		.byte	8
 1042 03f5 00       		.byte	0
 1043 03f6 00       		.byte	0
 1044 03f7 03       		.byte	3
 1045 03f8 04       		.byte	4
 1046 03f9 00       		.byte	0
 1047 03fa 00       		.byte	0
 1048 03fb 00       		.byte	0
 1049 03fc 0C       		.byte	12
 1050 03fd 03       		.byte	3
 1051 03fe 00       		.byte	0
 1052 03ff 00       		.byte	0
 1053 0400 02       		.byte	2
 1054 0401 00       		.byte	0
 1055 0402 00       		.byte	0
 1056 0403 03       		.byte	3
 1057 0404 0F       		.byte	15
 1058 0405 03       		.byte	3
 1059 0406 1C       		.byte	28
 1060 0407 20       		.byte	32
 1061 0408 00       		.byte	0
 1062 0409 10       		.byte	16
 1063 040a EC       		.byte	-20
 1064 040b 0C       		.byte	12
 1065 040c 00       		.byte	0
 1066 040d 00       		.byte	0
 1067 040e A2       		.byte	-94
 1068 040f 00       		.byte	0
 1069 0410 00       		.byte	0
 1070 0411 00       		.byte	0
 1071 0412 00       		.byte	0
 1072 0413 44       		.byte	68
 1073 0414 45       		.byte	69
 1074 0415 06       		.byte	6
 1075 0416 03       		.byte	3
 1076 0417 00       		.byte	0
 1077 0418 01       		.byte	1
 1078 0419 00       		.byte	0
 1079 041a CE       		.byte	-50
 1080 041b 00       		.byte	0
 1081 041c 0C       		.byte	12
 1082 041d FF       		.byte	-1
 1083 041e FF       		.byte	-1
ARM GAS  C:\Users\elias\AppData\Local\Temp\ccNU7sKa.s 			page 20


 1084 041f FF       		.byte	-1
 1085 0420 62       		.byte	98
 1086 0421 A0       		.byte	-96
 1087 0422 F0       		.byte	-16
 1088 0423 41       		.byte	65
 1089 0424 0C       		.byte	12
 1090 0425 00       		.byte	0
 1091 0426 00       		.byte	0
 1092 0427 00       		.byte	0
 1093 0428 18       		.byte	24
 1094 0429 00       		.byte	0
 1095 042a 00       		.byte	0
 1096 042b 00       		.byte	0
 1097 042c 04       		.byte	4
 1098 042d 04       		.byte	4
 1099 042e 04       		.byte	4
 1100 042f 04       		.byte	4
 1101 0430 11       		.byte	17
 1102 0431 11       		.byte	17
 1103 0432 00       		.byte	0
 1104 0433 01       		.byte	1
 1105 0434 00       		.byte	0
 1106 0435 00       		.byte	0
 1107 0436 00       		.byte	0
 1108 0437 00       		.byte	0
 1109 0438 00       		.byte	0
 1110 0439 00       		.byte	0
 1111 043a 40       		.byte	64
 1112 043b 02       		.byte	2
 1113 043c 00       		.byte	0
 1114 043d 10       		.byte	16
 1115 043e 30       		.byte	48
 1116 043f 10       		.byte	16
 1117 0440 00       		.byte	0
 1118 0441 10       		.byte	16
 1119 0442 10       		.byte	16
 1120 0443 12       		.byte	18
 1121 0444 00       		.byte	0
 1122 0445 00       		.byte	0
 1123 0446 00       		.byte	0
 1124 0447 00       		.byte	0
 1125 0448 00       		.byte	0
 1126 0449 00       		.byte	0
 1127 044a 00       		.byte	0
 1128 044b 00       		.byte	0
 1129 044c 00       		.byte	0
 1130 044d 00       		.byte	0
 1131 044e 00       		.byte	0
 1132 044f 00       		.byte	0
 1133 0450 00       		.byte	0
 1134 0451 00       		.byte	0
 1135 0452 00       		.byte	0
 1136 0453 00       		.byte	0
 1137 0454 00       		.byte	0
 1138 0455 07       		.byte	7
 1139 0456 07       		.byte	7
 1140 0457 00       		.byte	0
ARM GAS  C:\Users\elias\AppData\Local\Temp\ccNU7sKa.s 			page 21


 1141 0458 00       		.byte	0
 1142 0459 00       		.byte	0
 1143 045a 00       		.byte	0
 1144 045b 00       		.byte	0
 1145 045c 80       		.byte	-128
 1146 045d 00       		.byte	0
 1147 045e 40       		.byte	64
 1148 045f 80       		.byte	-128
 1149 0460 80       		.byte	-128
 1150 0461 00       		.byte	0
 1151 0462 80       		.byte	-128
 1152 0463 00       		.byte	0
 1153 0464 00       		.byte	0
 1154 0465 00       		.byte	0
 1155 0466 00       		.byte	0
 1156 0467 00       		.byte	0
 1157 0468 F0       		.byte	-16
 1158 0469 FB       		.byte	-5
 1159 046a 0B       		.byte	11
 1160 046b 00       		.byte	0
 1161 046c 00       		.byte	0
 1162 046d 00       		.byte	0
 1163 046e 00       		.byte	0
 1164 046f 00       		.byte	0
 1165 0470 20       		.byte	32
 1166 0471 3F       		.byte	63
 1167 0472 1F       		.byte	31
 1168 0473 00       		.byte	0
 1169 0474 00       		.byte	0
 1170 0475 00       		.byte	0
 1171 0476 00       		.byte	0
 1172 0477 00       		.byte	0
 1173              		.section	.cywolatch,"a",%progbits
 1174              		.align	2
 1175              		.type	cy_meta_wonvl, %object
 1176              		.size	cy_meta_wonvl, 4
 1177              	cy_meta_wonvl:
 1178 0000 BC       		.byte	-68
 1179 0001 90       		.byte	-112
 1180 0002 AC       		.byte	-84
 1181 0003 AF       		.byte	-81
 1182              		.section	.cycustnvl,"a",%progbits
 1183              		.align	2
 1184              		.type	cy_meta_custnvl, %object
 1185              		.size	cy_meta_custnvl, 4
 1186              	cy_meta_custnvl:
 1187 0000 00       		.byte	0
 1188 0001 00       		.byte	0
 1189 0002 40       		.byte	64
 1190 0003 05       		.byte	5
 1191              		.section	.cymeta,"a",%progbits
 1192              		.align	2
 1193              		.type	cy_metadata, %object
 1194              		.size	cy_metadata, 12
 1195              	cy_metadata:
 1196 0000 00       		.byte	0
 1197 0001 01       		.byte	1
ARM GAS  C:\Users\elias\AppData\Local\Temp\ccNU7sKa.s 			page 22


 1198 0002 2E       		.byte	46
 1199 0003 16       		.byte	22
 1200 0004 10       		.byte	16
 1201 0005 69       		.byte	105
 1202 0006 00       		.byte	0
 1203 0007 01       		.byte	1
 1204 0008 00       		.byte	0
 1205 0009 00       		.byte	0
 1206 000a 00       		.byte	0
 1207 000b 00       		.byte	0
 1208              		.section	.cyflashprotect,"a",%progbits
 1209              		.align	2
 1210              		.type	cy_meta_flashprotect, %object
 1211              		.size	cy_meta_flashprotect, 256
 1212              	cy_meta_flashprotect:
 1213 0000 00000000 		.space	256
 1213      00000000 
 1213      00000000 
 1213      00000000 
 1213      00000000 
 1214              		.text
 1215              	.Letext0:
 1216              		.file 1 "c:\\program files (x86)\\cypress\\psoc creator\\4.4\\psoc creator\\import\\gnu\\arm\\5.4.
 1217              		.file 2 "c:\\program files (x86)\\cypress\\psoc creator\\4.4\\psoc creator\\import\\gnu\\arm\\5.4.
 1218              		.file 3 "Generated_Source\\PSoC5\\cymetadata.c"
 1219              		.section	.debug_info,"",%progbits
 1220              	.Ldebug_info0:
 1221 0000 32010000 		.4byte	0x132
 1222 0004 0400     		.2byte	0x4
 1223 0006 00000000 		.4byte	.Ldebug_abbrev0
 1224 000a 04       		.byte	0x4
 1225 000b 01       		.uleb128 0x1
 1226 000c 82000000 		.4byte	.LASF17
 1227 0010 0C       		.byte	0xc
 1228 0011 DC010000 		.4byte	.LASF18
 1229 0015 0A000000 		.4byte	.LASF19
 1230 0019 00000000 		.4byte	.Ldebug_line0
 1231 001d 02       		.uleb128 0x2
 1232 001e 01       		.byte	0x1
 1233 001f 06       		.byte	0x6
 1234 0020 D0010000 		.4byte	.LASF0
 1235 0024 03       		.uleb128 0x3
 1236 0025 00000000 		.4byte	.LASF9
 1237 0029 01       		.byte	0x1
 1238 002a 1D       		.byte	0x1d
 1239 002b 2F000000 		.4byte	0x2f
 1240 002f 02       		.uleb128 0x2
 1241 0030 01       		.byte	0x1
 1242 0031 08       		.byte	0x8
 1243 0032 74000000 		.4byte	.LASF1
 1244 0036 02       		.uleb128 0x2
 1245 0037 02       		.byte	0x2
 1246 0038 05       		.byte	0x5
 1247 0039 BD010000 		.4byte	.LASF2
 1248 003d 02       		.uleb128 0x2
 1249 003e 02       		.byte	0x2
 1250 003f 07       		.byte	0x7
ARM GAS  C:\Users\elias\AppData\Local\Temp\ccNU7sKa.s 			page 23


 1251 0040 22010000 		.4byte	.LASF3
 1252 0044 02       		.uleb128 0x2
 1253 0045 04       		.byte	0x4
 1254 0046 05       		.byte	0x5
 1255 0047 C7010000 		.4byte	.LASF4
 1256 004b 02       		.uleb128 0x2
 1257 004c 04       		.byte	0x4
 1258 004d 07       		.byte	0x7
 1259 004e 10010000 		.4byte	.LASF5
 1260 0052 02       		.uleb128 0x2
 1261 0053 08       		.byte	0x8
 1262 0054 05       		.byte	0x5
 1263 0055 AF010000 		.4byte	.LASF6
 1264 0059 02       		.uleb128 0x2
 1265 005a 08       		.byte	0x8
 1266 005b 07       		.byte	0x7
 1267 005c 64010000 		.4byte	.LASF7
 1268 0060 04       		.uleb128 0x4
 1269 0061 04       		.byte	0x4
 1270 0062 05       		.byte	0x5
 1271 0063 696E7400 		.ascii	"int\000"
 1272 0067 02       		.uleb128 0x2
 1273 0068 04       		.byte	0x4
 1274 0069 07       		.byte	0x7
 1275 006a 57010000 		.4byte	.LASF8
 1276 006e 03       		.uleb128 0x3
 1277 006f 7B010000 		.4byte	.LASF10
 1278 0073 02       		.byte	0x2
 1279 0074 18       		.byte	0x18
 1280 0075 24000000 		.4byte	0x24
 1281 0079 05       		.uleb128 0x5
 1282 007a 91000000 		.4byte	0x91
 1283 007e 8A000000 		.4byte	0x8a
 1284 0082 06       		.uleb128 0x6
 1285 0083 8A000000 		.4byte	0x8a
 1286 0087 7704     		.2byte	0x477
 1287 0089 00       		.byte	0
 1288 008a 02       		.uleb128 0x2
 1289 008b 04       		.byte	0x4
 1290 008c 07       		.byte	0x7
 1291 008d A6010000 		.4byte	.LASF11
 1292 0091 07       		.uleb128 0x7
 1293 0092 6E000000 		.4byte	0x6e
 1294 0096 08       		.uleb128 0x8
 1295 0097 45010000 		.4byte	.LASF12
 1296 009b 03       		.byte	0x3
 1297 009c 1F       		.byte	0x1f
 1298 009d A7000000 		.4byte	0xa7
 1299 00a1 05       		.uleb128 0x5
 1300 00a2 03       		.byte	0x3
 1301 00a3 00000000 		.4byte	cy_meta_configecc
 1302 00a7 07       		.uleb128 0x7
 1303 00a8 79000000 		.4byte	0x79
 1304 00ac 05       		.uleb128 0x5
 1305 00ad 91000000 		.4byte	0x91
 1306 00b1 BC000000 		.4byte	0xbc
 1307 00b5 09       		.uleb128 0x9
ARM GAS  C:\Users\elias\AppData\Local\Temp\ccNU7sKa.s 			page 24


 1308 00b6 8A000000 		.4byte	0x8a
 1309 00ba 03       		.byte	0x3
 1310 00bb 00       		.byte	0
 1311 00bc 08       		.uleb128 0x8
 1312 00bd 35010000 		.4byte	.LASF13
 1313 00c1 03       		.byte	0x3
 1314 00c2 BB       		.byte	0xbb
 1315 00c3 CD000000 		.4byte	0xcd
 1316 00c7 05       		.uleb128 0x5
 1317 00c8 03       		.byte	0x3
 1318 00c9 00000000 		.4byte	cy_meta_custnvl
 1319 00cd 07       		.uleb128 0x7
 1320 00ce AC000000 		.4byte	0xac
 1321 00d2 08       		.uleb128 0x8
 1322 00d3 98010000 		.4byte	.LASF14
 1323 00d7 03       		.byte	0x3
 1324 00d8 C9       		.byte	0xc9
 1325 00d9 E3000000 		.4byte	0xe3
 1326 00dd 05       		.uleb128 0x5
 1327 00de 03       		.byte	0x3
 1328 00df 00000000 		.4byte	cy_meta_wonvl
 1329 00e3 07       		.uleb128 0x7
 1330 00e4 AC000000 		.4byte	0xac
 1331 00e8 05       		.uleb128 0x5
 1332 00e9 91000000 		.4byte	0x91
 1333 00ed F8000000 		.4byte	0xf8
 1334 00f1 09       		.uleb128 0x9
 1335 00f2 8A000000 		.4byte	0x8a
 1336 00f6 FF       		.byte	0xff
 1337 00f7 00       		.byte	0
 1338 00f8 08       		.uleb128 0x8
 1339 00f9 83010000 		.4byte	.LASF15
 1340 00fd 03       		.byte	0x3
 1341 00fe D7       		.byte	0xd7
 1342 00ff 09010000 		.4byte	0x109
 1343 0103 05       		.uleb128 0x5
 1344 0104 03       		.byte	0x3
 1345 0105 00000000 		.4byte	cy_meta_flashprotect
 1346 0109 07       		.uleb128 0x7
 1347 010a E8000000 		.4byte	0xe8
 1348 010e 05       		.uleb128 0x5
 1349 010f 91000000 		.4byte	0x91
 1350 0113 1E010000 		.4byte	0x11e
 1351 0117 09       		.uleb128 0x9
 1352 0118 8A000000 		.4byte	0x8a
 1353 011c 0B       		.byte	0xb
 1354 011d 00       		.byte	0
 1355 011e 0A       		.uleb128 0xa
 1356 011f 68000000 		.4byte	.LASF16
 1357 0123 03       		.byte	0x3
 1358 0124 0401     		.2byte	0x104
 1359 0126 30010000 		.4byte	0x130
 1360 012a 05       		.uleb128 0x5
 1361 012b 03       		.byte	0x3
 1362 012c 00000000 		.4byte	cy_metadata
 1363 0130 07       		.uleb128 0x7
 1364 0131 0E010000 		.4byte	0x10e
ARM GAS  C:\Users\elias\AppData\Local\Temp\ccNU7sKa.s 			page 25


 1365 0135 00       		.byte	0
 1366              		.section	.debug_abbrev,"",%progbits
 1367              	.Ldebug_abbrev0:
 1368 0000 01       		.uleb128 0x1
 1369 0001 11       		.uleb128 0x11
 1370 0002 01       		.byte	0x1
 1371 0003 25       		.uleb128 0x25
 1372 0004 0E       		.uleb128 0xe
 1373 0005 13       		.uleb128 0x13
 1374 0006 0B       		.uleb128 0xb
 1375 0007 03       		.uleb128 0x3
 1376 0008 0E       		.uleb128 0xe
 1377 0009 1B       		.uleb128 0x1b
 1378 000a 0E       		.uleb128 0xe
 1379 000b 10       		.uleb128 0x10
 1380 000c 17       		.uleb128 0x17
 1381 000d 00       		.byte	0
 1382 000e 00       		.byte	0
 1383 000f 02       		.uleb128 0x2
 1384 0010 24       		.uleb128 0x24
 1385 0011 00       		.byte	0
 1386 0012 0B       		.uleb128 0xb
 1387 0013 0B       		.uleb128 0xb
 1388 0014 3E       		.uleb128 0x3e
 1389 0015 0B       		.uleb128 0xb
 1390 0016 03       		.uleb128 0x3
 1391 0017 0E       		.uleb128 0xe
 1392 0018 00       		.byte	0
 1393 0019 00       		.byte	0
 1394 001a 03       		.uleb128 0x3
 1395 001b 16       		.uleb128 0x16
 1396 001c 00       		.byte	0
 1397 001d 03       		.uleb128 0x3
 1398 001e 0E       		.uleb128 0xe
 1399 001f 3A       		.uleb128 0x3a
 1400 0020 0B       		.uleb128 0xb
 1401 0021 3B       		.uleb128 0x3b
 1402 0022 0B       		.uleb128 0xb
 1403 0023 49       		.uleb128 0x49
 1404 0024 13       		.uleb128 0x13
 1405 0025 00       		.byte	0
 1406 0026 00       		.byte	0
 1407 0027 04       		.uleb128 0x4
 1408 0028 24       		.uleb128 0x24
 1409 0029 00       		.byte	0
 1410 002a 0B       		.uleb128 0xb
 1411 002b 0B       		.uleb128 0xb
 1412 002c 3E       		.uleb128 0x3e
 1413 002d 0B       		.uleb128 0xb
 1414 002e 03       		.uleb128 0x3
 1415 002f 08       		.uleb128 0x8
 1416 0030 00       		.byte	0
 1417 0031 00       		.byte	0
 1418 0032 05       		.uleb128 0x5
 1419 0033 01       		.uleb128 0x1
 1420 0034 01       		.byte	0x1
 1421 0035 49       		.uleb128 0x49
ARM GAS  C:\Users\elias\AppData\Local\Temp\ccNU7sKa.s 			page 26


 1422 0036 13       		.uleb128 0x13
 1423 0037 01       		.uleb128 0x1
 1424 0038 13       		.uleb128 0x13
 1425 0039 00       		.byte	0
 1426 003a 00       		.byte	0
 1427 003b 06       		.uleb128 0x6
 1428 003c 21       		.uleb128 0x21
 1429 003d 00       		.byte	0
 1430 003e 49       		.uleb128 0x49
 1431 003f 13       		.uleb128 0x13
 1432 0040 2F       		.uleb128 0x2f
 1433 0041 05       		.uleb128 0x5
 1434 0042 00       		.byte	0
 1435 0043 00       		.byte	0
 1436 0044 07       		.uleb128 0x7
 1437 0045 26       		.uleb128 0x26
 1438 0046 00       		.byte	0
 1439 0047 49       		.uleb128 0x49
 1440 0048 13       		.uleb128 0x13
 1441 0049 00       		.byte	0
 1442 004a 00       		.byte	0
 1443 004b 08       		.uleb128 0x8
 1444 004c 34       		.uleb128 0x34
 1445 004d 00       		.byte	0
 1446 004e 03       		.uleb128 0x3
 1447 004f 0E       		.uleb128 0xe
 1448 0050 3A       		.uleb128 0x3a
 1449 0051 0B       		.uleb128 0xb
 1450 0052 3B       		.uleb128 0x3b
 1451 0053 0B       		.uleb128 0xb
 1452 0054 49       		.uleb128 0x49
 1453 0055 13       		.uleb128 0x13
 1454 0056 3F       		.uleb128 0x3f
 1455 0057 19       		.uleb128 0x19
 1456 0058 02       		.uleb128 0x2
 1457 0059 18       		.uleb128 0x18
 1458 005a 00       		.byte	0
 1459 005b 00       		.byte	0
 1460 005c 09       		.uleb128 0x9
 1461 005d 21       		.uleb128 0x21
 1462 005e 00       		.byte	0
 1463 005f 49       		.uleb128 0x49
 1464 0060 13       		.uleb128 0x13
 1465 0061 2F       		.uleb128 0x2f
 1466 0062 0B       		.uleb128 0xb
 1467 0063 00       		.byte	0
 1468 0064 00       		.byte	0
 1469 0065 0A       		.uleb128 0xa
 1470 0066 34       		.uleb128 0x34
 1471 0067 00       		.byte	0
 1472 0068 03       		.uleb128 0x3
 1473 0069 0E       		.uleb128 0xe
 1474 006a 3A       		.uleb128 0x3a
 1475 006b 0B       		.uleb128 0xb
 1476 006c 3B       		.uleb128 0x3b
 1477 006d 05       		.uleb128 0x5
 1478 006e 49       		.uleb128 0x49
ARM GAS  C:\Users\elias\AppData\Local\Temp\ccNU7sKa.s 			page 27


 1479 006f 13       		.uleb128 0x13
 1480 0070 3F       		.uleb128 0x3f
 1481 0071 19       		.uleb128 0x19
 1482 0072 02       		.uleb128 0x2
 1483 0073 18       		.uleb128 0x18
 1484 0074 00       		.byte	0
 1485 0075 00       		.byte	0
 1486 0076 00       		.byte	0
 1487              		.section	.debug_aranges,"",%progbits
 1488 0000 14000000 		.4byte	0x14
 1489 0004 0200     		.2byte	0x2
 1490 0006 00000000 		.4byte	.Ldebug_info0
 1491 000a 04       		.byte	0x4
 1492 000b 00       		.byte	0
 1493 000c 0000     		.2byte	0
 1494 000e 0000     		.2byte	0
 1495 0010 00000000 		.4byte	0
 1496 0014 00000000 		.4byte	0
 1497              		.section	.debug_line,"",%progbits
 1498              	.Ldebug_line0:
 1499 0000 3D010000 		.section	.debug_str,"MS",%progbits,1
 1499      02003701 
 1499      00000201 
 1499      FB0E0D00 
 1499      01010101 
 1500              	.LASF9:
 1501 0000 5F5F7569 		.ascii	"__uint8_t\000"
 1501      6E74385F 
 1501      7400
 1502              	.LASF19:
 1503 000a 433A5C55 		.ascii	"C:\\Users\\elias\\OneDrive\\Documents\\Documentos\\"
 1503      73657273 
 1503      5C656C69 
 1503      61735C4F 
 1503      6E654472 
 1504 0037 50536F43 		.ascii	"PSoC Creator\\PuertaConClave\\PuertaConClave.cydsn\000"
 1504      20437265 
 1504      61746F72 
 1504      5C507565 
 1504      72746143 
 1505              	.LASF16:
 1506 0068 63795F6D 		.ascii	"cy_metadata\000"
 1506      65746164 
 1506      61746100 
 1507              	.LASF1:
 1508 0074 756E7369 		.ascii	"unsigned char\000"
 1508      676E6564 
 1508      20636861 
 1508      7200
 1509              	.LASF17:
 1510 0082 474E5520 		.ascii	"GNU C11 5.4.1 20160609 (release) [ARM/embedded-5-br"
 1510      43313120 
 1510      352E342E 
 1510      31203230 
 1510      31363036 
 1511 00b5 616E6368 		.ascii	"anch revision 237715] -mcpu=cortex-m3 -mthumb -g -O"
 1511      20726576 
ARM GAS  C:\Users\elias\AppData\Local\Temp\ccNU7sKa.s 			page 28


 1511      6973696F 
 1511      6E203233 
 1511      37373135 
 1512 00e8 67202D66 		.ascii	"g -ffunction-sections -ffat-lto-objects\000"
 1512      66756E63 
 1512      74696F6E 
 1512      2D736563 
 1512      74696F6E 
 1513              	.LASF5:
 1514 0110 6C6F6E67 		.ascii	"long unsigned int\000"
 1514      20756E73 
 1514      69676E65 
 1514      6420696E 
 1514      7400
 1515              	.LASF3:
 1516 0122 73686F72 		.ascii	"short unsigned int\000"
 1516      7420756E 
 1516      7369676E 
 1516      65642069 
 1516      6E7400
 1517              	.LASF13:
 1518 0135 63795F6D 		.ascii	"cy_meta_custnvl\000"
 1518      6574615F 
 1518      63757374 
 1518      6E766C00 
 1519              	.LASF12:
 1520 0145 63795F6D 		.ascii	"cy_meta_configecc\000"
 1520      6574615F 
 1520      636F6E66 
 1520      69676563 
 1520      6300
 1521              	.LASF8:
 1522 0157 756E7369 		.ascii	"unsigned int\000"
 1522      676E6564 
 1522      20696E74 
 1522      00
 1523              	.LASF7:
 1524 0164 6C6F6E67 		.ascii	"long long unsigned int\000"
 1524      206C6F6E 
 1524      6720756E 
 1524      7369676E 
 1524      65642069 
 1525              	.LASF10:
 1526 017b 75696E74 		.ascii	"uint8_t\000"
 1526      385F7400 
 1527              	.LASF15:
 1528 0183 63795F6D 		.ascii	"cy_meta_flashprotect\000"
 1528      6574615F 
 1528      666C6173 
 1528      6870726F 
 1528      74656374 
 1529              	.LASF14:
 1530 0198 63795F6D 		.ascii	"cy_meta_wonvl\000"
 1530      6574615F 
 1530      776F6E76 
 1530      6C00
 1531              	.LASF11:
ARM GAS  C:\Users\elias\AppData\Local\Temp\ccNU7sKa.s 			page 29


 1532 01a6 73697A65 		.ascii	"sizetype\000"
 1532      74797065 
 1532      00
 1533              	.LASF6:
 1534 01af 6C6F6E67 		.ascii	"long long int\000"
 1534      206C6F6E 
 1534      6720696E 
 1534      7400
 1535              	.LASF2:
 1536 01bd 73686F72 		.ascii	"short int\000"
 1536      7420696E 
 1536      7400
 1537              	.LASF4:
 1538 01c7 6C6F6E67 		.ascii	"long int\000"
 1538      20696E74 
 1538      00
 1539              	.LASF0:
 1540 01d0 7369676E 		.ascii	"signed char\000"
 1540      65642063 
 1540      68617200 
 1541              	.LASF18:
 1542 01dc 47656E65 		.ascii	"Generated_Source\\PSoC5\\cymetadata.c\000"
 1542      72617465 
 1542      645F536F 
 1542      75726365 
 1542      5C50536F 
 1543              		.ident	"GCC: (GNU Tools for ARM Embedded Processors) 5.4.1 20160609 (release) [ARM/embedded-5-bran
