ARM GAS  C:\Users\elias\AppData\Local\Temp\cc0ozZ66.s 			page 1


   1              		.syntax unified
   2              		.cpu cortex-m3
   3              		.fpu softvfp
   4              		.eabi_attribute 20, 1
   5              		.eabi_attribute 21, 1
   6              		.eabi_attribute 23, 3
   7              		.eabi_attribute 24, 1
   8              		.eabi_attribute 25, 1
   9              		.eabi_attribute 26, 1
  10              		.eabi_attribute 30, 1
  11              		.eabi_attribute 34, 1
  12              		.eabi_attribute 18, 4
  13              		.thumb
  14              		.syntax unified
  15              		.file	"keyboard_out.c"
  16              		.text
  17              	.Ltext0:
  18              		.cfi_sections	.debug_frame
  19              		.section	.text.keyboard_out_Write,"ax",%progbits
  20              		.align	2
  21              		.global	keyboard_out_Write
  22              		.thumb
  23              		.thumb_func
  24              		.type	keyboard_out_Write, %function
  25              	keyboard_out_Write:
  26              	.LFB0:
  27              		.file 1 "Generated_Source\\PSoC5\\keyboard_out.c"
   1:Generated_Source\PSoC5/keyboard_out.c **** /*******************************************************************************
   2:Generated_Source\PSoC5/keyboard_out.c **** * File Name: keyboard_out.c  
   3:Generated_Source\PSoC5/keyboard_out.c **** * Version 2.20
   4:Generated_Source\PSoC5/keyboard_out.c **** *
   5:Generated_Source\PSoC5/keyboard_out.c **** * Description:
   6:Generated_Source\PSoC5/keyboard_out.c **** *  This file contains API to enable firmware control of a Pins component.
   7:Generated_Source\PSoC5/keyboard_out.c **** *
   8:Generated_Source\PSoC5/keyboard_out.c **** * Note:
   9:Generated_Source\PSoC5/keyboard_out.c **** *
  10:Generated_Source\PSoC5/keyboard_out.c **** ********************************************************************************
  11:Generated_Source\PSoC5/keyboard_out.c **** * Copyright 2008-2015, Cypress Semiconductor Corporation.  All rights reserved.
  12:Generated_Source\PSoC5/keyboard_out.c **** * You may use this file only in accordance with the license, terms, conditions, 
  13:Generated_Source\PSoC5/keyboard_out.c **** * disclaimers, and limitations in the end user license agreement accompanying 
  14:Generated_Source\PSoC5/keyboard_out.c **** * the software package with which this file was provided.
  15:Generated_Source\PSoC5/keyboard_out.c **** *******************************************************************************/
  16:Generated_Source\PSoC5/keyboard_out.c **** 
  17:Generated_Source\PSoC5/keyboard_out.c **** #include "cytypes.h"
  18:Generated_Source\PSoC5/keyboard_out.c **** #include "keyboard_out.h"
  19:Generated_Source\PSoC5/keyboard_out.c **** 
  20:Generated_Source\PSoC5/keyboard_out.c **** /* APIs are not generated for P15[7:6] on PSoC 5 */
  21:Generated_Source\PSoC5/keyboard_out.c **** #if !(CY_PSOC5A &&\
  22:Generated_Source\PSoC5/keyboard_out.c **** 	 keyboard_out__PORT == 15 && ((keyboard_out__MASK & 0xC0) != 0))
  23:Generated_Source\PSoC5/keyboard_out.c **** 
  24:Generated_Source\PSoC5/keyboard_out.c **** 
  25:Generated_Source\PSoC5/keyboard_out.c **** /*******************************************************************************
  26:Generated_Source\PSoC5/keyboard_out.c **** * Function Name: keyboard_out_Write
  27:Generated_Source\PSoC5/keyboard_out.c **** ****************************************************************************//**
  28:Generated_Source\PSoC5/keyboard_out.c **** *
  29:Generated_Source\PSoC5/keyboard_out.c **** * \brief Writes the value to the physical port (data output register), masking
  30:Generated_Source\PSoC5/keyboard_out.c **** *  and shifting the bits appropriately. 
ARM GAS  C:\Users\elias\AppData\Local\Temp\cc0ozZ66.s 			page 2


  31:Generated_Source\PSoC5/keyboard_out.c **** *
  32:Generated_Source\PSoC5/keyboard_out.c **** * The data output register controls the signal applied to the physical pin in 
  33:Generated_Source\PSoC5/keyboard_out.c **** * conjunction with the drive mode parameter. This function avoids changing 
  34:Generated_Source\PSoC5/keyboard_out.c **** * other bits in the port by using the appropriate method (read-modify-write or
  35:Generated_Source\PSoC5/keyboard_out.c **** * bit banding).
  36:Generated_Source\PSoC5/keyboard_out.c **** *
  37:Generated_Source\PSoC5/keyboard_out.c **** * <b>Note</b> This function should not be used on a hardware digital output pin 
  38:Generated_Source\PSoC5/keyboard_out.c **** * as it is driven by the hardware signal attached to it.
  39:Generated_Source\PSoC5/keyboard_out.c **** *
  40:Generated_Source\PSoC5/keyboard_out.c **** * \param value
  41:Generated_Source\PSoC5/keyboard_out.c **** *  Value to write to the component instance.
  42:Generated_Source\PSoC5/keyboard_out.c **** *
  43:Generated_Source\PSoC5/keyboard_out.c **** * \return 
  44:Generated_Source\PSoC5/keyboard_out.c **** *  None 
  45:Generated_Source\PSoC5/keyboard_out.c **** *
  46:Generated_Source\PSoC5/keyboard_out.c **** * \sideeffect
  47:Generated_Source\PSoC5/keyboard_out.c **** *  If you use read-modify-write operations that are not atomic; the Interrupt 
  48:Generated_Source\PSoC5/keyboard_out.c **** *  Service Routines (ISR) can cause corruption of this function. An ISR that 
  49:Generated_Source\PSoC5/keyboard_out.c **** *  interrupts this function and performs writes to the Pins component data 
  50:Generated_Source\PSoC5/keyboard_out.c **** *  register can cause corrupted port data. To avoid this issue, you should 
  51:Generated_Source\PSoC5/keyboard_out.c **** *  either use the Per-Pin APIs (primary method) or disable interrupts around 
  52:Generated_Source\PSoC5/keyboard_out.c **** *  this function.
  53:Generated_Source\PSoC5/keyboard_out.c **** *
  54:Generated_Source\PSoC5/keyboard_out.c **** * \funcusage
  55:Generated_Source\PSoC5/keyboard_out.c **** *  \snippet keyboard_out_SUT.c usage_keyboard_out_Write
  56:Generated_Source\PSoC5/keyboard_out.c **** *******************************************************************************/
  57:Generated_Source\PSoC5/keyboard_out.c **** void keyboard_out_Write(uint8 value)
  58:Generated_Source\PSoC5/keyboard_out.c **** {
  28              		.loc 1 58 0
  29              		.cfi_startproc
  30              		@ args = 0, pretend = 0, frame = 0
  31              		@ frame_needed = 0, uses_anonymous_args = 0
  32              		@ link register save eliminated.
  33              	.LVL0:
  59:Generated_Source\PSoC5/keyboard_out.c ****     uint8 staticBits = (keyboard_out_DR & (uint8)(~keyboard_out_MASK));
  34              		.loc 1 59 0
  35 0000 044A     		ldr	r2, .L2
  36 0002 1378     		ldrb	r3, [r2]	@ zero_extendqisi2
  37 0004 03F0E003 		and	r3, r3, #224
  38              	.LVL1:
  60:Generated_Source\PSoC5/keyboard_out.c ****     keyboard_out_DR = staticBits | ((uint8)(value << keyboard_out_SHIFT) & keyboard_out_MASK);
  39              		.loc 1 60 0
  40 0008 00F01F00 		and	r0, r0, #31
  41              	.LVL2:
  42 000c 1843     		orrs	r0, r0, r3
  43 000e 1070     		strb	r0, [r2]
  44 0010 7047     		bx	lr
  45              	.L3:
  46 0012 00BF     		.align	2
  47              	.L2:
  48 0014 00510040 		.word	1073762560
  49              		.cfi_endproc
  50              	.LFE0:
  51              		.size	keyboard_out_Write, .-keyboard_out_Write
  52              		.section	.text.keyboard_out_SetDriveMode,"ax",%progbits
  53              		.align	2
  54              		.global	keyboard_out_SetDriveMode
ARM GAS  C:\Users\elias\AppData\Local\Temp\cc0ozZ66.s 			page 3


  55              		.thumb
  56              		.thumb_func
  57              		.type	keyboard_out_SetDriveMode, %function
  58              	keyboard_out_SetDriveMode:
  59              	.LFB1:
  61:Generated_Source\PSoC5/keyboard_out.c **** }
  62:Generated_Source\PSoC5/keyboard_out.c **** 
  63:Generated_Source\PSoC5/keyboard_out.c **** 
  64:Generated_Source\PSoC5/keyboard_out.c **** /*******************************************************************************
  65:Generated_Source\PSoC5/keyboard_out.c **** * Function Name: keyboard_out_SetDriveMode
  66:Generated_Source\PSoC5/keyboard_out.c **** ****************************************************************************//**
  67:Generated_Source\PSoC5/keyboard_out.c **** *
  68:Generated_Source\PSoC5/keyboard_out.c **** * \brief Sets the drive mode for each of the Pins component's pins.
  69:Generated_Source\PSoC5/keyboard_out.c **** * 
  70:Generated_Source\PSoC5/keyboard_out.c **** * <b>Note</b> This affects all pins in the Pins component instance. Use the
  71:Generated_Source\PSoC5/keyboard_out.c **** * Per-Pin APIs if you wish to control individual pin's drive modes.
  72:Generated_Source\PSoC5/keyboard_out.c **** *
  73:Generated_Source\PSoC5/keyboard_out.c **** * \param mode
  74:Generated_Source\PSoC5/keyboard_out.c **** *  Mode for the selected signals. Valid options are documented in 
  75:Generated_Source\PSoC5/keyboard_out.c **** *  \ref driveMode.
  76:Generated_Source\PSoC5/keyboard_out.c **** *
  77:Generated_Source\PSoC5/keyboard_out.c **** * \return
  78:Generated_Source\PSoC5/keyboard_out.c **** *  None
  79:Generated_Source\PSoC5/keyboard_out.c **** *
  80:Generated_Source\PSoC5/keyboard_out.c **** * \sideeffect
  81:Generated_Source\PSoC5/keyboard_out.c **** *  If you use read-modify-write operations that are not atomic, the ISR can
  82:Generated_Source\PSoC5/keyboard_out.c **** *  cause corruption of this function. An ISR that interrupts this function 
  83:Generated_Source\PSoC5/keyboard_out.c **** *  and performs writes to the Pins component Drive Mode registers can cause 
  84:Generated_Source\PSoC5/keyboard_out.c **** *  corrupted port data. To avoid this issue, you should either use the Per-Pin
  85:Generated_Source\PSoC5/keyboard_out.c **** *  APIs (primary method) or disable interrupts around this function.
  86:Generated_Source\PSoC5/keyboard_out.c **** *
  87:Generated_Source\PSoC5/keyboard_out.c **** * \funcusage
  88:Generated_Source\PSoC5/keyboard_out.c **** *  \snippet keyboard_out_SUT.c usage_keyboard_out_SetDriveMode
  89:Generated_Source\PSoC5/keyboard_out.c **** *******************************************************************************/
  90:Generated_Source\PSoC5/keyboard_out.c **** void keyboard_out_SetDriveMode(uint8 mode)
  91:Generated_Source\PSoC5/keyboard_out.c **** {
  60              		.loc 1 91 0
  61              		.cfi_startproc
  62              		@ args = 0, pretend = 0, frame = 0
  63              		@ frame_needed = 0, uses_anonymous_args = 0
  64              		@ link register save eliminated.
  65              	.LVL3:
  92:Generated_Source\PSoC5/keyboard_out.c **** 	CyPins_SetPinDriveMode(keyboard_out_0, mode);
  66              		.loc 1 92 0
  67 0000 104A     		ldr	r2, .L5
  68 0002 1378     		ldrb	r3, [r2]	@ zero_extendqisi2
  69 0004 00F00E00 		and	r0, r0, #14
  70              	.LVL4:
  71 0008 03F0F103 		and	r3, r3, #241
  72 000c 0343     		orrs	r3, r3, r0
  73 000e 1370     		strb	r3, [r2]
  93:Generated_Source\PSoC5/keyboard_out.c **** 	CyPins_SetPinDriveMode(keyboard_out_1, mode);
  74              		.loc 1 93 0
  75 0010 0132     		adds	r2, r2, #1
  76 0012 1378     		ldrb	r3, [r2]	@ zero_extendqisi2
  77 0014 03F0F103 		and	r3, r3, #241
  78 0018 0343     		orrs	r3, r3, r0
ARM GAS  C:\Users\elias\AppData\Local\Temp\cc0ozZ66.s 			page 4


  79 001a 1370     		strb	r3, [r2]
  94:Generated_Source\PSoC5/keyboard_out.c **** 	CyPins_SetPinDriveMode(keyboard_out_2, mode);
  80              		.loc 1 94 0
  81 001c 0132     		adds	r2, r2, #1
  82 001e 1378     		ldrb	r3, [r2]	@ zero_extendqisi2
  83 0020 03F0F103 		and	r3, r3, #241
  84 0024 0343     		orrs	r3, r3, r0
  85 0026 1370     		strb	r3, [r2]
  95:Generated_Source\PSoC5/keyboard_out.c **** 	CyPins_SetPinDriveMode(keyboard_out_3, mode);
  86              		.loc 1 95 0
  87 0028 0132     		adds	r2, r2, #1
  88 002a 1378     		ldrb	r3, [r2]	@ zero_extendqisi2
  89 002c 03F0F103 		and	r3, r3, #241
  90 0030 0343     		orrs	r3, r3, r0
  91 0032 1370     		strb	r3, [r2]
  96:Generated_Source\PSoC5/keyboard_out.c **** 	CyPins_SetPinDriveMode(keyboard_out_4, mode);
  92              		.loc 1 96 0
  93 0034 0132     		adds	r2, r2, #1
  94 0036 1378     		ldrb	r3, [r2]	@ zero_extendqisi2
  95 0038 03F0F103 		and	r3, r3, #241
  96 003c 1843     		orrs	r0, r0, r3
  97 003e 1070     		strb	r0, [r2]
  98 0040 7047     		bx	lr
  99              	.L6:
 100 0042 00BF     		.align	2
 101              	.L5:
 102 0044 00500040 		.word	1073762304
 103              		.cfi_endproc
 104              	.LFE1:
 105              		.size	keyboard_out_SetDriveMode, .-keyboard_out_SetDriveMode
 106              		.section	.text.keyboard_out_Read,"ax",%progbits
 107              		.align	2
 108              		.global	keyboard_out_Read
 109              		.thumb
 110              		.thumb_func
 111              		.type	keyboard_out_Read, %function
 112              	keyboard_out_Read:
 113              	.LFB2:
  97:Generated_Source\PSoC5/keyboard_out.c **** }
  98:Generated_Source\PSoC5/keyboard_out.c **** 
  99:Generated_Source\PSoC5/keyboard_out.c **** 
 100:Generated_Source\PSoC5/keyboard_out.c **** /*******************************************************************************
 101:Generated_Source\PSoC5/keyboard_out.c **** * Function Name: keyboard_out_Read
 102:Generated_Source\PSoC5/keyboard_out.c **** ****************************************************************************//**
 103:Generated_Source\PSoC5/keyboard_out.c **** *
 104:Generated_Source\PSoC5/keyboard_out.c **** * \brief Reads the associated physical port (pin status register) and masks 
 105:Generated_Source\PSoC5/keyboard_out.c **** *  the required bits according to the width and bit position of the component
 106:Generated_Source\PSoC5/keyboard_out.c **** *  instance. 
 107:Generated_Source\PSoC5/keyboard_out.c **** *
 108:Generated_Source\PSoC5/keyboard_out.c **** * The pin's status register returns the current logic level present on the 
 109:Generated_Source\PSoC5/keyboard_out.c **** * physical pin.
 110:Generated_Source\PSoC5/keyboard_out.c **** *
 111:Generated_Source\PSoC5/keyboard_out.c **** * \return 
 112:Generated_Source\PSoC5/keyboard_out.c **** *  The current value for the pins in the component as a right justified number.
 113:Generated_Source\PSoC5/keyboard_out.c **** *
 114:Generated_Source\PSoC5/keyboard_out.c **** * \funcusage
 115:Generated_Source\PSoC5/keyboard_out.c **** *  \snippet keyboard_out_SUT.c usage_keyboard_out_Read  
ARM GAS  C:\Users\elias\AppData\Local\Temp\cc0ozZ66.s 			page 5


 116:Generated_Source\PSoC5/keyboard_out.c **** *******************************************************************************/
 117:Generated_Source\PSoC5/keyboard_out.c **** uint8 keyboard_out_Read(void)
 118:Generated_Source\PSoC5/keyboard_out.c **** {
 114              		.loc 1 118 0
 115              		.cfi_startproc
 116              		@ args = 0, pretend = 0, frame = 0
 117              		@ frame_needed = 0, uses_anonymous_args = 0
 118              		@ link register save eliminated.
 119:Generated_Source\PSoC5/keyboard_out.c ****     return (keyboard_out_PS & keyboard_out_MASK) >> keyboard_out_SHIFT;
 119              		.loc 1 119 0
 120 0000 024B     		ldr	r3, .L8
 121 0002 1878     		ldrb	r0, [r3]	@ zero_extendqisi2
 120:Generated_Source\PSoC5/keyboard_out.c **** }
 122              		.loc 1 120 0
 123 0004 00F01F00 		and	r0, r0, #31
 124 0008 7047     		bx	lr
 125              	.L9:
 126 000a 00BF     		.align	2
 127              	.L8:
 128 000c 01510040 		.word	1073762561
 129              		.cfi_endproc
 130              	.LFE2:
 131              		.size	keyboard_out_Read, .-keyboard_out_Read
 132              		.section	.text.keyboard_out_ReadDataReg,"ax",%progbits
 133              		.align	2
 134              		.global	keyboard_out_ReadDataReg
 135              		.thumb
 136              		.thumb_func
 137              		.type	keyboard_out_ReadDataReg, %function
 138              	keyboard_out_ReadDataReg:
 139              	.LFB3:
 121:Generated_Source\PSoC5/keyboard_out.c **** 
 122:Generated_Source\PSoC5/keyboard_out.c **** 
 123:Generated_Source\PSoC5/keyboard_out.c **** /*******************************************************************************
 124:Generated_Source\PSoC5/keyboard_out.c **** * Function Name: keyboard_out_ReadDataReg
 125:Generated_Source\PSoC5/keyboard_out.c **** ****************************************************************************//**
 126:Generated_Source\PSoC5/keyboard_out.c **** *
 127:Generated_Source\PSoC5/keyboard_out.c **** * \brief Reads the associated physical port's data output register and masks 
 128:Generated_Source\PSoC5/keyboard_out.c **** *  the correct bits according to the width and bit position of the component 
 129:Generated_Source\PSoC5/keyboard_out.c **** *  instance. 
 130:Generated_Source\PSoC5/keyboard_out.c **** *
 131:Generated_Source\PSoC5/keyboard_out.c **** * The data output register controls the signal applied to the physical pin in 
 132:Generated_Source\PSoC5/keyboard_out.c **** * conjunction with the drive mode parameter. This is not the same as the 
 133:Generated_Source\PSoC5/keyboard_out.c **** * preferred keyboard_out_Read() API because the 
 134:Generated_Source\PSoC5/keyboard_out.c **** * keyboard_out_ReadDataReg() reads the data register instead of the status 
 135:Generated_Source\PSoC5/keyboard_out.c **** * register. For output pins this is a useful function to determine the value 
 136:Generated_Source\PSoC5/keyboard_out.c **** * just written to the pin.
 137:Generated_Source\PSoC5/keyboard_out.c **** *
 138:Generated_Source\PSoC5/keyboard_out.c **** * \return 
 139:Generated_Source\PSoC5/keyboard_out.c **** *  The current value of the data register masked and shifted into a right 
 140:Generated_Source\PSoC5/keyboard_out.c **** *  justified number for the component instance.
 141:Generated_Source\PSoC5/keyboard_out.c **** *
 142:Generated_Source\PSoC5/keyboard_out.c **** * \funcusage
 143:Generated_Source\PSoC5/keyboard_out.c **** *  \snippet keyboard_out_SUT.c usage_keyboard_out_ReadDataReg 
 144:Generated_Source\PSoC5/keyboard_out.c **** *******************************************************************************/
 145:Generated_Source\PSoC5/keyboard_out.c **** uint8 keyboard_out_ReadDataReg(void)
 146:Generated_Source\PSoC5/keyboard_out.c **** {
ARM GAS  C:\Users\elias\AppData\Local\Temp\cc0ozZ66.s 			page 6


 140              		.loc 1 146 0
 141              		.cfi_startproc
 142              		@ args = 0, pretend = 0, frame = 0
 143              		@ frame_needed = 0, uses_anonymous_args = 0
 144              		@ link register save eliminated.
 147:Generated_Source\PSoC5/keyboard_out.c ****     return (keyboard_out_DR & keyboard_out_MASK) >> keyboard_out_SHIFT;
 145              		.loc 1 147 0
 146 0000 024B     		ldr	r3, .L11
 147 0002 1878     		ldrb	r0, [r3]	@ zero_extendqisi2
 148:Generated_Source\PSoC5/keyboard_out.c **** }
 148              		.loc 1 148 0
 149 0004 00F01F00 		and	r0, r0, #31
 150 0008 7047     		bx	lr
 151              	.L12:
 152 000a 00BF     		.align	2
 153              	.L11:
 154 000c 00510040 		.word	1073762560
 155              		.cfi_endproc
 156              	.LFE3:
 157              		.size	keyboard_out_ReadDataReg, .-keyboard_out_ReadDataReg
 158              		.text
 159              	.Letext0:
 160              		.file 2 "Generated_Source\\PSoC5\\cytypes.h"
 161              		.section	.debug_info,"",%progbits
 162              	.Ldebug_info0:
 163 0000 1B010000 		.4byte	0x11b
 164 0004 0400     		.2byte	0x4
 165 0006 00000000 		.4byte	.Ldebug_abbrev0
 166 000a 04       		.byte	0x4
 167 000b 01       		.uleb128 0x1
 168 000c 3E000000 		.4byte	.LASF20
 169 0010 0C       		.byte	0xc
 170 0011 73010000 		.4byte	.LASF21
 171 0015 99010000 		.4byte	.LASF22
 172 0019 00000000 		.4byte	.Ldebug_ranges0+0
 173 001d 00000000 		.4byte	0
 174 0021 00000000 		.4byte	.Ldebug_line0
 175 0025 02       		.uleb128 0x2
 176 0026 01       		.byte	0x1
 177 0027 06       		.byte	0x6
 178 0028 04020000 		.4byte	.LASF0
 179 002c 02       		.uleb128 0x2
 180 002d 01       		.byte	0x1
 181 002e 08       		.byte	0x8
 182 002f 30000000 		.4byte	.LASF1
 183 0033 02       		.uleb128 0x2
 184 0034 02       		.byte	0x2
 185 0035 05       		.byte	0x5
 186 0036 E6010000 		.4byte	.LASF2
 187 003a 02       		.uleb128 0x2
 188 003b 02       		.byte	0x2
 189 003c 07       		.byte	0x7
 190 003d E3000000 		.4byte	.LASF3
 191 0041 02       		.uleb128 0x2
 192 0042 04       		.byte	0x4
 193 0043 05       		.byte	0x5
 194 0044 F6010000 		.4byte	.LASF4
ARM GAS  C:\Users\elias\AppData\Local\Temp\cc0ozZ66.s 			page 7


 195 0048 02       		.uleb128 0x2
 196 0049 04       		.byte	0x4
 197 004a 07       		.byte	0x7
 198 004b D1000000 		.4byte	.LASF5
 199 004f 02       		.uleb128 0x2
 200 0050 08       		.byte	0x8
 201 0051 05       		.byte	0x5
 202 0052 65010000 		.4byte	.LASF6
 203 0056 02       		.uleb128 0x2
 204 0057 08       		.byte	0x8
 205 0058 07       		.byte	0x7
 206 0059 2F010000 		.4byte	.LASF7
 207 005d 03       		.uleb128 0x3
 208 005e 04       		.byte	0x4
 209 005f 05       		.byte	0x5
 210 0060 696E7400 		.ascii	"int\000"
 211 0064 02       		.uleb128 0x2
 212 0065 04       		.byte	0x4
 213 0066 07       		.byte	0x7
 214 0067 22010000 		.4byte	.LASF8
 215 006b 04       		.uleb128 0x4
 216 006c F0010000 		.4byte	.LASF12
 217 0070 02       		.byte	0x2
 218 0071 E801     		.2byte	0x1e8
 219 0073 2C000000 		.4byte	0x2c
 220 0077 02       		.uleb128 0x2
 221 0078 04       		.byte	0x4
 222 0079 04       		.byte	0x4
 223 007a 2A000000 		.4byte	.LASF9
 224 007e 02       		.uleb128 0x2
 225 007f 08       		.byte	0x8
 226 0080 04       		.byte	0x4
 227 0081 08010000 		.4byte	.LASF10
 228 0085 02       		.uleb128 0x2
 229 0086 01       		.byte	0x1
 230 0087 08       		.byte	0x8
 231 0088 FF010000 		.4byte	.LASF11
 232 008c 04       		.uleb128 0x4
 233 008d CC000000 		.4byte	.LASF13
 234 0091 02       		.byte	0x2
 235 0092 9202     		.2byte	0x292
 236 0094 98000000 		.4byte	0x98
 237 0098 05       		.uleb128 0x5
 238 0099 6B000000 		.4byte	0x6b
 239 009d 06       		.uleb128 0x6
 240 009e 0F010000 		.4byte	.LASF14
 241 00a2 01       		.byte	0x1
 242 00a3 39       		.byte	0x39
 243 00a4 00000000 		.4byte	.LFB0
 244 00a8 18000000 		.4byte	.LFE0-.LFB0
 245 00ac 01       		.uleb128 0x1
 246 00ad 9C       		.byte	0x9c
 247 00ae CF000000 		.4byte	0xcf
 248 00b2 07       		.uleb128 0x7
 249 00b3 19000000 		.4byte	.LASF16
 250 00b7 01       		.byte	0x1
 251 00b8 39       		.byte	0x39
ARM GAS  C:\Users\elias\AppData\Local\Temp\cc0ozZ66.s 			page 8


 252 00b9 6B000000 		.4byte	0x6b
 253 00bd 00000000 		.4byte	.LLST0
 254 00c1 08       		.uleb128 0x8
 255 00c2 1F000000 		.4byte	.LASF23
 256 00c6 01       		.byte	0x1
 257 00c7 3B       		.byte	0x3b
 258 00c8 6B000000 		.4byte	0x6b
 259 00cc 01       		.uleb128 0x1
 260 00cd 53       		.byte	0x53
 261 00ce 00       		.byte	0
 262 00cf 06       		.uleb128 0x6
 263 00d0 4B010000 		.4byte	.LASF15
 264 00d4 01       		.byte	0x1
 265 00d5 5A       		.byte	0x5a
 266 00d6 00000000 		.4byte	.LFB1
 267 00da 48000000 		.4byte	.LFE1-.LFB1
 268 00de 01       		.uleb128 0x1
 269 00df 9C       		.byte	0x9c
 270 00e0 F4000000 		.4byte	0xf4
 271 00e4 07       		.uleb128 0x7
 272 00e5 46010000 		.4byte	.LASF17
 273 00e9 01       		.byte	0x1
 274 00ea 5A       		.byte	0x5a
 275 00eb 6B000000 		.4byte	0x6b
 276 00ef 21000000 		.4byte	.LLST1
 277 00f3 00       		.byte	0
 278 00f4 09       		.uleb128 0x9
 279 00f5 F6000000 		.4byte	.LASF18
 280 00f9 01       		.byte	0x1
 281 00fa 75       		.byte	0x75
 282 00fb 6B000000 		.4byte	0x6b
 283 00ff 00000000 		.4byte	.LFB2
 284 0103 10000000 		.4byte	.LFE2-.LFB2
 285 0107 01       		.uleb128 0x1
 286 0108 9C       		.byte	0x9c
 287 0109 09       		.uleb128 0x9
 288 010a 00000000 		.4byte	.LASF19
 289 010e 01       		.byte	0x1
 290 010f 91       		.byte	0x91
 291 0110 6B000000 		.4byte	0x6b
 292 0114 00000000 		.4byte	.LFB3
 293 0118 10000000 		.4byte	.LFE3-.LFB3
 294 011c 01       		.uleb128 0x1
 295 011d 9C       		.byte	0x9c
 296 011e 00       		.byte	0
 297              		.section	.debug_abbrev,"",%progbits
 298              	.Ldebug_abbrev0:
 299 0000 01       		.uleb128 0x1
 300 0001 11       		.uleb128 0x11
 301 0002 01       		.byte	0x1
 302 0003 25       		.uleb128 0x25
 303 0004 0E       		.uleb128 0xe
 304 0005 13       		.uleb128 0x13
 305 0006 0B       		.uleb128 0xb
 306 0007 03       		.uleb128 0x3
 307 0008 0E       		.uleb128 0xe
 308 0009 1B       		.uleb128 0x1b
ARM GAS  C:\Users\elias\AppData\Local\Temp\cc0ozZ66.s 			page 9


 309 000a 0E       		.uleb128 0xe
 310 000b 55       		.uleb128 0x55
 311 000c 17       		.uleb128 0x17
 312 000d 11       		.uleb128 0x11
 313 000e 01       		.uleb128 0x1
 314 000f 10       		.uleb128 0x10
 315 0010 17       		.uleb128 0x17
 316 0011 00       		.byte	0
 317 0012 00       		.byte	0
 318 0013 02       		.uleb128 0x2
 319 0014 24       		.uleb128 0x24
 320 0015 00       		.byte	0
 321 0016 0B       		.uleb128 0xb
 322 0017 0B       		.uleb128 0xb
 323 0018 3E       		.uleb128 0x3e
 324 0019 0B       		.uleb128 0xb
 325 001a 03       		.uleb128 0x3
 326 001b 0E       		.uleb128 0xe
 327 001c 00       		.byte	0
 328 001d 00       		.byte	0
 329 001e 03       		.uleb128 0x3
 330 001f 24       		.uleb128 0x24
 331 0020 00       		.byte	0
 332 0021 0B       		.uleb128 0xb
 333 0022 0B       		.uleb128 0xb
 334 0023 3E       		.uleb128 0x3e
 335 0024 0B       		.uleb128 0xb
 336 0025 03       		.uleb128 0x3
 337 0026 08       		.uleb128 0x8
 338 0027 00       		.byte	0
 339 0028 00       		.byte	0
 340 0029 04       		.uleb128 0x4
 341 002a 16       		.uleb128 0x16
 342 002b 00       		.byte	0
 343 002c 03       		.uleb128 0x3
 344 002d 0E       		.uleb128 0xe
 345 002e 3A       		.uleb128 0x3a
 346 002f 0B       		.uleb128 0xb
 347 0030 3B       		.uleb128 0x3b
 348 0031 05       		.uleb128 0x5
 349 0032 49       		.uleb128 0x49
 350 0033 13       		.uleb128 0x13
 351 0034 00       		.byte	0
 352 0035 00       		.byte	0
 353 0036 05       		.uleb128 0x5
 354 0037 35       		.uleb128 0x35
 355 0038 00       		.byte	0
 356 0039 49       		.uleb128 0x49
 357 003a 13       		.uleb128 0x13
 358 003b 00       		.byte	0
 359 003c 00       		.byte	0
 360 003d 06       		.uleb128 0x6
 361 003e 2E       		.uleb128 0x2e
 362 003f 01       		.byte	0x1
 363 0040 3F       		.uleb128 0x3f
 364 0041 19       		.uleb128 0x19
 365 0042 03       		.uleb128 0x3
ARM GAS  C:\Users\elias\AppData\Local\Temp\cc0ozZ66.s 			page 10


 366 0043 0E       		.uleb128 0xe
 367 0044 3A       		.uleb128 0x3a
 368 0045 0B       		.uleb128 0xb
 369 0046 3B       		.uleb128 0x3b
 370 0047 0B       		.uleb128 0xb
 371 0048 27       		.uleb128 0x27
 372 0049 19       		.uleb128 0x19
 373 004a 11       		.uleb128 0x11
 374 004b 01       		.uleb128 0x1
 375 004c 12       		.uleb128 0x12
 376 004d 06       		.uleb128 0x6
 377 004e 40       		.uleb128 0x40
 378 004f 18       		.uleb128 0x18
 379 0050 9742     		.uleb128 0x2117
 380 0052 19       		.uleb128 0x19
 381 0053 01       		.uleb128 0x1
 382 0054 13       		.uleb128 0x13
 383 0055 00       		.byte	0
 384 0056 00       		.byte	0
 385 0057 07       		.uleb128 0x7
 386 0058 05       		.uleb128 0x5
 387 0059 00       		.byte	0
 388 005a 03       		.uleb128 0x3
 389 005b 0E       		.uleb128 0xe
 390 005c 3A       		.uleb128 0x3a
 391 005d 0B       		.uleb128 0xb
 392 005e 3B       		.uleb128 0x3b
 393 005f 0B       		.uleb128 0xb
 394 0060 49       		.uleb128 0x49
 395 0061 13       		.uleb128 0x13
 396 0062 02       		.uleb128 0x2
 397 0063 17       		.uleb128 0x17
 398 0064 00       		.byte	0
 399 0065 00       		.byte	0
 400 0066 08       		.uleb128 0x8
 401 0067 34       		.uleb128 0x34
 402 0068 00       		.byte	0
 403 0069 03       		.uleb128 0x3
 404 006a 0E       		.uleb128 0xe
 405 006b 3A       		.uleb128 0x3a
 406 006c 0B       		.uleb128 0xb
 407 006d 3B       		.uleb128 0x3b
 408 006e 0B       		.uleb128 0xb
 409 006f 49       		.uleb128 0x49
 410 0070 13       		.uleb128 0x13
 411 0071 02       		.uleb128 0x2
 412 0072 18       		.uleb128 0x18
 413 0073 00       		.byte	0
 414 0074 00       		.byte	0
 415 0075 09       		.uleb128 0x9
 416 0076 2E       		.uleb128 0x2e
 417 0077 00       		.byte	0
 418 0078 3F       		.uleb128 0x3f
 419 0079 19       		.uleb128 0x19
 420 007a 03       		.uleb128 0x3
 421 007b 0E       		.uleb128 0xe
 422 007c 3A       		.uleb128 0x3a
ARM GAS  C:\Users\elias\AppData\Local\Temp\cc0ozZ66.s 			page 11


 423 007d 0B       		.uleb128 0xb
 424 007e 3B       		.uleb128 0x3b
 425 007f 0B       		.uleb128 0xb
 426 0080 27       		.uleb128 0x27
 427 0081 19       		.uleb128 0x19
 428 0082 49       		.uleb128 0x49
 429 0083 13       		.uleb128 0x13
 430 0084 11       		.uleb128 0x11
 431 0085 01       		.uleb128 0x1
 432 0086 12       		.uleb128 0x12
 433 0087 06       		.uleb128 0x6
 434 0088 40       		.uleb128 0x40
 435 0089 18       		.uleb128 0x18
 436 008a 9742     		.uleb128 0x2117
 437 008c 19       		.uleb128 0x19
 438 008d 00       		.byte	0
 439 008e 00       		.byte	0
 440 008f 00       		.byte	0
 441              		.section	.debug_loc,"",%progbits
 442              	.Ldebug_loc0:
 443              	.LLST0:
 444 0000 00000000 		.4byte	.LVL0
 445 0004 0C000000 		.4byte	.LVL2
 446 0008 0100     		.2byte	0x1
 447 000a 50       		.byte	0x50
 448 000b 0C000000 		.4byte	.LVL2
 449 000f 18000000 		.4byte	.LFE0
 450 0013 0400     		.2byte	0x4
 451 0015 F3       		.byte	0xf3
 452 0016 01       		.uleb128 0x1
 453 0017 50       		.byte	0x50
 454 0018 9F       		.byte	0x9f
 455 0019 00000000 		.4byte	0
 456 001d 00000000 		.4byte	0
 457              	.LLST1:
 458 0021 00000000 		.4byte	.LVL3
 459 0025 08000000 		.4byte	.LVL4
 460 0029 0100     		.2byte	0x1
 461 002b 50       		.byte	0x50
 462 002c 08000000 		.4byte	.LVL4
 463 0030 48000000 		.4byte	.LFE1
 464 0034 0400     		.2byte	0x4
 465 0036 F3       		.byte	0xf3
 466 0037 01       		.uleb128 0x1
 467 0038 50       		.byte	0x50
 468 0039 9F       		.byte	0x9f
 469 003a 00000000 		.4byte	0
 470 003e 00000000 		.4byte	0
 471              		.section	.debug_aranges,"",%progbits
 472 0000 34000000 		.4byte	0x34
 473 0004 0200     		.2byte	0x2
 474 0006 00000000 		.4byte	.Ldebug_info0
 475 000a 04       		.byte	0x4
 476 000b 00       		.byte	0
 477 000c 0000     		.2byte	0
 478 000e 0000     		.2byte	0
 479 0010 00000000 		.4byte	.LFB0
ARM GAS  C:\Users\elias\AppData\Local\Temp\cc0ozZ66.s 			page 12


 480 0014 18000000 		.4byte	.LFE0-.LFB0
 481 0018 00000000 		.4byte	.LFB1
 482 001c 48000000 		.4byte	.LFE1-.LFB1
 483 0020 00000000 		.4byte	.LFB2
 484 0024 10000000 		.4byte	.LFE2-.LFB2
 485 0028 00000000 		.4byte	.LFB3
 486 002c 10000000 		.4byte	.LFE3-.LFB3
 487 0030 00000000 		.4byte	0
 488 0034 00000000 		.4byte	0
 489              		.section	.debug_ranges,"",%progbits
 490              	.Ldebug_ranges0:
 491 0000 00000000 		.4byte	.LFB0
 492 0004 18000000 		.4byte	.LFE0
 493 0008 00000000 		.4byte	.LFB1
 494 000c 48000000 		.4byte	.LFE1
 495 0010 00000000 		.4byte	.LFB2
 496 0014 10000000 		.4byte	.LFE2
 497 0018 00000000 		.4byte	.LFB3
 498 001c 10000000 		.4byte	.LFE3
 499 0020 00000000 		.4byte	0
 500 0024 00000000 		.4byte	0
 501              		.section	.debug_line,"",%progbits
 502              	.Ldebug_line0:
 503 0000 99000000 		.section	.debug_str,"MS",%progbits,1
 503      02004900 
 503      00000201 
 503      FB0E0D00 
 503      01010101 
 504              	.LASF19:
 505 0000 6B657962 		.ascii	"keyboard_out_ReadDataReg\000"
 505      6F617264 
 505      5F6F7574 
 505      5F526561 
 505      64446174 
 506              	.LASF16:
 507 0019 76616C75 		.ascii	"value\000"
 507      6500
 508              	.LASF23:
 509 001f 73746174 		.ascii	"staticBits\000"
 509      69634269 
 509      747300
 510              	.LASF9:
 511 002a 666C6F61 		.ascii	"float\000"
 511      7400
 512              	.LASF1:
 513 0030 756E7369 		.ascii	"unsigned char\000"
 513      676E6564 
 513      20636861 
 513      7200
 514              	.LASF20:
 515 003e 474E5520 		.ascii	"GNU C11 5.4.1 20160609 (release) [ARM/embedded-5-br"
 515      43313120 
 515      352E342E 
 515      31203230 
 515      31363036 
 516 0071 616E6368 		.ascii	"anch revision 237715] -mcpu=cortex-m3 -mthumb -g -O"
 516      20726576 
ARM GAS  C:\Users\elias\AppData\Local\Temp\cc0ozZ66.s 			page 13


 516      6973696F 
 516      6E203233 
 516      37373135 
 517 00a4 67202D66 		.ascii	"g -ffunction-sections -ffat-lto-objects\000"
 517      66756E63 
 517      74696F6E 
 517      2D736563 
 517      74696F6E 
 518              	.LASF13:
 519 00cc 72656738 		.ascii	"reg8\000"
 519      00
 520              	.LASF5:
 521 00d1 6C6F6E67 		.ascii	"long unsigned int\000"
 521      20756E73 
 521      69676E65 
 521      6420696E 
 521      7400
 522              	.LASF3:
 523 00e3 73686F72 		.ascii	"short unsigned int\000"
 523      7420756E 
 523      7369676E 
 523      65642069 
 523      6E7400
 524              	.LASF18:
 525 00f6 6B657962 		.ascii	"keyboard_out_Read\000"
 525      6F617264 
 525      5F6F7574 
 525      5F526561 
 525      6400
 526              	.LASF10:
 527 0108 646F7562 		.ascii	"double\000"
 527      6C6500
 528              	.LASF14:
 529 010f 6B657962 		.ascii	"keyboard_out_Write\000"
 529      6F617264 
 529      5F6F7574 
 529      5F577269 
 529      746500
 530              	.LASF8:
 531 0122 756E7369 		.ascii	"unsigned int\000"
 531      676E6564 
 531      20696E74 
 531      00
 532              	.LASF7:
 533 012f 6C6F6E67 		.ascii	"long long unsigned int\000"
 533      206C6F6E 
 533      6720756E 
 533      7369676E 
 533      65642069 
 534              	.LASF17:
 535 0146 6D6F6465 		.ascii	"mode\000"
 535      00
 536              	.LASF15:
 537 014b 6B657962 		.ascii	"keyboard_out_SetDriveMode\000"
 537      6F617264 
 537      5F6F7574 
 537      5F536574 
ARM GAS  C:\Users\elias\AppData\Local\Temp\cc0ozZ66.s 			page 14


 537      44726976 
 538              	.LASF6:
 539 0165 6C6F6E67 		.ascii	"long long int\000"
 539      206C6F6E 
 539      6720696E 
 539      7400
 540              	.LASF21:
 541 0173 47656E65 		.ascii	"Generated_Source\\PSoC5\\keyboard_out.c\000"
 541      72617465 
 541      645F536F 
 541      75726365 
 541      5C50536F 
 542              	.LASF22:
 543 0199 433A5C55 		.ascii	"C:\\Users\\elias\\OneDrive\\Documents\\Documentos\\"
 543      73657273 
 543      5C656C69 
 543      61735C4F 
 543      6E654472 
 544 01c6 50536F43 		.ascii	"PSoC Creator\\TPF\\Micro1v2.cydsn\000"
 544      20437265 
 544      61746F72 
 544      5C545046 
 544      5C4D6963 
 545              	.LASF2:
 546 01e6 73686F72 		.ascii	"short int\000"
 546      7420696E 
 546      7400
 547              	.LASF12:
 548 01f0 75696E74 		.ascii	"uint8\000"
 548      3800
 549              	.LASF4:
 550 01f6 6C6F6E67 		.ascii	"long int\000"
 550      20696E74 
 550      00
 551              	.LASF11:
 552 01ff 63686172 		.ascii	"char\000"
 552      00
 553              	.LASF0:
 554 0204 7369676E 		.ascii	"signed char\000"
 554      65642063 
 554      68617200 
 555              		.ident	"GCC: (GNU Tools for ARM Embedded Processors) 5.4.1 20160609 (release) [ARM/embedded-5-bran
